[0.051s] Invoking command in '/home/sara/aubo_ws/build/control': /usr/bin/cmake /home/sara/aubo_ws/src/aubo_control/controller -DCMAKE_INSTALL_PREFIX=/home/sara/aubo_ws/install/control
[0.062s] -- Found ament_cmake: 1.3.5 (/opt/ros/humble/share/ament_cmake/cmake)
[0.209s] -- Found Python3: /usr/bin/python3.10 (found version "3.10.12") found components: Interpreter 
[0.294s] -- Found rclcpp: 16.0.6 (/opt/ros/humble/share/rclcpp/cmake)
[0.329s] -- Found rosidl_generator_c: 3.1.5 (/opt/ros/humble/share/rosidl_generator_c/cmake)
[0.333s] -- Found rosidl_adapter: 3.1.5 (/opt/ros/humble/share/rosidl_adapter/cmake)
[0.340s] -- Found rosidl_generator_cpp: 3.1.5 (/opt/ros/humble/share/rosidl_generator_cpp/cmake)
[0.358s] -- Using all available rosidl_typesupport_c: rosidl_typesupport_fastrtps_c;rosidl_typesupport_introspection_c
[0.386s] -- Using all available rosidl_typesupport_cpp: rosidl_typesupport_fastrtps_cpp;rosidl_typesupport_introspection_cpp
[0.451s] -- Found rmw_implementation_cmake: 6.1.1 (/opt/ros/humble/share/rmw_implementation_cmake/cmake)
[0.453s] -- Found rmw_fastrtps_cpp: 6.2.4 (/opt/ros/humble/share/rmw_fastrtps_cpp/cmake)
[0.563s] -- Using RMW implementation 'rmw_fastrtps_cpp' as default
[0.722s] [31mCMake Error at CMakeLists.txt:13 (find_package):
[0.722s]   By not providing "Findcontrol_msgs.cmake" in CMAKE_MODULE_PATH this project
[0.722s]   has asked CMake to find a package configuration file provided by
[0.722s]   "control_msgs", but CMake did not find one.
[0.722s] 
[0.722s]   Could not find a package configuration file provided by "control_msgs" with
[0.722s]   any of the following names:
[0.722s] 
[0.722s]     control_msgsConfig.cmake
[0.722s]     control_msgs-config.cmake
[0.722s] 
[0.722s]   Add the installation prefix of "control_msgs" to CMAKE_PREFIX_PATH or set
[0.723s]   "control_msgs_DIR" to a directory containing one of the above files.  If
[0.723s]   "control_msgs" provides a separate development package or SDK, be sure it
[0.723s]   has been installed.
[0.723s] 
[0.723s] [0m
[0.723s] -- Configuring incomplete, errors occurred!
[0.723s] See also "/home/sara/aubo_ws/build/control/CMakeFiles/CMakeOutput.log".
[0.727s] Invoked command in '/home/sara/aubo_ws/build/control' returned '1': /usr/bin/cmake /home/sara/aubo_ws/src/aubo_control/controller -DCMAKE_INSTALL_PREFIX=/home/sara/aubo_ws/install/control
