[35m[1mConsolidate compiler generated dependencies of target sim_pub[0m
[35m[1mConsolidate compiler generated dependencies of target sim_sub[0m
[ 16%] Built target controller
[ 33%] Built target inv_kin
[ 50%] Built target test_pub
[ 66%] Built target dir_kin
[ 83%] Built target sim_pub
[ 91%] [32mBuilding CXX object CMakeFiles/sim_sub.dir/src/sim_sub.cpp.o[0m
[100%] [32m[1mLinking CXX executable sim_sub[0m
[100%] Built target sim_sub
-- Install configuration: ""
-- Up-to-date: /home/sara/aubo_ws/install/control/lib/control/controller
-- Up-to-date: /home/sara/aubo_ws/install/control/lib/control/dir_kin
-- Up-to-date: /home/sara/aubo_ws/install/control/lib/control/inv_kin
-- Up-to-date: /home/sara/aubo_ws/install/control/lib/control/test_pub
-- Installing: /home/sara/aubo_ws/install/control/lib/control/sim_pub
-- Set runtime path of "/home/sara/aubo_ws/install/control/lib/control/sim_pub" to ""
-- Installing: /home/sara/aubo_ws/install/control/lib/control/sim_sub
-- Set runtime path of "/home/sara/aubo_ws/install/control/lib/control/sim_sub" to ""
-- Up-to-date: /home/sara/aubo_ws/install/control/share/control/launch
-- Installing: /home/sara/aubo_ws/install/control/share/control/launch/listener.launch.py
-- Up-to-date: /home/sara/aubo_ws/install/control/share/control/launch/view_robot.launch.py
-- Up-to-date: /home/sara/aubo_ws/install/control/share/control/launch/world.launch.py
-- Up-to-date: /home/sara/aubo_ws/install/control/share/control/launch/gz.launch.py
-- Up-to-date: /home/sara/aubo_ws/install/control/share/control/launch/spawn_robot_launch_v4.launch.py
-- Up-to-date: /home/sara/aubo_ws/install/control/share/ament_index/resource_index/package_run_dependencies/control
-- Installing: /home/sara/aubo_ws/install/control/share/ament_index/resource_index/parent_prefix_path/control
-- Up-to-date: /home/sara/aubo_ws/install/control/share/control/environment/ament_prefix_path.sh
-- Installing: /home/sara/aubo_ws/install/control/share/control/environment/ament_prefix_path.dsv
-- Up-to-date: /home/sara/aubo_ws/install/control/share/control/environment/path.sh
-- Installing: /home/sara/aubo_ws/install/control/share/control/environment/path.dsv
-- Up-to-date: /home/sara/aubo_ws/install/control/share/control/local_setup.bash
-- Up-to-date: /home/sara/aubo_ws/install/control/share/control/local_setup.sh
-- Up-to-date: /home/sara/aubo_ws/install/control/share/control/local_setup.zsh
-- Installing: /home/sara/aubo_ws/install/control/share/control/local_setup.dsv
-- Installing: /home/sara/aubo_ws/install/control/share/control/package.dsv
-- Up-to-date: /home/sara/aubo_ws/install/control/share/ament_index/resource_index/packages/control
-- Up-to-date: /home/sara/aubo_ws/install/control/share/control/cmake/controlConfig.cmake
-- Up-to-date: /home/sara/aubo_ws/install/control/share/control/cmake/controlConfig-version.cmake
-- Up-to-date: /home/sara/aubo_ws/install/control/share/control/package.xml
