[0.580s] Invoking command in '/home/sara/aubo_ws/build/joint_limits': CMAKE_PREFIX_PATH=${CMAKE_PREFIX_PATH}:/home/sara/aubo_ws/install/rqt_joint_trajectory_controller:/home/sara/aubo_ws/install/rqt_controller_manager:/home/sara/aubo_ws/install/ros2_controllers_test_nodes:/opt/ros/humble /usr/bin/cmake /home/sara/aubo_ws/src/ros-controls/ros2_control/joint_limits -DCMAKE_INSTALL_PREFIX=/home/sara/aubo_ws/install/joint_limits
[1.165s] -- The C compiler identification is GNU 11.4.0
[1.165s] -- The CXX compiler identification is GNU 11.4.0
[1.165s] -- Detecting C compiler ABI info
[1.165s] -- Detecting C compiler ABI info - done
[1.165s] -- Check for working C compiler: /usr/bin/cc - skipped
[1.165s] -- Detecting C compile features
[1.166s] -- Detecting C compile features - done
[1.166s] -- Detecting CXX compiler ABI info
[1.286s] -- Detecting CXX compiler ABI info - done
[1.303s] -- Check for working CXX compiler: /usr/bin/c++ - skipped
[1.304s] -- Detecting CXX compile features
[1.304s] -- Detecting CXX compile features - done
[1.309s] -- Found ament_cmake: 1.3.5 (/opt/ros/humble/share/ament_cmake/cmake)
[1.609s] -- Found Python3: /usr/bin/python3.10 (found version "3.10.12") found components: Interpreter 
[1.765s] -- Found rclcpp: 16.0.6 (/opt/ros/humble/share/rclcpp/cmake)
[1.841s] -- Found rosidl_generator_c: 3.1.5 (/opt/ros/humble/share/rosidl_generator_c/cmake)
[1.850s] -- Found rosidl_adapter: 3.1.5 (/opt/ros/humble/share/rosidl_adapter/cmake)
[1.865s] -- Found rosidl_generator_cpp: 3.1.5 (/opt/ros/humble/share/rosidl_generator_cpp/cmake)
[1.895s] -- Using all available rosidl_typesupport_c: rosidl_typesupport_fastrtps_c;rosidl_typesupport_introspection_c
[1.929s] -- Using all available rosidl_typesupport_cpp: rosidl_typesupport_fastrtps_cpp;rosidl_typesupport_introspection_cpp
[2.075s] -- Found rmw_implementation_cmake: 6.1.1 (/opt/ros/humble/share/rmw_implementation_cmake/cmake)
[2.079s] -- Found rmw_fastrtps_cpp: 6.2.4 (/opt/ros/humble/share/rmw_fastrtps_cpp/cmake)
[2.288s] -- Found OpenSSL: /usr/lib/x86_64-linux-gnu/libcrypto.so (found version "3.0.2")  
[2.342s] -- Found FastRTPS: /opt/ros/humble/include  
[2.427s] -- Using RMW implementation 'rmw_fastrtps_cpp' as default
[2.444s] -- Looking for pthread.h
[2.611s] -- Looking for pthread.h - found
[2.612s] -- Performing Test CMAKE_HAVE_LIBC_PTHREAD
[2.757s] -- Performing Test CMAKE_HAVE_LIBC_PTHREAD - Success
[2.760s] -- Found Threads: TRUE  
[3.111s] -- Found rclcpp_lifecycle: 16.0.6 (/opt/ros/humble/share/rclcpp_lifecycle/cmake)
[3.204s] -- Found ament_cmake_gtest: 1.3.5 (/opt/ros/humble/share/ament_cmake_gtest/cmake)
[3.204s] -- Found launch_testing_ament_cmake: 1.0.4 (/opt/ros/humble/share/launch_testing_ament_cmake/cmake)
[3.206s] -- Found python_cmake_module: 0.10.0 (/opt/ros/humble/share/python_cmake_module/cmake)
[3.238s] -- Found PythonInterp: /usr/bin/python3 (found suitable version "3.10.12", minimum required is "3.6") 
[3.249s] -- Found PythonLibs: /usr/lib/x86_64-linux-gnu/libpython3.10.so (found suitable version "3.10.12", minimum required is "3.5") 
[3.250s] -- Using PYTHON_EXECUTABLE: /usr/bin/python3
[3.250s] -- Using PYTHON_INCLUDE_DIRS: /usr/include/python3.10
[3.250s] -- Using PYTHON_LIBRARIES: /usr/lib/x86_64-linux-gnu/libpython3.10.so
[3.276s] -- Found PythonExtra: .so  
[3.280s] -- Found gtest sources under '/opt/ros/humble/src/gtest_vendor': C++ tests using 'Google Test' will be built
[3.489s] -- Configuring done
[3.566s] -- Generating done
[3.586s] -- Build files have been written to: /home/sara/aubo_ws/build/joint_limits
[3.756s] Invoked command in '/home/sara/aubo_ws/build/joint_limits' returned '0': CMAKE_PREFIX_PATH=${CMAKE_PREFIX_PATH}:/home/sara/aubo_ws/install/rqt_joint_trajectory_controller:/home/sara/aubo_ws/install/rqt_controller_manager:/home/sara/aubo_ws/install/ros2_controllers_test_nodes:/opt/ros/humble /usr/bin/cmake /home/sara/aubo_ws/src/ros-controls/ros2_control/joint_limits -DCMAKE_INSTALL_PREFIX=/home/sara/aubo_ws/install/joint_limits
[3.763s] Invoking command in '/home/sara/aubo_ws/build/joint_limits': CMAKE_PREFIX_PATH=${CMAKE_PREFIX_PATH}:/home/sara/aubo_ws/install/rqt_joint_trajectory_controller:/home/sara/aubo_ws/install/rqt_controller_manager:/home/sara/aubo_ws/install/ros2_controllers_test_nodes:/opt/ros/humble /usr/bin/cmake --build /home/sara/aubo_ws/build/joint_limits -- -j8 -l8
[4.106s] [ 16%] [32mBuilding CXX object gtest/CMakeFiles/gtest_main.dir/src/gtest_main.cc.o[0m
[4.111s] [ 33%] [32mBuilding CXX object gtest/CMakeFiles/gtest.dir/src/gtest-all.cc.o[0m
[6.132s] [ 50%] [32m[1mLinking CXX static library libgtest_main.a[0m
[6.306s] [ 50%] Built target gtest_main
[12.737s] [ 66%] [32m[1mLinking CXX static library libgtest.a[0m
[13.125s] [ 66%] Built target gtest
[13.319s] [ 83%] [32mBuilding CXX object CMakeFiles/joint_limits_rosparam_test.dir/test/joint_limits_rosparam_test.cpp.o[0m
[39.386s] [100%] [32m[1mLinking CXX executable joint_limits_rosparam_test[0m
[40.488s] [100%] Built target joint_limits_rosparam_test
[40.547s] Invoked command in '/home/sara/aubo_ws/build/joint_limits' returned '0': CMAKE_PREFIX_PATH=${CMAKE_PREFIX_PATH}:/home/sara/aubo_ws/install/rqt_joint_trajectory_controller:/home/sara/aubo_ws/install/rqt_controller_manager:/home/sara/aubo_ws/install/ros2_controllers_test_nodes:/opt/ros/humble /usr/bin/cmake --build /home/sara/aubo_ws/build/joint_limits -- -j8 -l8
[40.940s] Invoking command in '/home/sara/aubo_ws/build/joint_limits': CMAKE_PREFIX_PATH=${CMAKE_PREFIX_PATH}:/home/sara/aubo_ws/install/rqt_joint_trajectory_controller:/home/sara/aubo_ws/install/rqt_controller_manager:/home/sara/aubo_ws/install/ros2_controllers_test_nodes:/opt/ros/humble /usr/bin/cmake --install /home/sara/aubo_ws/build/joint_limits
[40.991s] -- Install configuration: ""
[40.991s] -- Installing: /home/sara/aubo_ws/install/joint_limits/include
[40.991s] -- Installing: /home/sara/aubo_ws/install/joint_limits/include/joint_limits
[40.992s] -- Installing: /home/sara/aubo_ws/install/joint_limits/include/joint_limits/joint_limits_rosparam.hpp
[40.992s] -- Installing: /home/sara/aubo_ws/install/joint_limits/include/joint_limits/joint_limits.hpp
[40.993s] -- Installing: /home/sara/aubo_ws/install/joint_limits/lib/joint_limits/joint_limits_rosparam_test
[40.995s] -- Set runtime path of "/home/sara/aubo_ws/install/joint_limits/lib/joint_limits/joint_limits_rosparam_test" to ""
[40.996s] -- Installing: /home/sara/aubo_ws/install/joint_limits/share/joint_limits/test/joint_limits_rosparam.yaml
[40.996s] -- Installing: /home/sara/aubo_ws/install/joint_limits/share/ament_index/resource_index/package_run_dependencies/joint_limits
[40.997s] -- Installing: /home/sara/aubo_ws/install/joint_limits/share/ament_index/resource_index/parent_prefix_path/joint_limits
[40.997s] -- Installing: /home/sara/aubo_ws/install/joint_limits/share/joint_limits/environment/ament_prefix_path.sh
[40.998s] -- Installing: /home/sara/aubo_ws/install/joint_limits/share/joint_limits/environment/ament_prefix_path.dsv
[40.998s] -- Installing: /home/sara/aubo_ws/install/joint_limits/share/joint_limits/environment/path.sh
[41.007s] -- Installing: /home/sara/aubo_ws/install/joint_limits/share/joint_limits/environment/path.dsv
[41.008s] -- Installing: /home/sara/aubo_ws/install/joint_limits/share/joint_limits/local_setup.bash
[41.009s] -- Installing: /home/sara/aubo_ws/install/joint_limits/share/joint_limits/local_setup.sh
[41.010s] -- Installing: /home/sara/aubo_ws/install/joint_limits/share/joint_limits/local_setup.zsh
[41.011s] -- Installing: /home/sara/aubo_ws/install/joint_limits/share/joint_limits/local_setup.dsv
[41.012s] -- Installing: /home/sara/aubo_ws/install/joint_limits/share/joint_limits/package.dsv
[41.013s] -- Installing: /home/sara/aubo_ws/install/joint_limits/share/ament_index/resource_index/packages/joint_limits
[41.015s] -- Installing: /home/sara/aubo_ws/install/joint_limits/share/joint_limits/cmake/ament_cmake_export_dependencies-extras.cmake
[41.016s] -- Installing: /home/sara/aubo_ws/install/joint_limits/share/joint_limits/cmake/ament_cmake_export_include_directories-extras.cmake
[41.020s] -- Installing: /home/sara/aubo_ws/install/joint_limits/share/joint_limits/cmake/joint_limitsConfig.cmake
[41.021s] -- Installing: /home/sara/aubo_ws/install/joint_limits/share/joint_limits/cmake/joint_limitsConfig-version.cmake
[41.022s] -- Installing: /home/sara/aubo_ws/install/joint_limits/share/joint_limits/package.xml
[41.039s] Invoked command in '/home/sara/aubo_ws/build/joint_limits' returned '0': CMAKE_PREFIX_PATH=${CMAKE_PREFIX_PATH}:/home/sara/aubo_ws/install/rqt_joint_trajectory_controller:/home/sara/aubo_ws/install/rqt_controller_manager:/home/sara/aubo_ws/install/ros2_controllers_test_nodes:/opt/ros/humble /usr/bin/cmake --install /home/sara/aubo_ws/build/joint_limits
