[0.205s] Invoking command in '/home/sara/aubo_ws/build/control': CMAKE_PREFIX_PATH=${CMAKE_PREFIX_PATH}:/home/sara/ros2_ws/install/rqt_joint_trajectory_controller:/home/sara/ros2_ws/install/rqt_controller_manager:/home/sara/ros2_ws/install/ros2controlcli:/home/sara/ros2_ws/install/ros2_controllers_test_nodes:/opt/ros/humble /usr/bin/cmake --build /home/sara/aubo_ws/build/control -- -j8 -l8
[0.438s] [ 12%] Built target dir_kin
[0.464s] [ 25%] Built target controller
[0.473s] [ 37%] Built target sim_sub
[0.492s] [ 50%] Built target inv_kin
[0.543s] [ 62%] Built target test_pub
[0.543s] [ 75%] Built target sim_test
[0.544s] [ 87%] Built target sim_control
[0.561s] [ 93%] [32mBuilding CXX object CMakeFiles/sim_pub.dir/src/sim_pub.cpp.o[0m
[15.328s] [01m[K/home/sara/aubo_ws/src/aubo_control/control/src/sim_pub.cpp:[m[K In function ‘[01m[Kvoid cb(ConstContactsPtr&)[m[K’:
[15.328s] [01m[K/home/sara/aubo_ws/src/aubo_control/control/src/sim_pub.cpp:48:29:[m[K [01;35m[Kwarning: [m[Kcomparison of integer expressions of different signedness: ‘[01m[Kunsigned int[m[K’ and ‘[01m[Kint[m[K’ [[01;35m[K]8;;https://gcc.gnu.org/onlinedocs/gcc/Warning-Options.html#index-Wsign-compare-Wsign-compare]8;;[m[K]
[15.328s]    48 |     for(unsigned int i=0; [01;35m[Ki < _msg->contact_size()[m[K; i++){
[15.328s]       |                           [01;35m[K~~^~~~~~~~~~~~~~~~~~~~~~[m[K
[15.334s] [01m[K/home/sara/aubo_ws/src/aubo_control/control/src/sim_pub.cpp:[m[K In function ‘[01m[Kint main(int, char**)[m[K’:
[15.334s] [01m[K/home/sara/aubo_ws/src/aubo_control/control/src/sim_pub.cpp:82:20:[m[K [01;35m[Kwarning: [m[Kthe address of ‘[01m[Kbool rclcpp::ok(rclcpp::Context::SharedPtr)[m[K’ will never be NULL [[01;35m[K]8;;https://gcc.gnu.org/onlinedocs/gcc/Warning-Options.html#index-Waddress-Waddress]8;;[m[K]
[15.334s]    82 |     while ([01;35m[Krclcpp::ok[m[K)
[15.334s]       |            [01;35m[K~~~~~~~~^~[m[K
[22.724s] [100%] [32m[1mLinking CXX executable sim_pub[0m
[23.154s] /usr/bin/ld: CMakeFiles/sim_pub.dir/src/sim_pub.cpp.o: warning: relocation against `_ZTIN6gazebo6common9ExceptionE' in read-only section `.text._ZNK6gazebo9transport15CallbackHelperTINS_4msgs8ContactsEE10GetMsgTypeB5cxx11Ev[_ZNK6gazebo9transport15CallbackHelperTINS_4msgs8ContactsEE10GetMsgTypeB5cxx11Ev]'
[23.185s] /usr/bin/ld: CMakeFiles/sim_pub.dir/src/sim_pub.cpp.o: in function `main':
[23.185s] sim_pub.cpp:(.text+0x84d): undefined reference to `gazebo::client::setup(int, char**)'
[23.185s] /usr/bin/ld: sim_pub.cpp:(.text+0x869): undefined reference to `gazebo::transport::Node::Node()'
[23.186s] /usr/bin/ld: sim_pub.cpp:(.text+0x8f4): undefined reference to `gazebo::transport::Node::Init(std::__cxx11::basic_string<char, std::char_traits<char>, std::allocator<char> > const&)'
[23.186s] /usr/bin/ld: sim_pub.cpp:(.text+0x9c9): undefined reference to `gazebo::common::Time::MSleep(unsigned int)'
[23.187s] /usr/bin/ld: sim_pub.cpp:(.text+0x9d8): undefined reference to `gazebo::common::Time::~Time()'
[23.189s] /usr/bin/ld: CMakeFiles/sim_pub.dir/src/sim_pub.cpp.o: in function `SingletonT<gazebo::common::FuelModelDatabase>::GetInstance()':
[23.189s] sim_pub.cpp:(.text._ZN10SingletonTIN6gazebo6common17FuelModelDatabaseEE11GetInstanceEv[_ZN10SingletonTIN6gazebo6common17FuelModelDatabaseEE11GetInstanceEv]+0x44): undefined reference to `gazebo::common::FuelModelDatabase::FuelModelDatabase()'
[23.190s] /usr/bin/ld: sim_pub.cpp:(.text._ZN10SingletonTIN6gazebo6common17FuelModelDatabaseEE11GetInstanceEv[_ZN10SingletonTIN6gazebo6common17FuelModelDatabaseEE11GetInstanceEv]+0x5f): undefined reference to `gazebo::common::FuelModelDatabase::~FuelModelDatabase()'
[23.190s] /usr/bin/ld: CMakeFiles/sim_pub.dir/src/sim_pub.cpp.o: in function `SingletonT<gazebo::common::MeshManager>::GetInstance()':
[23.191s] sim_pub.cpp:(.text._ZN10SingletonTIN6gazebo6common11MeshManagerEE11GetInstanceEv[_ZN10SingletonTIN6gazebo6common11MeshManagerEE11GetInstanceEv]+0x44): undefined reference to `gazebo::common::MeshManager::MeshManager()'
[23.191s] /usr/bin/ld: sim_pub.cpp:(.text._ZN10SingletonTIN6gazebo6common11MeshManagerEE11GetInstanceEv[_ZN10SingletonTIN6gazebo6common11MeshManagerEE11GetInstanceEv]+0x5f): undefined reference to `gazebo::common::MeshManager::~MeshManager()'
[23.191s] /usr/bin/ld: CMakeFiles/sim_pub.dir/src/sim_pub.cpp.o: in function `SingletonT<gazebo::common::ModelDatabase>::GetInstance()':
[23.191s] sim_pub.cpp:(.text._ZN10SingletonTIN6gazebo6common13ModelDatabaseEE11GetInstanceEv[_ZN10SingletonTIN6gazebo6common13ModelDatabaseEE11GetInstanceEv]+0x44): undefined reference to `gazebo::common::ModelDatabase::ModelDatabase()'
[23.192s] /usr/bin/ld: sim_pub.cpp:(.text._ZN10SingletonTIN6gazebo6common13ModelDatabaseEE11GetInstanceEv[_ZN10SingletonTIN6gazebo6common13ModelDatabaseEE11GetInstanceEv]+0x5f): undefined reference to `gazebo::common::ModelDatabase::~ModelDatabase()'
[23.192s] /usr/bin/ld: CMakeFiles/sim_pub.dir/src/sim_pub.cpp.o: in function `SingletonT<gazebo::common::SystemPaths>::GetInstance()':
[23.192s] sim_pub.cpp:(.text._ZN10SingletonTIN6gazebo6common11SystemPathsEE11GetInstanceEv[_ZN10SingletonTIN6gazebo6common11SystemPathsEE11GetInstanceEv]+0x44): undefined reference to `gazebo::common::SystemPaths::SystemPaths()'
[23.192s] /usr/bin/ld: CMakeFiles/sim_pub.dir/src/sim_pub.cpp.o: in function `gazebo::msgs::Contacts::Contacts()':
[23.193s] sim_pub.cpp:(.text._ZN6gazebo4msgs8ContactsC2Ev[_ZN6gazebo4msgs8ContactsC5Ev]+0x1d): undefined reference to `gazebo::msgs::Contacts::Contacts(google::protobuf::Arena*)'
[23.193s] /usr/bin/ld: CMakeFiles/sim_pub.dir/src/sim_pub.cpp.o: in function `tbb::detail::d1::wait_context::add_reference(long)':
[23.193s] sim_pub.cpp:(.text._ZN3tbb6detail2d112wait_context13add_referenceEl[_ZN3tbb6detail2d112wait_context13add_referenceEl]+0x70): undefined reference to `tbb::detail::r1::notify_waiters(unsigned long)'
[23.194s] /usr/bin/ld: CMakeFiles/sim_pub.dir/src/sim_pub.cpp.o: in function `tbb::detail::d1::execution_slot(tbb::detail::d1::execution_data const&)':
[23.194s] sim_pub.cpp:(.text._ZN3tbb6detail2d114execution_slotERKNS1_14execution_dataE[_ZN3tbb6detail2d114execution_slotERKNS1_14execution_dataE]+0x18): undefined reference to `tbb::detail::r1::execution_slot(tbb::detail::d1::execution_data const*)'
[23.194s] /usr/bin/ld: CMakeFiles/sim_pub.dir/src/sim_pub.cpp.o: in function `tbb::detail::d1::wait(tbb::detail::d1::wait_context&, tbb::detail::d1::task_group_context&)':
[23.194s] sim_pub.cpp:(.text._ZN3tbb6detail2d14waitERNS1_12wait_contextERNS1_18task_group_contextE[_ZN3tbb6detail2d14waitERNS1_12wait_contextERNS1_18task_group_contextE]+0x23): undefined reference to `tbb::detail::r1::wait(tbb::detail::d1::wait_context&, tbb::detail::d1::task_group_context&)'
[23.195s] /usr/bin/ld: CMakeFiles/sim_pub.dir/src/sim_pub.cpp.o: in function `tbb::detail::d1::task_arena::initialize()::{lambda()#1}::operator()() const':
[23.195s] sim_pub.cpp:(.text._ZZN3tbb6detail2d110task_arena10initializeEvENKUlvE_clEv[_ZZN3tbb6detail2d110task_arena10initializeEvENKUlvE_clEv]+0x1b): undefined reference to `tbb::detail::r1::initialize(tbb::detail::d1::task_arena_base&)'
[23.196s] /usr/bin/ld: CMakeFiles/sim_pub.dir/src/sim_pub.cpp.o: in function `tbb::detail::d1::task_arena::terminate()':
[23.196s] sim_pub.cpp:(.text._ZN3tbb6detail2d110task_arena9terminateEv[_ZN3tbb6detail2d110task_arena9terminateEv]+0x28): undefined reference to `tbb::detail::r1::terminate(tbb::detail::d1::task_arena_base&)'
[23.197s] /usr/bin/ld: CMakeFiles/sim_pub.dir/src/sim_pub.cpp.o: in function `tbb::detail::d1::current_thread_index()':
[23.197s] sim_pub.cpp:(.text._ZN3tbb6detail2d120current_thread_indexEv[_ZN3tbb6detail2d120current_thread_indexEv]+0x12): undefined reference to `tbb::detail::r1::execution_slot(tbb::detail::d1::execution_data const*)'
[23.198s] /usr/bin/ld: CMakeFiles/sim_pub.dir/src/sim_pub.cpp.o: in function `tbb::detail::d1::task_group_context::~task_group_context()':
[23.198s] sim_pub.cpp:(.text._ZN3tbb6detail2d118task_group_contextD2Ev[_ZN3tbb6detail2d118task_group_contextD5Ev]+0x18): undefined reference to `tbb::detail::r1::destroy(tbb::detail::d1::task_group_context&)'
[23.199s] /usr/bin/ld: CMakeFiles/sim_pub.dir/src/sim_pub.cpp.o: in function `tbb::detail::d1::task_group_context::reset()':
[23.199s] sim_pub.cpp:(.text._ZN3tbb6detail2d118task_group_context5resetEv[_ZN3tbb6detail2d118task_group_context5resetEv]+0x20): undefined reference to `tbb::detail::r1::reset(tbb::detail::d1::task_group_context&)'
[23.200s] /usr/bin/ld: CMakeFiles/sim_pub.dir/src/sim_pub.cpp.o: in function `tbb::detail::d1::task_group_context::is_group_execution_cancelled()':
[23.200s] sim_pub.cpp:(.text._ZN3tbb6detail2d118task_group_context28is_group_execution_cancelledEv[_ZN3tbb6detail2d118task_group_context28is_group_execution_cancelledEv]+0x20): undefined reference to `tbb::detail::r1::is_group_execution_cancelled(tbb::detail::d1::task_group_context&)'
[23.201s] /usr/bin/ld: CMakeFiles/sim_pub.dir/src/sim_pub.cpp.o: in function `tbb::detail::d1::graph::~graph()':
[23.201s] sim_pub.cpp:(.text._ZN3tbb6detail2d15graphD2Ev[_ZN3tbb6detail2d15graphD5Ev]+0x53): undefined reference to `tbb::detail::r1::cache_aligned_deallocate(void*)'
[23.202s] /usr/bin/ld: CMakeFiles/sim_pub.dir/src/sim_pub.cpp.o: in function `SingletonT<gazebo::transport::ConnectionManager>::GetInstance()':
[23.202s] sim_pub.cpp:(.text._ZN10SingletonTIN6gazebo9transport17ConnectionManagerEE11GetInstanceEv[_ZN10SingletonTIN6gazebo9transport17ConnectionManagerEE11GetInstanceEv]+0x44): undefined reference to `gazebo::transport::ConnectionManager::ConnectionManager()'
[23.203s] /usr/bin/ld: sim_pub.cpp:(.text._ZN10SingletonTIN6gazebo9transport17ConnectionManagerEE11GetInstanceEv[_ZN10SingletonTIN6gazebo9transport17ConnectionManagerEE11GetInstanceEv]+0x5f): undefined reference to `gazebo::transport::ConnectionManager::~ConnectionManager()'
[23.203s] /usr/bin/ld: CMakeFiles/sim_pub.dir/src/sim_pub.cpp.o: in function `SingletonT<gazebo::transport::TopicManager>::GetInstance()':
[23.204s] sim_pub.cpp:(.text._ZN10SingletonTIN6gazebo9transport12TopicManagerEE11GetInstanceEv[_ZN10SingletonTIN6gazebo9transport12TopicManagerEE11GetInstanceEv]+0x44): undefined reference to `gazebo::transport::TopicManager::TopicManager()'
[23.204s] /usr/bin/ld: sim_pub.cpp:(.text._ZN10SingletonTIN6gazebo9transport12TopicManagerEE11GetInstanceEv[_ZN10SingletonTIN6gazebo9transport12TopicManagerEE11GetInstanceEv]+0x5f): undefined reference to `gazebo::transport::TopicManager::~TopicManager()'
[23.206s] /usr/bin/ld: CMakeFiles/sim_pub.dir/src/sim_pub.cpp.o: in function `void tbb::detail::d1::small_object_allocator::deallocate<tbb::detail::d1::graph_task>(tbb::detail::d1::graph_task*, tbb::detail::d1::execution_data const&)':
[23.206s] sim_pub.cpp:(.text._ZN3tbb6detail2d122small_object_allocator10deallocateINS1_10graph_taskEEEvPT_RKNS1_14execution_dataE[_ZN3tbb6detail2d122small_object_allocator10deallocateINS1_10graph_taskEEEvPT_RKNS1_14execution_dataE]+0x44): undefined reference to `tbb::detail::r1::deallocate(tbb::detail::d1::small_object_pool&, void*, unsigned long, tbb::detail::d1::execution_data const&)'
[23.207s] /usr/bin/ld: CMakeFiles/sim_pub.dir/src/sim_pub.cpp.o: in function `boost::shared_ptr<gazebo::transport::Subscriber> gazebo::transport::Node::Subscribe<gazebo::msgs::Contacts>(std::__cxx11::basic_string<char, std::char_traits<char>, std::allocator<char> > const&, void (*)(boost::shared_ptr<gazebo::msgs::Contacts const> const&), bool)':
[23.207s] sim_pub.cpp:(.text._ZN6gazebo9transport4Node9SubscribeINS_4msgs8ContactsEEEN5boost10shared_ptrINS0_10SubscriberEEERKNSt7__cxx1112basic_stringIcSt11char_traitsIcESaIcEEEPFvRKNS6_IKT_EEEb[_ZN6gazebo9transport4Node9SubscribeINS_4msgs8ContactsEEEN5boost10shared_ptrINS0_10SubscriberEEERKNSt7__cxx1112basic_stringIcSt11char_traitsIcESaIcEEEPFvRKNS6_IKT_EEEb]+0x6e): undefined reference to `gazebo::transport::Node::DecodeTopicName(std::__cxx11::basic_string<char, std::char_traits<char>, std::allocator<char> > const&)'
[23.208s] /usr/bin/ld: sim_pub.cpp:(.text._ZN6gazebo9transport4Node9SubscribeINS_4msgs8ContactsEEEN5boost10shared_ptrINS0_10SubscriberEEERKNSt7__cxx1112basic_stringIcSt11char_traitsIcESaIcEEEPFvRKNS6_IKT_EEEb[_ZN6gazebo9transport4Node9SubscribeINS_4msgs8ContactsEEEN5boost10shared_ptrINS0_10SubscriberEEERKNSt7__cxx1112basic_stringIcSt11char_traitsIcESaIcEEEPFvRKNS6_IKT_EEEb]+0x1ba): undefined reference to `gazebo::transport::TopicManager::Subscribe(gazebo::transport::SubscribeOptions const&)'
[23.209s] /usr/bin/ld: sim_pub.cpp:(.text._ZN6gazebo9transport4Node9SubscribeINS_4msgs8ContactsEEEN5boost10shared_ptrINS0_10SubscriberEEERKNSt7__cxx1112basic_stringIcSt11char_traitsIcESaIcEEEPFvRKNS6_IKT_EEEb[_ZN6gazebo9transport4Node9SubscribeINS_4msgs8ContactsEEEN5boost10shared_ptrINS0_10SubscriberEEERKNSt7__cxx1112basic_stringIcSt11char_traitsIcESaIcEEEPFvRKNS6_IKT_EEEb]+0x201): undefined reference to `gazebo::transport::CallbackHelper::GetId() const'
[23.209s] /usr/bin/ld: sim_pub.cpp:(.text._ZN6gazebo9transport4Node9SubscribeINS_4msgs8ContactsEEEN5boost10shared_ptrINS0_10SubscriberEEERKNSt7__cxx1112basic_stringIcSt11char_traitsIcESaIcEEEPFvRKNS6_IKT_EEEb[_ZN6gazebo9transport4Node9SubscribeINS_4msgs8ContactsEEEN5boost10shared_ptrINS0_10SubscriberEEERKNSt7__cxx1112basic_stringIcSt11char_traitsIcESaIcEEEPFvRKNS6_IKT_EEEb]+0x20b): undefined reference to `gazebo::transport::Subscriber::SetCallbackId(unsigned int)'
[23.211s] /usr/bin/ld: CMakeFiles/sim_pub.dir/src/sim_pub.cpp.o: in function `gazebo::event::EventT<void (std::__cxx11::basic_string<char, std::char_traits<char>, std::allocator<char> >)>::~EventT()':
[23.212s] sim_pub.cpp:(.text._ZN6gazebo5event6EventTIFvNSt7__cxx1112basic_stringIcSt11char_traitsIcESaIcEEEEED2Ev[_ZN6gazebo5event6EventTIFvNSt7__cxx1112basic_stringIcSt11char_traitsIcESaIcEEEEED5Ev]+0x88): undefined reference to `gazebo::event::Event::~Event()'
[23.212s] /usr/bin/ld: CMakeFiles/sim_pub.dir/src/sim_pub.cpp.o: in function `google::protobuf::RepeatedPtrField<gazebo::msgs::JointWrench>::TypeHandler::Type const& google::protobuf::internal::RepeatedPtrFieldBase::Get<google::protobuf::RepeatedPtrField<gazebo::msgs::JointWrench>::TypeHandler>(int) const':
[23.212s] sim_pub.cpp:(.text._ZNK6google8protobuf8internal20RepeatedPtrFieldBase3GetINS0_16RepeatedPtrFieldIN6gazebo4msgs11JointWrenchEE11TypeHandlerEEERKNT_4TypeEi[_ZNK6google8protobuf8internal20RepeatedPtrFieldBase3GetINS0_16RepeatedPtrFieldIN6gazebo4msgs11JointWrenchEE11TypeHandlerEEERKNT_4TypeEi]+0x49): undefined reference to `google::protobuf::internal::LogMessage::LogMessage(google::protobuf::LogLevel, char const*, int)'
[23.213s] /usr/bin/ld: sim_pub.cpp:(.text._ZNK6google8protobuf8internal20RepeatedPtrFieldBase3GetINS0_16RepeatedPtrFieldIN6gazebo4msgs11JointWrenchEE11TypeHandlerEEERKNT_4TypeEi[_ZNK6google8protobuf8internal20RepeatedPtrFieldBase3GetINS0_16RepeatedPtrFieldIN6gazebo4msgs11JointWrenchEE11TypeHandlerEEERKNT_4TypeEi]+0x64): undefined reference to `google::protobuf::internal::LogMessage::operator<<(char const*)'
[23.214s] /usr/bin/ld: sim_pub.cpp:(.text._ZNK6google8protobuf8internal20RepeatedPtrFieldBase3GetINS0_16RepeatedPtrFieldIN6gazebo4msgs11JointWrenchEE11TypeHandlerEEERKNT_4TypeEi[_ZNK6google8protobuf8internal20RepeatedPtrFieldBase3GetINS0_16RepeatedPtrFieldIN6gazebo4msgs11JointWrenchEE11TypeHandlerEEERKNT_4TypeEi]+0x76): undefined reference to `google::protobuf::internal::LogFinisher::operator=(google::protobuf::internal::LogMessage&)'
[23.214s] /usr/bin/ld: sim_pub.cpp:(.text._ZNK6google8protobuf8internal20RepeatedPtrFieldBase3GetINS0_16RepeatedPtrFieldIN6gazebo4msgs11JointWrenchEE11TypeHandlerEEERKNT_4TypeEi[_ZNK6google8protobuf8internal20RepeatedPtrFieldBase3GetINS0_16RepeatedPtrFieldIN6gazebo4msgs11JointWrenchEE11TypeHandlerEEERKNT_4TypeEi]+0x86): undefined reference to `google::protobuf::internal::LogMessage::~LogMessage()'
[23.215s] /usr/bin/ld: sim_pub.cpp:(.text._ZNK6google8protobuf8internal20RepeatedPtrFieldBase3GetINS0_16RepeatedPtrFieldIN6gazebo4msgs11JointWrenchEE11TypeHandlerEEERKNT_4TypeEi[_ZNK6google8protobuf8internal20RepeatedPtrFieldBase3GetINS0_16RepeatedPtrFieldIN6gazebo4msgs11JointWrenchEE11TypeHandlerEEERKNT_4TypeEi]+0xb4): undefined reference to `google::protobuf::internal::LogMessage::LogMessage(google::protobuf::LogLevel, char const*, int)'
[23.216s] /usr/bin/ld: sim_pub.cpp:(.text._ZNK6google8protobuf8internal20RepeatedPtrFieldBase3GetINS0_16RepeatedPtrFieldIN6gazebo4msgs11JointWrenchEE11TypeHandlerEEERKNT_4TypeEi[_ZNK6google8protobuf8internal20RepeatedPtrFieldBase3GetINS0_16RepeatedPtrFieldIN6gazebo4msgs11JointWrenchEE11TypeHandlerEEERKNT_4TypeEi]+0xcf): undefined reference to `google::protobuf::internal::LogMessage::operator<<(char const*)'
[23.217s] /usr/bin/ld: sim_pub.cpp:(.text._ZNK6google8protobuf8internal20RepeatedPtrFieldBase3GetINS0_16RepeatedPtrFieldIN6gazebo4msgs11JointWrenchEE11TypeHandlerEEERKNT_4TypeEi[_ZNK6google8protobuf8internal20RepeatedPtrFieldBase3GetINS0_16RepeatedPtrFieldIN6gazebo4msgs11JointWrenchEE11TypeHandlerEEERKNT_4TypeEi]+0xe1): undefined reference to `google::protobuf::internal::LogFinisher::operator=(google::protobuf::internal::LogMessage&)'
[23.217s] /usr/bin/ld: sim_pub.cpp:(.text._ZNK6google8protobuf8internal20RepeatedPtrFieldBase3GetINS0_16RepeatedPtrFieldIN6gazebo4msgs11JointWrenchEE11TypeHandlerEEERKNT_4TypeEi[_ZNK6google8protobuf8internal20RepeatedPtrFieldBase3GetINS0_16RepeatedPtrFieldIN6gazebo4msgs11JointWrenchEE11TypeHandlerEEERKNT_4TypeEi]+0xf1): undefined reference to `google::protobuf::internal::LogMessage::~LogMessage()'
[23.218s] /usr/bin/ld: sim_pub.cpp:(.text._ZNK6google8protobuf8internal20RepeatedPtrFieldBase3GetINS0_16RepeatedPtrFieldIN6gazebo4msgs11JointWrenchEE11TypeHandlerEEERKNT_4TypeEi[_ZNK6google8protobuf8internal20RepeatedPtrFieldBase3GetINS0_16RepeatedPtrFieldIN6gazebo4msgs11JointWrenchEE11TypeHandlerEEERKNT_4TypeEi]+0x134): undefined reference to `google::protobuf::internal::LogMessage::~LogMessage()'
[23.219s] /usr/bin/ld: sim_pub.cpp:(.text._ZNK6google8protobuf8internal20RepeatedPtrFieldBase3GetINS0_16RepeatedPtrFieldIN6gazebo4msgs11JointWrenchEE11TypeHandlerEEERKNT_4TypeEi[_ZNK6google8protobuf8internal20RepeatedPtrFieldBase3GetINS0_16RepeatedPtrFieldIN6gazebo4msgs11JointWrenchEE11TypeHandlerEEERKNT_4TypeEi]+0x156): undefined reference to `google::protobuf::internal::LogMessage::~LogMessage()'
[23.220s] /usr/bin/ld: CMakeFiles/sim_pub.dir/src/sim_pub.cpp.o: in function `google::protobuf::RepeatedPtrField<gazebo::msgs::Contact>::TypeHandler::Type const& google::protobuf::internal::RepeatedPtrFieldBase::Get<google::protobuf::RepeatedPtrField<gazebo::msgs::Contact>::TypeHandler>(int) const':
[23.220s] sim_pub.cpp:(.text._ZNK6google8protobuf8internal20RepeatedPtrFieldBase3GetINS0_16RepeatedPtrFieldIN6gazebo4msgs7ContactEE11TypeHandlerEEERKNT_4TypeEi[_ZNK6google8protobuf8internal20RepeatedPtrFieldBase3GetINS0_16RepeatedPtrFieldIN6gazebo4msgs7ContactEE11TypeHandlerEEERKNT_4TypeEi]+0x49): undefined reference to `google::protobuf::internal::LogMessage::LogMessage(google::protobuf::LogLevel, char const*, int)'
[23.220s] /usr/bin/ld: sim_pub.cpp:(.text._ZNK6google8protobuf8internal20RepeatedPtrFieldBase3GetINS0_16RepeatedPtrFieldIN6gazebo4msgs7ContactEE11TypeHandlerEEERKNT_4TypeEi[_ZNK6google8protobuf8internal20RepeatedPtrFieldBase3GetINS0_16RepeatedPtrFieldIN6gazebo4msgs7ContactEE11TypeHandlerEEERKNT_4TypeEi]+0x64): undefined reference to `google::protobuf::internal::LogMessage::operator<<(char const*)'
[23.221s] /usr/bin/ld: sim_pub.cpp:(.text._ZNK6google8protobuf8internal20RepeatedPtrFieldBase3GetINS0_16RepeatedPtrFieldIN6gazebo4msgs7ContactEE11TypeHandlerEEERKNT_4TypeEi[_ZNK6google8protobuf8internal20RepeatedPtrFieldBase3GetINS0_16RepeatedPtrFieldIN6gazebo4msgs7ContactEE11TypeHandlerEEERKNT_4TypeEi]+0x76): undefined reference to `google::protobuf::internal::LogFinisher::operator=(google::protobuf::internal::LogMessage&)'
[23.222s] /usr/bin/ld: sim_pub.cpp:(.text._ZNK6google8protobuf8internal20RepeatedPtrFieldBase3GetINS0_16RepeatedPtrFieldIN6gazebo4msgs7ContactEE11TypeHandlerEEERKNT_4TypeEi[_ZNK6google8protobuf8internal20RepeatedPtrFieldBase3GetINS0_16RepeatedPtrFieldIN6gazebo4msgs7ContactEE11TypeHandlerEEERKNT_4TypeEi]+0x86): undefined reference to `google::protobuf::internal::LogMessage::~LogMessage()'
[23.223s] /usr/bin/ld: sim_pub.cpp:(.text._ZNK6google8protobuf8internal20RepeatedPtrFieldBase3GetINS0_16RepeatedPtrFieldIN6gazebo4msgs7ContactEE11TypeHandlerEEERKNT_4TypeEi[_ZNK6google8protobuf8internal20RepeatedPtrFieldBase3GetINS0_16RepeatedPtrFieldIN6gazebo4msgs7ContactEE11TypeHandlerEEERKNT_4TypeEi]+0xb4): undefined reference to `google::protobuf::internal::LogMessage::LogMessage(google::protobuf::LogLevel, char const*, int)'
[23.223s] /usr/bin/ld: sim_pub.cpp:(.text._ZNK6google8protobuf8internal20RepeatedPtrFieldBase3GetINS0_16RepeatedPtrFieldIN6gazebo4msgs7ContactEE11TypeHandlerEEERKNT_4TypeEi[_ZNK6google8protobuf8internal20RepeatedPtrFieldBase3GetINS0_16RepeatedPtrFieldIN6gazebo4msgs7ContactEE11TypeHandlerEEERKNT_4TypeEi]+0xcf): undefined reference to `google::protobuf::internal::LogMessage::operator<<(char const*)'
[23.224s] /usr/bin/ld: sim_pub.cpp:(.text._ZNK6google8protobuf8internal20RepeatedPtrFieldBase3GetINS0_16RepeatedPtrFieldIN6gazebo4msgs7ContactEE11TypeHandlerEEERKNT_4TypeEi[_ZNK6google8protobuf8internal20RepeatedPtrFieldBase3GetINS0_16RepeatedPtrFieldIN6gazebo4msgs7ContactEE11TypeHandlerEEERKNT_4TypeEi]+0xe1): undefined reference to `google::protobuf::internal::LogFinisher::operator=(google::protobuf::internal::LogMessage&)'
[23.225s] /usr/bin/ld: sim_pub.cpp:(.text._ZNK6google8protobuf8internal20RepeatedPtrFieldBase3GetINS0_16RepeatedPtrFieldIN6gazebo4msgs7ContactEE11TypeHandlerEEERKNT_4TypeEi[_ZNK6google8protobuf8internal20RepeatedPtrFieldBase3GetINS0_16RepeatedPtrFieldIN6gazebo4msgs7ContactEE11TypeHandlerEEERKNT_4TypeEi]+0xf1): undefined reference to `google::protobuf::internal::LogMessage::~LogMessage()'
[23.225s] /usr/bin/ld: sim_pub.cpp:(.text._ZNK6google8protobuf8internal20RepeatedPtrFieldBase3GetINS0_16RepeatedPtrFieldIN6gazebo4msgs7ContactEE11TypeHandlerEEERKNT_4TypeEi[_ZNK6google8protobuf8internal20RepeatedPtrFieldBase3GetINS0_16RepeatedPtrFieldIN6gazebo4msgs7ContactEE11TypeHandlerEEERKNT_4TypeEi]+0x134): undefined reference to `google::protobuf::internal::LogMessage::~LogMessage()'
[23.226s] /usr/bin/ld: sim_pub.cpp:(.text._ZNK6google8protobuf8internal20RepeatedPtrFieldBase3GetINS0_16RepeatedPtrFieldIN6gazebo4msgs7ContactEE11TypeHandlerEEERKNT_4TypeEi[_ZNK6google8protobuf8internal20RepeatedPtrFieldBase3GetINS0_16RepeatedPtrFieldIN6gazebo4msgs7ContactEE11TypeHandlerEEERKNT_4TypeEi]+0x156): undefined reference to `google::protobuf::internal::LogMessage::~LogMessage()'
[23.227s] /usr/bin/ld: CMakeFiles/sim_pub.dir/src/sim_pub.cpp.o: in function `void tbb::detail::d1::task_arena::execute_impl<void, tbb::detail::d1::graph::wait_for_all()::{lambda()#1}::operator()() const::{lambda()#1}>(tbb::detail::d1::graph::wait_for_all()::{lambda()#1}::operator()() const::{lambda()#1}&)':
[23.227s] sim_pub.cpp:(.text._ZN3tbb6detail2d110task_arena12execute_implIvZZNS1_5graph12wait_for_allEvENKUlvE_clEvEUlvE_EET_RT0_[_ZN3tbb6detail2d110task_arena12execute_implIvZZNS1_5graph12wait_for_allEvENKUlvE_clEvEUlvE_EET_RT0_]+0x52): undefined reference to `tbb::detail::r1::execute(tbb::detail::d1::task_arena_base&, tbb::detail::d1::delegate_base&)'
[23.228s] /usr/bin/ld: CMakeFiles/sim_pub.dir/src/sim_pub.cpp.o: in function `void gazebo::transport::SubscribeOptions::Init<gazebo::msgs::Contacts>(std::__cxx11::basic_string<char, std::char_traits<char>, std::allocator<char> > const&, boost::shared_ptr<gazebo::transport::Node>, bool)':
[23.228s] sim_pub.cpp:(.text._ZN6gazebo9transport16SubscribeOptions4InitINS_4msgs8ContactsEEEvRKNSt7__cxx1112basic_stringIcSt11char_traitsIcESaIcEEEN5boost10shared_ptrINS0_4NodeEEEb[_ZN6gazebo9transport16SubscribeOptions4InitINS_4msgs8ContactsEEEvRKNSt7__cxx1112basic_stringIcSt11char_traitsIcESaIcEEEN5boost10shared_ptrINS0_4NodeEEEb]+0x103): undefined reference to `gazebo::common::Exception::Exception(char const*, int, std::__cxx11::basic_string<char, std::char_traits<char>, std::allocator<char> >)'
[23.228s] /usr/bin/ld: sim_pub.cpp:(.text._ZN6gazebo9transport16SubscribeOptions4InitINS_4msgs8ContactsEEEvRKNSt7__cxx1112basic_stringIcSt11char_traitsIcESaIcEEEN5boost10shared_ptrINS0_4NodeEEEb[_ZN6gazebo9transport16SubscribeOptions4InitINS_4msgs8ContactsEEEvRKNSt7__cxx1112basic_stringIcSt11char_traitsIcESaIcEEEN5boost10shared_ptrINS0_4NodeEEEb]+0x119): undefined reference to `gazebo::common::Exception::~Exception()'
[23.229s] /usr/bin/ld: sim_pub.cpp:(.text._ZN6gazebo9transport16SubscribeOptions4InitINS_4msgs8ContactsEEEvRKNSt7__cxx1112basic_stringIcSt11char_traitsIcESaIcEEEN5boost10shared_ptrINS0_4NodeEEEb[_ZN6gazebo9transport16SubscribeOptions4InitINS_4msgs8ContactsEEEvRKNSt7__cxx1112basic_stringIcSt11char_traitsIcESaIcEEEN5boost10shared_ptrINS0_4NodeEEEb]+0x123): undefined reference to `typeinfo for gazebo::common::Exception'
[23.229s] /usr/bin/ld: sim_pub.cpp:(.text._ZN6gazebo9transport16SubscribeOptions4InitINS_4msgs8ContactsEEEvRKNSt7__cxx1112basic_stringIcSt11char_traitsIcESaIcEEEN5boost10shared_ptrINS0_4NodeEEEb[_ZN6gazebo9transport16SubscribeOptions4InitINS_4msgs8ContactsEEEvRKNSt7__cxx1112basic_stringIcSt11char_traitsIcESaIcEEEN5boost10shared_ptrINS0_4NodeEEEb]+0x1d7): undefined reference to `gazebo::msgs::Contacts::~Contacts()'
[23.230s] /usr/bin/ld: sim_pub.cpp:(.text._ZN6gazebo9transport16SubscribeOptions4InitINS_4msgs8ContactsEEEvRKNSt7__cxx1112basic_stringIcSt11char_traitsIcESaIcEEEN5boost10shared_ptrINS0_4NodeEEEb[_ZN6gazebo9transport16SubscribeOptions4InitINS_4msgs8ContactsEEEvRKNSt7__cxx1112basic_stringIcSt11char_traitsIcESaIcEEEN5boost10shared_ptrINS0_4NodeEEEb]+0x242): undefined reference to `gazebo::msgs::Contacts::~Contacts()'
[23.230s] /usr/bin/ld: CMakeFiles/sim_pub.dir/src/sim_pub.cpp.o: in function `gazebo::transport::CallbackHelperT<gazebo::msgs::Contacts>::CallbackHelperT(boost::function<void (boost::shared_ptr<gazebo::msgs::Contacts const> const&)> const&, bool)':
[23.230s] sim_pub.cpp:(.text._ZN6gazebo9transport15CallbackHelperTINS_4msgs8ContactsEEC2ERKN5boost8functionIFvRKNS5_10shared_ptrIKS3_EEEEEb[_ZN6gazebo9transport15CallbackHelperTINS_4msgs8ContactsEEC5ERKN5boost8functionIFvRKNS5_10shared_ptrIKS3_EEEEEb]+0x28): undefined reference to `gazebo::transport::CallbackHelper::CallbackHelper(bool)'
[23.230s] /usr/bin/ld: sim_pub.cpp:(.text._ZN6gazebo9transport15CallbackHelperTINS_4msgs8ContactsEEC2ERKN5boost8functionIFvRKNS5_10shared_ptrIKS3_EEEEEb[_ZN6gazebo9transport15CallbackHelperTINS_4msgs8ContactsEEC5ERKN5boost8functionIFvRKNS5_10shared_ptrIKS3_EEEEEb]+0x62): undefined reference to `gazebo::transport::CallbackHelper::~CallbackHelper()'
[23.233s] /usr/bin/ld: CMakeFiles/sim_pub.dir/src/sim_pub.cpp.o: in function `tbb::detail::d1::cache_aligned_allocator<tbb::detail::d1::graph_task*>::deallocate(tbb::detail::d1::graph_task**, unsigned long)':
[23.233s] sim_pub.cpp:(.text._ZN3tbb6detail2d123cache_aligned_allocatorIPNS1_10graph_taskEE10deallocateEPS4_m[_ZN3tbb6detail2d123cache_aligned_allocatorIPNS1_10graph_taskEE10deallocateEPS4_m]+0x20): undefined reference to `tbb::detail::r1::cache_aligned_deallocate(void*)'
[23.234s] /usr/bin/ld: CMakeFiles/sim_pub.dir/src/sim_pub.cpp.o: in function `gazebo::transport::CallbackHelperT<gazebo::msgs::Contacts>::~CallbackHelperT()':
[23.234s] sim_pub.cpp:(.text._ZN6gazebo9transport15CallbackHelperTINS_4msgs8ContactsEED2Ev[_ZN6gazebo9transport15CallbackHelperTINS_4msgs8ContactsEED5Ev]+0x36): undefined reference to `gazebo::transport::CallbackHelper::~CallbackHelper()'
[23.243s] /usr/bin/ld: CMakeFiles/sim_pub.dir/src/sim_pub.cpp.o:(.data.rel.ro._ZTIN6gazebo9transport15CallbackHelperTINS_4msgs8ContactsEEE[_ZTIN6gazebo9transport15CallbackHelperTINS_4msgs8ContactsEEE]+0x10): undefined reference to `typeinfo for gazebo::transport::CallbackHelper'
[23.244s] /usr/bin/ld: CMakeFiles/sim_pub.dir/src/sim_pub.cpp.o:(.data.rel.ro._ZTIN6gazebo5event6EventTIFvNSt7__cxx1112basic_stringIcSt11char_traitsIcESaIcEEEEEE[_ZTIN6gazebo5event6EventTIFvNSt7__cxx1112basic_stringIcSt11char_traitsIcESaIcEEEEEE]+0x10): undefined reference to `typeinfo for gazebo::event::Event'
[23.245s] /usr/bin/ld: CMakeFiles/sim_pub.dir/src/sim_pub.cpp.o: in function `gazebo::transport::CallbackHelperT<gazebo::msgs::Contacts>::GetMsgType[abi:cxx11]() const':
[23.245s] sim_pub.cpp:(.text._ZNK6gazebo9transport15CallbackHelperTINS_4msgs8ContactsEE10GetMsgTypeB5cxx11Ev[_ZNK6gazebo9transport15CallbackHelperTINS_4msgs8ContactsEE10GetMsgTypeB5cxx11Ev]+0xee): undefined reference to `gazebo::common::Exception::Exception(char const*, int, std::__cxx11::basic_string<char, std::char_traits<char>, std::allocator<char> >)'
[23.246s] /usr/bin/ld: sim_pub.cpp:(.text._ZNK6gazebo9transport15CallbackHelperTINS_4msgs8ContactsEE10GetMsgTypeB5cxx11Ev[_ZNK6gazebo9transport15CallbackHelperTINS_4msgs8ContactsEE10GetMsgTypeB5cxx11Ev]+0x104): undefined reference to `gazebo::common::Exception::~Exception()'
[23.246s] /usr/bin/ld: sim_pub.cpp:(.text._ZNK6gazebo9transport15CallbackHelperTINS_4msgs8ContactsEE10GetMsgTypeB5cxx11Ev[_ZNK6gazebo9transport15CallbackHelperTINS_4msgs8ContactsEE10GetMsgTypeB5cxx11Ev]+0x10e): undefined reference to `typeinfo for gazebo::common::Exception'
[23.246s] /usr/bin/ld: sim_pub.cpp:(.text._ZNK6gazebo9transport15CallbackHelperTINS_4msgs8ContactsEE10GetMsgTypeB5cxx11Ev[_ZNK6gazebo9transport15CallbackHelperTINS_4msgs8ContactsEE10GetMsgTypeB5cxx11Ev]+0x150): undefined reference to `gazebo::msgs::Contacts::~Contacts()'
[23.247s] /usr/bin/ld: sim_pub.cpp:(.text._ZNK6gazebo9transport15CallbackHelperTINS_4msgs8ContactsEE10GetMsgTypeB5cxx11Ev[_ZNK6gazebo9transport15CallbackHelperTINS_4msgs8ContactsEE10GetMsgTypeB5cxx11Ev]+0x1bc): undefined reference to `gazebo::msgs::Contacts::~Contacts()'
[23.248s] /usr/bin/ld: CMakeFiles/sim_pub.dir/src/sim_pub.cpp.o: in function `gazebo::transport::CallbackHelperT<gazebo::msgs::Contacts>::HandleData(std::__cxx11::basic_string<char, std::char_traits<char>, std::allocator<char> > const&, boost::function<void (unsigned int)>, unsigned int)':
[23.248s] sim_pub.cpp:(.text._ZN6gazebo9transport15CallbackHelperTINS_4msgs8ContactsEE10HandleDataERKNSt7__cxx1112basic_stringIcSt11char_traitsIcESaIcEEEN5boost8functionIFvjEEEj[_ZN6gazebo9transport15CallbackHelperTINS_4msgs8ContactsEE10HandleDataERKNSt7__cxx1112basic_stringIcSt11char_traitsIcESaIcEEEN5boost8functionIFvjEEEj]+0x38): undefined reference to `gazebo::transport::CallbackHelper::SetLatching(bool)'
[23.249s] /usr/bin/ld: sim_pub.cpp:(.text._ZN6gazebo9transport15CallbackHelperTINS_4msgs8ContactsEE10HandleDataERKNSt7__cxx1112basic_stringIcSt11char_traitsIcESaIcEEEN5boost8functionIFvjEEEj[_ZN6gazebo9transport15CallbackHelperTINS_4msgs8ContactsEE10HandleDataERKNSt7__cxx1112basic_stringIcSt11char_traitsIcESaIcEEEN5boost8functionIFvjEEEj]+0x7f): undefined reference to `google::protobuf::MessageLite::ParseFromString(std::__cxx11::basic_string<char, std::char_traits<char>, std::allocator<char> > const&)'
[23.249s] /usr/bin/ld: CMakeFiles/sim_pub.dir/src/sim_pub.cpp.o: in function `gazebo::transport::CallbackHelperT<gazebo::msgs::Contacts>::HandleMessage(boost::shared_ptr<google::protobuf::Message>)':
[23.250s] sim_pub.cpp:(.text._ZN6gazebo9transport15CallbackHelperTINS_4msgs8ContactsEE13HandleMessageEN5boost10shared_ptrIN6google8protobuf7MessageEEE[_ZN6gazebo9transport15CallbackHelperTINS_4msgs8ContactsEE13HandleMessageEN5boost10shared_ptrIN6google8protobuf7MessageEEE]+0x31): undefined reference to `gazebo::transport::CallbackHelper::SetLatching(bool)'
[23.250s] /usr/bin/ld: CMakeFiles/sim_pub.dir/src/sim_pub.cpp.o: in function `boost::shared_ptr<gazebo::msgs::Contacts> boost::dynamic_pointer_cast<gazebo::msgs::Contacts, google::protobuf::Message>(boost::shared_ptr<google::protobuf::Message> const&)':
[23.251s] sim_pub.cpp:(.text._ZN5boost20dynamic_pointer_castIN6gazebo4msgs8ContactsEN6google8protobuf7MessageEEENS_10shared_ptrIT_EERKNS7_IT0_EE[_ZN5boost20dynamic_pointer_castIN6gazebo4msgs8ContactsEN6google8protobuf7MessageEEENS_10shared_ptrIT_EERKNS7_IT0_EE]+0x2d): undefined reference to `typeinfo for gazebo::msgs::Contacts'
[23.251s] /usr/bin/ld: sim_pub.cpp:(.text._ZN5boost20dynamic_pointer_castIN6gazebo4msgs8ContactsEN6google8protobuf7MessageEEENS_10shared_ptrIT_EERKNS7_IT0_EE[_ZN5boost20dynamic_pointer_castIN6gazebo4msgs8ContactsEN6google8protobuf7MessageEEENS_10shared_ptrIT_EERKNS7_IT0_EE]+0x34): undefined reference to `typeinfo for google::protobuf::Message'
[23.252s] /usr/bin/ld: CMakeFiles/sim_pub.dir/src/sim_pub.cpp.o: in function `void boost::checked_delete<gazebo::msgs::Contacts>(gazebo::msgs::Contacts*)':
[23.253s] sim_pub.cpp:(.text._ZN5boost14checked_deleteIN6gazebo4msgs8ContactsEEEvPT_[_ZN5boost14checked_deleteIN6gazebo4msgs8ContactsEEEvPT_]+0x1d): undefined reference to `gazebo::msgs::Contacts::~Contacts()'
[23.281s] /usr/bin/ld: warning: creating DT_TEXTREL in a PIE
[23.287s] collect2: error: ld returned 1 exit status
[23.289s] gmake[2]: *** [CMakeFiles/sim_pub.dir/build.make:175: sim_pub] Error 1
[23.289s] gmake[1]: *** [CMakeFiles/Makefile2:255: CMakeFiles/sim_pub.dir/all] Error 2
[23.290s] gmake: *** [Makefile:146: all] Error 2
[23.294s] Invoked command in '/home/sara/aubo_ws/build/control' returned '2': CMAKE_PREFIX_PATH=${CMAKE_PREFIX_PATH}:/home/sara/ros2_ws/install/rqt_joint_trajectory_controller:/home/sara/ros2_ws/install/rqt_controller_manager:/home/sara/ros2_ws/install/ros2controlcli:/home/sara/ros2_ws/install/ros2_controllers_test_nodes:/opt/ros/humble /usr/bin/cmake --build /home/sara/aubo_ws/build/control -- -j8 -l8
