[0.494s] Invoking command in '/home/sara/aubo_ws/build/position_controllers': AMENT_PREFIX_PATH=/home/sara/aubo_ws/install/forward_command_controller:${AMENT_PREFIX_PATH} CMAKE_PREFIX_PATH=/home/sara/aubo_ws/install/forward_command_controller:/home/sara/aubo_ws/install/controller_manager:/home/sara/aubo_ws/install/controller_interface:/home/sara/aubo_ws/install/hardware_interface:/home/sara/aubo_ws/install/ros2_control_test_assets:/home/sara/aubo_ws/install/realtime_tools:/home/sara/aubo_ws/install/controller_manager_msgs:/home/sara/aubo_ws/install/control_msgs:/home/sara/aubo_ws/install/transmission_interface:/home/sara/aubo_ws/install/gazebo_ros2_control_demos:/home/sara/aubo_ws/install/gazebo_ros2_control:/home/sara/aubo_ws/install/ros2_control_demo_description:/home/sara/aubo_ws/install/control_toolbox:/home/sara/aubo_ws/install/kinematics_interface_kdl:/home/sara/aubo_ws/install/kinematics_interface:/home/sara/aubo_ws/install/joint_limits:/home/sara/aubo_ws/install/control:/home/sara/aubo_ws/install/aubo_description:/home/sara/aubo_ws/install/aubo:/home/sara/aubo_ws/install/argo:/home/sara/aubo_ws/install/rqt_joint_trajectory_controller:/home/sara/aubo_ws/install/rqt_controller_manager:/home/sara/aubo_ws/install/ros2_controllers_test_nodes:/opt/ros/humble LD_LIBRARY_PATH=/home/sara/aubo_ws/install/forward_command_controller/lib:/home/sara/aubo_ws/install/controller_manager/lib:/home/sara/aubo_ws/install/controller_interface/lib:/home/sara/aubo_ws/install/hardware_interface/lib:/home/sara/aubo_ws/install/realtime_tools/lib:/home/sara/aubo_ws/install/controller_manager_msgs/lib:/home/sara/aubo_ws/install/control_msgs/lib:/home/sara/aubo_ws/install/transmission_interface/lib:/home/sara/aubo_ws/install/control_toolbox/lib:/home/sara/aubo_ws/install/kinematics_interface_kdl/lib:/home/sara/aubo_ws/install/kinematics_interface/lib:/usr/lib/x86_64-linux-gnu/gazebo-11/plugins:/opt/ros/humble/lib/x86_64-linux-gnu:/opt/ros/humble/lib:/usr/share/gazebo-11/../../lib/x86_64-linux-gnu/gazebo-11/plugins /usr/bin/cmake /home/sara/aubo_ws/src/ros-controls/ros2_controllers/position_controllers -DCMAKE_INSTALL_PREFIX=/home/sara/aubo_ws/install/position_controllers
[2.882s] -- The CXX compiler identification is GNU 11.4.0
[2.883s] -- Detecting CXX compiler ABI info
[2.883s] -- Detecting CXX compiler ABI info - done
[2.883s] -- Check for working CXX compiler: /usr/bin/c++ - skipped
[2.883s] -- Detecting CXX compile features
[2.883s] -- Detecting CXX compile features - done
[2.884s] -- Found ament_cmake: 1.3.5 (/opt/ros/humble/share/ament_cmake/cmake)
[2.884s] -- Found Python3: /usr/bin/python3.10 (found version "3.10.12") found components: Interpreter 
[2.884s] -- Found backward_ros: 1.0.2 (/opt/ros/humble/share/backward_ros/cmake)
[2.884s] -- Found libdw: /usr/lib/x86_64-linux-gnu/libdw.so  
[2.884s] -- Could NOT find libbfd (missing: LIBBFD_LIBRARY LIBBFD_INCLUDE_DIR) 
[2.884s] -- BACKWARD_HAS_UNWIND=1
[2.885s] -- BACKWARD_HAS_BACKTRACE=0
[2.885s] -- BACKWARD_HAS_BACKTRACE_SYMBOL=0
[2.885s] -- BACKWARD_HAS_DW=1
[2.885s] -- BACKWARD_HAS_BFD=0
[2.885s] -- Found Backward: /opt/ros/humble/share/backward_ros/cmake  
[2.885s] -- Found forward_command_controller: 2.26.0 (/home/sara/aubo_ws/install/forward_command_controller/share/forward_command_controller/cmake)
[2.886s] -- Found rosidl_generator_c: 3.1.5 (/opt/ros/humble/share/rosidl_generator_c/cmake)
[2.886s] -- Found rosidl_adapter: 3.1.5 (/opt/ros/humble/share/rosidl_adapter/cmake)
[2.886s] -- Found rosidl_generator_cpp: 3.1.5 (/opt/ros/humble/share/rosidl_generator_cpp/cmake)
[2.886s] -- Using all available rosidl_typesupport_c: rosidl_typesupport_fastrtps_c;rosidl_typesupport_introspection_c
[2.886s] -- Using all available rosidl_typesupport_cpp: rosidl_typesupport_fastrtps_cpp;rosidl_typesupport_introspection_cpp
[4.366s] -- Found rmw_implementation_cmake: 6.1.1 (/opt/ros/humble/share/rmw_implementation_cmake/cmake)
[4.378s] -- Found rmw_fastrtps_cpp: 6.2.4 (/opt/ros/humble/share/rmw_fastrtps_cpp/cmake)
[4.667s] -- Found OpenSSL: /usr/lib/x86_64-linux-gnu/libcrypto.so (found version "3.0.2")  
[4.732s] -- Found FastRTPS: /opt/ros/humble/include  
[4.872s] -- Using RMW implementation 'rmw_fastrtps_cpp' as default
[4.908s] -- Looking for C++ include pthread.h
[5.178s] -- Looking for C++ include pthread.h - found
[5.179s] -- Performing Test CMAKE_HAVE_LIBC_PTHREAD
[5.451s] -- Performing Test CMAKE_HAVE_LIBC_PTHREAD - Success
[5.453s] -- Found Threads: TRUE  
[6.671s] -- Found parameter_traits: 0.3.6 (/opt/ros/humble/share/parameter_traits/cmake)
[7.331s] -- Found ament_cmake_gmock: 1.3.5 (/opt/ros/humble/share/ament_cmake_gmock/cmake)
[7.333s] -- Found controller_manager: 2.33.0 (/home/sara/aubo_ws/install/controller_manager/share/controller_manager/cmake)
[8.180s] -- Found ros2_control_test_assets: 2.33.0 (/home/sara/aubo_ws/install/ros2_control_test_assets/share/ros2_control_test_assets/cmake)
[8.190s] -- Found gmock sources under '/opt/ros/humble/src/gmock_vendor': C++ tests using 'Google Mock' will be built
[8.281s] -- The C compiler identification is GNU 11.4.0
[8.296s] -- Detecting C compiler ABI info
[8.520s] -- Detecting C compiler ABI info - done
[8.544s] -- Check for working C compiler: /usr/bin/cc - skipped
[8.544s] -- Detecting C compile features
[8.545s] -- Detecting C compile features - done
[8.563s] -- Found ament_cmake_gtest: 1.3.5 (/opt/ros/humble/share/ament_cmake_gtest/cmake)
[8.566s] -- Found gtest sources under '/opt/ros/humble/src/gtest_vendor': C++ tests using 'Google Test' will be built
[9.355s] -- Configuring done
[9.511s] -- Generating done
[9.515s] -- Build files have been written to: /home/sara/aubo_ws/build/position_controllers
[9.535s] Invoked command in '/home/sara/aubo_ws/build/position_controllers' returned '0': AMENT_PREFIX_PATH=/home/sara/aubo_ws/install/forward_command_controller:${AMENT_PREFIX_PATH} CMAKE_PREFIX_PATH=/home/sara/aubo_ws/install/forward_command_controller:/home/sara/aubo_ws/install/controller_manager:/home/sara/aubo_ws/install/controller_interface:/home/sara/aubo_ws/install/hardware_interface:/home/sara/aubo_ws/install/ros2_control_test_assets:/home/sara/aubo_ws/install/realtime_tools:/home/sara/aubo_ws/install/controller_manager_msgs:/home/sara/aubo_ws/install/control_msgs:/home/sara/aubo_ws/install/transmission_interface:/home/sara/aubo_ws/install/gazebo_ros2_control_demos:/home/sara/aubo_ws/install/gazebo_ros2_control:/home/sara/aubo_ws/install/ros2_control_demo_description:/home/sara/aubo_ws/install/control_toolbox:/home/sara/aubo_ws/install/kinematics_interface_kdl:/home/sara/aubo_ws/install/kinematics_interface:/home/sara/aubo_ws/install/joint_limits:/home/sara/aubo_ws/install/control:/home/sara/aubo_ws/install/aubo_description:/home/sara/aubo_ws/install/aubo:/home/sara/aubo_ws/install/argo:/home/sara/aubo_ws/install/rqt_joint_trajectory_controller:/home/sara/aubo_ws/install/rqt_controller_manager:/home/sara/aubo_ws/install/ros2_controllers_test_nodes:/opt/ros/humble LD_LIBRARY_PATH=/home/sara/aubo_ws/install/forward_command_controller/lib:/home/sara/aubo_ws/install/controller_manager/lib:/home/sara/aubo_ws/install/controller_interface/lib:/home/sara/aubo_ws/install/hardware_interface/lib:/home/sara/aubo_ws/install/realtime_tools/lib:/home/sara/aubo_ws/install/controller_manager_msgs/lib:/home/sara/aubo_ws/install/control_msgs/lib:/home/sara/aubo_ws/install/transmission_interface/lib:/home/sara/aubo_ws/install/control_toolbox/lib:/home/sara/aubo_ws/install/kinematics_interface_kdl/lib:/home/sara/aubo_ws/install/kinematics_interface/lib:/usr/lib/x86_64-linux-gnu/gazebo-11/plugins:/opt/ros/humble/lib/x86_64-linux-gnu:/opt/ros/humble/lib:/usr/share/gazebo-11/../../lib/x86_64-linux-gnu/gazebo-11/plugins /usr/bin/cmake /home/sara/aubo_ws/src/ros-controls/ros2_controllers/position_controllers -DCMAKE_INSTALL_PREFIX=/home/sara/aubo_ws/install/position_controllers
[9.543s] Invoking command in '/home/sara/aubo_ws/build/position_controllers': AMENT_PREFIX_PATH=/home/sara/aubo_ws/install/forward_command_controller:${AMENT_PREFIX_PATH} CMAKE_PREFIX_PATH=/home/sara/aubo_ws/install/forward_command_controller:/home/sara/aubo_ws/install/controller_manager:/home/sara/aubo_ws/install/controller_interface:/home/sara/aubo_ws/install/hardware_interface:/home/sara/aubo_ws/install/ros2_control_test_assets:/home/sara/aubo_ws/install/realtime_tools:/home/sara/aubo_ws/install/controller_manager_msgs:/home/sara/aubo_ws/install/control_msgs:/home/sara/aubo_ws/install/transmission_interface:/home/sara/aubo_ws/install/gazebo_ros2_control_demos:/home/sara/aubo_ws/install/gazebo_ros2_control:/home/sara/aubo_ws/install/ros2_control_demo_description:/home/sara/aubo_ws/install/control_toolbox:/home/sara/aubo_ws/install/kinematics_interface_kdl:/home/sara/aubo_ws/install/kinematics_interface:/home/sara/aubo_ws/install/joint_limits:/home/sara/aubo_ws/install/control:/home/sara/aubo_ws/install/aubo_description:/home/sara/aubo_ws/install/aubo:/home/sara/aubo_ws/install/argo:/home/sara/aubo_ws/install/rqt_joint_trajectory_controller:/home/sara/aubo_ws/install/rqt_controller_manager:/home/sara/aubo_ws/install/ros2_controllers_test_nodes:/opt/ros/humble LD_LIBRARY_PATH=/home/sara/aubo_ws/install/forward_command_controller/lib:/home/sara/aubo_ws/install/controller_manager/lib:/home/sara/aubo_ws/install/controller_interface/lib:/home/sara/aubo_ws/install/hardware_interface/lib:/home/sara/aubo_ws/install/realtime_tools/lib:/home/sara/aubo_ws/install/controller_manager_msgs/lib:/home/sara/aubo_ws/install/control_msgs/lib:/home/sara/aubo_ws/install/transmission_interface/lib:/home/sara/aubo_ws/install/control_toolbox/lib:/home/sara/aubo_ws/install/kinematics_interface_kdl/lib:/home/sara/aubo_ws/install/kinematics_interface/lib:/usr/lib/x86_64-linux-gnu/gazebo-11/plugins:/opt/ros/humble/lib/x86_64-linux-gnu:/opt/ros/humble/lib:/usr/share/gazebo-11/../../lib/x86_64-linux-gnu/gazebo-11/plugins /usr/bin/cmake --build /home/sara/aubo_ws/build/position_controllers -- -j8 -l8
[13.375s] [  9%] [32mBuilding CXX object CMakeFiles/position_controllers.dir/src/joint_group_position_controller.cpp.o[0m
[17.361s] [ 18%] [32m[1mLinking CXX shared library libposition_controllers.so[0m
[18.247s] [ 18%] Built target position_controllers
[18.297s] [ 27%] [32mBuilding CXX object gmock/CMakeFiles/gmock.dir/opt/ros/humble/src/gtest_vendor/src/gtest-all.cc.o[0m
[24.794s] [ 36%] [32mBuilding CXX object gmock/CMakeFiles/gmock.dir/src/gmock-all.cc.o[0m
[29.351s] [ 45%] [32m[1mLinking CXX static library libgmock.a[0m
[29.497s] [ 45%] Built target gmock
[29.547s] [ 54%] [32mBuilding CXX object gmock/CMakeFiles/gmock_main.dir/src/gmock_main.cc.o[0m
[32.633s] [ 63%] [32m[1mLinking CXX static library libgmock_main.a[0m
[32.712s] [ 63%] Built target gmock_main
[32.767s] [ 72%] [32mBuilding CXX object CMakeFiles/test_load_joint_group_position_controller.dir/test/test_load_joint_group_position_controller.cpp.o[0m
[44.439s] [ 81%] [32m[1mLinking CXX executable test_load_joint_group_position_controller[0m
[46.589s] [ 81%] Built target test_load_joint_group_position_controller
[46.642s] [ 90%] [32mBuilding CXX object CMakeFiles/test_joint_group_position_controller.dir/test/test_joint_group_position_controller.cpp.o[0m
[62.241s] [100%] [32m[1mLinking CXX executable test_joint_group_position_controller[0m
[63.792s] [100%] Built target test_joint_group_position_controller
[63.820s] Invoked command in '/home/sara/aubo_ws/build/position_controllers' returned '0': AMENT_PREFIX_PATH=/home/sara/aubo_ws/install/forward_command_controller:${AMENT_PREFIX_PATH} CMAKE_PREFIX_PATH=/home/sara/aubo_ws/install/forward_command_controller:/home/sara/aubo_ws/install/controller_manager:/home/sara/aubo_ws/install/controller_interface:/home/sara/aubo_ws/install/hardware_interface:/home/sara/aubo_ws/install/ros2_control_test_assets:/home/sara/aubo_ws/install/realtime_tools:/home/sara/aubo_ws/install/controller_manager_msgs:/home/sara/aubo_ws/install/control_msgs:/home/sara/aubo_ws/install/transmission_interface:/home/sara/aubo_ws/install/gazebo_ros2_control_demos:/home/sara/aubo_ws/install/gazebo_ros2_control:/home/sara/aubo_ws/install/ros2_control_demo_description:/home/sara/aubo_ws/install/control_toolbox:/home/sara/aubo_ws/install/kinematics_interface_kdl:/home/sara/aubo_ws/install/kinematics_interface:/home/sara/aubo_ws/install/joint_limits:/home/sara/aubo_ws/install/control:/home/sara/aubo_ws/install/aubo_description:/home/sara/aubo_ws/install/aubo:/home/sara/aubo_ws/install/argo:/home/sara/aubo_ws/install/rqt_joint_trajectory_controller:/home/sara/aubo_ws/install/rqt_controller_manager:/home/sara/aubo_ws/install/ros2_controllers_test_nodes:/opt/ros/humble LD_LIBRARY_PATH=/home/sara/aubo_ws/install/forward_command_controller/lib:/home/sara/aubo_ws/install/controller_manager/lib:/home/sara/aubo_ws/install/controller_interface/lib:/home/sara/aubo_ws/install/hardware_interface/lib:/home/sara/aubo_ws/install/realtime_tools/lib:/home/sara/aubo_ws/install/controller_manager_msgs/lib:/home/sara/aubo_ws/install/control_msgs/lib:/home/sara/aubo_ws/install/transmission_interface/lib:/home/sara/aubo_ws/install/control_toolbox/lib:/home/sara/aubo_ws/install/kinematics_interface_kdl/lib:/home/sara/aubo_ws/install/kinematics_interface/lib:/usr/lib/x86_64-linux-gnu/gazebo-11/plugins:/opt/ros/humble/lib/x86_64-linux-gnu:/opt/ros/humble/lib:/usr/share/gazebo-11/../../lib/x86_64-linux-gnu/gazebo-11/plugins /usr/bin/cmake --build /home/sara/aubo_ws/build/position_controllers -- -j8 -l8
[63.917s] Invoking command in '/home/sara/aubo_ws/build/position_controllers': AMENT_PREFIX_PATH=/home/sara/aubo_ws/install/forward_command_controller:${AMENT_PREFIX_PATH} CMAKE_PREFIX_PATH=/home/sara/aubo_ws/install/forward_command_controller:/home/sara/aubo_ws/install/controller_manager:/home/sara/aubo_ws/install/controller_interface:/home/sara/aubo_ws/install/hardware_interface:/home/sara/aubo_ws/install/ros2_control_test_assets:/home/sara/aubo_ws/install/realtime_tools:/home/sara/aubo_ws/install/controller_manager_msgs:/home/sara/aubo_ws/install/control_msgs:/home/sara/aubo_ws/install/transmission_interface:/home/sara/aubo_ws/install/gazebo_ros2_control_demos:/home/sara/aubo_ws/install/gazebo_ros2_control:/home/sara/aubo_ws/install/ros2_control_demo_description:/home/sara/aubo_ws/install/control_toolbox:/home/sara/aubo_ws/install/kinematics_interface_kdl:/home/sara/aubo_ws/install/kinematics_interface:/home/sara/aubo_ws/install/joint_limits:/home/sara/aubo_ws/install/control:/home/sara/aubo_ws/install/aubo_description:/home/sara/aubo_ws/install/aubo:/home/sara/aubo_ws/install/argo:/home/sara/aubo_ws/install/rqt_joint_trajectory_controller:/home/sara/aubo_ws/install/rqt_controller_manager:/home/sara/aubo_ws/install/ros2_controllers_test_nodes:/opt/ros/humble LD_LIBRARY_PATH=/home/sara/aubo_ws/install/forward_command_controller/lib:/home/sara/aubo_ws/install/controller_manager/lib:/home/sara/aubo_ws/install/controller_interface/lib:/home/sara/aubo_ws/install/hardware_interface/lib:/home/sara/aubo_ws/install/realtime_tools/lib:/home/sara/aubo_ws/install/controller_manager_msgs/lib:/home/sara/aubo_ws/install/control_msgs/lib:/home/sara/aubo_ws/install/transmission_interface/lib:/home/sara/aubo_ws/install/control_toolbox/lib:/home/sara/aubo_ws/install/kinematics_interface_kdl/lib:/home/sara/aubo_ws/install/kinematics_interface/lib:/usr/lib/x86_64-linux-gnu/gazebo-11/plugins:/opt/ros/humble/lib/x86_64-linux-gnu:/opt/ros/humble/lib:/usr/share/gazebo-11/../../lib/x86_64-linux-gnu/gazebo-11/plugins /usr/bin/cmake --install /home/sara/aubo_ws/build/position_controllers
[65.340s] -- Install configuration: ""
[65.340s] -- Installing: /home/sara/aubo_ws/install/position_controllers/share/position_controllers/position_controllers_plugins.xml
[65.340s] -- Installing: /home/sara/aubo_ws/install/position_controllers/include/position_controllers
[65.341s] -- Installing: /home/sara/aubo_ws/install/position_controllers/include/position_controllers/position_controllers
[65.341s] -- Installing: /home/sara/aubo_ws/install/position_controllers/include/position_controllers/position_controllers/visibility_control.h
[65.341s] -- Installing: /home/sara/aubo_ws/install/position_controllers/include/position_controllers/position_controllers/joint_group_position_controller.hpp
[65.341s] -- Installing: /home/sara/aubo_ws/install/position_controllers/lib/libposition_controllers.so
[65.341s] -- Set runtime path of "/home/sara/aubo_ws/install/position_controllers/lib/libposition_controllers.so" to ""
[65.341s] -- Installing: /home/sara/aubo_ws/install/position_controllers/share/position_controllers/environment/library_path.sh
[65.341s] -- Installing: /home/sara/aubo_ws/install/position_controllers/share/position_controllers/environment/library_path.dsv
[65.341s] -- Installing: /home/sara/aubo_ws/install/position_controllers/share/ament_index/resource_index/package_run_dependencies/position_controllers
[65.342s] -- Installing: /home/sara/aubo_ws/install/position_controllers/share/ament_index/resource_index/parent_prefix_path/position_controllers
[65.342s] -- Installing: /home/sara/aubo_ws/install/position_controllers/share/position_controllers/environment/ament_prefix_path.sh
[65.342s] -- Installing: /home/sara/aubo_ws/install/position_controllers/share/position_controllers/environment/ament_prefix_path.dsv
[65.342s] -- Installing: /home/sara/aubo_ws/install/position_controllers/share/position_controllers/environment/path.sh
[65.342s] -- Installing: /home/sara/aubo_ws/install/position_controllers/share/position_controllers/environment/path.dsv
[65.342s] -- Installing: /home/sara/aubo_ws/install/position_controllers/share/position_controllers/local_setup.bash
[65.343s] -- Installing: /home/sara/aubo_ws/install/position_controllers/share/position_controllers/local_setup.sh
[65.343s] -- Installing: /home/sara/aubo_ws/install/position_controllers/share/position_controllers/local_setup.zsh
[65.343s] -- Installing: /home/sara/aubo_ws/install/position_controllers/share/position_controllers/local_setup.dsv
[65.343s] -- Installing: /home/sara/aubo_ws/install/position_controllers/share/position_controllers/package.dsv
[65.343s] -- Installing: /home/sara/aubo_ws/install/position_controllers/share/ament_index/resource_index/packages/position_controllers
[65.343s] -- Installing: /home/sara/aubo_ws/install/position_controllers/share/ament_index/resource_index/controller_interface__pluginlib__plugin/position_controllers
[65.343s] -- Installing: /home/sara/aubo_ws/install/position_controllers/share/position_controllers/cmake/export_position_controllersExport.cmake
[65.344s] -- Installing: /home/sara/aubo_ws/install/position_controllers/share/position_controllers/cmake/export_position_controllersExport-noconfig.cmake
[65.344s] -- Installing: /home/sara/aubo_ws/install/position_controllers/share/position_controllers/cmake/ament_cmake_export_targets-extras.cmake
[65.344s] -- Installing: /home/sara/aubo_ws/install/position_controllers/share/position_controllers/cmake/ament_cmake_export_dependencies-extras.cmake
[65.344s] -- Installing: /home/sara/aubo_ws/install/position_controllers/share/position_controllers/cmake/position_controllersConfig.cmake
[65.344s] -- Installing: /home/sara/aubo_ws/install/position_controllers/share/position_controllers/cmake/position_controllersConfig-version.cmake
[65.344s] -- Installing: /home/sara/aubo_ws/install/position_controllers/share/position_controllers/package.xml
[65.355s] Invoked command in '/home/sara/aubo_ws/build/position_controllers' returned '0': AMENT_PREFIX_PATH=/home/sara/aubo_ws/install/forward_command_controller:${AMENT_PREFIX_PATH} CMAKE_PREFIX_PATH=/home/sara/aubo_ws/install/forward_command_controller:/home/sara/aubo_ws/install/controller_manager:/home/sara/aubo_ws/install/controller_interface:/home/sara/aubo_ws/install/hardware_interface:/home/sara/aubo_ws/install/ros2_control_test_assets:/home/sara/aubo_ws/install/realtime_tools:/home/sara/aubo_ws/install/controller_manager_msgs:/home/sara/aubo_ws/install/control_msgs:/home/sara/aubo_ws/install/transmission_interface:/home/sara/aubo_ws/install/gazebo_ros2_control_demos:/home/sara/aubo_ws/install/gazebo_ros2_control:/home/sara/aubo_ws/install/ros2_control_demo_description:/home/sara/aubo_ws/install/control_toolbox:/home/sara/aubo_ws/install/kinematics_interface_kdl:/home/sara/aubo_ws/install/kinematics_interface:/home/sara/aubo_ws/install/joint_limits:/home/sara/aubo_ws/install/control:/home/sara/aubo_ws/install/aubo_description:/home/sara/aubo_ws/install/aubo:/home/sara/aubo_ws/install/argo:/home/sara/aubo_ws/install/rqt_joint_trajectory_controller:/home/sara/aubo_ws/install/rqt_controller_manager:/home/sara/aubo_ws/install/ros2_controllers_test_nodes:/opt/ros/humble LD_LIBRARY_PATH=/home/sara/aubo_ws/install/forward_command_controller/lib:/home/sara/aubo_ws/install/controller_manager/lib:/home/sara/aubo_ws/install/controller_interface/lib:/home/sara/aubo_ws/install/hardware_interface/lib:/home/sara/aubo_ws/install/realtime_tools/lib:/home/sara/aubo_ws/install/controller_manager_msgs/lib:/home/sara/aubo_ws/install/control_msgs/lib:/home/sara/aubo_ws/install/transmission_interface/lib:/home/sara/aubo_ws/install/control_toolbox/lib:/home/sara/aubo_ws/install/kinematics_interface_kdl/lib:/home/sara/aubo_ws/install/kinematics_interface/lib:/usr/lib/x86_64-linux-gnu/gazebo-11/plugins:/opt/ros/humble/lib/x86_64-linux-gnu:/opt/ros/humble/lib:/usr/share/gazebo-11/../../lib/x86_64-linux-gnu/gazebo-11/plugins /usr/bin/cmake --install /home/sara/aubo_ws/build/position_controllers
