[0.181s] Invoking command in '/home/sara/aubo_ws/build/argo': CMAKE_PREFIX_PATH=${CMAKE_PREFIX_PATH}:/home/sara/aubo_ws/install/rqt_joint_trajectory_controller:/home/sara/aubo_ws/install/rqt_controller_manager:/home/sara/aubo_ws/install/ros2_controllers_test_nodes:/opt/ros/humble /usr/bin/cmake /home/sara/aubo_ws/src/aubo_control/argo -DCMAKE_INSTALL_PREFIX=/home/sara/aubo_ws/install/argo
[0.291s] -- The C compiler identification is GNU 11.4.0
[0.398s] -- The CXX compiler identification is GNU 11.4.0
[0.416s] -- Detecting C compiler ABI info
[0.554s] -- Detecting C compiler ABI info - done
[0.573s] -- Check for working C compiler: /usr/bin/cc - skipped
[0.574s] -- Detecting C compile features
[0.575s] -- Detecting C compile features - done
[0.580s] -- Detecting CXX compiler ABI info
[0.759s] -- Detecting CXX compiler ABI info - done
[0.780s] -- Check for working CXX compiler: /usr/bin/c++ - skipped
[0.780s] -- Detecting CXX compile features
[0.781s] -- Detecting CXX compile features - done
[0.785s] -- Found ament_cmake: 1.3.5 (/opt/ros/humble/share/ament_cmake/cmake)
[1.077s] -- Found Python3: /usr/bin/python3.10 (found version "3.10.12") found components: Interpreter 
[1.242s] -- Found ament_lint_auto: 0.12.8 (/opt/ros/humble/share/ament_lint_auto/cmake)
[1.400s] -- Added test 'flake8' to check Python code syntax and style conventions
[1.404s] -- Added test 'lint_cmake' to check CMake code style
[1.406s] -- Added test 'pep257' to check Python code against some of the docstring style conventions in PEP 257
[1.410s] -- Added test 'xmllint' to check XML markup files
[1.414s] -- Configuring done
[1.423s] -- Generating done
[1.423s] -- Build files have been written to: /home/sara/aubo_ws/build/argo
[1.768s] Invoked command in '/home/sara/aubo_ws/build/argo' returned '0': CMAKE_PREFIX_PATH=${CMAKE_PREFIX_PATH}:/home/sara/aubo_ws/install/rqt_joint_trajectory_controller:/home/sara/aubo_ws/install/rqt_controller_manager:/home/sara/aubo_ws/install/ros2_controllers_test_nodes:/opt/ros/humble /usr/bin/cmake /home/sara/aubo_ws/src/aubo_control/argo -DCMAKE_INSTALL_PREFIX=/home/sara/aubo_ws/install/argo
[1.769s] Invoking command in '/home/sara/aubo_ws/build/argo': CMAKE_PREFIX_PATH=${CMAKE_PREFIX_PATH}:/home/sara/aubo_ws/install/rqt_joint_trajectory_controller:/home/sara/aubo_ws/install/rqt_controller_manager:/home/sara/aubo_ws/install/ros2_controllers_test_nodes:/opt/ros/humble /usr/bin/cmake --build /home/sara/aubo_ws/build/argo -- -j8 -l8
[1.985s] Invoked command in '/home/sara/aubo_ws/build/argo' returned '0': CMAKE_PREFIX_PATH=${CMAKE_PREFIX_PATH}:/home/sara/aubo_ws/install/rqt_joint_trajectory_controller:/home/sara/aubo_ws/install/rqt_controller_manager:/home/sara/aubo_ws/install/ros2_controllers_test_nodes:/opt/ros/humble /usr/bin/cmake --build /home/sara/aubo_ws/build/argo -- -j8 -l8
[2.211s] Invoking command in '/home/sara/aubo_ws/build/argo': CMAKE_PREFIX_PATH=${CMAKE_PREFIX_PATH}:/home/sara/aubo_ws/install/rqt_joint_trajectory_controller:/home/sara/aubo_ws/install/rqt_controller_manager:/home/sara/aubo_ws/install/ros2_controllers_test_nodes:/opt/ros/humble /usr/bin/cmake --install /home/sara/aubo_ws/build/argo
[2.237s] -- Install configuration: ""
[2.237s] -- Installing: /home/sara/aubo_ws/install/argo/share/argo/launch
[2.237s] -- Installing: /home/sara/aubo_ws/install/argo/share/argo/launch/argo.launch.py
[2.238s] -- Installing: /home/sara/aubo_ws/install/argo/share/argo/launch/spawn_robot_launch_v4.launch.py
[2.238s] -- Installing: /home/sara/aubo_ws/install/argo/share/argo/urdf
[2.238s] -- Installing: /home/sara/aubo_ws/install/argo/share/argo/urdf/argo.urdf
[2.238s] -- Installing: /home/sara/aubo_ws/install/argo/share/argo/urdf/argo.csv
[2.243s] -- Installing: /home/sara/aubo_ws/install/argo/share/argo/meshes
[2.243s] -- Installing: /home/sara/aubo_ws/install/argo/share/argo/meshes/W2.STL
[2.243s] -- Installing: /home/sara/aubo_ws/install/argo/share/argo/meshes/brdge.STL
[2.243s] -- Installing: /home/sara/aubo_ws/install/argo/share/argo/meshes/base_gps.STL
[2.256s] -- Installing: /home/sara/aubo_ws/install/argo/share/argo/meshes/W7.STL
[2.257s] -- Installing: /home/sara/aubo_ws/install/argo/share/argo/meshes/W4.STL
[2.257s] -- Installing: /home/sara/aubo_ws/install/argo/share/argo/meshes/rover_gp.STL
[2.258s] -- Installing: /home/sara/aubo_ws/install/argo/share/argo/meshes/W5.STL
[2.258s] -- Installing: /home/sara/aubo_ws/install/argo/share/argo/meshes/rear_cam.STL
[2.259s] -- Installing: /home/sara/aubo_ws/install/argo/share/argo/meshes/W3.STL
[2.259s] -- Installing: /home/sara/aubo_ws/install/argo/share/argo/meshes/W1.STL
[2.260s] -- Installing: /home/sara/aubo_ws/install/argo/share/argo/meshes/base_link.STL
[2.260s] -- Installing: /home/sara/aubo_ws/install/argo/share/argo/meshes/imu.STL
[2.261s] -- Installing: /home/sara/aubo_ws/install/argo/share/argo/meshes/W6.STL
[2.261s] -- Installing: /home/sara/aubo_ws/install/argo/share/argo/meshes/W8.STL
[2.262s] -- Installing: /home/sara/aubo_ws/install/argo/share/argo/meshes/front_cam.STL
[2.280s] -- Installing: /home/sara/aubo_ws/install/argo/share/argo/meshes/top.STL
[2.280s] -- Installing: /home/sara/aubo_ws/install/argo/share/argo/config
[2.280s] -- Installing: /home/sara/aubo_ws/install/argo/share/argo/config/joint_names_argo.yaml
[2.280s] -- Installing: /home/sara/aubo_ws/install/argo/share/argo/config/joint_names_argo_v2.yaml
[2.280s] -- Installing: /home/sara/aubo_ws/install/argo/share/ament_index/resource_index/package_run_dependencies/argo
[2.280s] -- Installing: /home/sara/aubo_ws/install/argo/share/ament_index/resource_index/parent_prefix_path/argo
[2.281s] -- Installing: /home/sara/aubo_ws/install/argo/share/argo/environment/ament_prefix_path.sh
[2.281s] -- Installing: /home/sara/aubo_ws/install/argo/share/argo/environment/ament_prefix_path.dsv
[2.281s] -- Installing: /home/sara/aubo_ws/install/argo/share/argo/environment/path.sh
[2.281s] -- Installing: /home/sara/aubo_ws/install/argo/share/argo/environment/path.dsv
[2.281s] -- Installing: /home/sara/aubo_ws/install/argo/share/argo/local_setup.bash
[2.281s] -- Installing: /home/sara/aubo_ws/install/argo/share/argo/local_setup.sh
[2.281s] -- Installing: /home/sara/aubo_ws/install/argo/share/argo/local_setup.zsh
[2.281s] -- Installing: /home/sara/aubo_ws/install/argo/share/argo/local_setup.dsv
[2.282s] -- Installing: /home/sara/aubo_ws/install/argo/share/argo/package.dsv
[2.282s] -- Installing: /home/sara/aubo_ws/install/argo/share/ament_index/resource_index/packages/argo
[2.282s] -- Installing: /home/sara/aubo_ws/install/argo/share/argo/cmake/argoConfig.cmake
[2.282s] -- Installing: /home/sara/aubo_ws/install/argo/share/argo/cmake/argoConfig-version.cmake
[2.282s] -- Installing: /home/sara/aubo_ws/install/argo/share/argo/package.xml
[2.452s] Invoked command in '/home/sara/aubo_ws/build/argo' returned '0': CMAKE_PREFIX_PATH=${CMAKE_PREFIX_PATH}:/home/sara/aubo_ws/install/rqt_joint_trajectory_controller:/home/sara/aubo_ws/install/rqt_controller_manager:/home/sara/aubo_ws/install/ros2_controllers_test_nodes:/opt/ros/humble /usr/bin/cmake --install /home/sara/aubo_ws/build/argo
