[0.515s] Invoking command in '/home/sara/aubo_ws/build/gripper_controllers': CMAKE_PREFIX_PATH=/home/sara/aubo_ws/install/controller_manager:/home/sara/aubo_ws/install/controller_interface:/home/sara/aubo_ws/install/hardware_interface:/home/sara/aubo_ws/install/control_toolbox:/home/sara/aubo_ws/install/ros2_control_test_assets:/home/sara/aubo_ws/install/realtime_tools:/home/sara/aubo_ws/install/controller_manager_msgs:/home/sara/aubo_ws/install/control_msgs:/home/sara/aubo_ws/install/transmission_interface:/home/sara/aubo_ws/install/gazebo_ros2_control_demos:/home/sara/aubo_ws/install/gazebo_ros2_control:/home/sara/aubo_ws/install/ros2_control_demo_description:/home/sara/aubo_ws/install/kinematics_interface_kdl:/home/sara/aubo_ws/install/kinematics_interface:/home/sara/aubo_ws/install/joint_limits:/home/sara/aubo_ws/install/control:/home/sara/aubo_ws/install/aubo_description:/home/sara/aubo_ws/install/aubo:/home/sara/aubo_ws/install/argo:/home/sara/aubo_ws/install/rqt_joint_trajectory_controller:/home/sara/aubo_ws/install/rqt_controller_manager:/home/sara/aubo_ws/install/ros2_controllers_test_nodes:/opt/ros/humble LD_LIBRARY_PATH=/home/sara/aubo_ws/install/controller_manager/lib:/home/sara/aubo_ws/install/controller_interface/lib:/home/sara/aubo_ws/install/hardware_interface/lib:/home/sara/aubo_ws/install/control_toolbox/lib:/home/sara/aubo_ws/install/realtime_tools/lib:/home/sara/aubo_ws/install/controller_manager_msgs/lib:/home/sara/aubo_ws/install/control_msgs/lib:/home/sara/aubo_ws/install/transmission_interface/lib:/home/sara/aubo_ws/install/kinematics_interface_kdl/lib:/home/sara/aubo_ws/install/kinematics_interface/lib:/usr/lib/x86_64-linux-gnu/gazebo-11/plugins:/opt/ros/humble/lib/x86_64-linux-gnu:/opt/ros/humble/lib:/usr/share/gazebo-11/../../lib/x86_64-linux-gnu/gazebo-11/plugins /usr/bin/cmake --build /home/sara/aubo_ws/build/gripper_controllers -- -j8 -l8
[0.599s] [35m[1mConsolidate compiler generated dependencies of target gmock_main[0m
[0.600s] [35m[1mConsolidate compiler generated dependencies of target gmock[0m
[0.600s] [  8%] Built target gripper_action_controller_parameters
[0.600s] [ 25%] Built target gmock_main
[0.601s] [ 50%] Built target gmock
[0.601s] [35m[1mConsolidate compiler generated dependencies of target gripper_action_controller[0m
[0.601s] [35m[1mConsolidate compiler generated dependencies of target test_load_gripper_action_controllers[0m
[0.602s] [ 66%] Built target gripper_action_controller
[0.610s] [ 83%] Built target test_load_gripper_action_controllers
[0.614s] [35m[1mConsolidate compiler generated dependencies of target test_gripper_controllers[0m
[0.633s] [100%] Built target test_gripper_controllers
[0.846s] Invoked command in '/home/sara/aubo_ws/build/gripper_controllers' returned '0': CMAKE_PREFIX_PATH=/home/sara/aubo_ws/install/controller_manager:/home/sara/aubo_ws/install/controller_interface:/home/sara/aubo_ws/install/hardware_interface:/home/sara/aubo_ws/install/control_toolbox:/home/sara/aubo_ws/install/ros2_control_test_assets:/home/sara/aubo_ws/install/realtime_tools:/home/sara/aubo_ws/install/controller_manager_msgs:/home/sara/aubo_ws/install/control_msgs:/home/sara/aubo_ws/install/transmission_interface:/home/sara/aubo_ws/install/gazebo_ros2_control_demos:/home/sara/aubo_ws/install/gazebo_ros2_control:/home/sara/aubo_ws/install/ros2_control_demo_description:/home/sara/aubo_ws/install/kinematics_interface_kdl:/home/sara/aubo_ws/install/kinematics_interface:/home/sara/aubo_ws/install/joint_limits:/home/sara/aubo_ws/install/control:/home/sara/aubo_ws/install/aubo_description:/home/sara/aubo_ws/install/aubo:/home/sara/aubo_ws/install/argo:/home/sara/aubo_ws/install/rqt_joint_trajectory_controller:/home/sara/aubo_ws/install/rqt_controller_manager:/home/sara/aubo_ws/install/ros2_controllers_test_nodes:/opt/ros/humble LD_LIBRARY_PATH=/home/sara/aubo_ws/install/controller_manager/lib:/home/sara/aubo_ws/install/controller_interface/lib:/home/sara/aubo_ws/install/hardware_interface/lib:/home/sara/aubo_ws/install/control_toolbox/lib:/home/sara/aubo_ws/install/realtime_tools/lib:/home/sara/aubo_ws/install/controller_manager_msgs/lib:/home/sara/aubo_ws/install/control_msgs/lib:/home/sara/aubo_ws/install/transmission_interface/lib:/home/sara/aubo_ws/install/kinematics_interface_kdl/lib:/home/sara/aubo_ws/install/kinematics_interface/lib:/usr/lib/x86_64-linux-gnu/gazebo-11/plugins:/opt/ros/humble/lib/x86_64-linux-gnu:/opt/ros/humble/lib:/usr/share/gazebo-11/../../lib/x86_64-linux-gnu/gazebo-11/plugins /usr/bin/cmake --build /home/sara/aubo_ws/build/gripper_controllers -- -j8 -l8
[1.054s] Invoking command in '/home/sara/aubo_ws/build/gripper_controllers': CMAKE_PREFIX_PATH=/home/sara/aubo_ws/install/controller_manager:/home/sara/aubo_ws/install/controller_interface:/home/sara/aubo_ws/install/hardware_interface:/home/sara/aubo_ws/install/control_toolbox:/home/sara/aubo_ws/install/ros2_control_test_assets:/home/sara/aubo_ws/install/realtime_tools:/home/sara/aubo_ws/install/controller_manager_msgs:/home/sara/aubo_ws/install/control_msgs:/home/sara/aubo_ws/install/transmission_interface:/home/sara/aubo_ws/install/gazebo_ros2_control_demos:/home/sara/aubo_ws/install/gazebo_ros2_control:/home/sara/aubo_ws/install/ros2_control_demo_description:/home/sara/aubo_ws/install/kinematics_interface_kdl:/home/sara/aubo_ws/install/kinematics_interface:/home/sara/aubo_ws/install/joint_limits:/home/sara/aubo_ws/install/control:/home/sara/aubo_ws/install/aubo_description:/home/sara/aubo_ws/install/aubo:/home/sara/aubo_ws/install/argo:/home/sara/aubo_ws/install/rqt_joint_trajectory_controller:/home/sara/aubo_ws/install/rqt_controller_manager:/home/sara/aubo_ws/install/ros2_controllers_test_nodes:/opt/ros/humble LD_LIBRARY_PATH=/home/sara/aubo_ws/install/controller_manager/lib:/home/sara/aubo_ws/install/controller_interface/lib:/home/sara/aubo_ws/install/hardware_interface/lib:/home/sara/aubo_ws/install/control_toolbox/lib:/home/sara/aubo_ws/install/realtime_tools/lib:/home/sara/aubo_ws/install/controller_manager_msgs/lib:/home/sara/aubo_ws/install/control_msgs/lib:/home/sara/aubo_ws/install/transmission_interface/lib:/home/sara/aubo_ws/install/kinematics_interface_kdl/lib:/home/sara/aubo_ws/install/kinematics_interface/lib:/usr/lib/x86_64-linux-gnu/gazebo-11/plugins:/opt/ros/humble/lib/x86_64-linux-gnu:/opt/ros/humble/lib:/usr/share/gazebo-11/../../lib/x86_64-linux-gnu/gazebo-11/plugins /usr/bin/cmake --install /home/sara/aubo_ws/build/gripper_controllers
[1.142s] -- Install configuration: ""
[1.142s] -- Up-to-date: /home/sara/aubo_ws/install/gripper_controllers/include/gripper_action_controller_parameters
[1.142s] -- Up-to-date: /home/sara/aubo_ws/install/gripper_controllers/include/gripper_action_controller_parameters/gripper_action_controller_parameters.hpp
[1.142s] -- Up-to-date: /home/sara/aubo_ws/install/gripper_controllers/share/gripper_controllers/ros_control_plugins.xml
[1.143s] -- Up-to-date: /home/sara/aubo_ws/install/gripper_controllers/include/gripper_action_controller
[1.143s] -- Up-to-date: /home/sara/aubo_ws/install/gripper_controllers/include/gripper_action_controller/gripper_controllers
[1.143s] -- Up-to-date: /home/sara/aubo_ws/install/gripper_controllers/include/gripper_action_controller/gripper_controllers/hardware_interface_adapter.hpp
[1.143s] -- Up-to-date: /home/sara/aubo_ws/install/gripper_controllers/include/gripper_action_controller/gripper_controllers/gripper_action_controller_impl.hpp
[1.143s] -- Up-to-date: /home/sara/aubo_ws/install/gripper_controllers/include/gripper_action_controller/gripper_controllers/visibility_control.hpp
[1.144s] -- Up-to-date: /home/sara/aubo_ws/install/gripper_controllers/include/gripper_action_controller/gripper_controllers/gripper_action_controller.hpp
[1.144s] -- Up-to-date: /home/sara/aubo_ws/install/gripper_controllers/lib/libgripper_action_controller.so
[1.144s] -- Up-to-date: /home/sara/aubo_ws/install/gripper_controllers/share/gripper_controllers/environment/library_path.sh
[1.144s] -- Up-to-date: /home/sara/aubo_ws/install/gripper_controllers/share/gripper_controllers/environment/library_path.dsv
[1.144s] -- Up-to-date: /home/sara/aubo_ws/install/gripper_controllers/share/ament_index/resource_index/package_run_dependencies/gripper_controllers
[1.144s] -- Up-to-date: /home/sara/aubo_ws/install/gripper_controllers/share/ament_index/resource_index/parent_prefix_path/gripper_controllers
[1.145s] -- Up-to-date: /home/sara/aubo_ws/install/gripper_controllers/share/gripper_controllers/environment/ament_prefix_path.sh
[1.145s] -- Up-to-date: /home/sara/aubo_ws/install/gripper_controllers/share/gripper_controllers/environment/ament_prefix_path.dsv
[1.145s] -- Up-to-date: /home/sara/aubo_ws/install/gripper_controllers/share/gripper_controllers/environment/path.sh
[1.145s] -- Up-to-date: /home/sara/aubo_ws/install/gripper_controllers/share/gripper_controllers/environment/path.dsv
[1.145s] -- Up-to-date: /home/sara/aubo_ws/install/gripper_controllers/share/gripper_controllers/local_setup.bash
[1.145s] -- Up-to-date: /home/sara/aubo_ws/install/gripper_controllers/share/gripper_controllers/local_setup.sh
[1.145s] -- Up-to-date: /home/sara/aubo_ws/install/gripper_controllers/share/gripper_controllers/local_setup.zsh
[1.145s] -- Up-to-date: /home/sara/aubo_ws/install/gripper_controllers/share/gripper_controllers/local_setup.dsv
[1.145s] -- Installing: /home/sara/aubo_ws/install/gripper_controllers/share/gripper_controllers/package.dsv
[1.145s] -- Up-to-date: /home/sara/aubo_ws/install/gripper_controllers/share/ament_index/resource_index/packages/gripper_controllers
[1.145s] -- Up-to-date: /home/sara/aubo_ws/install/gripper_controllers/share/ament_index/resource_index/controller_interface__pluginlib__plugin/gripper_controllers
[1.145s] -- Up-to-date: /home/sara/aubo_ws/install/gripper_controllers/share/gripper_controllers/cmake/export_gripper_action_controllerExport.cmake
[1.146s] -- Up-to-date: /home/sara/aubo_ws/install/gripper_controllers/share/gripper_controllers/cmake/export_gripper_action_controllerExport-noconfig.cmake
[1.146s] -- Up-to-date: /home/sara/aubo_ws/install/gripper_controllers/share/gripper_controllers/cmake/ament_cmake_export_targets-extras.cmake
[1.146s] -- Up-to-date: /home/sara/aubo_ws/install/gripper_controllers/share/gripper_controllers/cmake/ament_cmake_export_dependencies-extras.cmake
[1.146s] -- Up-to-date: /home/sara/aubo_ws/install/gripper_controllers/share/gripper_controllers/cmake/gripper_controllersConfig.cmake
[1.146s] -- Up-to-date: /home/sara/aubo_ws/install/gripper_controllers/share/gripper_controllers/cmake/gripper_controllersConfig-version.cmake
[1.146s] -- Up-to-date: /home/sara/aubo_ws/install/gripper_controllers/share/gripper_controllers/package.xml
[1.202s] Invoked command in '/home/sara/aubo_ws/build/gripper_controllers' returned '0': CMAKE_PREFIX_PATH=/home/sara/aubo_ws/install/controller_manager:/home/sara/aubo_ws/install/controller_interface:/home/sara/aubo_ws/install/hardware_interface:/home/sara/aubo_ws/install/control_toolbox:/home/sara/aubo_ws/install/ros2_control_test_assets:/home/sara/aubo_ws/install/realtime_tools:/home/sara/aubo_ws/install/controller_manager_msgs:/home/sara/aubo_ws/install/control_msgs:/home/sara/aubo_ws/install/transmission_interface:/home/sara/aubo_ws/install/gazebo_ros2_control_demos:/home/sara/aubo_ws/install/gazebo_ros2_control:/home/sara/aubo_ws/install/ros2_control_demo_description:/home/sara/aubo_ws/install/kinematics_interface_kdl:/home/sara/aubo_ws/install/kinematics_interface:/home/sara/aubo_ws/install/joint_limits:/home/sara/aubo_ws/install/control:/home/sara/aubo_ws/install/aubo_description:/home/sara/aubo_ws/install/aubo:/home/sara/aubo_ws/install/argo:/home/sara/aubo_ws/install/rqt_joint_trajectory_controller:/home/sara/aubo_ws/install/rqt_controller_manager:/home/sara/aubo_ws/install/ros2_controllers_test_nodes:/opt/ros/humble LD_LIBRARY_PATH=/home/sara/aubo_ws/install/controller_manager/lib:/home/sara/aubo_ws/install/controller_interface/lib:/home/sara/aubo_ws/install/hardware_interface/lib:/home/sara/aubo_ws/install/control_toolbox/lib:/home/sara/aubo_ws/install/realtime_tools/lib:/home/sara/aubo_ws/install/controller_manager_msgs/lib:/home/sara/aubo_ws/install/control_msgs/lib:/home/sara/aubo_ws/install/transmission_interface/lib:/home/sara/aubo_ws/install/kinematics_interface_kdl/lib:/home/sara/aubo_ws/install/kinematics_interface/lib:/usr/lib/x86_64-linux-gnu/gazebo-11/plugins:/opt/ros/humble/lib/x86_64-linux-gnu:/opt/ros/humble/lib:/usr/share/gazebo-11/../../lib/x86_64-linux-gnu/gazebo-11/plugins /usr/bin/cmake --install /home/sara/aubo_ws/build/gripper_controllers
