[0.399s] Invoking command in '/home/sara/aubo_ws/build/control_msgs': CMAKE_PREFIX_PATH=${CMAKE_PREFIX_PATH}:/home/sara/aubo_ws/install/rqt_joint_trajectory_controller:/home/sara/aubo_ws/install/rqt_controller_manager:/home/sara/aubo_ws/install/ros2_controllers_test_nodes:/opt/ros/humble /usr/bin/cmake --build /home/sara/aubo_ws/build/control_msgs -- -j8 -l8
[0.873s] [  0%] Built target control_msgs__cpp
[0.874s] [ 12%] Built target control_msgs__rosidl_generator_c
[0.874s] [ 12%] Built target ament_cmake_python_copy_control_msgs
[0.875s] [ 24%] Built target control_msgs__rosidl_typesupport_cpp
[0.875s] [ 36%] Built target control_msgs__rosidl_typesupport_fastrtps_cpp
[0.876s] [ 48%] Built target control_msgs__rosidl_typesupport_fastrtps_c
[0.876s] [ 60%] Built target control_msgs__rosidl_typesupport_introspection_cpp
[0.876s] [ 72%] Built target control_msgs__rosidl_typesupport_c
[0.876s] [ 84%] Built target control_msgs__rosidl_typesupport_introspection_c
[0.877s] [ 84%] Built target control_msgs
[0.877s] [ 85%] Built target control_msgs__py
[0.877s] [ 96%] Built target control_msgs__rosidl_generator_py
[0.877s] [ 97%] Built target control_msgs__rosidl_typesupport_c__pyext
[0.878s] [100%] Built target control_msgs__rosidl_typesupport_introspection_c__pyext
[0.878s] [100%] Built target control_msgs__rosidl_typesupport_fastrtps_c__pyext
[0.955s] running egg_info
[0.957s] writing control_msgs.egg-info/PKG-INFO
[0.958s] writing dependency_links to control_msgs.egg-info/dependency_links.txt
[0.958s] writing top-level names to control_msgs.egg-info/top_level.txt
[0.964s] reading manifest file 'control_msgs.egg-info/SOURCES.txt'
[0.982s] writing manifest file 'control_msgs.egg-info/SOURCES.txt'
[1.004s] [100%] Built target ament_cmake_python_build_control_msgs_egg
[1.042s] Invoked command in '/home/sara/aubo_ws/build/control_msgs' returned '0': CMAKE_PREFIX_PATH=${CMAKE_PREFIX_PATH}:/home/sara/aubo_ws/install/rqt_joint_trajectory_controller:/home/sara/aubo_ws/install/rqt_controller_manager:/home/sara/aubo_ws/install/ros2_controllers_test_nodes:/opt/ros/humble /usr/bin/cmake --build /home/sara/aubo_ws/build/control_msgs -- -j8 -l8
[1.907s] Invoking command in '/home/sara/aubo_ws/build/control_msgs': CMAKE_PREFIX_PATH=${CMAKE_PREFIX_PATH}:/home/sara/aubo_ws/install/rqt_joint_trajectory_controller:/home/sara/aubo_ws/install/rqt_controller_manager:/home/sara/aubo_ws/install/ros2_controllers_test_nodes:/opt/ros/humble /usr/bin/cmake --install /home/sara/aubo_ws/build/control_msgs
[1.916s] -- Install configuration: ""
[1.917s] -- Up-to-date: /home/sara/aubo_ws/install/control_msgs/share/ament_index/resource_index/rosidl_interfaces/control_msgs
[1.918s] -- Up-to-date: /home/sara/aubo_ws/install/control_msgs/include/control_msgs/control_msgs
[1.918s] -- Up-to-date: /home/sara/aubo_ws/install/control_msgs/include/control_msgs/control_msgs/msg
[1.919s] -- Up-to-date: /home/sara/aubo_ws/install/control_msgs/include/control_msgs/control_msgs/msg/joint_trajectory_controller_state.h
[1.919s] -- Up-to-date: /home/sara/aubo_ws/install/control_msgs/include/control_msgs/control_msgs/msg/pid_state.h
[1.919s] -- Up-to-date: /home/sara/aubo_ws/install/control_msgs/include/control_msgs/control_msgs/msg/joint_jog.h
[1.920s] -- Up-to-date: /home/sara/aubo_ws/install/control_msgs/include/control_msgs/control_msgs/msg/gripper_command.h
[1.920s] -- Up-to-date: /home/sara/aubo_ws/install/control_msgs/include/control_msgs/control_msgs/msg/joint_component_tolerance.h
[1.920s] -- Up-to-date: /home/sara/aubo_ws/install/control_msgs/include/control_msgs/control_msgs/msg/dynamic_joint_state.h
[1.921s] -- Up-to-date: /home/sara/aubo_ws/install/control_msgs/include/control_msgs/control_msgs/msg/admittance_controller_state.h
[1.921s] -- Up-to-date: /home/sara/aubo_ws/install/control_msgs/include/control_msgs/control_msgs/msg/detail
[1.921s] -- Up-to-date: /home/sara/aubo_ws/install/control_msgs/include/control_msgs/control_msgs/msg/detail/steering_controller_status__functions.c
[1.921s] -- Up-to-date: /home/sara/aubo_ws/install/control_msgs/include/control_msgs/control_msgs/msg/detail/joint_jog__type_support.h
[1.921s] -- Up-to-date: /home/sara/aubo_ws/install/control_msgs/include/control_msgs/control_msgs/msg/detail/joint_jog__functions.h
[1.921s] -- Up-to-date: /home/sara/aubo_ws/install/control_msgs/include/control_msgs/control_msgs/msg/detail/joint_trajectory_controller_state__struct.h
[1.921s] -- Up-to-date: /home/sara/aubo_ws/install/control_msgs/include/control_msgs/control_msgs/msg/detail/joint_trajectory_controller_state__functions.c
[1.921s] -- Up-to-date: /home/sara/aubo_ws/install/control_msgs/include/control_msgs/control_msgs/msg/detail/interface_value__functions.c
[1.922s] -- Up-to-date: /home/sara/aubo_ws/install/control_msgs/include/control_msgs/control_msgs/msg/detail/admittance_controller_state__struct.h
[1.922s] -- Up-to-date: /home/sara/aubo_ws/install/control_msgs/include/control_msgs/control_msgs/msg/detail/joint_tolerance__struct.h
[1.922s] -- Up-to-date: /home/sara/aubo_ws/install/control_msgs/include/control_msgs/control_msgs/msg/detail/gripper_command__functions.c
[1.922s] -- Up-to-date: /home/sara/aubo_ws/install/control_msgs/include/control_msgs/control_msgs/msg/detail/steering_controller_status__struct.h
[1.922s] -- Up-to-date: /home/sara/aubo_ws/install/control_msgs/include/control_msgs/control_msgs/msg/detail/admittance_controller_state__functions.c
[1.922s] -- Up-to-date: /home/sara/aubo_ws/install/control_msgs/include/control_msgs/control_msgs/msg/detail/gripper_command__struct.h
[1.923s] -- Up-to-date: /home/sara/aubo_ws/install/control_msgs/include/control_msgs/control_msgs/msg/detail/joint_component_tolerance__struct.h
[1.923s] -- Up-to-date: /home/sara/aubo_ws/install/control_msgs/include/control_msgs/control_msgs/msg/detail/mecanum_drive_controller_state__type_support.h
[1.923s] -- Up-to-date: /home/sara/aubo_ws/install/control_msgs/include/control_msgs/control_msgs/msg/detail/dynamic_joint_state__functions.c
[1.923s] -- Up-to-date: /home/sara/aubo_ws/install/control_msgs/include/control_msgs/control_msgs/msg/detail/joint_tolerance__functions.c
[1.923s] -- Up-to-date: /home/sara/aubo_ws/install/control_msgs/include/control_msgs/control_msgs/msg/detail/interface_value__struct.h
[1.923s] -- Up-to-date: /home/sara/aubo_ws/install/control_msgs/include/control_msgs/control_msgs/msg/detail/pid_state__struct.h
[1.923s] -- Up-to-date: /home/sara/aubo_ws/install/control_msgs/include/control_msgs/control_msgs/msg/detail/mecanum_drive_controller_state__struct.h
[1.923s] -- Up-to-date: /home/sara/aubo_ws/install/control_msgs/include/control_msgs/control_msgs/msg/detail/joint_trajectory_controller_state__type_support.h
[1.924s] -- Up-to-date: /home/sara/aubo_ws/install/control_msgs/include/control_msgs/control_msgs/msg/detail/gripper_command__functions.h
[1.924s] -- Up-to-date: /home/sara/aubo_ws/install/control_msgs/include/control_msgs/control_msgs/msg/detail/interface_value__functions.h
[1.924s] -- Up-to-date: /home/sara/aubo_ws/install/control_msgs/include/control_msgs/control_msgs/msg/detail/joint_controller_state__functions.c
[1.924s] -- Up-to-date: /home/sara/aubo_ws/install/control_msgs/include/control_msgs/control_msgs/msg/detail/joint_controller_state__struct.h
[1.924s] -- Up-to-date: /home/sara/aubo_ws/install/control_msgs/include/control_msgs/control_msgs/msg/detail/pid_state__functions.h
[1.924s] -- Up-to-date: /home/sara/aubo_ws/install/control_msgs/include/control_msgs/control_msgs/msg/detail/joint_component_tolerance__type_support.h
[1.924s] -- Up-to-date: /home/sara/aubo_ws/install/control_msgs/include/control_msgs/control_msgs/msg/detail/admittance_controller_state__functions.h
[1.924s] -- Up-to-date: /home/sara/aubo_ws/install/control_msgs/include/control_msgs/control_msgs/msg/detail/pid_state__type_support.h
[1.924s] -- Up-to-date: /home/sara/aubo_ws/install/control_msgs/include/control_msgs/control_msgs/msg/detail/joint_component_tolerance__functions.c
[1.925s] -- Up-to-date: /home/sara/aubo_ws/install/control_msgs/include/control_msgs/control_msgs/msg/detail/joint_jog__functions.c
[1.925s] -- Up-to-date: /home/sara/aubo_ws/install/control_msgs/include/control_msgs/control_msgs/msg/detail/admittance_controller_state__type_support.h
[1.925s] -- Up-to-date: /home/sara/aubo_ws/install/control_msgs/include/control_msgs/control_msgs/msg/detail/interface_value__type_support.h
[1.925s] -- Up-to-date: /home/sara/aubo_ws/install/control_msgs/include/control_msgs/control_msgs/msg/detail/steering_controller_status__type_support.h
[1.925s] -- Up-to-date: /home/sara/aubo_ws/install/control_msgs/include/control_msgs/control_msgs/msg/detail/mecanum_drive_controller_state__functions.h
[1.925s] -- Up-to-date: /home/sara/aubo_ws/install/control_msgs/include/control_msgs/control_msgs/msg/detail/dynamic_joint_state__struct.h
[1.925s] -- Up-to-date: /home/sara/aubo_ws/install/control_msgs/include/control_msgs/control_msgs/msg/detail/joint_tolerance__type_support.h
[1.925s] -- Up-to-date: /home/sara/aubo_ws/install/control_msgs/include/control_msgs/control_msgs/msg/detail/joint_jog__struct.h
[1.925s] -- Up-to-date: /home/sara/aubo_ws/install/control_msgs/include/control_msgs/control_msgs/msg/detail/joint_tolerance__functions.h
[1.926s] -- Up-to-date: /home/sara/aubo_ws/install/control_msgs/include/control_msgs/control_msgs/msg/detail/dynamic_joint_state__type_support.h
[1.926s] -- Up-to-date: /home/sara/aubo_ws/install/control_msgs/include/control_msgs/control_msgs/msg/detail/dynamic_joint_state__functions.h
[1.926s] -- Up-to-date: /home/sara/aubo_ws/install/control_msgs/include/control_msgs/control_msgs/msg/detail/joint_component_tolerance__functions.h
[1.927s] -- Up-to-date: /home/sara/aubo_ws/install/control_msgs/include/control_msgs/control_msgs/msg/detail/joint_trajectory_controller_state__functions.h
[1.927s] -- Up-to-date: /home/sara/aubo_ws/install/control_msgs/include/control_msgs/control_msgs/msg/detail/joint_controller_state__functions.h
[1.927s] -- Up-to-date: /home/sara/aubo_ws/install/control_msgs/include/control_msgs/control_msgs/msg/detail/mecanum_drive_controller_state__functions.c
[1.927s] -- Up-to-date: /home/sara/aubo_ws/install/control_msgs/include/control_msgs/control_msgs/msg/detail/gripper_command__type_support.h
[1.928s] -- Up-to-date: /home/sara/aubo_ws/install/control_msgs/include/control_msgs/control_msgs/msg/detail/pid_state__functions.c
[1.928s] -- Up-to-date: /home/sara/aubo_ws/install/control_msgs/include/control_msgs/control_msgs/msg/detail/steering_controller_status__functions.h
[1.928s] -- Up-to-date: /home/sara/aubo_ws/install/control_msgs/include/control_msgs/control_msgs/msg/detail/joint_controller_state__type_support.h
[1.929s] -- Up-to-date: /home/sara/aubo_ws/install/control_msgs/include/control_msgs/control_msgs/msg/steering_controller_status.h
[1.929s] -- Up-to-date: /home/sara/aubo_ws/install/control_msgs/include/control_msgs/control_msgs/msg/joint_tolerance.h
[1.929s] -- Up-to-date: /home/sara/aubo_ws/install/control_msgs/include/control_msgs/control_msgs/msg/rosidl_generator_c__visibility_control.h
[1.929s] -- Up-to-date: /home/sara/aubo_ws/install/control_msgs/include/control_msgs/control_msgs/msg/interface_value.h
[1.929s] -- Up-to-date: /home/sara/aubo_ws/install/control_msgs/include/control_msgs/control_msgs/msg/mecanum_drive_controller_state.h
[1.929s] -- Up-to-date: /home/sara/aubo_ws/install/control_msgs/include/control_msgs/control_msgs/msg/joint_controller_state.h
[1.929s] -- Up-to-date: /home/sara/aubo_ws/install/control_msgs/include/control_msgs/control_msgs/srv
[1.930s] -- Up-to-date: /home/sara/aubo_ws/install/control_msgs/include/control_msgs/control_msgs/srv/detail
[1.931s] -- Up-to-date: /home/sara/aubo_ws/install/control_msgs/include/control_msgs/control_msgs/srv/detail/query_trajectory_state__struct.h
[1.931s] -- Up-to-date: /home/sara/aubo_ws/install/control_msgs/include/control_msgs/control_msgs/srv/detail/query_calibration_state__struct.h
[1.931s] -- Up-to-date: /home/sara/aubo_ws/install/control_msgs/include/control_msgs/control_msgs/srv/detail/query_calibration_state__functions.h
[1.932s] -- Up-to-date: /home/sara/aubo_ws/install/control_msgs/include/control_msgs/control_msgs/srv/detail/query_trajectory_state__functions.c
[1.932s] -- Up-to-date: /home/sara/aubo_ws/install/control_msgs/include/control_msgs/control_msgs/srv/detail/query_calibration_state__functions.c
[1.933s] -- Up-to-date: /home/sara/aubo_ws/install/control_msgs/include/control_msgs/control_msgs/srv/detail/query_trajectory_state__functions.h
[1.933s] -- Up-to-date: /home/sara/aubo_ws/install/control_msgs/include/control_msgs/control_msgs/srv/detail/query_trajectory_state__type_support.h
[1.933s] -- Up-to-date: /home/sara/aubo_ws/install/control_msgs/include/control_msgs/control_msgs/srv/detail/query_calibration_state__type_support.h
[1.934s] -- Up-to-date: /home/sara/aubo_ws/install/control_msgs/include/control_msgs/control_msgs/srv/query_trajectory_state.h
[1.934s] -- Up-to-date: /home/sara/aubo_ws/install/control_msgs/include/control_msgs/control_msgs/srv/query_calibration_state.h
[1.934s] -- Up-to-date: /home/sara/aubo_ws/install/control_msgs/include/control_msgs/control_msgs/action
[1.935s] -- Up-to-date: /home/sara/aubo_ws/install/control_msgs/include/control_msgs/control_msgs/action/point_head.h
[1.935s] -- Up-to-date: /home/sara/aubo_ws/install/control_msgs/include/control_msgs/control_msgs/action/joint_trajectory.h
[1.935s] -- Up-to-date: /home/sara/aubo_ws/install/control_msgs/include/control_msgs/control_msgs/action/single_joint_position.h
[1.935s] -- Up-to-date: /home/sara/aubo_ws/install/control_msgs/include/control_msgs/control_msgs/action/gripper_command.h
[1.936s] -- Up-to-date: /home/sara/aubo_ws/install/control_msgs/include/control_msgs/control_msgs/action/detail
[1.936s] -- Up-to-date: /home/sara/aubo_ws/install/control_msgs/include/control_msgs/control_msgs/action/detail/point_head__struct.h
[1.936s] -- Up-to-date: /home/sara/aubo_ws/install/control_msgs/include/control_msgs/control_msgs/action/detail/joint_trajectory__struct.h
[1.936s] -- Up-to-date: /home/sara/aubo_ws/install/control_msgs/include/control_msgs/control_msgs/action/detail/joint_trajectory__type_support.h
[1.936s] -- Up-to-date: /home/sara/aubo_ws/install/control_msgs/include/control_msgs/control_msgs/action/detail/gripper_command__functions.c
[1.936s] -- Up-to-date: /home/sara/aubo_ws/install/control_msgs/include/control_msgs/control_msgs/action/detail/gripper_command__struct.h
[1.936s] -- Up-to-date: /home/sara/aubo_ws/install/control_msgs/include/control_msgs/control_msgs/action/detail/point_head__functions.c
[1.937s] -- Up-to-date: /home/sara/aubo_ws/install/control_msgs/include/control_msgs/control_msgs/action/detail/single_joint_position__functions.c
[1.937s] -- Up-to-date: /home/sara/aubo_ws/install/control_msgs/include/control_msgs/control_msgs/action/detail/follow_joint_trajectory__struct.h
[1.937s] -- Up-to-date: /home/sara/aubo_ws/install/control_msgs/include/control_msgs/control_msgs/action/detail/joint_trajectory__functions.c
[1.937s] -- Up-to-date: /home/sara/aubo_ws/install/control_msgs/include/control_msgs/control_msgs/action/detail/gripper_command__functions.h
[1.937s] -- Up-to-date: /home/sara/aubo_ws/install/control_msgs/include/control_msgs/control_msgs/action/detail/single_joint_position__type_support.h
[1.937s] -- Up-to-date: /home/sara/aubo_ws/install/control_msgs/include/control_msgs/control_msgs/action/detail/follow_joint_trajectory__functions.h
[1.937s] -- Up-to-date: /home/sara/aubo_ws/install/control_msgs/include/control_msgs/control_msgs/action/detail/joint_trajectory__functions.h
[1.937s] -- Up-to-date: /home/sara/aubo_ws/install/control_msgs/include/control_msgs/control_msgs/action/detail/follow_joint_trajectory__functions.c
[1.938s] -- Up-to-date: /home/sara/aubo_ws/install/control_msgs/include/control_msgs/control_msgs/action/detail/follow_joint_trajectory__type_support.h
[1.938s] -- Up-to-date: /home/sara/aubo_ws/install/control_msgs/include/control_msgs/control_msgs/action/detail/single_joint_position__struct.h
[1.938s] -- Up-to-date: /home/sara/aubo_ws/install/control_msgs/include/control_msgs/control_msgs/action/detail/point_head__type_support.h
[1.938s] -- Up-to-date: /home/sara/aubo_ws/install/control_msgs/include/control_msgs/control_msgs/action/detail/gripper_command__type_support.h
[1.938s] -- Up-to-date: /home/sara/aubo_ws/install/control_msgs/include/control_msgs/control_msgs/action/detail/single_joint_position__functions.h
[1.939s] -- Up-to-date: /home/sara/aubo_ws/install/control_msgs/include/control_msgs/control_msgs/action/detail/point_head__functions.h
[1.939s] -- Up-to-date: /home/sara/aubo_ws/install/control_msgs/include/control_msgs/control_msgs/action/follow_joint_trajectory.h
[1.939s] -- Up-to-date: /home/sara/aubo_ws/install/control_msgs/share/control_msgs/environment/library_path.sh
[1.939s] -- Up-to-date: /home/sara/aubo_ws/install/control_msgs/share/control_msgs/environment/library_path.dsv
[1.940s] -- Up-to-date: /home/sara/aubo_ws/install/control_msgs/lib/libcontrol_msgs__rosidl_generator_c.so
[1.940s] -- Up-to-date: /home/sara/aubo_ws/install/control_msgs/include/control_msgs/control_msgs
[1.940s] -- Up-to-date: /home/sara/aubo_ws/install/control_msgs/include/control_msgs/control_msgs/msg
[1.940s] -- Up-to-date: /home/sara/aubo_ws/install/control_msgs/include/control_msgs/control_msgs/msg/rosidl_typesupport_fastrtps_c__visibility_control.h
[1.940s] -- Up-to-date: /home/sara/aubo_ws/install/control_msgs/include/control_msgs/control_msgs/msg/detail
[1.940s] -- Up-to-date: /home/sara/aubo_ws/install/control_msgs/include/control_msgs/control_msgs/msg/detail/joint_trajectory_controller_state__rosidl_typesupport_fastrtps_c.h
[1.941s] -- Up-to-date: /home/sara/aubo_ws/install/control_msgs/include/control_msgs/control_msgs/msg/detail/interface_value__rosidl_typesupport_fastrtps_c.h
[1.941s] -- Up-to-date: /home/sara/aubo_ws/install/control_msgs/include/control_msgs/control_msgs/msg/detail/joint_tolerance__rosidl_typesupport_fastrtps_c.h
[1.941s] -- Up-to-date: /home/sara/aubo_ws/install/control_msgs/include/control_msgs/control_msgs/msg/detail/mecanum_drive_controller_state__rosidl_typesupport_fastrtps_c.h
[1.941s] -- Up-to-date: /home/sara/aubo_ws/install/control_msgs/include/control_msgs/control_msgs/msg/detail/steering_controller_status__rosidl_typesupport_fastrtps_c.h
[1.941s] -- Up-to-date: /home/sara/aubo_ws/install/control_msgs/include/control_msgs/control_msgs/msg/detail/dynamic_joint_state__rosidl_typesupport_fastrtps_c.h
[1.941s] -- Up-to-date: /home/sara/aubo_ws/install/control_msgs/include/control_msgs/control_msgs/msg/detail/joint_jog__rosidl_typesupport_fastrtps_c.h
[1.942s] -- Up-to-date: /home/sara/aubo_ws/install/control_msgs/include/control_msgs/control_msgs/msg/detail/gripper_command__rosidl_typesupport_fastrtps_c.h
[1.942s] -- Up-to-date: /home/sara/aubo_ws/install/control_msgs/include/control_msgs/control_msgs/msg/detail/joint_controller_state__rosidl_typesupport_fastrtps_c.h
[1.942s] -- Up-to-date: /home/sara/aubo_ws/install/control_msgs/include/control_msgs/control_msgs/msg/detail/admittance_controller_state__rosidl_typesupport_fastrtps_c.h
[1.942s] -- Up-to-date: /home/sara/aubo_ws/install/control_msgs/include/control_msgs/control_msgs/msg/detail/joint_component_tolerance__rosidl_typesupport_fastrtps_c.h
[1.943s] -- Up-to-date: /home/sara/aubo_ws/install/control_msgs/include/control_msgs/control_msgs/msg/detail/pid_state__rosidl_typesupport_fastrtps_c.h
[1.943s] -- Up-to-date: /home/sara/aubo_ws/install/control_msgs/include/control_msgs/control_msgs/srv
[1.943s] -- Up-to-date: /home/sara/aubo_ws/install/control_msgs/include/control_msgs/control_msgs/srv/detail
[1.943s] -- Up-to-date: /home/sara/aubo_ws/install/control_msgs/include/control_msgs/control_msgs/srv/detail/query_calibration_state__rosidl_typesupport_fastrtps_c.h
[1.943s] -- Up-to-date: /home/sara/aubo_ws/install/control_msgs/include/control_msgs/control_msgs/srv/detail/query_trajectory_state__rosidl_typesupport_fastrtps_c.h
[1.943s] -- Up-to-date: /home/sara/aubo_ws/install/control_msgs/include/control_msgs/control_msgs/action
[1.943s] -- Up-to-date: /home/sara/aubo_ws/install/control_msgs/include/control_msgs/control_msgs/action/detail
[1.943s] -- Up-to-date: /home/sara/aubo_ws/install/control_msgs/include/control_msgs/control_msgs/action/detail/single_joint_position__rosidl_typesupport_fastrtps_c.h
[1.944s] -- Up-to-date: /home/sara/aubo_ws/install/control_msgs/include/control_msgs/control_msgs/action/detail/point_head__rosidl_typesupport_fastrtps_c.h
[1.944s] -- Up-to-date: /home/sara/aubo_ws/install/control_msgs/include/control_msgs/control_msgs/action/detail/gripper_command__rosidl_typesupport_fastrtps_c.h
[1.944s] -- Up-to-date: /home/sara/aubo_ws/install/control_msgs/include/control_msgs/control_msgs/action/detail/joint_trajectory__rosidl_typesupport_fastrtps_c.h
[1.945s] -- Up-to-date: /home/sara/aubo_ws/install/control_msgs/include/control_msgs/control_msgs/action/detail/follow_joint_trajectory__rosidl_typesupport_fastrtps_c.h
[1.945s] -- Up-to-date: /home/sara/aubo_ws/install/control_msgs/lib/libcontrol_msgs__rosidl_typesupport_fastrtps_c.so
[1.945s] -- Up-to-date: /home/sara/aubo_ws/install/control_msgs/include/control_msgs/control_msgs
[1.945s] -- Up-to-date: /home/sara/aubo_ws/install/control_msgs/include/control_msgs/control_msgs/msg
[1.946s] -- Up-to-date: /home/sara/aubo_ws/install/control_msgs/include/control_msgs/control_msgs/msg/joint_jog.hpp
[1.946s] -- Up-to-date: /home/sara/aubo_ws/install/control_msgs/include/control_msgs/control_msgs/msg/joint_controller_state.hpp
[1.946s] -- Up-to-date: /home/sara/aubo_ws/install/control_msgs/include/control_msgs/control_msgs/msg/pid_state.hpp
[1.947s] -- Up-to-date: /home/sara/aubo_ws/install/control_msgs/include/control_msgs/control_msgs/msg/admittance_controller_state.hpp
[1.947s] -- Up-to-date: /home/sara/aubo_ws/install/control_msgs/include/control_msgs/control_msgs/msg/steering_controller_status.hpp
[1.947s] -- Up-to-date: /home/sara/aubo_ws/install/control_msgs/include/control_msgs/control_msgs/msg/joint_tolerance.hpp
[1.947s] -- Up-to-date: /home/sara/aubo_ws/install/control_msgs/include/control_msgs/control_msgs/msg/gripper_command.hpp
[1.948s] -- Up-to-date: /home/sara/aubo_ws/install/control_msgs/include/control_msgs/control_msgs/msg/detail
[1.948s] -- Up-to-date: /home/sara/aubo_ws/install/control_msgs/include/control_msgs/control_msgs/msg/detail/joint_trajectory_controller_state__struct.hpp
[1.948s] -- Up-to-date: /home/sara/aubo_ws/install/control_msgs/include/control_msgs/control_msgs/msg/detail/joint_trajectory_controller_state__traits.hpp
[1.948s] -- Up-to-date: /home/sara/aubo_ws/install/control_msgs/include/control_msgs/control_msgs/msg/detail/admittance_controller_state__builder.hpp
[1.949s] -- Up-to-date: /home/sara/aubo_ws/install/control_msgs/include/control_msgs/control_msgs/msg/detail/joint_tolerance__traits.hpp
[1.949s] -- Up-to-date: /home/sara/aubo_ws/install/control_msgs/include/control_msgs/control_msgs/msg/detail/mecanum_drive_controller_state__builder.hpp
[1.949s] -- Up-to-date: /home/sara/aubo_ws/install/control_msgs/include/control_msgs/control_msgs/msg/detail/steering_controller_status__builder.hpp
[1.950s] -- Up-to-date: /home/sara/aubo_ws/install/control_msgs/include/control_msgs/control_msgs/msg/detail/admittance_controller_state__traits.hpp
[1.950s] -- Up-to-date: /home/sara/aubo_ws/install/control_msgs/include/control_msgs/control_msgs/msg/detail/joint_tolerance__struct.hpp
[1.950s] -- Up-to-date: /home/sara/aubo_ws/install/control_msgs/include/control_msgs/control_msgs/msg/detail/gripper_command__traits.hpp
[1.950s] -- Up-to-date: /home/sara/aubo_ws/install/control_msgs/include/control_msgs/control_msgs/msg/detail/steering_controller_status__struct.hpp
[1.951s] -- Up-to-date: /home/sara/aubo_ws/install/control_msgs/include/control_msgs/control_msgs/msg/detail/interface_value__traits.hpp
[1.951s] -- Up-to-date: /home/sara/aubo_ws/install/control_msgs/include/control_msgs/control_msgs/msg/detail/joint_component_tolerance__builder.hpp
[1.951s] -- Up-to-date: /home/sara/aubo_ws/install/control_msgs/include/control_msgs/control_msgs/msg/detail/interface_value__struct.hpp
[1.951s] -- Up-to-date: /home/sara/aubo_ws/install/control_msgs/include/control_msgs/control_msgs/msg/detail/joint_jog__traits.hpp
[1.952s] -- Up-to-date: /home/sara/aubo_ws/install/control_msgs/include/control_msgs/control_msgs/msg/detail/joint_controller_state__builder.hpp
[1.952s] -- Up-to-date: /home/sara/aubo_ws/install/control_msgs/include/control_msgs/control_msgs/msg/detail/dynamic_joint_state__builder.hpp
[1.952s] -- Up-to-date: /home/sara/aubo_ws/install/control_msgs/include/control_msgs/control_msgs/msg/detail/gripper_command__struct.hpp
[1.952s] -- Up-to-date: /home/sara/aubo_ws/install/control_msgs/include/control_msgs/control_msgs/msg/detail/pid_state__builder.hpp
[1.953s] -- Up-to-date: /home/sara/aubo_ws/install/control_msgs/include/control_msgs/control_msgs/msg/detail/mecanum_drive_controller_state__traits.hpp
[1.953s] -- Up-to-date: /home/sara/aubo_ws/install/control_msgs/include/control_msgs/control_msgs/msg/detail/joint_jog__builder.hpp
[1.955s] -- Up-to-date: /home/sara/aubo_ws/install/control_msgs/include/control_msgs/control_msgs/msg/detail/dynamic_joint_state__traits.hpp
[1.955s] -- Up-to-date: /home/sara/aubo_ws/install/control_msgs/include/control_msgs/control_msgs/msg/detail/mecanum_drive_controller_state__struct.hpp
[1.955s] -- Up-to-date: /home/sara/aubo_ws/install/control_msgs/include/control_msgs/control_msgs/msg/detail/gripper_command__builder.hpp
[1.955s] -- Up-to-date: /home/sara/aubo_ws/install/control_msgs/include/control_msgs/control_msgs/msg/detail/joint_jog__struct.hpp
[1.955s] -- Up-to-date: /home/sara/aubo_ws/install/control_msgs/include/control_msgs/control_msgs/msg/detail/admittance_controller_state__struct.hpp
[1.956s] -- Up-to-date: /home/sara/aubo_ws/install/control_msgs/include/control_msgs/control_msgs/msg/detail/pid_state__traits.hpp
[1.956s] -- Up-to-date: /home/sara/aubo_ws/install/control_msgs/include/control_msgs/control_msgs/msg/detail/joint_trajectory_controller_state__builder.hpp
[1.956s] -- Up-to-date: /home/sara/aubo_ws/install/control_msgs/include/control_msgs/control_msgs/msg/detail/joint_controller_state__traits.hpp
[1.956s] -- Up-to-date: /home/sara/aubo_ws/install/control_msgs/include/control_msgs/control_msgs/msg/detail/interface_value__builder.hpp
[1.957s] -- Up-to-date: /home/sara/aubo_ws/install/control_msgs/include/control_msgs/control_msgs/msg/detail/joint_tolerance__builder.hpp
[1.957s] -- Up-to-date: /home/sara/aubo_ws/install/control_msgs/include/control_msgs/control_msgs/msg/detail/dynamic_joint_state__struct.hpp
[1.957s] -- Up-to-date: /home/sara/aubo_ws/install/control_msgs/include/control_msgs/control_msgs/msg/detail/joint_component_tolerance__traits.hpp
[1.957s] -- Up-to-date: /home/sara/aubo_ws/install/control_msgs/include/control_msgs/control_msgs/msg/detail/joint_component_tolerance__struct.hpp
[1.958s] -- Up-to-date: /home/sara/aubo_ws/install/control_msgs/include/control_msgs/control_msgs/msg/detail/pid_state__struct.hpp
[1.958s] -- Up-to-date: /home/sara/aubo_ws/install/control_msgs/include/control_msgs/control_msgs/msg/detail/joint_controller_state__struct.hpp
[1.958s] -- Up-to-date: /home/sara/aubo_ws/install/control_msgs/include/control_msgs/control_msgs/msg/detail/steering_controller_status__traits.hpp
[1.958s] -- Up-to-date: /home/sara/aubo_ws/install/control_msgs/include/control_msgs/control_msgs/msg/joint_trajectory_controller_state.hpp
[1.959s] -- Up-to-date: /home/sara/aubo_ws/install/control_msgs/include/control_msgs/control_msgs/msg/joint_component_tolerance.hpp
[1.959s] -- Up-to-date: /home/sara/aubo_ws/install/control_msgs/include/control_msgs/control_msgs/msg/dynamic_joint_state.hpp
[1.959s] -- Up-to-date: /home/sara/aubo_ws/install/control_msgs/include/control_msgs/control_msgs/msg/mecanum_drive_controller_state.hpp
[1.959s] -- Up-to-date: /home/sara/aubo_ws/install/control_msgs/include/control_msgs/control_msgs/msg/interface_value.hpp
[1.959s] -- Up-to-date: /home/sara/aubo_ws/install/control_msgs/include/control_msgs/control_msgs/srv
[1.960s] -- Up-to-date: /home/sara/aubo_ws/install/control_msgs/include/control_msgs/control_msgs/srv/detail
[1.960s] -- Up-to-date: /home/sara/aubo_ws/install/control_msgs/include/control_msgs/control_msgs/srv/detail/query_trajectory_state__builder.hpp
[1.960s] -- Up-to-date: /home/sara/aubo_ws/install/control_msgs/include/control_msgs/control_msgs/srv/detail/query_trajectory_state__traits.hpp
[1.960s] -- Up-to-date: /home/sara/aubo_ws/install/control_msgs/include/control_msgs/control_msgs/srv/detail/query_calibration_state__traits.hpp
[1.960s] -- Up-to-date: /home/sara/aubo_ws/install/control_msgs/include/control_msgs/control_msgs/srv/detail/query_calibration_state__struct.hpp
[1.961s] -- Up-to-date: /home/sara/aubo_ws/install/control_msgs/include/control_msgs/control_msgs/srv/detail/query_trajectory_state__struct.hpp
[1.961s] -- Up-to-date: /home/sara/aubo_ws/install/control_msgs/include/control_msgs/control_msgs/srv/detail/query_calibration_state__builder.hpp
[1.961s] -- Up-to-date: /home/sara/aubo_ws/install/control_msgs/include/control_msgs/control_msgs/srv/query_trajectory_state.hpp
[1.961s] -- Up-to-date: /home/sara/aubo_ws/install/control_msgs/include/control_msgs/control_msgs/srv/query_calibration_state.hpp
[1.961s] -- Up-to-date: /home/sara/aubo_ws/install/control_msgs/include/control_msgs/control_msgs/action
[1.961s] -- Up-to-date: /home/sara/aubo_ws/install/control_msgs/include/control_msgs/control_msgs/action/follow_joint_trajectory.hpp
[1.962s] -- Up-to-date: /home/sara/aubo_ws/install/control_msgs/include/control_msgs/control_msgs/action/point_head.hpp
[1.962s] -- Up-to-date: /home/sara/aubo_ws/install/control_msgs/include/control_msgs/control_msgs/action/joint_trajectory.hpp
[1.962s] -- Up-to-date: /home/sara/aubo_ws/install/control_msgs/include/control_msgs/control_msgs/action/gripper_command.hpp
[1.962s] -- Up-to-date: /home/sara/aubo_ws/install/control_msgs/include/control_msgs/control_msgs/action/detail
[1.963s] -- Up-to-date: /home/sara/aubo_ws/install/control_msgs/include/control_msgs/control_msgs/action/detail/single_joint_position__traits.hpp
[1.963s] -- Up-to-date: /home/sara/aubo_ws/install/control_msgs/include/control_msgs/control_msgs/action/detail/point_head__traits.hpp
[1.963s] -- Up-to-date: /home/sara/aubo_ws/install/control_msgs/include/control_msgs/control_msgs/action/detail/gripper_command__traits.hpp
[1.963s] -- Up-to-date: /home/sara/aubo_ws/install/control_msgs/include/control_msgs/control_msgs/action/detail/follow_joint_trajectory__struct.hpp
[1.963s] -- Up-to-date: /home/sara/aubo_ws/install/control_msgs/include/control_msgs/control_msgs/action/detail/single_joint_position__builder.hpp
[1.963s] -- Up-to-date: /home/sara/aubo_ws/install/control_msgs/include/control_msgs/control_msgs/action/detail/joint_trajectory__builder.hpp
[1.964s] -- Up-to-date: /home/sara/aubo_ws/install/control_msgs/include/control_msgs/control_msgs/action/detail/gripper_command__struct.hpp
[1.964s] -- Up-to-date: /home/sara/aubo_ws/install/control_msgs/include/control_msgs/control_msgs/action/detail/follow_joint_trajectory__builder.hpp
[1.964s] -- Up-to-date: /home/sara/aubo_ws/install/control_msgs/include/control_msgs/control_msgs/action/detail/gripper_command__builder.hpp
[1.964s] -- Up-to-date: /home/sara/aubo_ws/install/control_msgs/include/control_msgs/control_msgs/action/detail/joint_trajectory__struct.hpp
[1.964s] -- Up-to-date: /home/sara/aubo_ws/install/control_msgs/include/control_msgs/control_msgs/action/detail/joint_trajectory__traits.hpp
[1.965s] -- Up-to-date: /home/sara/aubo_ws/install/control_msgs/include/control_msgs/control_msgs/action/detail/single_joint_position__struct.hpp
[1.965s] -- Up-to-date: /home/sara/aubo_ws/install/control_msgs/include/control_msgs/control_msgs/action/detail/follow_joint_trajectory__traits.hpp
[1.965s] -- Up-to-date: /home/sara/aubo_ws/install/control_msgs/include/control_msgs/control_msgs/action/detail/point_head__struct.hpp
[1.965s] -- Up-to-date: /home/sara/aubo_ws/install/control_msgs/include/control_msgs/control_msgs/action/detail/point_head__builder.hpp
[1.966s] -- Up-to-date: /home/sara/aubo_ws/install/control_msgs/include/control_msgs/control_msgs/action/single_joint_position.hpp
[1.966s] -- Up-to-date: /home/sara/aubo_ws/install/control_msgs/include/control_msgs/control_msgs
[1.966s] -- Up-to-date: /home/sara/aubo_ws/install/control_msgs/include/control_msgs/control_msgs/msg
[1.966s] -- Up-to-date: /home/sara/aubo_ws/install/control_msgs/include/control_msgs/control_msgs/msg/detail
[1.967s] -- Up-to-date: /home/sara/aubo_ws/install/control_msgs/include/control_msgs/control_msgs/msg/detail/mecanum_drive_controller_state__rosidl_typesupport_fastrtps_cpp.hpp
[1.967s] -- Up-to-date: /home/sara/aubo_ws/install/control_msgs/include/control_msgs/control_msgs/msg/detail/admittance_controller_state__rosidl_typesupport_fastrtps_cpp.hpp
[1.967s] -- Up-to-date: /home/sara/aubo_ws/install/control_msgs/include/control_msgs/control_msgs/msg/detail/joint_controller_state__rosidl_typesupport_fastrtps_cpp.hpp
[1.967s] -- Up-to-date: /home/sara/aubo_ws/install/control_msgs/include/control_msgs/control_msgs/msg/detail/pid_state__rosidl_typesupport_fastrtps_cpp.hpp
[1.967s] -- Up-to-date: /home/sara/aubo_ws/install/control_msgs/include/control_msgs/control_msgs/msg/detail/gripper_command__rosidl_typesupport_fastrtps_cpp.hpp
[1.968s] -- Up-to-date: /home/sara/aubo_ws/install/control_msgs/include/control_msgs/control_msgs/msg/detail/interface_value__rosidl_typesupport_fastrtps_cpp.hpp
[1.968s] -- Up-to-date: /home/sara/aubo_ws/install/control_msgs/include/control_msgs/control_msgs/msg/detail/joint_component_tolerance__rosidl_typesupport_fastrtps_cpp.hpp
[1.971s] -- Up-to-date: /home/sara/aubo_ws/install/control_msgs/include/control_msgs/control_msgs/msg/detail/joint_tolerance__rosidl_typesupport_fastrtps_cpp.hpp
[1.971s] -- Up-to-date: /home/sara/aubo_ws/install/control_msgs/include/control_msgs/control_msgs/msg/detail/dds_fastrtps
[1.971s] -- Up-to-date: /home/sara/aubo_ws/install/control_msgs/include/control_msgs/control_msgs/msg/detail/joint_trajectory_controller_state__rosidl_typesupport_fastrtps_cpp.hpp
[1.972s] -- Up-to-date: /home/sara/aubo_ws/install/control_msgs/include/control_msgs/control_msgs/msg/detail/joint_jog__rosidl_typesupport_fastrtps_cpp.hpp
[1.972s] -- Up-to-date: /home/sara/aubo_ws/install/control_msgs/include/control_msgs/control_msgs/msg/detail/steering_controller_status__rosidl_typesupport_fastrtps_cpp.hpp
[1.972s] -- Up-to-date: /home/sara/aubo_ws/install/control_msgs/include/control_msgs/control_msgs/msg/detail/dynamic_joint_state__rosidl_typesupport_fastrtps_cpp.hpp
[1.972s] -- Up-to-date: /home/sara/aubo_ws/install/control_msgs/include/control_msgs/control_msgs/msg/rosidl_typesupport_fastrtps_cpp__visibility_control.h
[1.973s] -- Up-to-date: /home/sara/aubo_ws/install/control_msgs/include/control_msgs/control_msgs/srv
[1.973s] -- Up-to-date: /home/sara/aubo_ws/install/control_msgs/include/control_msgs/control_msgs/srv/detail
[1.973s] -- Up-to-date: /home/sara/aubo_ws/install/control_msgs/include/control_msgs/control_msgs/srv/detail/dds_fastrtps
[1.973s] -- Up-to-date: /home/sara/aubo_ws/install/control_msgs/include/control_msgs/control_msgs/srv/detail/query_trajectory_state__rosidl_typesupport_fastrtps_cpp.hpp
[1.974s] -- Up-to-date: /home/sara/aubo_ws/install/control_msgs/include/control_msgs/control_msgs/srv/detail/query_calibration_state__rosidl_typesupport_fastrtps_cpp.hpp
[1.974s] -- Up-to-date: /home/sara/aubo_ws/install/control_msgs/include/control_msgs/control_msgs/action
[1.975s] -- Up-to-date: /home/sara/aubo_ws/install/control_msgs/include/control_msgs/control_msgs/action/detail
[1.975s] -- Up-to-date: /home/sara/aubo_ws/install/control_msgs/include/control_msgs/control_msgs/action/detail/joint_trajectory__rosidl_typesupport_fastrtps_cpp.hpp
[1.975s] -- Up-to-date: /home/sara/aubo_ws/install/control_msgs/include/control_msgs/control_msgs/action/detail/gripper_command__rosidl_typesupport_fastrtps_cpp.hpp
[1.976s] -- Up-to-date: /home/sara/aubo_ws/install/control_msgs/include/control_msgs/control_msgs/action/detail/point_head__rosidl_typesupport_fastrtps_cpp.hpp
[1.976s] -- Up-to-date: /home/sara/aubo_ws/install/control_msgs/include/control_msgs/control_msgs/action/detail/single_joint_position__rosidl_typesupport_fastrtps_cpp.hpp
[1.976s] -- Up-to-date: /home/sara/aubo_ws/install/control_msgs/include/control_msgs/control_msgs/action/detail/dds_fastrtps
[1.977s] -- Up-to-date: /home/sara/aubo_ws/install/control_msgs/include/control_msgs/control_msgs/action/detail/follow_joint_trajectory__rosidl_typesupport_fastrtps_cpp.hpp
[1.977s] -- Up-to-date: /home/sara/aubo_ws/install/control_msgs/lib/libcontrol_msgs__rosidl_typesupport_fastrtps_cpp.so
[1.977s] -- Up-to-date: /home/sara/aubo_ws/install/control_msgs/include/control_msgs/control_msgs
[1.977s] -- Up-to-date: /home/sara/aubo_ws/install/control_msgs/include/control_msgs/control_msgs/msg
[1.977s] -- Up-to-date: /home/sara/aubo_ws/install/control_msgs/include/control_msgs/control_msgs/msg/detail
[1.978s] -- Up-to-date: /home/sara/aubo_ws/install/control_msgs/include/control_msgs/control_msgs/msg/detail/joint_tolerance__type_support.c
[1.978s] -- Up-to-date: /home/sara/aubo_ws/install/control_msgs/include/control_msgs/control_msgs/msg/detail/joint_component_tolerance__rosidl_typesupport_introspection_c.h
[1.978s] -- Up-to-date: /home/sara/aubo_ws/install/control_msgs/include/control_msgs/control_msgs/msg/detail/mecanum_drive_controller_state__type_support.c
[1.978s] -- Up-to-date: /home/sara/aubo_ws/install/control_msgs/include/control_msgs/control_msgs/msg/detail/steering_controller_status__type_support.c
[1.978s] -- Up-to-date: /home/sara/aubo_ws/install/control_msgs/include/control_msgs/control_msgs/msg/detail/dynamic_joint_state__rosidl_typesupport_introspection_c.h
[1.978s] -- Up-to-date: /home/sara/aubo_ws/install/control_msgs/include/control_msgs/control_msgs/msg/detail/mecanum_drive_controller_state__rosidl_typesupport_introspection_c.h
[1.978s] -- Up-to-date: /home/sara/aubo_ws/install/control_msgs/include/control_msgs/control_msgs/msg/detail/admittance_controller_state__rosidl_typesupport_introspection_c.h
[1.979s] -- Up-to-date: /home/sara/aubo_ws/install/control_msgs/include/control_msgs/control_msgs/msg/detail/joint_tolerance__rosidl_typesupport_introspection_c.h
[1.979s] -- Up-to-date: /home/sara/aubo_ws/install/control_msgs/include/control_msgs/control_msgs/msg/detail/admittance_controller_state__type_support.c
[1.979s] -- Up-to-date: /home/sara/aubo_ws/install/control_msgs/include/control_msgs/control_msgs/msg/detail/joint_jog__type_support.c
[1.979s] -- Up-to-date: /home/sara/aubo_ws/install/control_msgs/include/control_msgs/control_msgs/msg/detail/joint_controller_state__type_support.c
[1.980s] -- Up-to-date: /home/sara/aubo_ws/install/control_msgs/include/control_msgs/control_msgs/msg/detail/joint_controller_state__rosidl_typesupport_introspection_c.h
[1.980s] -- Up-to-date: /home/sara/aubo_ws/install/control_msgs/include/control_msgs/control_msgs/msg/detail/joint_jog__rosidl_typesupport_introspection_c.h
[1.980s] -- Up-to-date: /home/sara/aubo_ws/install/control_msgs/include/control_msgs/control_msgs/msg/detail/gripper_command__rosidl_typesupport_introspection_c.h
[1.980s] -- Up-to-date: /home/sara/aubo_ws/install/control_msgs/include/control_msgs/control_msgs/msg/detail/dynamic_joint_state__type_support.c
[1.980s] -- Up-to-date: /home/sara/aubo_ws/install/control_msgs/include/control_msgs/control_msgs/msg/detail/pid_state__type_support.c
[1.980s] -- Up-to-date: /home/sara/aubo_ws/install/control_msgs/include/control_msgs/control_msgs/msg/detail/joint_trajectory_controller_state__type_support.c
[1.980s] -- Up-to-date: /home/sara/aubo_ws/install/control_msgs/include/control_msgs/control_msgs/msg/detail/steering_controller_status__rosidl_typesupport_introspection_c.h
[1.980s] -- Up-to-date: /home/sara/aubo_ws/install/control_msgs/include/control_msgs/control_msgs/msg/detail/interface_value__type_support.c
[1.981s] -- Up-to-date: /home/sara/aubo_ws/install/control_msgs/include/control_msgs/control_msgs/msg/detail/pid_state__rosidl_typesupport_introspection_c.h
[1.981s] -- Up-to-date: /home/sara/aubo_ws/install/control_msgs/include/control_msgs/control_msgs/msg/detail/joint_component_tolerance__type_support.c
[1.981s] -- Up-to-date: /home/sara/aubo_ws/install/control_msgs/include/control_msgs/control_msgs/msg/detail/interface_value__rosidl_typesupport_introspection_c.h
[1.981s] -- Up-to-date: /home/sara/aubo_ws/install/control_msgs/include/control_msgs/control_msgs/msg/detail/joint_trajectory_controller_state__rosidl_typesupport_introspection_c.h
[1.981s] -- Up-to-date: /home/sara/aubo_ws/install/control_msgs/include/control_msgs/control_msgs/msg/detail/gripper_command__type_support.c
[1.981s] -- Up-to-date: /home/sara/aubo_ws/install/control_msgs/include/control_msgs/control_msgs/msg/rosidl_typesupport_introspection_c__visibility_control.h
[1.981s] -- Up-to-date: /home/sara/aubo_ws/install/control_msgs/include/control_msgs/control_msgs/srv
[1.982s] -- Up-to-date: /home/sara/aubo_ws/install/control_msgs/include/control_msgs/control_msgs/srv/detail
[1.982s] -- Up-to-date: /home/sara/aubo_ws/install/control_msgs/include/control_msgs/control_msgs/srv/detail/query_trajectory_state__type_support.c
[1.982s] -- Up-to-date: /home/sara/aubo_ws/install/control_msgs/include/control_msgs/control_msgs/srv/detail/query_calibration_state__type_support.c
[1.982s] -- Up-to-date: /home/sara/aubo_ws/install/control_msgs/include/control_msgs/control_msgs/srv/detail/query_trajectory_state__rosidl_typesupport_introspection_c.h
[1.982s] -- Up-to-date: /home/sara/aubo_ws/install/control_msgs/include/control_msgs/control_msgs/srv/detail/query_calibration_state__rosidl_typesupport_introspection_c.h
[1.982s] -- Up-to-date: /home/sara/aubo_ws/install/control_msgs/include/control_msgs/control_msgs/action
[1.982s] -- Up-to-date: /home/sara/aubo_ws/install/control_msgs/include/control_msgs/control_msgs/action/detail
[1.982s] -- Up-to-date: /home/sara/aubo_ws/install/control_msgs/include/control_msgs/control_msgs/action/detail/follow_joint_trajectory__type_support.c
[1.983s] -- Up-to-date: /home/sara/aubo_ws/install/control_msgs/include/control_msgs/control_msgs/action/detail/point_head__type_support.c
[1.983s] -- Up-to-date: /home/sara/aubo_ws/install/control_msgs/include/control_msgs/control_msgs/action/detail/single_joint_position__rosidl_typesupport_introspection_c.h
[1.983s] -- Up-to-date: /home/sara/aubo_ws/install/control_msgs/include/control_msgs/control_msgs/action/detail/joint_trajectory__rosidl_typesupport_introspection_c.h
[1.983s] -- Up-to-date: /home/sara/aubo_ws/install/control_msgs/include/control_msgs/control_msgs/action/detail/gripper_command__rosidl_typesupport_introspection_c.h
[1.983s] -- Up-to-date: /home/sara/aubo_ws/install/control_msgs/include/control_msgs/control_msgs/action/detail/point_head__rosidl_typesupport_introspection_c.h
[1.983s] -- Up-to-date: /home/sara/aubo_ws/install/control_msgs/include/control_msgs/control_msgs/action/detail/joint_trajectory__type_support.c
[1.983s] -- Up-to-date: /home/sara/aubo_ws/install/control_msgs/include/control_msgs/control_msgs/action/detail/single_joint_position__type_support.c
[1.983s] -- Up-to-date: /home/sara/aubo_ws/install/control_msgs/include/control_msgs/control_msgs/action/detail/gripper_command__type_support.c
[1.983s] -- Up-to-date: /home/sara/aubo_ws/install/control_msgs/include/control_msgs/control_msgs/action/detail/follow_joint_trajectory__rosidl_typesupport_introspection_c.h
[1.984s] -- Up-to-date: /home/sara/aubo_ws/install/control_msgs/lib/libcontrol_msgs__rosidl_typesupport_introspection_c.so
[1.984s] -- Up-to-date: /home/sara/aubo_ws/install/control_msgs/lib/libcontrol_msgs__rosidl_typesupport_c.so
[1.984s] -- Up-to-date: /home/sara/aubo_ws/install/control_msgs/include/control_msgs/control_msgs
[1.984s] -- Up-to-date: /home/sara/aubo_ws/install/control_msgs/include/control_msgs/control_msgs/msg
[1.984s] -- Up-to-date: /home/sara/aubo_ws/install/control_msgs/include/control_msgs/control_msgs/msg/detail
[1.984s] -- Up-to-date: /home/sara/aubo_ws/install/control_msgs/include/control_msgs/control_msgs/msg/detail/steering_controller_status__rosidl_typesupport_introspection_cpp.hpp
[1.984s] -- Up-to-date: /home/sara/aubo_ws/install/control_msgs/include/control_msgs/control_msgs/msg/detail/admittance_controller_state__type_support.cpp
[1.984s] -- Up-to-date: /home/sara/aubo_ws/install/control_msgs/include/control_msgs/control_msgs/msg/detail/joint_trajectory_controller_state__rosidl_typesupport_introspection_cpp.hpp
[1.985s] -- Up-to-date: /home/sara/aubo_ws/install/control_msgs/include/control_msgs/control_msgs/msg/detail/mecanum_drive_controller_state__rosidl_typesupport_introspection_cpp.hpp
[1.985s] -- Up-to-date: /home/sara/aubo_ws/install/control_msgs/include/control_msgs/control_msgs/msg/detail/dynamic_joint_state__rosidl_typesupport_introspection_cpp.hpp
[1.985s] -- Up-to-date: /home/sara/aubo_ws/install/control_msgs/include/control_msgs/control_msgs/msg/detail/joint_controller_state__rosidl_typesupport_introspection_cpp.hpp
[1.985s] -- Up-to-date: /home/sara/aubo_ws/install/control_msgs/include/control_msgs/control_msgs/msg/detail/pid_state__type_support.cpp
[1.985s] -- Up-to-date: /home/sara/aubo_ws/install/control_msgs/include/control_msgs/control_msgs/msg/detail/dynamic_joint_state__type_support.cpp
[1.985s] -- Up-to-date: /home/sara/aubo_ws/install/control_msgs/include/control_msgs/control_msgs/msg/detail/mecanum_drive_controller_state__type_support.cpp
[1.985s] -- Up-to-date: /home/sara/aubo_ws/install/control_msgs/include/control_msgs/control_msgs/msg/detail/joint_tolerance__rosidl_typesupport_introspection_cpp.hpp
[1.985s] -- Up-to-date: /home/sara/aubo_ws/install/control_msgs/include/control_msgs/control_msgs/msg/detail/joint_jog__rosidl_typesupport_introspection_cpp.hpp
[1.986s] -- Up-to-date: /home/sara/aubo_ws/install/control_msgs/include/control_msgs/control_msgs/msg/detail/joint_trajectory_controller_state__type_support.cpp
[1.986s] -- Up-to-date: /home/sara/aubo_ws/install/control_msgs/include/control_msgs/control_msgs/msg/detail/joint_component_tolerance__rosidl_typesupport_introspection_cpp.hpp
[1.986s] -- Up-to-date: /home/sara/aubo_ws/install/control_msgs/include/control_msgs/control_msgs/msg/detail/admittance_controller_state__rosidl_typesupport_introspection_cpp.hpp
[1.986s] -- Up-to-date: /home/sara/aubo_ws/install/control_msgs/include/control_msgs/control_msgs/msg/detail/steering_controller_status__type_support.cpp
[1.986s] -- Up-to-date: /home/sara/aubo_ws/install/control_msgs/include/control_msgs/control_msgs/msg/detail/pid_state__rosidl_typesupport_introspection_cpp.hpp
[1.986s] -- Up-to-date: /home/sara/aubo_ws/install/control_msgs/include/control_msgs/control_msgs/msg/detail/joint_component_tolerance__type_support.cpp
[1.986s] -- Up-to-date: /home/sara/aubo_ws/install/control_msgs/include/control_msgs/control_msgs/msg/detail/gripper_command__type_support.cpp
[1.986s] -- Up-to-date: /home/sara/aubo_ws/install/control_msgs/include/control_msgs/control_msgs/msg/detail/joint_tolerance__type_support.cpp
[1.986s] -- Up-to-date: /home/sara/aubo_ws/install/control_msgs/include/control_msgs/control_msgs/msg/detail/joint_controller_state__type_support.cpp
[1.986s] -- Up-to-date: /home/sara/aubo_ws/install/control_msgs/include/control_msgs/control_msgs/msg/detail/interface_value__rosidl_typesupport_introspection_cpp.hpp
[1.986s] -- Up-to-date: /home/sara/aubo_ws/install/control_msgs/include/control_msgs/control_msgs/msg/detail/joint_jog__type_support.cpp
[1.986s] -- Up-to-date: /home/sara/aubo_ws/install/control_msgs/include/control_msgs/control_msgs/msg/detail/gripper_command__rosidl_typesupport_introspection_cpp.hpp
[1.987s] -- Up-to-date: /home/sara/aubo_ws/install/control_msgs/include/control_msgs/control_msgs/msg/detail/interface_value__type_support.cpp
[1.987s] -- Up-to-date: /home/sara/aubo_ws/install/control_msgs/include/control_msgs/control_msgs/srv
[1.987s] -- Up-to-date: /home/sara/aubo_ws/install/control_msgs/include/control_msgs/control_msgs/srv/detail
[1.987s] -- Up-to-date: /home/sara/aubo_ws/install/control_msgs/include/control_msgs/control_msgs/srv/detail/query_calibration_state__rosidl_typesupport_introspection_cpp.hpp
[1.987s] -- Up-to-date: /home/sara/aubo_ws/install/control_msgs/include/control_msgs/control_msgs/srv/detail/query_trajectory_state__rosidl_typesupport_introspection_cpp.hpp
[1.987s] -- Up-to-date: /home/sara/aubo_ws/install/control_msgs/include/control_msgs/control_msgs/srv/detail/query_trajectory_state__type_support.cpp
[1.987s] -- Up-to-date: /home/sara/aubo_ws/install/control_msgs/include/control_msgs/control_msgs/srv/detail/query_calibration_state__type_support.cpp
[1.987s] -- Up-to-date: /home/sara/aubo_ws/install/control_msgs/include/control_msgs/control_msgs/action
[1.987s] -- Up-to-date: /home/sara/aubo_ws/install/control_msgs/include/control_msgs/control_msgs/action/detail
[1.987s] -- Up-to-date: /home/sara/aubo_ws/install/control_msgs/include/control_msgs/control_msgs/action/detail/follow_joint_trajectory__type_support.cpp
[1.987s] -- Up-to-date: /home/sara/aubo_ws/install/control_msgs/include/control_msgs/control_msgs/action/detail/follow_joint_trajectory__rosidl_typesupport_introspection_cpp.hpp
[1.988s] -- Up-to-date: /home/sara/aubo_ws/install/control_msgs/include/control_msgs/control_msgs/action/detail/single_joint_position__type_support.cpp
[1.988s] -- Up-to-date: /home/sara/aubo_ws/install/control_msgs/include/control_msgs/control_msgs/action/detail/point_head__type_support.cpp
[1.988s] -- Up-to-date: /home/sara/aubo_ws/install/control_msgs/include/control_msgs/control_msgs/action/detail/gripper_command__type_support.cpp
[1.988s] -- Up-to-date: /home/sara/aubo_ws/install/control_msgs/include/control_msgs/control_msgs/action/detail/single_joint_position__rosidl_typesupport_introspection_cpp.hpp
[1.988s] -- Up-to-date: /home/sara/aubo_ws/install/control_msgs/include/control_msgs/control_msgs/action/detail/point_head__rosidl_typesupport_introspection_cpp.hpp
[1.988s] -- Up-to-date: /home/sara/aubo_ws/install/control_msgs/include/control_msgs/control_msgs/action/detail/joint_trajectory__rosidl_typesupport_introspection_cpp.hpp
[1.988s] -- Up-to-date: /home/sara/aubo_ws/install/control_msgs/include/control_msgs/control_msgs/action/detail/joint_trajectory__type_support.cpp
[1.988s] -- Up-to-date: /home/sara/aubo_ws/install/control_msgs/include/control_msgs/control_msgs/action/detail/gripper_command__rosidl_typesupport_introspection_cpp.hpp
[1.988s] -- Up-to-date: /home/sara/aubo_ws/install/control_msgs/lib/libcontrol_msgs__rosidl_typesupport_introspection_cpp.so
[1.988s] -- Up-to-date: /home/sara/aubo_ws/install/control_msgs/lib/libcontrol_msgs__rosidl_typesupport_cpp.so
[1.988s] -- Up-to-date: /home/sara/aubo_ws/install/control_msgs/share/control_msgs/environment/pythonpath.sh
[1.988s] -- Up-to-date: /home/sara/aubo_ws/install/control_msgs/share/control_msgs/environment/pythonpath.dsv
[1.988s] -- Up-to-date: /home/sara/aubo_ws/install/control_msgs/local/lib/python3.10/dist-packages/control_msgs-4.4.0-py3.10.egg-info
[1.988s] -- Installing: /home/sara/aubo_ws/install/control_msgs/local/lib/python3.10/dist-packages/control_msgs-4.4.0-py3.10.egg-info/dependency_links.txt
[1.988s] -- Installing: /home/sara/aubo_ws/install/control_msgs/local/lib/python3.10/dist-packages/control_msgs-4.4.0-py3.10.egg-info/top_level.txt
[1.988s] -- Installing: /home/sara/aubo_ws/install/control_msgs/local/lib/python3.10/dist-packages/control_msgs-4.4.0-py3.10.egg-info/SOURCES.txt
[1.988s] -- Installing: /home/sara/aubo_ws/install/control_msgs/local/lib/python3.10/dist-packages/control_msgs-4.4.0-py3.10.egg-info/PKG-INFO
[1.989s] -- Up-to-date: /home/sara/aubo_ws/install/control_msgs/local/lib/python3.10/dist-packages/control_msgs
[1.989s] -- Up-to-date: /home/sara/aubo_ws/install/control_msgs/local/lib/python3.10/dist-packages/control_msgs/msg
[1.989s] -- Up-to-date: /home/sara/aubo_ws/install/control_msgs/local/lib/python3.10/dist-packages/control_msgs/msg/_pid_state_s.c
[1.989s] -- Up-to-date: /home/sara/aubo_ws/install/control_msgs/local/lib/python3.10/dist-packages/control_msgs/msg/_gripper_command_s.c
[1.989s] -- Up-to-date: /home/sara/aubo_ws/install/control_msgs/local/lib/python3.10/dist-packages/control_msgs/msg/__init__.py
[1.989s] -- Up-to-date: /home/sara/aubo_ws/install/control_msgs/local/lib/python3.10/dist-packages/control_msgs/msg/_steering_controller_status.py
[1.989s] -- Up-to-date: /home/sara/aubo_ws/install/control_msgs/local/lib/python3.10/dist-packages/control_msgs/msg/_joint_jog.py
[1.989s] -- Up-to-date: /home/sara/aubo_ws/install/control_msgs/local/lib/python3.10/dist-packages/control_msgs/msg/_joint_trajectory_controller_state.py
[1.990s] -- Up-to-date: /home/sara/aubo_ws/install/control_msgs/local/lib/python3.10/dist-packages/control_msgs/msg/_interface_value.py
[1.990s] -- Up-to-date: /home/sara/aubo_ws/install/control_msgs/local/lib/python3.10/dist-packages/control_msgs/msg/_admittance_controller_state.py
[1.990s] -- Up-to-date: /home/sara/aubo_ws/install/control_msgs/local/lib/python3.10/dist-packages/control_msgs/msg/_steering_controller_status_s.c
[1.990s] -- Up-to-date: /home/sara/aubo_ws/install/control_msgs/local/lib/python3.10/dist-packages/control_msgs/msg/_dynamic_joint_state_s.c
[1.990s] -- Up-to-date: /home/sara/aubo_ws/install/control_msgs/local/lib/python3.10/dist-packages/control_msgs/msg/_gripper_command.py
[1.990s] -- Up-to-date: /home/sara/aubo_ws/install/control_msgs/local/lib/python3.10/dist-packages/control_msgs/msg/_dynamic_joint_state.py
[1.990s] -- Up-to-date: /home/sara/aubo_ws/install/control_msgs/local/lib/python3.10/dist-packages/control_msgs/msg/_joint_controller_state_s.c
[1.990s] -- Up-to-date: /home/sara/aubo_ws/install/control_msgs/local/lib/python3.10/dist-packages/control_msgs/msg/_joint_tolerance_s.c
[1.990s] -- Up-to-date: /home/sara/aubo_ws/install/control_msgs/local/lib/python3.10/dist-packages/control_msgs/msg/_joint_component_tolerance.py
[1.991s] -- Up-to-date: /home/sara/aubo_ws/install/control_msgs/local/lib/python3.10/dist-packages/control_msgs/msg/_joint_controller_state.py
[1.991s] -- Up-to-date: /home/sara/aubo_ws/install/control_msgs/local/lib/python3.10/dist-packages/control_msgs/msg/_mecanum_drive_controller_state_s.c
[1.991s] -- Up-to-date: /home/sara/aubo_ws/install/control_msgs/local/lib/python3.10/dist-packages/control_msgs/msg/_interface_value_s.c
[1.991s] -- Up-to-date: /home/sara/aubo_ws/install/control_msgs/local/lib/python3.10/dist-packages/control_msgs/msg/_joint_component_tolerance_s.c
[1.991s] -- Up-to-date: /home/sara/aubo_ws/install/control_msgs/local/lib/python3.10/dist-packages/control_msgs/msg/_pid_state.py
[1.991s] -- Up-to-date: /home/sara/aubo_ws/install/control_msgs/local/lib/python3.10/dist-packages/control_msgs/msg/_joint_tolerance.py
[1.991s] -- Up-to-date: /home/sara/aubo_ws/install/control_msgs/local/lib/python3.10/dist-packages/control_msgs/msg/_joint_jog_s.c
[1.992s] -- Up-to-date: /home/sara/aubo_ws/install/control_msgs/local/lib/python3.10/dist-packages/control_msgs/msg/_admittance_controller_state_s.c
[1.992s] -- Up-to-date: /home/sara/aubo_ws/install/control_msgs/local/lib/python3.10/dist-packages/control_msgs/msg/_joint_trajectory_controller_state_s.c
[1.992s] -- Up-to-date: /home/sara/aubo_ws/install/control_msgs/local/lib/python3.10/dist-packages/control_msgs/msg/_mecanum_drive_controller_state.py
[1.992s] -- Up-to-date: /home/sara/aubo_ws/install/control_msgs/local/lib/python3.10/dist-packages/control_msgs/__init__.py
[1.994s] -- Up-to-date: /home/sara/aubo_ws/install/control_msgs/local/lib/python3.10/dist-packages/control_msgs/control_msgs_s__rosidl_typesupport_fastrtps_c.cpython-310-x86_64-linux-gnu.so
[1.994s] -- Up-to-date: /home/sara/aubo_ws/install/control_msgs/local/lib/python3.10/dist-packages/control_msgs/_control_msgs_s.ep.rosidl_typesupport_c.c
[1.994s] -- Up-to-date: /home/sara/aubo_ws/install/control_msgs/local/lib/python3.10/dist-packages/control_msgs/srv
[1.994s] -- Up-to-date: /home/sara/aubo_ws/install/control_msgs/local/lib/python3.10/dist-packages/control_msgs/srv/__init__.py
[1.994s] -- Up-to-date: /home/sara/aubo_ws/install/control_msgs/local/lib/python3.10/dist-packages/control_msgs/srv/_query_calibration_state.py
[1.994s] -- Up-to-date: /home/sara/aubo_ws/install/control_msgs/local/lib/python3.10/dist-packages/control_msgs/srv/_query_trajectory_state.py
[1.994s] -- Up-to-date: /home/sara/aubo_ws/install/control_msgs/local/lib/python3.10/dist-packages/control_msgs/srv/_query_calibration_state_s.c
[1.995s] -- Up-to-date: /home/sara/aubo_ws/install/control_msgs/local/lib/python3.10/dist-packages/control_msgs/srv/_query_trajectory_state_s.c
[1.995s] -- Up-to-date: /home/sara/aubo_ws/install/control_msgs/local/lib/python3.10/dist-packages/control_msgs/_control_msgs_s.ep.rosidl_typesupport_fastrtps_c.c
[1.995s] -- Up-to-date: /home/sara/aubo_ws/install/control_msgs/local/lib/python3.10/dist-packages/control_msgs/libcontrol_msgs__rosidl_generator_py.so
[1.995s] -- Up-to-date: /home/sara/aubo_ws/install/control_msgs/local/lib/python3.10/dist-packages/control_msgs/_control_msgs_s.ep.rosidl_typesupport_introspection_c.c
[1.995s] -- Up-to-date: /home/sara/aubo_ws/install/control_msgs/local/lib/python3.10/dist-packages/control_msgs/action
[1.995s] -- Up-to-date: /home/sara/aubo_ws/install/control_msgs/local/lib/python3.10/dist-packages/control_msgs/action/_single_joint_position.py
[1.995s] -- Up-to-date: /home/sara/aubo_ws/install/control_msgs/local/lib/python3.10/dist-packages/control_msgs/action/_gripper_command_s.c
[1.995s] -- Up-to-date: /home/sara/aubo_ws/install/control_msgs/local/lib/python3.10/dist-packages/control_msgs/action/_follow_joint_trajectory.py
[1.995s] -- Up-to-date: /home/sara/aubo_ws/install/control_msgs/local/lib/python3.10/dist-packages/control_msgs/action/__init__.py
[1.995s] -- Up-to-date: /home/sara/aubo_ws/install/control_msgs/local/lib/python3.10/dist-packages/control_msgs/action/_follow_joint_trajectory_s.c
[1.995s] -- Up-to-date: /home/sara/aubo_ws/install/control_msgs/local/lib/python3.10/dist-packages/control_msgs/action/_point_head_s.c
[1.995s] -- Up-to-date: /home/sara/aubo_ws/install/control_msgs/local/lib/python3.10/dist-packages/control_msgs/action/_single_joint_position_s.c
[1.995s] -- Up-to-date: /home/sara/aubo_ws/install/control_msgs/local/lib/python3.10/dist-packages/control_msgs/action/_joint_trajectory_s.c
[1.995s] -- Up-to-date: /home/sara/aubo_ws/install/control_msgs/local/lib/python3.10/dist-packages/control_msgs/action/_gripper_command.py
[1.996s] -- Up-to-date: /home/sara/aubo_ws/install/control_msgs/local/lib/python3.10/dist-packages/control_msgs/action/_joint_trajectory.py
[1.996s] -- Up-to-date: /home/sara/aubo_ws/install/control_msgs/local/lib/python3.10/dist-packages/control_msgs/action/_point_head.py
[1.996s] -- Up-to-date: /home/sara/aubo_ws/install/control_msgs/local/lib/python3.10/dist-packages/control_msgs/control_msgs_s__rosidl_typesupport_introspection_c.cpython-310-x86_64-linux-gnu.so
[1.996s] -- Up-to-date: /home/sara/aubo_ws/install/control_msgs/local/lib/python3.10/dist-packages/control_msgs/control_msgs_s__rosidl_typesupport_c.cpython-310-x86_64-linux-gnu.so
[1.996s] Listing '/home/sara/aubo_ws/install/control_msgs/local/lib/python3.10/dist-packages/control_msgs'...
[1.996s] Listing '/home/sara/aubo_ws/install/control_msgs/local/lib/python3.10/dist-packages/control_msgs/action'...
[1.996s] Listing '/home/sara/aubo_ws/install/control_msgs/local/lib/python3.10/dist-packages/control_msgs/msg'...
[1.996s] Listing '/home/sara/aubo_ws/install/control_msgs/local/lib/python3.10/dist-packages/control_msgs/srv'...
[1.996s] -- Up-to-date: /home/sara/aubo_ws/install/control_msgs/local/lib/python3.10/dist-packages/control_msgs/control_msgs_s__rosidl_typesupport_fastrtps_c.cpython-310-x86_64-linux-gnu.so
[1.996s] -- Up-to-date: /home/sara/aubo_ws/install/control_msgs/local/lib/python3.10/dist-packages/control_msgs/control_msgs_s__rosidl_typesupport_introspection_c.cpython-310-x86_64-linux-gnu.so
[1.996s] -- Up-to-date: /home/sara/aubo_ws/install/control_msgs/local/lib/python3.10/dist-packages/control_msgs/control_msgs_s__rosidl_typesupport_c.cpython-310-x86_64-linux-gnu.so
[1.996s] -- Up-to-date: /home/sara/aubo_ws/install/control_msgs/lib/libcontrol_msgs__rosidl_generator_py.so
[1.997s] -- Up-to-date: /home/sara/aubo_ws/install/control_msgs/share/control_msgs/action/FollowJointTrajectory.idl
[1.997s] -- Up-to-date: /home/sara/aubo_ws/install/control_msgs/share/control_msgs/action/GripperCommand.idl
[1.997s] -- Up-to-date: /home/sara/aubo_ws/install/control_msgs/share/control_msgs/action/JointTrajectory.idl
[1.997s] -- Up-to-date: /home/sara/aubo_ws/install/control_msgs/share/control_msgs/action/PointHead.idl
[1.997s] -- Up-to-date: /home/sara/aubo_ws/install/control_msgs/share/control_msgs/action/SingleJointPosition.idl
[1.997s] -- Up-to-date: /home/sara/aubo_ws/install/control_msgs/share/control_msgs/msg/AdmittanceControllerState.idl
[1.997s] -- Up-to-date: /home/sara/aubo_ws/install/control_msgs/share/control_msgs/msg/DynamicJointState.idl
[1.997s] -- Up-to-date: /home/sara/aubo_ws/install/control_msgs/share/control_msgs/msg/GripperCommand.idl
[1.997s] -- Up-to-date: /home/sara/aubo_ws/install/control_msgs/share/control_msgs/msg/InterfaceValue.idl
[1.997s] -- Up-to-date: /home/sara/aubo_ws/install/control_msgs/share/control_msgs/msg/JointComponentTolerance.idl
[1.997s] -- Up-to-date: /home/sara/aubo_ws/install/control_msgs/share/control_msgs/msg/JointControllerState.idl
[1.997s] -- Up-to-date: /home/sara/aubo_ws/install/control_msgs/share/control_msgs/msg/JointJog.idl
[1.997s] -- Up-to-date: /home/sara/aubo_ws/install/control_msgs/share/control_msgs/msg/JointTolerance.idl
[1.998s] -- Up-to-date: /home/sara/aubo_ws/install/control_msgs/share/control_msgs/msg/JointTrajectoryControllerState.idl
[1.998s] -- Up-to-date: /home/sara/aubo_ws/install/control_msgs/share/control_msgs/msg/MecanumDriveControllerState.idl
[1.998s] -- Up-to-date: /home/sara/aubo_ws/install/control_msgs/share/control_msgs/msg/PidState.idl
[1.998s] -- Up-to-date: /home/sara/aubo_ws/install/control_msgs/share/control_msgs/msg/SteeringControllerStatus.idl
[1.998s] -- Up-to-date: /home/sara/aubo_ws/install/control_msgs/share/control_msgs/srv/QueryCalibrationState.idl
[1.998s] -- Up-to-date: /home/sara/aubo_ws/install/control_msgs/share/control_msgs/srv/QueryTrajectoryState.idl
[1.998s] -- Up-to-date: /home/sara/aubo_ws/install/control_msgs/share/control_msgs/action/FollowJointTrajectory.action
[1.998s] -- Up-to-date: /home/sara/aubo_ws/install/control_msgs/share/control_msgs/action/GripperCommand.action
[1.999s] -- Up-to-date: /home/sara/aubo_ws/install/control_msgs/share/control_msgs/action/JointTrajectory.action
[1.999s] -- Up-to-date: /home/sara/aubo_ws/install/control_msgs/share/control_msgs/action/PointHead.action
[1.999s] -- Up-to-date: /home/sara/aubo_ws/install/control_msgs/share/control_msgs/action/SingleJointPosition.action
[1.999s] -- Up-to-date: /home/sara/aubo_ws/install/control_msgs/share/control_msgs/msg/AdmittanceControllerState.msg
[1.999s] -- Up-to-date: /home/sara/aubo_ws/install/control_msgs/share/control_msgs/msg/DynamicJointState.msg
[1.999s] -- Up-to-date: /home/sara/aubo_ws/install/control_msgs/share/control_msgs/msg/GripperCommand.msg
[1.999s] -- Up-to-date: /home/sara/aubo_ws/install/control_msgs/share/control_msgs/msg/InterfaceValue.msg
[1.999s] -- Up-to-date: /home/sara/aubo_ws/install/control_msgs/share/control_msgs/msg/JointComponentTolerance.msg
[1.999s] -- Up-to-date: /home/sara/aubo_ws/install/control_msgs/share/control_msgs/msg/JointControllerState.msg
[1.999s] -- Up-to-date: /home/sara/aubo_ws/install/control_msgs/share/control_msgs/msg/JointJog.msg
[1.999s] -- Up-to-date: /home/sara/aubo_ws/install/control_msgs/share/control_msgs/msg/JointTolerance.msg
[2.000s] -- Up-to-date: /home/sara/aubo_ws/install/control_msgs/share/control_msgs/msg/JointTrajectoryControllerState.msg
[2.000s] -- Up-to-date: /home/sara/aubo_ws/install/control_msgs/share/control_msgs/msg/MecanumDriveControllerState.msg
[2.000s] -- Up-to-date: /home/sara/aubo_ws/install/control_msgs/share/control_msgs/msg/PidState.msg
[2.000s] -- Up-to-date: /home/sara/aubo_ws/install/control_msgs/share/control_msgs/msg/SteeringControllerStatus.msg
[2.000s] -- Up-to-date: /home/sara/aubo_ws/install/control_msgs/share/control_msgs/srv/QueryCalibrationState.srv
[2.000s] -- Up-to-date: /home/sara/aubo_ws/install/control_msgs/share/control_msgs/srv/QueryCalibrationState_Request.msg
[2.000s] -- Up-to-date: /home/sara/aubo_ws/install/control_msgs/share/control_msgs/srv/QueryCalibrationState_Response.msg
[2.000s] -- Up-to-date: /home/sara/aubo_ws/install/control_msgs/share/control_msgs/srv/QueryTrajectoryState.srv
[2.000s] -- Up-to-date: /home/sara/aubo_ws/install/control_msgs/share/control_msgs/srv/QueryTrajectoryState_Request.msg
[2.000s] -- Up-to-date: /home/sara/aubo_ws/install/control_msgs/share/control_msgs/srv/QueryTrajectoryState_Response.msg
[2.000s] -- Up-to-date: /home/sara/aubo_ws/install/control_msgs/share/ament_index/resource_index/package_run_dependencies/control_msgs
[2.000s] -- Up-to-date: /home/sara/aubo_ws/install/control_msgs/share/ament_index/resource_index/parent_prefix_path/control_msgs
[2.001s] -- Up-to-date: /home/sara/aubo_ws/install/control_msgs/share/control_msgs/environment/ament_prefix_path.sh
[2.001s] -- Up-to-date: /home/sara/aubo_ws/install/control_msgs/share/control_msgs/environment/ament_prefix_path.dsv
[2.001s] -- Up-to-date: /home/sara/aubo_ws/install/control_msgs/share/control_msgs/environment/path.sh
[2.001s] -- Up-to-date: /home/sara/aubo_ws/install/control_msgs/share/control_msgs/environment/path.dsv
[2.001s] -- Up-to-date: /home/sara/aubo_ws/install/control_msgs/share/control_msgs/local_setup.bash
[2.001s] -- Up-to-date: /home/sara/aubo_ws/install/control_msgs/share/control_msgs/local_setup.sh
[2.001s] -- Up-to-date: /home/sara/aubo_ws/install/control_msgs/share/control_msgs/local_setup.zsh
[2.001s] -- Up-to-date: /home/sara/aubo_ws/install/control_msgs/share/control_msgs/local_setup.dsv
[2.001s] -- Installing: /home/sara/aubo_ws/install/control_msgs/share/control_msgs/package.dsv
[2.002s] -- Up-to-date: /home/sara/aubo_ws/install/control_msgs/share/ament_index/resource_index/packages/control_msgs
[2.002s] -- Up-to-date: /home/sara/aubo_ws/install/control_msgs/share/control_msgs/cmake/export_control_msgs__rosidl_generator_cExport.cmake
[2.002s] -- Up-to-date: /home/sara/aubo_ws/install/control_msgs/share/control_msgs/cmake/export_control_msgs__rosidl_generator_cExport-noconfig.cmake
[2.002s] -- Up-to-date: /home/sara/aubo_ws/install/control_msgs/share/control_msgs/cmake/export_control_msgs__rosidl_typesupport_fastrtps_cExport.cmake
[2.002s] -- Up-to-date: /home/sara/aubo_ws/install/control_msgs/share/control_msgs/cmake/export_control_msgs__rosidl_typesupport_fastrtps_cExport-noconfig.cmake
[2.002s] -- Up-to-date: /home/sara/aubo_ws/install/control_msgs/share/control_msgs/cmake/export_control_msgs__rosidl_generator_cppExport.cmake
[2.002s] -- Up-to-date: /home/sara/aubo_ws/install/control_msgs/share/control_msgs/cmake/export_control_msgs__rosidl_typesupport_fastrtps_cppExport.cmake
[2.002s] -- Up-to-date: /home/sara/aubo_ws/install/control_msgs/share/control_msgs/cmake/export_control_msgs__rosidl_typesupport_fastrtps_cppExport-noconfig.cmake
[2.002s] -- Up-to-date: /home/sara/aubo_ws/install/control_msgs/share/control_msgs/cmake/control_msgs__rosidl_typesupport_introspection_cExport.cmake
[2.002s] -- Up-to-date: /home/sara/aubo_ws/install/control_msgs/share/control_msgs/cmake/control_msgs__rosidl_typesupport_introspection_cExport-noconfig.cmake
[2.002s] -- Up-to-date: /home/sara/aubo_ws/install/control_msgs/share/control_msgs/cmake/control_msgs__rosidl_typesupport_cExport.cmake
[2.003s] -- Up-to-date: /home/sara/aubo_ws/install/control_msgs/share/control_msgs/cmake/control_msgs__rosidl_typesupport_cExport-noconfig.cmake
[2.003s] -- Up-to-date: /home/sara/aubo_ws/install/control_msgs/share/control_msgs/cmake/control_msgs__rosidl_typesupport_introspection_cppExport.cmake
[2.003s] -- Up-to-date: /home/sara/aubo_ws/install/control_msgs/share/control_msgs/cmake/control_msgs__rosidl_typesupport_introspection_cppExport-noconfig.cmake
[2.003s] -- Up-to-date: /home/sara/aubo_ws/install/control_msgs/share/control_msgs/cmake/control_msgs__rosidl_typesupport_cppExport.cmake
[2.003s] -- Up-to-date: /home/sara/aubo_ws/install/control_msgs/share/control_msgs/cmake/control_msgs__rosidl_typesupport_cppExport-noconfig.cmake
[2.003s] -- Up-to-date: /home/sara/aubo_ws/install/control_msgs/share/control_msgs/cmake/export_control_msgs__rosidl_generator_pyExport.cmake
[2.003s] -- Up-to-date: /home/sara/aubo_ws/install/control_msgs/share/control_msgs/cmake/export_control_msgs__rosidl_generator_pyExport-noconfig.cmake
[2.003s] -- Up-to-date: /home/sara/aubo_ws/install/control_msgs/share/control_msgs/cmake/rosidl_cmake-extras.cmake
[2.003s] -- Up-to-date: /home/sara/aubo_ws/install/control_msgs/share/control_msgs/cmake/ament_cmake_export_dependencies-extras.cmake
[2.003s] -- Up-to-date: /home/sara/aubo_ws/install/control_msgs/share/control_msgs/cmake/ament_cmake_export_include_directories-extras.cmake
[2.004s] -- Up-to-date: /home/sara/aubo_ws/install/control_msgs/share/control_msgs/cmake/ament_cmake_export_libraries-extras.cmake
[2.004s] -- Up-to-date: /home/sara/aubo_ws/install/control_msgs/share/control_msgs/cmake/ament_cmake_export_targets-extras.cmake
[2.004s] -- Up-to-date: /home/sara/aubo_ws/install/control_msgs/share/control_msgs/cmake/rosidl_cmake_export_typesupport_targets-extras.cmake
[2.004s] -- Up-to-date: /home/sara/aubo_ws/install/control_msgs/share/control_msgs/cmake/rosidl_cmake_export_typesupport_libraries-extras.cmake
[2.004s] -- Up-to-date: /home/sara/aubo_ws/install/control_msgs/share/control_msgs/cmake/control_msgsConfig.cmake
[2.004s] -- Up-to-date: /home/sara/aubo_ws/install/control_msgs/share/control_msgs/cmake/control_msgsConfig-version.cmake
[2.004s] -- Up-to-date: /home/sara/aubo_ws/install/control_msgs/share/control_msgs/package.xml
[2.146s] Invoked command in '/home/sara/aubo_ws/build/control_msgs' returned '0': CMAKE_PREFIX_PATH=${CMAKE_PREFIX_PATH}:/home/sara/aubo_ws/install/rqt_joint_trajectory_controller:/home/sara/aubo_ws/install/rqt_controller_manager:/home/sara/aubo_ws/install/ros2_controllers_test_nodes:/opt/ros/humble /usr/bin/cmake --install /home/sara/aubo_ws/build/control_msgs
