[3.786s] Invoking command in '/home/sara/aubo_ws/build/rqt_controller_manager': AMENT_PREFIX_PATH=/home/sara/aubo_ws/install/controller_manager_msgs:${AMENT_PREFIX_PATH} CMAKE_PREFIX_PATH=/home/sara/aubo_ws/install/controller_manager_msgs:${CMAKE_PREFIX_PATH} LD_LIBRARY_PATH=/home/sara/aubo_ws/install/controller_manager_msgs/lib:/home/sara/ros2_ws/install/velocity_controllers/lib:/home/sara/ros2_ws/install/tricycle_steering_controller/lib:/home/sara/ros2_ws/install/tricycle_controller/lib:/home/sara/ros2_ws/install/ros2_control_demo_example_8/lib:/home/sara/ros2_ws/install/transmission_interface/lib:/home/sara/ros2_ws/install/bicycle_steering_controller/lib:/home/sara/ros2_ws/install/ackermann_steering_controller/lib:/home/sara/ros2_ws/install/steering_controllers_library/lib:/home/sara/ros2_ws/install/ros2_control_demo_example_9/lib:/home/sara/ros2_ws/install/ros2_control_demo_example_7/lib:/home/sara/ros2_ws/install/ros2_control_demo_example_6/lib:/home/sara/ros2_ws/install/ros2_control_demo_example_5/lib:/home/sara/ros2_ws/install/ros2_control_demo_example_4/lib:/home/sara/ros2_ws/install/ros2_control_demo_example_3/lib:/home/sara/ros2_ws/install/ros2_control_demo_example_2/lib:/home/sara/ros2_ws/install/ros2_control_demo_example_14/lib:/home/sara/ros2_ws/install/ros2_control_demo_example_12/lib:/home/sara/ros2_ws/install/ros2_control_demo_example_10/lib:/home/sara/ros2_ws/install/ros2_control_demo_example_1/lib:/home/sara/ros2_ws/install/ign_ros2_control/lib:/home/sara/ros2_ws/install/gazebo_ros2_control/lib:/home/sara/ros2_ws/install/controller_manager/lib:/home/sara/ros2_ws/install/range_sensor_broadcaster/lib:/home/sara/ros2_ws/install/position_controllers/lib:/home/sara/ros2_ws/install/admittance_controller/lib:/home/sara/ros2_ws/install/joint_trajectory_controller/lib:/home/sara/ros2_ws/install/joint_state_broadcaster/lib:/home/sara/ros2_ws/install/imu_sensor_broadcaster/lib:/home/sara/ros2_ws/install/gripper_controllers/lib:/home/sara/ros2_ws/install/effort_controllers/lib:/home/sara/ros2_ws/install/forward_command_controller/lib:/home/sara/ros2_ws/install/force_torque_sensor_broadcaster/lib:/home/sara/ros2_ws/install/diff_drive_controller/lib:/home/sara/ros2_ws/install/control_toolbox/lib:/home/sara/ros2_ws/install/realtime_tools/lib:/home/sara/ros2_ws/install/kinematics_interface_kdl/lib:/home/sara/ros2_ws/install/kinematics_interface/lib:/home/sara/ros2_ws/install/controller_interface/lib:/home/sara/ros2_ws/install/hardware_interface/lib:/home/sara/ros2_ws/install/controller_manager_msgs/lib:/home/sara/ros2_ws/install/control_msgs/lib:/usr/lib/x86_64-linux-gnu/gazebo-11/plugins:/opt/ros/humble/opt/rviz_ogre_vendor/lib:/opt/ros/humble/lib/x86_64-linux-gnu:/opt/ros/humble/lib:/usr/share/gazebo-11/../../lib/x86_64-linux-gnu/gazebo-11/plugins PYTHONPATH=/home/sara/aubo_ws/build/rqt_controller_manager/prefix_override:/home/sara/aubo_ws/install/rqt_controller_manager/lib/python3.10/site-packages:/home/sara/aubo_ws/install/controller_manager_msgs/local/lib/python3.10/dist-packages:${PYTHONPATH} /usr/bin/python3 setup.py develop --editable --build-directory /home/sara/aubo_ws/build/rqt_controller_manager/build --no-deps install_data
[4.890s] running develop
[4.891s] /usr/lib/python3/dist-packages/setuptools/command/easy_install.py:158: EasyInstallDeprecationWarning: easy_install command is deprecated. Use build and pip and other standards-based tools.
[4.891s]   warnings.warn(
[4.895s] /usr/lib/python3/dist-packages/setuptools/command/install.py:34: SetuptoolsDeprecationWarning: setup.py install is deprecated. Use build and pip and other standards-based tools.
[4.895s]   warnings.warn(
[5.562s] running egg_info
[5.563s] writing rqt_controller_manager.egg-info/PKG-INFO
[5.564s] writing dependency_links to rqt_controller_manager.egg-info/dependency_links.txt
[5.565s] writing entry points to rqt_controller_manager.egg-info/entry_points.txt
[5.565s] writing requirements to rqt_controller_manager.egg-info/requires.txt
[5.566s] writing top-level names to rqt_controller_manager.egg-info/top_level.txt
[5.572s] reading manifest file 'rqt_controller_manager.egg-info/SOURCES.txt'
[5.575s] writing manifest file 'rqt_controller_manager.egg-info/SOURCES.txt'
[5.581s] running build_ext
[5.583s] Creating /home/sara/aubo_ws/install/rqt_controller_manager/lib/python3.10/site-packages/rqt-controller-manager.egg-link (link to .)
[5.586s] Installing rqt_controller_manager script to /home/sara/aubo_ws/install/rqt_controller_manager/lib/rqt_controller_manager
[5.587s] 
[5.587s] Installed /home/sara/aubo_ws/build/rqt_controller_manager
[5.587s] running install_data
[5.588s] copying resource/rqt_controller_manager -> /home/sara/aubo_ws/install/rqt_controller_manager/share/ament_index/resource_index/packages
[5.588s] copying package.xml -> /home/sara/aubo_ws/install/rqt_controller_manager/share/rqt_controller_manager
[5.588s] copying resource/led_green.png -> /home/sara/aubo_ws/install/rqt_controller_manager/share/rqt_controller_manager/resource
[5.589s] copying resource/led_red.png -> /home/sara/aubo_ws/install/rqt_controller_manager/share/rqt_controller_manager/resource
[5.589s] copying resource/cm_icon.png -> /home/sara/aubo_ws/install/rqt_controller_manager/share/rqt_controller_manager/resource
[5.590s] copying resource/controller_info.ui -> /home/sara/aubo_ws/install/rqt_controller_manager/share/rqt_controller_manager/resource
[5.590s] copying resource/controller_manager.ui -> /home/sara/aubo_ws/install/rqt_controller_manager/share/rqt_controller_manager/resource
[5.591s] copying resource/led_off.png -> /home/sara/aubo_ws/install/rqt_controller_manager/share/rqt_controller_manager/resource
[5.591s] copying plugin.xml -> /home/sara/aubo_ws/install/rqt_controller_manager/share/rqt_controller_manager
[5.675s] Invoked command in '/home/sara/aubo_ws/build/rqt_controller_manager' returned '0': AMENT_PREFIX_PATH=/home/sara/aubo_ws/install/controller_manager_msgs:${AMENT_PREFIX_PATH} CMAKE_PREFIX_PATH=/home/sara/aubo_ws/install/controller_manager_msgs:${CMAKE_PREFIX_PATH} LD_LIBRARY_PATH=/home/sara/aubo_ws/install/controller_manager_msgs/lib:/home/sara/ros2_ws/install/velocity_controllers/lib:/home/sara/ros2_ws/install/tricycle_steering_controller/lib:/home/sara/ros2_ws/install/tricycle_controller/lib:/home/sara/ros2_ws/install/ros2_control_demo_example_8/lib:/home/sara/ros2_ws/install/transmission_interface/lib:/home/sara/ros2_ws/install/bicycle_steering_controller/lib:/home/sara/ros2_ws/install/ackermann_steering_controller/lib:/home/sara/ros2_ws/install/steering_controllers_library/lib:/home/sara/ros2_ws/install/ros2_control_demo_example_9/lib:/home/sara/ros2_ws/install/ros2_control_demo_example_7/lib:/home/sara/ros2_ws/install/ros2_control_demo_example_6/lib:/home/sara/ros2_ws/install/ros2_control_demo_example_5/lib:/home/sara/ros2_ws/install/ros2_control_demo_example_4/lib:/home/sara/ros2_ws/install/ros2_control_demo_example_3/lib:/home/sara/ros2_ws/install/ros2_control_demo_example_2/lib:/home/sara/ros2_ws/install/ros2_control_demo_example_14/lib:/home/sara/ros2_ws/install/ros2_control_demo_example_12/lib:/home/sara/ros2_ws/install/ros2_control_demo_example_10/lib:/home/sara/ros2_ws/install/ros2_control_demo_example_1/lib:/home/sara/ros2_ws/install/ign_ros2_control/lib:/home/sara/ros2_ws/install/gazebo_ros2_control/lib:/home/sara/ros2_ws/install/controller_manager/lib:/home/sara/ros2_ws/install/range_sensor_broadcaster/lib:/home/sara/ros2_ws/install/position_controllers/lib:/home/sara/ros2_ws/install/admittance_controller/lib:/home/sara/ros2_ws/install/joint_trajectory_controller/lib:/home/sara/ros2_ws/install/joint_state_broadcaster/lib:/home/sara/ros2_ws/install/imu_sensor_broadcaster/lib:/home/sara/ros2_ws/install/gripper_controllers/lib:/home/sara/ros2_ws/install/effort_controllers/lib:/home/sara/ros2_ws/install/forward_command_controller/lib:/home/sara/ros2_ws/install/force_torque_sensor_broadcaster/lib:/home/sara/ros2_ws/install/diff_drive_controller/lib:/home/sara/ros2_ws/install/control_toolbox/lib:/home/sara/ros2_ws/install/realtime_tools/lib:/home/sara/ros2_ws/install/kinematics_interface_kdl/lib:/home/sara/ros2_ws/install/kinematics_interface/lib:/home/sara/ros2_ws/install/controller_interface/lib:/home/sara/ros2_ws/install/hardware_interface/lib:/home/sara/ros2_ws/install/controller_manager_msgs/lib:/home/sara/ros2_ws/install/control_msgs/lib:/usr/lib/x86_64-linux-gnu/gazebo-11/plugins:/opt/ros/humble/opt/rviz_ogre_vendor/lib:/opt/ros/humble/lib/x86_64-linux-gnu:/opt/ros/humble/lib:/usr/share/gazebo-11/../../lib/x86_64-linux-gnu/gazebo-11/plugins PYTHONPATH=/home/sara/aubo_ws/build/rqt_controller_manager/prefix_override:/home/sara/aubo_ws/install/rqt_controller_manager/lib/python3.10/site-packages:/home/sara/aubo_ws/install/controller_manager_msgs/local/lib/python3.10/dist-packages:${PYTHONPATH} /usr/bin/python3 setup.py develop --editable --build-directory /home/sara/aubo_ws/build/rqt_controller_manager/build --no-deps install_data
