[0.088s] Invoking command in '/home/sara/aubo_ws/build/control': CMAKE_PREFIX_PATH=${CMAKE_PREFIX_PATH}:/home/sara/ros2_ws/install/steering_controllers_library:/home/sara/ros2_ws/install/rqt_joint_trajectory_controller:/home/sara/ros2_ws/install/rqt_controller_manager:/home/sara/ros2_ws/install/ros2controlcli:/home/sara/ros2_ws/install/ros2_controllers_test_nodes:/home/sara/aubo_ws/install/ros2_controllers_test_nodes:/opt/ros/humble /usr/bin/cmake --build /home/sara/aubo_ws/build/control -- -j8 -l8
[0.130s] -- Found ament_cmake: 1.3.5 (/opt/ros/humble/share/ament_cmake/cmake)
[0.304s] -- Found rclcpp: 16.0.6 (/opt/ros/humble/share/rclcpp/cmake)
[0.343s] -- Found rosidl_generator_c: 3.1.5 (/opt/ros/humble/share/rosidl_generator_c/cmake)
[0.347s] -- Found rosidl_adapter: 3.1.5 (/opt/ros/humble/share/rosidl_adapter/cmake)
[0.356s] -- Found rosidl_generator_cpp: 3.1.5 (/opt/ros/humble/share/rosidl_generator_cpp/cmake)
[0.372s] -- Using all available rosidl_typesupport_c: rosidl_typesupport_fastrtps_c;rosidl_typesupport_introspection_c
[0.397s] -- Using all available rosidl_typesupport_cpp: rosidl_typesupport_fastrtps_cpp;rosidl_typesupport_introspection_cpp
[0.469s] -- Found rmw_implementation_cmake: 6.1.1 (/opt/ros/humble/share/rmw_implementation_cmake/cmake)
[0.473s] -- Found rmw_fastrtps_cpp: 6.2.4 (/opt/ros/humble/share/rmw_fastrtps_cpp/cmake)
[0.623s] -- Using RMW implementation 'rmw_fastrtps_cpp' as default
[0.780s] -- Found rclcpp_action: 16.0.6 (/opt/ros/humble/share/rclcpp_action/cmake)
[0.871s] -- Found rclcpp_components: 16.0.6 (/opt/ros/humble/share/rclcpp_components/cmake)
[0.943s] [33mCMake Warning (dev) at /usr/share/cmake-3.22/Modules/FindPackageHandleStandardArgs.cmake:438 (message):
[0.943s]   The package name passed to `find_package_handle_standard_args` (PkgConfig)
[0.943s]   does not match the name of the calling package (gazebo).  This can lead to
[0.944s]   problems in calling code that expects `find_package` result variables
[0.944s]   (e.g., `_FOUND`) to follow a certain pattern.
[0.944s] Call Stack (most recent call first):
[0.944s]   /usr/share/cmake-3.22/Modules/FindPkgConfig.cmake:99 (find_package_handle_standard_args)
[0.944s]   /usr/lib/x86_64-linux-gnu/cmake/gazebo/gazebo-config.cmake:72 (include)
[0.944s]   CMakeLists.txt:17 (find_package)
[0.944s] This warning is for project developers.  Use -Wno-dev to suppress it.
[0.944s] [0m
[0.972s] -- Found DART: /usr/include (Required is at least version "6.6") found components: dart 
[1.016s] -- Found Protobuf: /usr/lib/x86_64-linux-gnu/libprotobuf.so (found version "3.12.4") 
[1.022s] -- Looking for ignition-math6 -- found version 6.15.0
[1.035s] -- Searching for dependencies of ignition-math6
[1.038s] -- Looking for OGRE...
[1.048s] -- Found Ogre Ghadamon (1.9.0)
[1.048s] -- Found OGRE: optimized;/usr/lib/x86_64-linux-gnu/libOgreMain.so;debug;/usr/lib/x86_64-linux-gnu/libOgreMain.so
[1.058s] -- Looking for OGRE_Paging...
[1.058s] -- Found OGRE_Paging: optimized;/usr/lib/x86_64-linux-gnu/libOgrePaging.so;debug;/usr/lib/x86_64-linux-gnu/libOgrePaging.so
[1.058s] -- Looking for OGRE_Terrain...
[1.058s] -- Found OGRE_Terrain: optimized;/usr/lib/x86_64-linux-gnu/libOgreTerrain.so;debug;/usr/lib/x86_64-linux-gnu/libOgreTerrain.so
[1.058s] -- Looking for OGRE_Property...
[1.058s] -- Found OGRE_Property: optimized;/usr/lib/x86_64-linux-gnu/libOgreProperty.so;debug;/usr/lib/x86_64-linux-gnu/libOgreProperty.so
[1.059s] -- Looking for OGRE_RTShaderSystem...
[1.059s] -- Found OGRE_RTShaderSystem: optimized;/usr/lib/x86_64-linux-gnu/libOgreRTShaderSystem.so;debug;/usr/lib/x86_64-linux-gnu/libOgreRTShaderSystem.so
[1.059s] -- Looking for OGRE_Volume...
[1.059s] -- Found OGRE_Volume: optimized;/usr/lib/x86_64-linux-gnu/libOgreVolume.so;debug;/usr/lib/x86_64-linux-gnu/libOgreVolume.so
[1.059s] -- Looking for OGRE_Overlay...
[1.059s] -- Found OGRE_Overlay: optimized;/usr/lib/x86_64-linux-gnu/libOgreOverlay.so;debug;/usr/lib/x86_64-linux-gnu/libOgreOverlay.so
[1.278s] -- Looking for ignition-math6 -- found version 6.15.0
[1.279s] -- Looking for ignition-transport8 -- found version 8.2.1
[1.280s] -- Searching for dependencies of ignition-transport8
[1.302s] -- Found Protobuf: /usr/lib/x86_64-linux-gnu/libprotobuf.so (found suitable version "3.12.4", minimum required is "3") 
[1.317s] -- Config-file not installed for ZeroMQ -- checking for pkg-config
[1.322s] -- Checking for module 'libzmq >= 4'
[1.344s] --   Found libzmq , version 4.3.4
[1.399s] -- Checking for module 'uuid'
[1.424s] --   Found uuid, version 2.37.2
[1.479s] -- Looking for ignition-msgs5 -- found version 5.8.1
[1.479s] -- Searching for dependencies of ignition-msgs5
[1.508s] -- Looking for ignition-math6 -- found version 6.15.0
[1.515s] -- Checking for module 'tinyxml2'
[1.540s] --   Found tinyxml2, version 9.0.0
[1.597s] -- Looking for ignition-msgs5 -- found version 5.8.1
[1.597s] -- Looking for ignition-common3 -- found version 3.14.0
[1.598s] -- Searching for dependencies of ignition-common3
[1.598s] -- Looking for dlfcn.h - found
[1.598s] -- Looking for libdl - found
[1.615s] -- Searching for <ignition-common3> component [graphics]
[1.615s] -- Looking for ignition-common3-graphics -- found version 3.14.0
[1.616s] -- Searching for dependencies of ignition-common3-graphics
[1.616s] -- Looking for ignition-math6 -- found version 6.15.0
[1.618s] -- Looking for ignition-fuel_tools4 -- found version 4.4.0
[1.619s] -- Searching for dependencies of ignition-fuel_tools4
[1.671s] -- Checking for module 'jsoncpp'
[1.691s] --   Found jsoncpp, version 1.9.5
[1.741s] -- Checking for module 'libzip'
[1.760s] --   Found libzip, version 1.7.3
[1.804s] -- Looking for ignition-common3 -- found version 3.14.0
[1.804s] -- Looking for ignition-math6 -- found version 6.15.0
[1.805s] -- Looking for ignition-msgs5 -- found version 5.8.1
[1.807s] -- Found control_msgs: 4.4.0 (/opt/ros/humble/share/control_msgs/cmake)
[2.228s] -- Found gazebo_msgs: 3.7.0 (/opt/ros/humble/share/gazebo_msgs/cmake)
[2.384s] -- Found ament_lint_auto: 0.12.8 (/opt/ros/humble/share/ament_lint_auto/cmake)
[2.494s] -- Added test 'cppcheck' to perform static code analysis on C / C++ code
[2.495s] -- Configured cppcheck include dirs: /home/sara/aubo_ws/src/aubo_control/control/include
[2.495s] -- Configured cppcheck exclude dirs and/or files: 
[2.496s] -- Added test 'flake8' to check Python code syntax and style conventions
[2.496s] -- Added test 'lint_cmake' to check CMake code style
[2.497s] -- Added test 'pep257' to check Python code against some of the docstring style conventions in PEP 257
[2.499s] -- Added test 'uncrustify' to check C / C++ code style
[2.499s] -- Configured uncrustify additional arguments: 
[2.499s] -- Added test 'xmllint' to check XML markup files
[2.500s] -- Configuring done
[2.530s] -- Generating done
[2.532s] -- Build files have been written to: /home/sara/aubo_ws/build/control
[2.581s] [35m[1mConsolidate compiler generated dependencies of target dir_kin[0m
[2.581s] [35m[1mConsolidate compiler generated dependencies of target inv_kin[0m
[2.581s] [35m[1mConsolidate compiler generated dependencies of target test_pub[0m
[2.581s] [35m[1mConsolidate compiler generated dependencies of target sim_sub[0m
[2.581s] [35m[1mConsolidate compiler generated dependencies of target sim_pub[0m
[2.581s] [35m[1mConsolidate compiler generated dependencies of target sim_test[0m
[2.581s] [35m[1mConsolidate compiler generated dependencies of target controller[0m
[2.583s] [35m[1mConsolidate compiler generated dependencies of target sim_control[0m
[2.621s] [ 25%] Built target sim_pub
[2.621s] [ 25%] Built target sim_sub
[2.621s] [ 37%] Built target test_pub
[2.621s] [ 62%] Built target inv_kin
[2.622s] [ 62%] Built target dir_kin
[2.622s] [ 75%] Built target sim_test
[2.624s] [ 87%] Built target controller
[2.625s] [100%] Built target sim_control
[2.639s] Invoked command in '/home/sara/aubo_ws/build/control' returned '0': CMAKE_PREFIX_PATH=${CMAKE_PREFIX_PATH}:/home/sara/ros2_ws/install/steering_controllers_library:/home/sara/ros2_ws/install/rqt_joint_trajectory_controller:/home/sara/ros2_ws/install/rqt_controller_manager:/home/sara/ros2_ws/install/ros2controlcli:/home/sara/ros2_ws/install/ros2_controllers_test_nodes:/home/sara/aubo_ws/install/ros2_controllers_test_nodes:/opt/ros/humble /usr/bin/cmake --build /home/sara/aubo_ws/build/control -- -j8 -l8
[2.732s] Invoking command in '/home/sara/aubo_ws/build/control': CMAKE_PREFIX_PATH=${CMAKE_PREFIX_PATH}:/home/sara/ros2_ws/install/steering_controllers_library:/home/sara/ros2_ws/install/rqt_joint_trajectory_controller:/home/sara/ros2_ws/install/rqt_controller_manager:/home/sara/ros2_ws/install/ros2controlcli:/home/sara/ros2_ws/install/ros2_controllers_test_nodes:/home/sara/aubo_ws/install/ros2_controllers_test_nodes:/opt/ros/humble /usr/bin/cmake --install /home/sara/aubo_ws/build/control
[2.742s] -- Install configuration: ""
[2.742s] -- Up-to-date: /home/sara/aubo_ws/install/control/lib/control/controller
[2.742s] -- Up-to-date: /home/sara/aubo_ws/install/control/lib/control/dir_kin
[2.743s] -- Up-to-date: /home/sara/aubo_ws/install/control/lib/control/inv_kin
[2.743s] -- Up-to-date: /home/sara/aubo_ws/install/control/lib/control/test_pub
[2.743s] -- Up-to-date: /home/sara/aubo_ws/install/control/lib/control/sim_pub
[2.744s] -- Up-to-date: /home/sara/aubo_ws/install/control/lib/control/sim_sub
[2.744s] -- Up-to-date: /home/sara/aubo_ws/install/control/lib/control/sim_test
[2.744s] -- Up-to-date: /home/sara/aubo_ws/install/control/lib/control/sim_control
[2.745s] -- Up-to-date: /home/sara/aubo_ws/install/control/share/control/launch
[2.745s] -- Up-to-date: /home/sara/aubo_ws/install/control/share/control/launch/listener.launch.py
[2.745s] -- Up-to-date: /home/sara/aubo_ws/install/control/share/control/launch/robots.launch.py
[2.745s] -- Up-to-date: /home/sara/aubo_ws/install/control/share/control/launch/one_robot.launch.py
[2.745s] -- Up-to-date: /home/sara/aubo_ws/install/control/share/control/launch/view_robot.launch.py
[2.745s] -- Up-to-date: /home/sara/aubo_ws/install/control/share/control/launch/world.launch.py
[2.745s] -- Up-to-date: /home/sara/aubo_ws/install/control/share/control/launch/gz.launch.py
[2.745s] -- Up-to-date: /home/sara/aubo_ws/install/control/share/control/launch/gz_4.launch.py
[2.745s] -- Up-to-date: /home/sara/aubo_ws/install/control/share/control/launch/gz_2.launch.py
[2.745s] -- Up-to-date: /home/sara/aubo_ws/install/control/share/control/launch/spawn_robot_launch_v4.launch.py
[2.745s] -- Up-to-date: /home/sara/aubo_ws/install/control/share/control/launch/gz_1.launch.py
[2.745s] -- Up-to-date: /home/sara/aubo_ws/install/control/share/control/worlds
[2.745s] -- Up-to-date: /home/sara/aubo_ws/install/control/share/control/worlds/gz_3.world
[2.745s] -- Up-to-date: /home/sara/aubo_ws/install/control/share/control/worlds/gazebo_ros_joint_pose_trajectory_demo.world
[2.745s] -- Up-to-date: /home/sara/aubo_ws/install/control/share/ament_index/resource_index/package_run_dependencies/control
[2.745s] -- Installing: /home/sara/aubo_ws/install/control/share/ament_index/resource_index/parent_prefix_path/control
[2.746s] -- Up-to-date: /home/sara/aubo_ws/install/control/share/control/environment/ament_prefix_path.sh
[2.746s] -- Installing: /home/sara/aubo_ws/install/control/share/control/environment/ament_prefix_path.dsv
[2.746s] -- Up-to-date: /home/sara/aubo_ws/install/control/share/control/environment/path.sh
[2.746s] -- Installing: /home/sara/aubo_ws/install/control/share/control/environment/path.dsv
[2.746s] -- Up-to-date: /home/sara/aubo_ws/install/control/share/control/local_setup.bash
[2.746s] -- Up-to-date: /home/sara/aubo_ws/install/control/share/control/local_setup.sh
[2.746s] -- Up-to-date: /home/sara/aubo_ws/install/control/share/control/local_setup.zsh
[2.746s] -- Installing: /home/sara/aubo_ws/install/control/share/control/local_setup.dsv
[2.746s] -- Installing: /home/sara/aubo_ws/install/control/share/control/package.dsv
[2.746s] -- Up-to-date: /home/sara/aubo_ws/install/control/share/ament_index/resource_index/packages/control
[2.746s] -- Up-to-date: /home/sara/aubo_ws/install/control/share/control/cmake/controlConfig.cmake
[2.746s] -- Up-to-date: /home/sara/aubo_ws/install/control/share/control/cmake/controlConfig-version.cmake
[2.746s] -- Up-to-date: /home/sara/aubo_ws/install/control/share/control/package.xml
[2.747s] Invoked command in '/home/sara/aubo_ws/build/control' returned '0': CMAKE_PREFIX_PATH=${CMAKE_PREFIX_PATH}:/home/sara/ros2_ws/install/steering_controllers_library:/home/sara/ros2_ws/install/rqt_joint_trajectory_controller:/home/sara/ros2_ws/install/rqt_controller_manager:/home/sara/ros2_ws/install/ros2controlcli:/home/sara/ros2_ws/install/ros2_controllers_test_nodes:/home/sara/aubo_ws/install/ros2_controllers_test_nodes:/opt/ros/humble /usr/bin/cmake --install /home/sara/aubo_ws/build/control
