[0.144s] Invoking command in '/home/sara/aubo_ws/build/aubo_description': CMAKE_PREFIX_PATH=${CMAKE_PREFIX_PATH}:/home/sara/ros2_ws/install/steering_controllers_library:/home/sara/ros2_ws/install/rqt_joint_trajectory_controller:/home/sara/ros2_ws/install/rqt_controller_manager:/home/sara/ros2_ws/install/ros2controlcli:/home/sara/ros2_ws/install/ros2_controllers_test_nodes:/home/sara/aubo_ws/install/ros2_controllers_test_nodes:/opt/ros/humble /usr/bin/cmake /home/sara/aubo_ws/src/aubo_description -DCMAKE_INSTALL_PREFIX=/home/sara/aubo_ws/install/aubo_description
[0.163s] -- Found ament_cmake: 1.3.5 (/opt/ros/humble/share/ament_cmake/cmake)
[0.358s] -- Override CMake install command with custom implementation using symlinks instead of copying resources
[0.371s] -- Found ament_lint_auto: 0.12.8 (/opt/ros/humble/share/ament_lint_auto/cmake)
[0.470s] -- Added test 'lint_cmake' to check CMake code style
[0.471s] -- Added test 'xmllint' to check XML markup files
[0.473s] -- Configuring done
[0.476s] -- Generating done
[0.477s] -- Build files have been written to: /home/sara/aubo_ws/build/aubo_description
[0.481s] Invoked command in '/home/sara/aubo_ws/build/aubo_description' returned '0': CMAKE_PREFIX_PATH=${CMAKE_PREFIX_PATH}:/home/sara/ros2_ws/install/steering_controllers_library:/home/sara/ros2_ws/install/rqt_joint_trajectory_controller:/home/sara/ros2_ws/install/rqt_controller_manager:/home/sara/ros2_ws/install/ros2controlcli:/home/sara/ros2_ws/install/ros2_controllers_test_nodes:/home/sara/aubo_ws/install/ros2_controllers_test_nodes:/opt/ros/humble /usr/bin/cmake /home/sara/aubo_ws/src/aubo_description -DCMAKE_INSTALL_PREFIX=/home/sara/aubo_ws/install/aubo_description
[0.484s] Invoking command in '/home/sara/aubo_ws/build/aubo_description': CMAKE_PREFIX_PATH=${CMAKE_PREFIX_PATH}:/home/sara/ros2_ws/install/steering_controllers_library:/home/sara/ros2_ws/install/rqt_joint_trajectory_controller:/home/sara/ros2_ws/install/rqt_controller_manager:/home/sara/ros2_ws/install/ros2controlcli:/home/sara/ros2_ws/install/ros2_controllers_test_nodes:/home/sara/aubo_ws/install/ros2_controllers_test_nodes:/opt/ros/humble /usr/bin/cmake --build /home/sara/aubo_ws/build/aubo_description -- -j8 -l8
[0.535s] Invoked command in '/home/sara/aubo_ws/build/aubo_description' returned '0': CMAKE_PREFIX_PATH=${CMAKE_PREFIX_PATH}:/home/sara/ros2_ws/install/steering_controllers_library:/home/sara/ros2_ws/install/rqt_joint_trajectory_controller:/home/sara/ros2_ws/install/rqt_controller_manager:/home/sara/ros2_ws/install/ros2controlcli:/home/sara/ros2_ws/install/ros2_controllers_test_nodes:/home/sara/aubo_ws/install/ros2_controllers_test_nodes:/opt/ros/humble /usr/bin/cmake --build /home/sara/aubo_ws/build/aubo_description -- -j8 -l8
[0.579s] Invoking command in '/home/sara/aubo_ws/build/aubo_description': CMAKE_PREFIX_PATH=${CMAKE_PREFIX_PATH}:/home/sara/ros2_ws/install/steering_controllers_library:/home/sara/ros2_ws/install/rqt_joint_trajectory_controller:/home/sara/ros2_ws/install/rqt_controller_manager:/home/sara/ros2_ws/install/ros2controlcli:/home/sara/ros2_ws/install/ros2_controllers_test_nodes:/home/sara/aubo_ws/install/ros2_controllers_test_nodes:/opt/ros/humble /usr/bin/cmake --install /home/sara/aubo_ws/build/aubo_description
[0.595s] -- Install configuration: ""
[0.596s] -- Execute custom install script
[0.596s] -- Up-to-date symlink: /home/sara/aubo_ws/install/aubo_description/share/aubo_description/launch/aubo_i5_gazebo.launch
[0.596s] -- Up-to-date symlink: /home/sara/aubo_ws/install/aubo_description/share/aubo_description/launch/aubo_i5_rviz.launch
[0.597s] -- Up-to-date symlink: /home/sara/aubo_ws/install/aubo_description/share/aubo_description/launch/aubo_i5_upload.launch
[0.597s] -- Up-to-date symlink: /home/sara/aubo_ws/install/aubo_description/share/aubo_description/urdf/aubo.gazebo.xacro
[0.597s] -- Up-to-date symlink: /home/sara/aubo_ws/install/aubo_description/share/aubo_description/urdf/aubo.transmission.xacro
[0.597s] -- Up-to-date symlink: /home/sara/aubo_ws/install/aubo_description/share/aubo_description/urdf/aubo_i5.urdf.xacro
[0.597s] -- Up-to-date symlink: /home/sara/aubo_ws/install/aubo_description/share/aubo_description/urdf/aubo_i5_robot.urdf.xacro
[0.598s] -- Up-to-date symlink: /home/sara/aubo_ws/install/aubo_description/share/aubo_description/urdf/aubo_i5_robot_gazebo.urdf.xacro
[0.598s] -- Up-to-date symlink: /home/sara/aubo_ws/install/aubo_description/share/aubo_description/urdf/common.gazebo.xacro
[0.598s] -- Up-to-date symlink: /home/sara/aubo_ws/install/aubo_description/share/aubo_description/urdf/materials.xacro
[0.598s] -- Up-to-date symlink: /home/sara/aubo_ws/install/aubo_description/share/aubo_description/meshes/base.STL
[0.598s] -- Up-to-date symlink: /home/sara/aubo_ws/install/aubo_description/share/aubo_description/meshes/base_Link.STL
[0.599s] -- Up-to-date symlink: /home/sara/aubo_ws/install/aubo_description/share/aubo_description/meshes/f1_Link.STL
[0.599s] -- Up-to-date symlink: /home/sara/aubo_ws/install/aubo_description/share/aubo_description/meshes/foreArm_Link.STL
[0.599s] -- Up-to-date symlink: /home/sara/aubo_ws/install/aubo_description/share/aubo_description/meshes/pedestal.STL
[0.599s] -- Up-to-date symlink: /home/sara/aubo_ws/install/aubo_description/share/aubo_description/meshes/s_Link.STL
[0.599s] -- Up-to-date symlink: /home/sara/aubo_ws/install/aubo_description/share/aubo_description/meshes/shoulder_Link.STL
[0.599s] -- Up-to-date symlink: /home/sara/aubo_ws/install/aubo_description/share/aubo_description/meshes/u_Link.STL
[0.599s] -- Up-to-date symlink: /home/sara/aubo_ws/install/aubo_description/share/aubo_description/meshes/upperArm_Link.STL
[0.599s] -- Up-to-date symlink: /home/sara/aubo_ws/install/aubo_description/share/aubo_description/meshes/w1_Link.STL
[0.600s] -- Up-to-date symlink: /home/sara/aubo_ws/install/aubo_description/share/aubo_description/meshes/w2_Link.STL
[0.600s] -- Up-to-date symlink: /home/sara/aubo_ws/install/aubo_description/share/aubo_description/meshes/wrist1_Link.STL
[0.600s] -- Up-to-date symlink: /home/sara/aubo_ws/install/aubo_description/share/aubo_description/meshes/wrist2_Link.STL
[0.600s] -- Up-to-date symlink: /home/sara/aubo_ws/install/aubo_description/share/aubo_description/meshes/wrist3_Link.STL
[0.600s] -- Up-to-date symlink: /home/sara/aubo_ws/install/aubo_description/share/ament_index/resource_index/package_run_dependencies/aubo_description
[0.600s] -- Up-to-date symlink: /home/sara/aubo_ws/install/aubo_description/share/ament_index/resource_index/parent_prefix_path/aubo_description
[0.600s] -- Up-to-date symlink: /home/sara/aubo_ws/install/aubo_description/share/aubo_description/environment/ament_prefix_path.sh
[0.600s] -- Up-to-date symlink: /home/sara/aubo_ws/install/aubo_description/share/aubo_description/environment/ament_prefix_path.dsv
[0.600s] -- Up-to-date symlink: /home/sara/aubo_ws/install/aubo_description/share/aubo_description/environment/path.sh
[0.601s] -- Up-to-date symlink: /home/sara/aubo_ws/install/aubo_description/share/aubo_description/environment/path.dsv
[0.601s] -- Up-to-date symlink: /home/sara/aubo_ws/install/aubo_description/share/aubo_description/local_setup.bash
[0.601s] -- Up-to-date symlink: /home/sara/aubo_ws/install/aubo_description/share/aubo_description/local_setup.sh
[0.601s] -- Up-to-date symlink: /home/sara/aubo_ws/install/aubo_description/share/aubo_description/local_setup.zsh
[0.601s] -- Up-to-date symlink: /home/sara/aubo_ws/install/aubo_description/share/aubo_description/local_setup.dsv
[0.601s] -- Symlinking: /home/sara/aubo_ws/install/aubo_description/share/aubo_description/package.dsv
[0.612s] -- Up-to-date symlink: /home/sara/aubo_ws/install/aubo_description/share/ament_index/resource_index/packages/aubo_description
[0.612s] -- Up-to-date symlink: /home/sara/aubo_ws/install/aubo_description/share/aubo_description/cmake/aubo_descriptionConfig.cmake
[0.612s] -- Up-to-date symlink: /home/sara/aubo_ws/install/aubo_description/share/aubo_description/cmake/aubo_descriptionConfig-version.cmake
[0.612s] -- Up-to-date symlink: /home/sara/aubo_ws/install/aubo_description/share/aubo_description/package.xml
[0.745s] Invoked command in '/home/sara/aubo_ws/build/aubo_description' returned '0': CMAKE_PREFIX_PATH=${CMAKE_PREFIX_PATH}:/home/sara/ros2_ws/install/steering_controllers_library:/home/sara/ros2_ws/install/rqt_joint_trajectory_controller:/home/sara/ros2_ws/install/rqt_controller_manager:/home/sara/ros2_ws/install/ros2controlcli:/home/sara/ros2_ws/install/ros2_controllers_test_nodes:/home/sara/aubo_ws/install/ros2_controllers_test_nodes:/opt/ros/humble /usr/bin/cmake --install /home/sara/aubo_ws/build/aubo_description
