[0.629s] Invoking command in '/home/sara/aubo_ws/build/kinematics_interface': CMAKE_PREFIX_PATH=${CMAKE_PREFIX_PATH}:/home/sara/aubo_ws/install/rqt_joint_trajectory_controller:/home/sara/aubo_ws/install/rqt_controller_manager:/home/sara/aubo_ws/install/ros2_controllers_test_nodes:/opt/ros/humble /usr/bin/cmake --build /home/sara/aubo_ws/build/kinematics_interface -- -j8 -l8
[0.721s] Invoked command in '/home/sara/aubo_ws/build/kinematics_interface' returned '0': CMAKE_PREFIX_PATH=${CMAKE_PREFIX_PATH}:/home/sara/aubo_ws/install/rqt_joint_trajectory_controller:/home/sara/aubo_ws/install/rqt_controller_manager:/home/sara/aubo_ws/install/ros2_controllers_test_nodes:/opt/ros/humble /usr/bin/cmake --build /home/sara/aubo_ws/build/kinematics_interface -- -j8 -l8
[0.807s] Invoking command in '/home/sara/aubo_ws/build/kinematics_interface': CMAKE_PREFIX_PATH=${CMAKE_PREFIX_PATH}:/home/sara/aubo_ws/install/rqt_joint_trajectory_controller:/home/sara/aubo_ws/install/rqt_controller_manager:/home/sara/aubo_ws/install/ros2_controllers_test_nodes:/opt/ros/humble /usr/bin/cmake --install /home/sara/aubo_ws/build/kinematics_interface
[0.826s] -- Install configuration: ""
[0.826s] -- Up-to-date: /home/sara/aubo_ws/install/kinematics_interface/include/kinematics_interface
[0.826s] -- Up-to-date: /home/sara/aubo_ws/install/kinematics_interface/include/kinematics_interface/kinematics_interface
[0.826s] -- Up-to-date: /home/sara/aubo_ws/install/kinematics_interface/include/kinematics_interface/kinematics_interface/kinematics_interface.hpp
[0.827s] -- Up-to-date: /home/sara/aubo_ws/install/kinematics_interface/include/kinematics_interface/kinematics_interface/visibility_control.h
[0.827s] -- Up-to-date: /home/sara/aubo_ws/install/kinematics_interface/share/kinematics_interface/environment/library_path.sh
[0.827s] -- Up-to-date: /home/sara/aubo_ws/install/kinematics_interface/share/kinematics_interface/environment/library_path.dsv
[0.827s] -- Up-to-date: /home/sara/aubo_ws/install/kinematics_interface/share/ament_index/resource_index/package_run_dependencies/kinematics_interface
[0.827s] -- Up-to-date: /home/sara/aubo_ws/install/kinematics_interface/share/ament_index/resource_index/parent_prefix_path/kinematics_interface
[0.827s] -- Up-to-date: /home/sara/aubo_ws/install/kinematics_interface/share/kinematics_interface/environment/ament_prefix_path.sh
[0.827s] -- Up-to-date: /home/sara/aubo_ws/install/kinematics_interface/share/kinematics_interface/environment/ament_prefix_path.dsv
[0.827s] -- Up-to-date: /home/sara/aubo_ws/install/kinematics_interface/share/kinematics_interface/environment/path.sh
[0.833s] -- Up-to-date: /home/sara/aubo_ws/install/kinematics_interface/share/kinematics_interface/environment/path.dsv
[0.833s] -- Up-to-date: /home/sara/aubo_ws/install/kinematics_interface/share/kinematics_interface/local_setup.bash
[0.834s] -- Up-to-date: /home/sara/aubo_ws/install/kinematics_interface/share/kinematics_interface/local_setup.sh
[0.837s] -- Up-to-date: /home/sara/aubo_ws/install/kinematics_interface/share/kinematics_interface/local_setup.zsh
[0.837s] -- Up-to-date: /home/sara/aubo_ws/install/kinematics_interface/share/kinematics_interface/local_setup.dsv
[0.838s] -- Installing: /home/sara/aubo_ws/install/kinematics_interface/share/kinematics_interface/package.dsv
[0.838s] -- Up-to-date: /home/sara/aubo_ws/install/kinematics_interface/share/ament_index/resource_index/packages/kinematics_interface
[0.838s] -- Up-to-date: /home/sara/aubo_ws/install/kinematics_interface/share/kinematics_interface/cmake/export_kinematics_interfaceExport.cmake
[0.838s] -- Up-to-date: /home/sara/aubo_ws/install/kinematics_interface/share/kinematics_interface/cmake/ament_cmake_export_targets-extras.cmake
[0.838s] -- Up-to-date: /home/sara/aubo_ws/install/kinematics_interface/share/kinematics_interface/cmake/ament_cmake_export_dependencies-extras.cmake
[0.839s] -- Up-to-date: /home/sara/aubo_ws/install/kinematics_interface/share/kinematics_interface/cmake/kinematics_interfaceConfig.cmake
[0.839s] -- Up-to-date: /home/sara/aubo_ws/install/kinematics_interface/share/kinematics_interface/cmake/kinematics_interfaceConfig-version.cmake
[0.839s] -- Up-to-date: /home/sara/aubo_ws/install/kinematics_interface/share/kinematics_interface/package.xml
[0.988s] Invoked command in '/home/sara/aubo_ws/build/kinematics_interface' returned '0': CMAKE_PREFIX_PATH=${CMAKE_PREFIX_PATH}:/home/sara/aubo_ws/install/rqt_joint_trajectory_controller:/home/sara/aubo_ws/install/rqt_controller_manager:/home/sara/aubo_ws/install/ros2_controllers_test_nodes:/opt/ros/humble /usr/bin/cmake --install /home/sara/aubo_ws/build/kinematics_interface
