[0.062s] Invoking command in '/home/sara/aubo_ws/build/control': CMAKE_PREFIX_PATH=${CMAKE_PREFIX_PATH}:/opt/ros/humble /usr/bin/cmake --build /home/sara/aubo_ws/build/control -- -j8 -l8
[0.086s] -- Found ament_cmake: 1.3.5 (/opt/ros/humble/share/ament_cmake/cmake)
[0.216s] -- Found rclcpp: 16.0.6 (/opt/ros/humble/share/rclcpp/cmake)
[0.242s] -- Found rosidl_generator_c: 3.1.5 (/opt/ros/humble/share/rosidl_generator_c/cmake)
[0.246s] -- Found rosidl_adapter: 3.1.5 (/opt/ros/humble/share/rosidl_adapter/cmake)
[0.253s] -- Found rosidl_generator_cpp: 3.1.5 (/opt/ros/humble/share/rosidl_generator_cpp/cmake)
[0.272s] -- Using all available rosidl_typesupport_c: rosidl_typesupport_fastrtps_c;rosidl_typesupport_introspection_c
[0.296s] -- Using all available rosidl_typesupport_cpp: rosidl_typesupport_fastrtps_cpp;rosidl_typesupport_introspection_cpp
[0.362s] -- Found rmw_implementation_cmake: 6.1.1 (/opt/ros/humble/share/rmw_implementation_cmake/cmake)
[0.363s] -- Found rmw_fastrtps_cpp: 6.2.4 (/opt/ros/humble/share/rmw_fastrtps_cpp/cmake)
[0.466s] -- Using RMW implementation 'rmw_fastrtps_cpp' as default
[0.612s] [33mCMake Warning (dev) at /usr/share/cmake-3.22/Modules/FindPackageHandleStandardArgs.cmake:438 (message):
[0.612s]   The package name passed to `find_package_handle_standard_args` (PkgConfig)
[0.612s]   does not match the name of the calling package (gazebo).  This can lead to
[0.612s]   problems in calling code that expects `find_package` result variables
[0.612s]   (e.g., `_FOUND`) to follow a certain pattern.
[0.612s] Call Stack (most recent call first):
[0.612s]   /usr/share/cmake-3.22/Modules/FindPkgConfig.cmake:99 (find_package_handle_standard_args)
[0.613s]   /usr/lib/x86_64-linux-gnu/cmake/gazebo/gazebo-config.cmake:72 (include)
[0.613s]   CMakeLists.txt:12 (find_package)
[0.613s] This warning is for project developers.  Use -Wno-dev to suppress it.
[0.613s] [0m
[0.632s] -- Found DART: /usr/include (Required is at least version "6.6") found components: dart 
[0.655s] -- Found Protobuf: /usr/lib/x86_64-linux-gnu/libprotobuf.so (found version "3.12.4") 
[0.656s] -- Looking for ignition-math6 -- found version 6.15.0
[0.660s] -- Searching for dependencies of ignition-math6
[0.661s] -- Looking for OGRE...
[0.666s] -- Found Ogre Ghadamon (1.9.0)
[0.666s] -- Found OGRE: optimized;/usr/lib/x86_64-linux-gnu/libOgreMain.so;debug;/usr/lib/x86_64-linux-gnu/libOgreMain.so
[0.674s] -- Looking for OGRE_Paging...
[0.674s] -- Found OGRE_Paging: optimized;/usr/lib/x86_64-linux-gnu/libOgrePaging.so;debug;/usr/lib/x86_64-linux-gnu/libOgrePaging.so
[0.675s] -- Looking for OGRE_Terrain...
[0.675s] -- Found OGRE_Terrain: optimized;/usr/lib/x86_64-linux-gnu/libOgreTerrain.so;debug;/usr/lib/x86_64-linux-gnu/libOgreTerrain.so
[0.675s] -- Looking for OGRE_Property...
[0.675s] -- Found OGRE_Property: optimized;/usr/lib/x86_64-linux-gnu/libOgreProperty.so;debug;/usr/lib/x86_64-linux-gnu/libOgreProperty.so
[0.675s] -- Looking for OGRE_RTShaderSystem...
[0.675s] -- Found OGRE_RTShaderSystem: optimized;/usr/lib/x86_64-linux-gnu/libOgreRTShaderSystem.so;debug;/usr/lib/x86_64-linux-gnu/libOgreRTShaderSystem.so
[0.675s] -- Looking for OGRE_Volume...
[0.675s] -- Found OGRE_Volume: optimized;/usr/lib/x86_64-linux-gnu/libOgreVolume.so;debug;/usr/lib/x86_64-linux-gnu/libOgreVolume.so
[0.675s] -- Looking for OGRE_Overlay...
[0.675s] -- Found OGRE_Overlay: optimized;/usr/lib/x86_64-linux-gnu/libOgreOverlay.so;debug;/usr/lib/x86_64-linux-gnu/libOgreOverlay.so
[0.758s] -- Looking for ignition-math6 -- found version 6.15.0
[0.758s] -- Looking for ignition-transport8 -- found version 8.2.1
[0.758s] -- Searching for dependencies of ignition-transport8
[0.773s] -- Found Protobuf: /usr/lib/x86_64-linux-gnu/libprotobuf.so (found suitable version "3.12.4", minimum required is "3") 
[0.782s] -- Config-file not installed for ZeroMQ -- checking for pkg-config
[0.786s] -- Checking for module 'libzmq >= 4'
[0.797s] --   Found libzmq , version 4.3.4
[0.830s] -- Checking for module 'uuid'
[0.841s] --   Found uuid, version 2.37.2
[0.868s] -- Looking for ignition-msgs5 -- found version 5.8.1
[0.869s] -- Searching for dependencies of ignition-msgs5
[0.886s] -- Looking for ignition-math6 -- found version 6.15.0
[0.891s] -- Checking for module 'tinyxml2'
[0.903s] --   Found tinyxml2, version 9.0.0
[0.933s] -- Looking for ignition-msgs5 -- found version 5.8.1
[0.934s] -- Looking for ignition-common3 -- found version 3.14.0
[0.934s] -- Searching for dependencies of ignition-common3
[0.934s] -- Looking for dlfcn.h - found
[0.934s] -- Looking for libdl - found
[0.944s] -- Searching for <ignition-common3> component [graphics]
[0.945s] -- Looking for ignition-common3-graphics -- found version 3.14.0
[0.945s] -- Searching for dependencies of ignition-common3-graphics
[0.946s] -- Looking for ignition-math6 -- found version 6.15.0
[0.947s] -- Looking for ignition-fuel_tools4 -- found version 4.4.0
[0.947s] -- Searching for dependencies of ignition-fuel_tools4
[0.978s] -- Checking for module 'jsoncpp'
[0.989s] --   Found jsoncpp, version 1.9.5
[1.019s] -- Checking for module 'libzip'
[1.030s] --   Found libzip, version 1.7.3
[1.057s] -- Looking for ignition-common3 -- found version 3.14.0
[1.057s] -- Looking for ignition-math6 -- found version 6.15.0
[1.057s] -- Looking for ignition-msgs5 -- found version 5.8.1
[1.059s] -- Found control_msgs: 4.4.0 (/opt/ros/humble/share/control_msgs/cmake)
[1.494s] -- Found gazebo_msgs: 3.7.0 (/opt/ros/humble/share/gazebo_msgs/cmake)
[1.603s] -- Found rosidl_default_generators: 1.2.0 (/opt/ros/humble/share/rosidl_default_generators/cmake)
[1.610s] [31mCMake Error at /opt/ros/humble/share/rosidl_cmake/cmake/rosidl_generate_interfaces.cmake:93 (message):
[1.610s]   rosidl_generate_interfaces() the passed file 'msg/JointTrajectory.msg'
[1.610s]   doesn't exist relative to the CMAKE_CURRENT_SOURCE_DIR
[1.610s]   '/home/sara/aubo_ws/src/aubo_control/control'
[1.610s] Call Stack (most recent call first):
[1.610s]   CMakeLists.txt:22 (rosidl_generate_interfaces)
[1.610s] 
[1.610s] [0m
[1.610s] -- Configuring incomplete, errors occurred!
[1.610s] See also "/home/sara/aubo_ws/build/control/CMakeFiles/CMakeOutput.log".
[1.618s] gmake: *** [Makefile:431: cmake_check_build_system] Error 1
[1.620s] Invoked command in '/home/sara/aubo_ws/build/control' returned '2': CMAKE_PREFIX_PATH=${CMAKE_PREFIX_PATH}:/opt/ros/humble /usr/bin/cmake --build /home/sara/aubo_ws/build/control -- -j8 -l8
