[0.533s] Invoking command in '/home/sara/aubo_ws/build/control_msgs': CMAKE_PREFIX_PATH=${CMAKE_PREFIX_PATH}:/home/sara/ros2_ws/install/steering_controllers_library:/home/sara/ros2_ws/install/rqt_joint_trajectory_controller:/home/sara/ros2_ws/install/rqt_controller_manager:/home/sara/ros2_ws/install/ros2controlcli:/home/sara/ros2_ws/install/ros2_controllers_test_nodes:/home/sara/aubo_ws/install/ros2_controllers_test_nodes:/opt/ros/humble /usr/bin/cmake --build /home/sara/aubo_ws/build/control_msgs -- -j8 -l8
[1.079s] -- Found action_msgs: 1.2.1 (/opt/ros/humble/share/action_msgs/cmake)
[1.080s] -- Override CMake install command with custom implementation using symlinks instead of copying resources
[1.080s] -- Found rosidl_generator_c: 3.1.5 (/opt/ros/humble/share/rosidl_generator_c/cmake)
[1.080s] -- Found rosidl_adapter: 3.1.5 (/opt/ros/humble/share/rosidl_adapter/cmake)
[1.080s] -- Found rosidl_generator_cpp: 3.1.5 (/opt/ros/humble/share/rosidl_generator_cpp/cmake)
[1.080s] -- Using all available rosidl_typesupport_c: rosidl_typesupport_fastrtps_c;rosidl_typesupport_introspection_c
[1.080s] -- Using all available rosidl_typesupport_cpp: rosidl_typesupport_fastrtps_cpp;rosidl_typesupport_introspection_cpp
[1.080s] -- Found geometry_msgs: 4.2.3 (/opt/ros/humble/share/geometry_msgs/cmake)
[1.272s] -- Found rosidl_default_generators: 1.2.0 (/opt/ros/humble/share/rosidl_default_generators/cmake)
[1.299s] -- Found sensor_msgs: 4.2.3 (/opt/ros/humble/share/sensor_msgs/cmake)
[1.490s] -- Found trajectory_msgs: 4.2.3 (/opt/ros/humble/share/trajectory_msgs/cmake)
[1.676s] -- Found ament_lint_auto: 0.12.8 (/opt/ros/humble/share/ament_lint_auto/cmake)
[2.678s] -- Found ament_cmake_ros: 0.10.0 (/opt/ros/humble/share/ament_cmake_ros/cmake)
[3.914s] -- Using all available rosidl_typesupport_c: rosidl_typesupport_fastrtps_c;rosidl_typesupport_introspection_c
[4.299s] -- Using all available rosidl_typesupport_cpp: rosidl_typesupport_fastrtps_cpp;rosidl_typesupport_introspection_cpp
[4.347s] -- Found python_cmake_module: 0.10.0 (/opt/ros/humble/share/python_cmake_module/cmake)
[4.395s] -- Using PYTHON_EXECUTABLE: /usr/bin/python3
[4.395s] -- Using PYTHON_INCLUDE_DIRS: /usr/include/python3.10
[4.395s] -- Using PYTHON_LIBRARIES: /usr/lib/x86_64-linux-gnu/libpython3.10.so
[7.253s] -- Added test 'copyright' to check source files copyright and LICENSE
[7.411s] -- Added test 'lint_cmake' to check CMake code style
[7.489s] -- Added test 'xmllint' to check XML markup files
[7.716s] -- Configuring done
[8.831s] -- Generating done
[8.842s] -- Build files have been written to: /home/sara/aubo_ws/build/control_msgs
[9.074s] [35m[1mConsolidate compiler generated dependencies of target control_msgs__rosidl_generator_c[0m
[9.188s] [  0%] Built target control_msgs__cpp
[9.237s] [ 12%] Built target control_msgs__rosidl_generator_c
[9.279s] [ 12%] Built target ament_cmake_python_symlink_control_msgs
[9.361s] [35m[1mConsolidate compiler generated dependencies of target control_msgs__rosidl_typesupport_cpp[0m
[9.364s] [35m[1mConsolidate compiler generated dependencies of target control_msgs__rosidl_typesupport_fastrtps_c[0m
[9.368s] [35m[1mConsolidate compiler generated dependencies of target control_msgs__rosidl_typesupport_fastrtps_cpp[0m
[9.393s] [35m[1mConsolidate compiler generated dependencies of target control_msgs__rosidl_typesupport_introspection_c[0m
[9.432s] [35m[1mConsolidate compiler generated dependencies of target control_msgs__rosidl_typesupport_c[0m
[9.454s] [35m[1mConsolidate compiler generated dependencies of target control_msgs__rosidl_typesupport_introspection_cpp[0m
[9.602s] [ 24%] Built target control_msgs__rosidl_typesupport_introspection_c
[9.638s] [ 36%] Built target control_msgs__rosidl_typesupport_c
[9.653s] [ 48%] Built target control_msgs__rosidl_typesupport_cpp
[9.695s] [ 60%] Built target control_msgs__rosidl_typesupport_fastrtps_c
[9.695s] [ 72%] Built target control_msgs__rosidl_typesupport_fastrtps_cpp
[9.697s] [ 84%] Built target control_msgs__rosidl_typesupport_introspection_cpp
[9.843s] [ 84%] Built target control_msgs
[10.072s] [ 85%] Built target control_msgs__py
[10.187s] [35m[1mConsolidate compiler generated dependencies of target control_msgs__rosidl_generator_py[0m
[10.326s] [ 96%] Built target control_msgs__rosidl_generator_py
[10.418s] [35m[1mConsolidate compiler generated dependencies of target control_msgs__rosidl_typesupport_introspection_c__pyext[0m
[10.426s] [35m[1mConsolidate compiler generated dependencies of target control_msgs__rosidl_typesupport_fastrtps_c__pyext[0m
[10.465s] [35m[1mConsolidate compiler generated dependencies of target control_msgs__rosidl_typesupport_c__pyext[0m
[10.556s] [ 97%] Built target control_msgs__rosidl_typesupport_fastrtps_c__pyext
[10.595s] [ 99%] Built target control_msgs__rosidl_typesupport_introspection_c__pyext
[10.618s] [100%] Built target control_msgs__rosidl_typesupport_c__pyext
[11.557s] running egg_info
[11.561s] writing control_msgs.egg-info/PKG-INFO
[11.563s] writing dependency_links to control_msgs.egg-info/dependency_links.txt
[11.564s] writing top-level names to control_msgs.egg-info/top_level.txt
[11.575s] reading manifest file 'control_msgs.egg-info/SOURCES.txt'
[11.578s] writing manifest file 'control_msgs.egg-info/SOURCES.txt'
[11.795s] [100%] Built target ament_cmake_python_build_control_msgs_egg
[11.897s] Invoked command in '/home/sara/aubo_ws/build/control_msgs' returned '0': CMAKE_PREFIX_PATH=${CMAKE_PREFIX_PATH}:/home/sara/ros2_ws/install/steering_controllers_library:/home/sara/ros2_ws/install/rqt_joint_trajectory_controller:/home/sara/ros2_ws/install/rqt_controller_manager:/home/sara/ros2_ws/install/ros2controlcli:/home/sara/ros2_ws/install/ros2_controllers_test_nodes:/home/sara/aubo_ws/install/ros2_controllers_test_nodes:/opt/ros/humble /usr/bin/cmake --build /home/sara/aubo_ws/build/control_msgs -- -j8 -l8
[19.557s] Invoking command in '/home/sara/aubo_ws/build/control_msgs': CMAKE_PREFIX_PATH=${CMAKE_PREFIX_PATH}:/home/sara/ros2_ws/install/steering_controllers_library:/home/sara/ros2_ws/install/rqt_joint_trajectory_controller:/home/sara/ros2_ws/install/rqt_controller_manager:/home/sara/ros2_ws/install/ros2controlcli:/home/sara/ros2_ws/install/ros2_controllers_test_nodes:/home/sara/aubo_ws/install/ros2_controllers_test_nodes:/opt/ros/humble /usr/bin/cmake --install /home/sara/aubo_ws/build/control_msgs
[19.587s] -- Install configuration: ""
[19.592s] -- Execute custom install script
[19.593s] -- Up-to-date symlink: /home/sara/aubo_ws/install/control_msgs/share/ament_index/resource_index/rosidl_interfaces/control_msgs
[19.594s] -- Up-to-date symlink: /home/sara/aubo_ws/install/control_msgs/include/control_msgs/control_msgs/action/detail/follow_joint_trajectory__functions.h
[19.595s] -- Up-to-date symlink: /home/sara/aubo_ws/install/control_msgs/include/control_msgs/control_msgs/action/detail/follow_joint_trajectory__struct.h
[19.595s] -- Up-to-date symlink: /home/sara/aubo_ws/install/control_msgs/include/control_msgs/control_msgs/action/detail/follow_joint_trajectory__type_support.h
[19.596s] -- Up-to-date symlink: /home/sara/aubo_ws/install/control_msgs/include/control_msgs/control_msgs/action/detail/gripper_command__functions.h
[19.596s] -- Up-to-date symlink: /home/sara/aubo_ws/install/control_msgs/include/control_msgs/control_msgs/action/detail/gripper_command__struct.h
[19.597s] -- Up-to-date symlink: /home/sara/aubo_ws/install/control_msgs/include/control_msgs/control_msgs/action/detail/gripper_command__type_support.h
[19.597s] -- Up-to-date symlink: /home/sara/aubo_ws/install/control_msgs/include/control_msgs/control_msgs/action/detail/joint_trajectory__functions.h
[19.597s] -- Up-to-date symlink: /home/sara/aubo_ws/install/control_msgs/include/control_msgs/control_msgs/action/detail/joint_trajectory__struct.h
[19.598s] -- Up-to-date symlink: /home/sara/aubo_ws/install/control_msgs/include/control_msgs/control_msgs/action/detail/joint_trajectory__type_support.h
[19.598s] -- Up-to-date symlink: /home/sara/aubo_ws/install/control_msgs/include/control_msgs/control_msgs/action/detail/point_head__functions.h
[19.599s] -- Up-to-date symlink: /home/sara/aubo_ws/install/control_msgs/include/control_msgs/control_msgs/action/detail/point_head__struct.h
[19.599s] -- Up-to-date symlink: /home/sara/aubo_ws/install/control_msgs/include/control_msgs/control_msgs/action/detail/point_head__type_support.h
[19.600s] -- Up-to-date symlink: /home/sara/aubo_ws/install/control_msgs/include/control_msgs/control_msgs/action/detail/single_joint_position__functions.h
[19.600s] -- Up-to-date symlink: /home/sara/aubo_ws/install/control_msgs/include/control_msgs/control_msgs/action/detail/single_joint_position__struct.h
[19.600s] -- Up-to-date symlink: /home/sara/aubo_ws/install/control_msgs/include/control_msgs/control_msgs/action/detail/single_joint_position__type_support.h
[19.601s] -- Up-to-date symlink: /home/sara/aubo_ws/install/control_msgs/include/control_msgs/control_msgs/action/follow_joint_trajectory.h
[19.601s] -- Up-to-date symlink: /home/sara/aubo_ws/install/control_msgs/include/control_msgs/control_msgs/action/gripper_command.h
[19.602s] -- Up-to-date symlink: /home/sara/aubo_ws/install/control_msgs/include/control_msgs/control_msgs/action/joint_trajectory.h
[19.602s] -- Up-to-date symlink: /home/sara/aubo_ws/install/control_msgs/include/control_msgs/control_msgs/action/point_head.h
[19.603s] -- Up-to-date symlink: /home/sara/aubo_ws/install/control_msgs/include/control_msgs/control_msgs/action/single_joint_position.h
[19.604s] -- Up-to-date symlink: /home/sara/aubo_ws/install/control_msgs/include/control_msgs/control_msgs/msg/admittance_controller_state.h
[19.604s] -- Up-to-date symlink: /home/sara/aubo_ws/install/control_msgs/include/control_msgs/control_msgs/msg/detail/admittance_controller_state__functions.h
[19.604s] -- Up-to-date symlink: /home/sara/aubo_ws/install/control_msgs/include/control_msgs/control_msgs/msg/detail/admittance_controller_state__struct.h
[19.605s] -- Up-to-date symlink: /home/sara/aubo_ws/install/control_msgs/include/control_msgs/control_msgs/msg/detail/admittance_controller_state__type_support.h
[19.605s] -- Up-to-date symlink: /home/sara/aubo_ws/install/control_msgs/include/control_msgs/control_msgs/msg/detail/dynamic_joint_state__functions.h
[19.606s] -- Up-to-date symlink: /home/sara/aubo_ws/install/control_msgs/include/control_msgs/control_msgs/msg/detail/dynamic_joint_state__struct.h
[19.606s] -- Up-to-date symlink: /home/sara/aubo_ws/install/control_msgs/include/control_msgs/control_msgs/msg/detail/dynamic_joint_state__type_support.h
[19.607s] -- Up-to-date symlink: /home/sara/aubo_ws/install/control_msgs/include/control_msgs/control_msgs/msg/detail/gripper_command__functions.h
[19.607s] -- Up-to-date symlink: /home/sara/aubo_ws/install/control_msgs/include/control_msgs/control_msgs/msg/detail/gripper_command__struct.h
[19.608s] -- Up-to-date symlink: /home/sara/aubo_ws/install/control_msgs/include/control_msgs/control_msgs/msg/detail/gripper_command__type_support.h
[19.608s] -- Up-to-date symlink: /home/sara/aubo_ws/install/control_msgs/include/control_msgs/control_msgs/msg/detail/interface_value__functions.h
[19.608s] -- Up-to-date symlink: /home/sara/aubo_ws/install/control_msgs/include/control_msgs/control_msgs/msg/detail/interface_value__struct.h
[19.609s] -- Up-to-date symlink: /home/sara/aubo_ws/install/control_msgs/include/control_msgs/control_msgs/msg/detail/interface_value__type_support.h
[19.609s] -- Up-to-date symlink: /home/sara/aubo_ws/install/control_msgs/include/control_msgs/control_msgs/msg/detail/joint_component_tolerance__functions.h
[19.610s] -- Up-to-date symlink: /home/sara/aubo_ws/install/control_msgs/include/control_msgs/control_msgs/msg/detail/joint_component_tolerance__struct.h
[19.611s] -- Up-to-date symlink: /home/sara/aubo_ws/install/control_msgs/include/control_msgs/control_msgs/msg/detail/joint_component_tolerance__type_support.h
[19.611s] -- Up-to-date symlink: /home/sara/aubo_ws/install/control_msgs/include/control_msgs/control_msgs/msg/detail/joint_controller_state__functions.h
[19.611s] -- Up-to-date symlink: /home/sara/aubo_ws/install/control_msgs/include/control_msgs/control_msgs/msg/detail/joint_controller_state__struct.h
[19.612s] -- Up-to-date symlink: /home/sara/aubo_ws/install/control_msgs/include/control_msgs/control_msgs/msg/detail/joint_controller_state__type_support.h
[19.613s] -- Up-to-date symlink: /home/sara/aubo_ws/install/control_msgs/include/control_msgs/control_msgs/msg/detail/joint_jog__functions.h
[19.614s] -- Up-to-date symlink: /home/sara/aubo_ws/install/control_msgs/include/control_msgs/control_msgs/msg/detail/joint_jog__struct.h
[19.614s] -- Up-to-date symlink: /home/sara/aubo_ws/install/control_msgs/include/control_msgs/control_msgs/msg/detail/joint_jog__type_support.h
[19.614s] -- Up-to-date symlink: /home/sara/aubo_ws/install/control_msgs/include/control_msgs/control_msgs/msg/detail/joint_tolerance__functions.h
[19.615s] -- Up-to-date symlink: /home/sara/aubo_ws/install/control_msgs/include/control_msgs/control_msgs/msg/detail/joint_tolerance__struct.h
[19.615s] -- Up-to-date symlink: /home/sara/aubo_ws/install/control_msgs/include/control_msgs/control_msgs/msg/detail/joint_tolerance__type_support.h
[19.615s] -- Up-to-date symlink: /home/sara/aubo_ws/install/control_msgs/include/control_msgs/control_msgs/msg/detail/joint_trajectory_controller_state__functions.h
[19.632s] -- Up-to-date symlink: /home/sara/aubo_ws/install/control_msgs/include/control_msgs/control_msgs/msg/detail/joint_trajectory_controller_state__struct.h
[19.632s] -- Up-to-date symlink: /home/sara/aubo_ws/install/control_msgs/include/control_msgs/control_msgs/msg/detail/joint_trajectory_controller_state__type_support.h
[19.632s] -- Up-to-date symlink: /home/sara/aubo_ws/install/control_msgs/include/control_msgs/control_msgs/msg/detail/mecanum_drive_controller_state__functions.h
[19.633s] -- Up-to-date symlink: /home/sara/aubo_ws/install/control_msgs/include/control_msgs/control_msgs/msg/detail/mecanum_drive_controller_state__struct.h
[19.633s] -- Up-to-date symlink: /home/sara/aubo_ws/install/control_msgs/include/control_msgs/control_msgs/msg/detail/mecanum_drive_controller_state__type_support.h
[19.633s] -- Up-to-date symlink: /home/sara/aubo_ws/install/control_msgs/include/control_msgs/control_msgs/msg/detail/pid_state__functions.h
[19.633s] -- Up-to-date symlink: /home/sara/aubo_ws/install/control_msgs/include/control_msgs/control_msgs/msg/detail/pid_state__struct.h
[19.633s] -- Up-to-date symlink: /home/sara/aubo_ws/install/control_msgs/include/control_msgs/control_msgs/msg/detail/pid_state__type_support.h
[19.634s] -- Up-to-date symlink: /home/sara/aubo_ws/install/control_msgs/include/control_msgs/control_msgs/msg/detail/steering_controller_status__functions.h
[19.634s] -- Up-to-date symlink: /home/sara/aubo_ws/install/control_msgs/include/control_msgs/control_msgs/msg/detail/steering_controller_status__struct.h
[19.634s] -- Up-to-date symlink: /home/sara/aubo_ws/install/control_msgs/include/control_msgs/control_msgs/msg/detail/steering_controller_status__type_support.h
[19.635s] -- Up-to-date symlink: /home/sara/aubo_ws/install/control_msgs/include/control_msgs/control_msgs/msg/dynamic_joint_state.h
[19.635s] -- Up-to-date symlink: /home/sara/aubo_ws/install/control_msgs/include/control_msgs/control_msgs/msg/gripper_command.h
[19.635s] -- Up-to-date symlink: /home/sara/aubo_ws/install/control_msgs/include/control_msgs/control_msgs/msg/interface_value.h
[19.636s] -- Up-to-date symlink: /home/sara/aubo_ws/install/control_msgs/include/control_msgs/control_msgs/msg/joint_component_tolerance.h
[19.636s] -- Up-to-date symlink: /home/sara/aubo_ws/install/control_msgs/include/control_msgs/control_msgs/msg/joint_controller_state.h
[19.637s] -- Up-to-date symlink: /home/sara/aubo_ws/install/control_msgs/include/control_msgs/control_msgs/msg/joint_jog.h
[19.637s] -- Up-to-date symlink: /home/sara/aubo_ws/install/control_msgs/include/control_msgs/control_msgs/msg/joint_tolerance.h
[19.638s] -- Up-to-date symlink: /home/sara/aubo_ws/install/control_msgs/include/control_msgs/control_msgs/msg/joint_trajectory_controller_state.h
[19.638s] -- Up-to-date symlink: /home/sara/aubo_ws/install/control_msgs/include/control_msgs/control_msgs/msg/mecanum_drive_controller_state.h
[19.638s] -- Up-to-date symlink: /home/sara/aubo_ws/install/control_msgs/include/control_msgs/control_msgs/msg/pid_state.h
[19.639s] -- Up-to-date symlink: /home/sara/aubo_ws/install/control_msgs/include/control_msgs/control_msgs/msg/rosidl_generator_c__visibility_control.h
[19.639s] -- Up-to-date symlink: /home/sara/aubo_ws/install/control_msgs/include/control_msgs/control_msgs/msg/steering_controller_status.h
[19.639s] -- Up-to-date symlink: /home/sara/aubo_ws/install/control_msgs/include/control_msgs/control_msgs/srv/detail/query_calibration_state__functions.h
[19.640s] -- Up-to-date symlink: /home/sara/aubo_ws/install/control_msgs/include/control_msgs/control_msgs/srv/detail/query_calibration_state__struct.h
[19.640s] -- Up-to-date symlink: /home/sara/aubo_ws/install/control_msgs/include/control_msgs/control_msgs/srv/detail/query_calibration_state__type_support.h
[19.641s] -- Up-to-date symlink: /home/sara/aubo_ws/install/control_msgs/include/control_msgs/control_msgs/srv/detail/query_trajectory_state__functions.h
[19.641s] -- Up-to-date symlink: /home/sara/aubo_ws/install/control_msgs/include/control_msgs/control_msgs/srv/detail/query_trajectory_state__struct.h
[19.641s] -- Up-to-date symlink: /home/sara/aubo_ws/install/control_msgs/include/control_msgs/control_msgs/srv/detail/query_trajectory_state__type_support.h
[19.642s] -- Up-to-date symlink: /home/sara/aubo_ws/install/control_msgs/include/control_msgs/control_msgs/srv/query_calibration_state.h
[19.642s] -- Up-to-date symlink: /home/sara/aubo_ws/install/control_msgs/include/control_msgs/control_msgs/srv/query_trajectory_state.h
[19.642s] -- Up-to-date symlink: /home/sara/aubo_ws/install/control_msgs/share/control_msgs/environment/library_path.sh
[19.643s] -- Up-to-date symlink: /home/sara/aubo_ws/install/control_msgs/share/control_msgs/environment/library_path.dsv
[19.643s] -- Up-to-date symlink: /home/sara/aubo_ws/install/control_msgs/include/control_msgs/control_msgs/action/detail/follow_joint_trajectory__rosidl_typesupport_fastrtps_c.h
[19.643s] -- Up-to-date symlink: /home/sara/aubo_ws/install/control_msgs/include/control_msgs/control_msgs/action/detail/gripper_command__rosidl_typesupport_fastrtps_c.h
[19.644s] -- Up-to-date symlink: /home/sara/aubo_ws/install/control_msgs/include/control_msgs/control_msgs/action/detail/joint_trajectory__rosidl_typesupport_fastrtps_c.h
[19.644s] -- Up-to-date symlink: /home/sara/aubo_ws/install/control_msgs/include/control_msgs/control_msgs/action/detail/point_head__rosidl_typesupport_fastrtps_c.h
[19.644s] -- Up-to-date symlink: /home/sara/aubo_ws/install/control_msgs/include/control_msgs/control_msgs/action/detail/single_joint_position__rosidl_typesupport_fastrtps_c.h
[19.644s] -- Up-to-date symlink: /home/sara/aubo_ws/install/control_msgs/include/control_msgs/control_msgs/msg/detail/admittance_controller_state__rosidl_typesupport_fastrtps_c.h
[19.645s] -- Up-to-date symlink: /home/sara/aubo_ws/install/control_msgs/include/control_msgs/control_msgs/msg/detail/dynamic_joint_state__rosidl_typesupport_fastrtps_c.h
[19.645s] -- Up-to-date symlink: /home/sara/aubo_ws/install/control_msgs/include/control_msgs/control_msgs/msg/detail/gripper_command__rosidl_typesupport_fastrtps_c.h
[19.645s] -- Up-to-date symlink: /home/sara/aubo_ws/install/control_msgs/include/control_msgs/control_msgs/msg/detail/interface_value__rosidl_typesupport_fastrtps_c.h
[19.645s] -- Up-to-date symlink: /home/sara/aubo_ws/install/control_msgs/include/control_msgs/control_msgs/msg/detail/joint_component_tolerance__rosidl_typesupport_fastrtps_c.h
[19.645s] -- Up-to-date symlink: /home/sara/aubo_ws/install/control_msgs/include/control_msgs/control_msgs/msg/detail/joint_controller_state__rosidl_typesupport_fastrtps_c.h
[19.646s] -- Up-to-date symlink: /home/sara/aubo_ws/install/control_msgs/include/control_msgs/control_msgs/msg/detail/joint_jog__rosidl_typesupport_fastrtps_c.h
[19.646s] -- Up-to-date symlink: /home/sara/aubo_ws/install/control_msgs/include/control_msgs/control_msgs/msg/detail/joint_tolerance__rosidl_typesupport_fastrtps_c.h
[19.646s] -- Up-to-date symlink: /home/sara/aubo_ws/install/control_msgs/include/control_msgs/control_msgs/msg/detail/joint_trajectory_controller_state__rosidl_typesupport_fastrtps_c.h
[19.650s] -- Up-to-date symlink: /home/sara/aubo_ws/install/control_msgs/include/control_msgs/control_msgs/msg/detail/mecanum_drive_controller_state__rosidl_typesupport_fastrtps_c.h
[19.650s] -- Up-to-date symlink: /home/sara/aubo_ws/install/control_msgs/include/control_msgs/control_msgs/msg/detail/pid_state__rosidl_typesupport_fastrtps_c.h
[19.651s] -- Up-to-date symlink: /home/sara/aubo_ws/install/control_msgs/include/control_msgs/control_msgs/msg/detail/steering_controller_status__rosidl_typesupport_fastrtps_c.h
[19.651s] -- Up-to-date symlink: /home/sara/aubo_ws/install/control_msgs/include/control_msgs/control_msgs/msg/rosidl_typesupport_fastrtps_c__visibility_control.h
[19.651s] -- Up-to-date symlink: /home/sara/aubo_ws/install/control_msgs/include/control_msgs/control_msgs/srv/detail/query_calibration_state__rosidl_typesupport_fastrtps_c.h
[19.652s] -- Up-to-date symlink: /home/sara/aubo_ws/install/control_msgs/include/control_msgs/control_msgs/srv/detail/query_trajectory_state__rosidl_typesupport_fastrtps_c.h
[19.652s] -- Up-to-date symlink: /home/sara/aubo_ws/install/control_msgs/include/control_msgs/control_msgs/action/detail/follow_joint_trajectory__builder.hpp
[19.653s] -- Up-to-date symlink: /home/sara/aubo_ws/install/control_msgs/include/control_msgs/control_msgs/action/detail/follow_joint_trajectory__struct.hpp
[19.653s] -- Up-to-date symlink: /home/sara/aubo_ws/install/control_msgs/include/control_msgs/control_msgs/action/detail/follow_joint_trajectory__traits.hpp
[19.654s] -- Up-to-date symlink: /home/sara/aubo_ws/install/control_msgs/include/control_msgs/control_msgs/action/detail/gripper_command__builder.hpp
[19.655s] -- Up-to-date symlink: /home/sara/aubo_ws/install/control_msgs/include/control_msgs/control_msgs/action/detail/gripper_command__struct.hpp
[19.660s] -- Up-to-date symlink: /home/sara/aubo_ws/install/control_msgs/include/control_msgs/control_msgs/action/detail/gripper_command__traits.hpp
[19.660s] -- Up-to-date symlink: /home/sara/aubo_ws/install/control_msgs/include/control_msgs/control_msgs/action/detail/joint_trajectory__builder.hpp
[19.660s] -- Up-to-date symlink: /home/sara/aubo_ws/install/control_msgs/include/control_msgs/control_msgs/action/detail/joint_trajectory__struct.hpp
[19.661s] -- Up-to-date symlink: /home/sara/aubo_ws/install/control_msgs/include/control_msgs/control_msgs/action/detail/joint_trajectory__traits.hpp
[19.661s] -- Up-to-date symlink: /home/sara/aubo_ws/install/control_msgs/include/control_msgs/control_msgs/action/detail/point_head__builder.hpp
[19.661s] -- Up-to-date symlink: /home/sara/aubo_ws/install/control_msgs/include/control_msgs/control_msgs/action/detail/point_head__struct.hpp
[19.662s] -- Up-to-date symlink: /home/sara/aubo_ws/install/control_msgs/include/control_msgs/control_msgs/action/detail/point_head__traits.hpp
[19.662s] -- Up-to-date symlink: /home/sara/aubo_ws/install/control_msgs/include/control_msgs/control_msgs/action/detail/single_joint_position__builder.hpp
[19.662s] -- Up-to-date symlink: /home/sara/aubo_ws/install/control_msgs/include/control_msgs/control_msgs/action/detail/single_joint_position__struct.hpp
[19.663s] -- Up-to-date symlink: /home/sara/aubo_ws/install/control_msgs/include/control_msgs/control_msgs/action/detail/single_joint_position__traits.hpp
[19.663s] -- Up-to-date symlink: /home/sara/aubo_ws/install/control_msgs/include/control_msgs/control_msgs/action/follow_joint_trajectory.hpp
[19.663s] -- Up-to-date symlink: /home/sara/aubo_ws/install/control_msgs/include/control_msgs/control_msgs/action/gripper_command.hpp
[19.663s] -- Up-to-date symlink: /home/sara/aubo_ws/install/control_msgs/include/control_msgs/control_msgs/action/joint_trajectory.hpp
[19.664s] -- Up-to-date symlink: /home/sara/aubo_ws/install/control_msgs/include/control_msgs/control_msgs/action/point_head.hpp
[19.664s] -- Up-to-date symlink: /home/sara/aubo_ws/install/control_msgs/include/control_msgs/control_msgs/action/single_joint_position.hpp
[19.685s] -- Up-to-date symlink: /home/sara/aubo_ws/install/control_msgs/include/control_msgs/control_msgs/msg/admittance_controller_state.hpp
[19.686s] -- Up-to-date symlink: /home/sara/aubo_ws/install/control_msgs/include/control_msgs/control_msgs/msg/detail/admittance_controller_state__builder.hpp
[19.686s] -- Up-to-date symlink: /home/sara/aubo_ws/install/control_msgs/include/control_msgs/control_msgs/msg/detail/admittance_controller_state__struct.hpp
[19.686s] -- Up-to-date symlink: /home/sara/aubo_ws/install/control_msgs/include/control_msgs/control_msgs/msg/detail/admittance_controller_state__traits.hpp
[19.687s] -- Up-to-date symlink: /home/sara/aubo_ws/install/control_msgs/include/control_msgs/control_msgs/msg/detail/dynamic_joint_state__builder.hpp
[19.687s] -- Up-to-date symlink: /home/sara/aubo_ws/install/control_msgs/include/control_msgs/control_msgs/msg/detail/dynamic_joint_state__struct.hpp
[19.687s] -- Up-to-date symlink: /home/sara/aubo_ws/install/control_msgs/include/control_msgs/control_msgs/msg/detail/dynamic_joint_state__traits.hpp
[19.688s] -- Up-to-date symlink: /home/sara/aubo_ws/install/control_msgs/include/control_msgs/control_msgs/msg/detail/gripper_command__builder.hpp
[19.688s] -- Up-to-date symlink: /home/sara/aubo_ws/install/control_msgs/include/control_msgs/control_msgs/msg/detail/gripper_command__struct.hpp
[19.688s] -- Up-to-date symlink: /home/sara/aubo_ws/install/control_msgs/include/control_msgs/control_msgs/msg/detail/gripper_command__traits.hpp
[19.689s] -- Up-to-date symlink: /home/sara/aubo_ws/install/control_msgs/include/control_msgs/control_msgs/msg/detail/interface_value__builder.hpp
[19.689s] -- Up-to-date symlink: /home/sara/aubo_ws/install/control_msgs/include/control_msgs/control_msgs/msg/detail/interface_value__struct.hpp
[19.689s] -- Up-to-date symlink: /home/sara/aubo_ws/install/control_msgs/include/control_msgs/control_msgs/msg/detail/interface_value__traits.hpp
[19.690s] -- Up-to-date symlink: /home/sara/aubo_ws/install/control_msgs/include/control_msgs/control_msgs/msg/detail/joint_component_tolerance__builder.hpp
[19.690s] -- Up-to-date symlink: /home/sara/aubo_ws/install/control_msgs/include/control_msgs/control_msgs/msg/detail/joint_component_tolerance__struct.hpp
[19.690s] -- Up-to-date symlink: /home/sara/aubo_ws/install/control_msgs/include/control_msgs/control_msgs/msg/detail/joint_component_tolerance__traits.hpp
[19.690s] -- Up-to-date symlink: /home/sara/aubo_ws/install/control_msgs/include/control_msgs/control_msgs/msg/detail/joint_controller_state__builder.hpp
[19.691s] -- Up-to-date symlink: /home/sara/aubo_ws/install/control_msgs/include/control_msgs/control_msgs/msg/detail/joint_controller_state__struct.hpp
[19.691s] -- Up-to-date symlink: /home/sara/aubo_ws/install/control_msgs/include/control_msgs/control_msgs/msg/detail/joint_controller_state__traits.hpp
[19.691s] -- Up-to-date symlink: /home/sara/aubo_ws/install/control_msgs/include/control_msgs/control_msgs/msg/detail/joint_jog__builder.hpp
[19.692s] -- Up-to-date symlink: /home/sara/aubo_ws/install/control_msgs/include/control_msgs/control_msgs/msg/detail/joint_jog__struct.hpp
[19.692s] -- Up-to-date symlink: /home/sara/aubo_ws/install/control_msgs/include/control_msgs/control_msgs/msg/detail/joint_jog__traits.hpp
[19.692s] -- Up-to-date symlink: /home/sara/aubo_ws/install/control_msgs/include/control_msgs/control_msgs/msg/detail/joint_tolerance__builder.hpp
[19.693s] -- Up-to-date symlink: /home/sara/aubo_ws/install/control_msgs/include/control_msgs/control_msgs/msg/detail/joint_tolerance__struct.hpp
[19.693s] -- Up-to-date symlink: /home/sara/aubo_ws/install/control_msgs/include/control_msgs/control_msgs/msg/detail/joint_tolerance__traits.hpp
[19.693s] -- Up-to-date symlink: /home/sara/aubo_ws/install/control_msgs/include/control_msgs/control_msgs/msg/detail/joint_trajectory_controller_state__builder.hpp
[19.693s] -- Up-to-date symlink: /home/sara/aubo_ws/install/control_msgs/include/control_msgs/control_msgs/msg/detail/joint_trajectory_controller_state__struct.hpp
[19.694s] -- Up-to-date symlink: /home/sara/aubo_ws/install/control_msgs/include/control_msgs/control_msgs/msg/detail/joint_trajectory_controller_state__traits.hpp
[19.694s] -- Up-to-date symlink: /home/sara/aubo_ws/install/control_msgs/include/control_msgs/control_msgs/msg/detail/mecanum_drive_controller_state__builder.hpp
[19.694s] -- Up-to-date symlink: /home/sara/aubo_ws/install/control_msgs/include/control_msgs/control_msgs/msg/detail/mecanum_drive_controller_state__struct.hpp
[19.695s] -- Up-to-date symlink: /home/sara/aubo_ws/install/control_msgs/include/control_msgs/control_msgs/msg/detail/mecanum_drive_controller_state__traits.hpp
[19.695s] -- Up-to-date symlink: /home/sara/aubo_ws/install/control_msgs/include/control_msgs/control_msgs/msg/detail/pid_state__builder.hpp
[19.695s] -- Up-to-date symlink: /home/sara/aubo_ws/install/control_msgs/include/control_msgs/control_msgs/msg/detail/pid_state__struct.hpp
[19.695s] -- Up-to-date symlink: /home/sara/aubo_ws/install/control_msgs/include/control_msgs/control_msgs/msg/detail/pid_state__traits.hpp
[19.696s] -- Up-to-date symlink: /home/sara/aubo_ws/install/control_msgs/include/control_msgs/control_msgs/msg/detail/steering_controller_status__builder.hpp
[19.696s] -- Up-to-date symlink: /home/sara/aubo_ws/install/control_msgs/include/control_msgs/control_msgs/msg/detail/steering_controller_status__struct.hpp
[19.696s] -- Up-to-date symlink: /home/sara/aubo_ws/install/control_msgs/include/control_msgs/control_msgs/msg/detail/steering_controller_status__traits.hpp
[19.697s] -- Up-to-date symlink: /home/sara/aubo_ws/install/control_msgs/include/control_msgs/control_msgs/msg/dynamic_joint_state.hpp
[19.707s] -- Up-to-date symlink: /home/sara/aubo_ws/install/control_msgs/include/control_msgs/control_msgs/msg/gripper_command.hpp
[19.708s] -- Up-to-date symlink: /home/sara/aubo_ws/install/control_msgs/include/control_msgs/control_msgs/msg/interface_value.hpp
[19.708s] -- Up-to-date symlink: /home/sara/aubo_ws/install/control_msgs/include/control_msgs/control_msgs/msg/joint_component_tolerance.hpp
[19.708s] -- Up-to-date symlink: /home/sara/aubo_ws/install/control_msgs/include/control_msgs/control_msgs/msg/joint_controller_state.hpp
[19.709s] -- Up-to-date symlink: /home/sara/aubo_ws/install/control_msgs/include/control_msgs/control_msgs/msg/joint_jog.hpp
[19.709s] -- Up-to-date symlink: /home/sara/aubo_ws/install/control_msgs/include/control_msgs/control_msgs/msg/joint_tolerance.hpp
[19.709s] -- Up-to-date symlink: /home/sara/aubo_ws/install/control_msgs/include/control_msgs/control_msgs/msg/joint_trajectory_controller_state.hpp
[19.709s] -- Up-to-date symlink: /home/sara/aubo_ws/install/control_msgs/include/control_msgs/control_msgs/msg/mecanum_drive_controller_state.hpp
[19.710s] -- Up-to-date symlink: /home/sara/aubo_ws/install/control_msgs/include/control_msgs/control_msgs/msg/pid_state.hpp
[19.710s] -- Up-to-date symlink: /home/sara/aubo_ws/install/control_msgs/include/control_msgs/control_msgs/msg/steering_controller_status.hpp
[19.710s] -- Up-to-date symlink: /home/sara/aubo_ws/install/control_msgs/include/control_msgs/control_msgs/srv/detail/query_calibration_state__builder.hpp
[19.711s] -- Up-to-date symlink: /home/sara/aubo_ws/install/control_msgs/include/control_msgs/control_msgs/srv/detail/query_calibration_state__struct.hpp
[19.711s] -- Up-to-date symlink: /home/sara/aubo_ws/install/control_msgs/include/control_msgs/control_msgs/srv/detail/query_calibration_state__traits.hpp
[19.711s] -- Up-to-date symlink: /home/sara/aubo_ws/install/control_msgs/include/control_msgs/control_msgs/srv/detail/query_trajectory_state__builder.hpp
[19.711s] -- Up-to-date symlink: /home/sara/aubo_ws/install/control_msgs/include/control_msgs/control_msgs/srv/detail/query_trajectory_state__struct.hpp
[19.712s] -- Up-to-date symlink: /home/sara/aubo_ws/install/control_msgs/include/control_msgs/control_msgs/srv/detail/query_trajectory_state__traits.hpp
[19.712s] -- Up-to-date symlink: /home/sara/aubo_ws/install/control_msgs/include/control_msgs/control_msgs/srv/query_calibration_state.hpp
[19.712s] -- Up-to-date symlink: /home/sara/aubo_ws/install/control_msgs/include/control_msgs/control_msgs/srv/query_trajectory_state.hpp
[19.713s] -- Up-to-date symlink: /home/sara/aubo_ws/install/control_msgs/include/control_msgs/control_msgs/action/detail/follow_joint_trajectory__rosidl_typesupport_fastrtps_cpp.hpp
[19.713s] -- Up-to-date symlink: /home/sara/aubo_ws/install/control_msgs/include/control_msgs/control_msgs/action/detail/gripper_command__rosidl_typesupport_fastrtps_cpp.hpp
[19.713s] -- Up-to-date symlink: /home/sara/aubo_ws/install/control_msgs/include/control_msgs/control_msgs/action/detail/joint_trajectory__rosidl_typesupport_fastrtps_cpp.hpp
[19.713s] -- Up-to-date symlink: /home/sara/aubo_ws/install/control_msgs/include/control_msgs/control_msgs/action/detail/point_head__rosidl_typesupport_fastrtps_cpp.hpp
[19.713s] -- Up-to-date symlink: /home/sara/aubo_ws/install/control_msgs/include/control_msgs/control_msgs/action/detail/single_joint_position__rosidl_typesupport_fastrtps_cpp.hpp
[19.714s] -- Up-to-date symlink: /home/sara/aubo_ws/install/control_msgs/include/control_msgs/control_msgs/msg/detail/admittance_controller_state__rosidl_typesupport_fastrtps_cpp.hpp
[19.714s] -- Up-to-date symlink: /home/sara/aubo_ws/install/control_msgs/include/control_msgs/control_msgs/msg/detail/dynamic_joint_state__rosidl_typesupport_fastrtps_cpp.hpp
[19.714s] -- Up-to-date symlink: /home/sara/aubo_ws/install/control_msgs/include/control_msgs/control_msgs/msg/detail/gripper_command__rosidl_typesupport_fastrtps_cpp.hpp
[19.715s] -- Up-to-date symlink: /home/sara/aubo_ws/install/control_msgs/include/control_msgs/control_msgs/msg/detail/interface_value__rosidl_typesupport_fastrtps_cpp.hpp
[19.715s] -- Up-to-date symlink: /home/sara/aubo_ws/install/control_msgs/include/control_msgs/control_msgs/msg/detail/joint_component_tolerance__rosidl_typesupport_fastrtps_cpp.hpp
[19.715s] -- Up-to-date symlink: /home/sara/aubo_ws/install/control_msgs/include/control_msgs/control_msgs/msg/detail/joint_controller_state__rosidl_typesupport_fastrtps_cpp.hpp
[19.716s] -- Up-to-date symlink: /home/sara/aubo_ws/install/control_msgs/include/control_msgs/control_msgs/msg/detail/joint_jog__rosidl_typesupport_fastrtps_cpp.hpp
[19.716s] -- Up-to-date symlink: /home/sara/aubo_ws/install/control_msgs/include/control_msgs/control_msgs/msg/detail/joint_tolerance__rosidl_typesupport_fastrtps_cpp.hpp
[19.716s] -- Up-to-date symlink: /home/sara/aubo_ws/install/control_msgs/include/control_msgs/control_msgs/msg/detail/joint_trajectory_controller_state__rosidl_typesupport_fastrtps_cpp.hpp
[19.717s] -- Up-to-date symlink: /home/sara/aubo_ws/install/control_msgs/include/control_msgs/control_msgs/msg/detail/mecanum_drive_controller_state__rosidl_typesupport_fastrtps_cpp.hpp
[19.720s] -- Up-to-date symlink: /home/sara/aubo_ws/install/control_msgs/include/control_msgs/control_msgs/msg/detail/pid_state__rosidl_typesupport_fastrtps_cpp.hpp
[19.721s] -- Up-to-date symlink: /home/sara/aubo_ws/install/control_msgs/include/control_msgs/control_msgs/msg/detail/steering_controller_status__rosidl_typesupport_fastrtps_cpp.hpp
[19.721s] -- Up-to-date symlink: /home/sara/aubo_ws/install/control_msgs/include/control_msgs/control_msgs/msg/rosidl_typesupport_fastrtps_cpp__visibility_control.h
[19.722s] -- Up-to-date symlink: /home/sara/aubo_ws/install/control_msgs/include/control_msgs/control_msgs/srv/detail/query_calibration_state__rosidl_typesupport_fastrtps_cpp.hpp
[19.723s] -- Up-to-date symlink: /home/sara/aubo_ws/install/control_msgs/include/control_msgs/control_msgs/srv/detail/query_trajectory_state__rosidl_typesupport_fastrtps_cpp.hpp
[19.723s] -- Up-to-date symlink: /home/sara/aubo_ws/install/control_msgs/include/control_msgs/control_msgs/action/detail/follow_joint_trajectory__rosidl_typesupport_introspection_c.h
[19.724s] -- Up-to-date symlink: /home/sara/aubo_ws/install/control_msgs/include/control_msgs/control_msgs/action/detail/gripper_command__rosidl_typesupport_introspection_c.h
[19.725s] -- Up-to-date symlink: /home/sara/aubo_ws/install/control_msgs/include/control_msgs/control_msgs/action/detail/joint_trajectory__rosidl_typesupport_introspection_c.h
[19.725s] -- Up-to-date symlink: /home/sara/aubo_ws/install/control_msgs/include/control_msgs/control_msgs/action/detail/point_head__rosidl_typesupport_introspection_c.h
[19.726s] -- Up-to-date symlink: /home/sara/aubo_ws/install/control_msgs/include/control_msgs/control_msgs/action/detail/single_joint_position__rosidl_typesupport_introspection_c.h
[19.728s] -- Up-to-date symlink: /home/sara/aubo_ws/install/control_msgs/include/control_msgs/control_msgs/msg/detail/admittance_controller_state__rosidl_typesupport_introspection_c.h
[19.728s] -- Up-to-date symlink: /home/sara/aubo_ws/install/control_msgs/include/control_msgs/control_msgs/msg/detail/dynamic_joint_state__rosidl_typesupport_introspection_c.h
[19.728s] -- Up-to-date symlink: /home/sara/aubo_ws/install/control_msgs/include/control_msgs/control_msgs/msg/detail/gripper_command__rosidl_typesupport_introspection_c.h
[19.729s] -- Up-to-date symlink: /home/sara/aubo_ws/install/control_msgs/include/control_msgs/control_msgs/msg/detail/interface_value__rosidl_typesupport_introspection_c.h
[19.729s] -- Up-to-date symlink: /home/sara/aubo_ws/install/control_msgs/include/control_msgs/control_msgs/msg/detail/joint_component_tolerance__rosidl_typesupport_introspection_c.h
[19.733s] -- Up-to-date symlink: /home/sara/aubo_ws/install/control_msgs/include/control_msgs/control_msgs/msg/detail/joint_controller_state__rosidl_typesupport_introspection_c.h
[19.738s] -- Up-to-date symlink: /home/sara/aubo_ws/install/control_msgs/include/control_msgs/control_msgs/msg/detail/joint_jog__rosidl_typesupport_introspection_c.h
[19.738s] -- Up-to-date symlink: /home/sara/aubo_ws/install/control_msgs/include/control_msgs/control_msgs/msg/detail/joint_tolerance__rosidl_typesupport_introspection_c.h
[19.738s] -- Up-to-date symlink: /home/sara/aubo_ws/install/control_msgs/include/control_msgs/control_msgs/msg/detail/joint_trajectory_controller_state__rosidl_typesupport_introspection_c.h
[19.739s] -- Up-to-date symlink: /home/sara/aubo_ws/install/control_msgs/include/control_msgs/control_msgs/msg/detail/mecanum_drive_controller_state__rosidl_typesupport_introspection_c.h
[19.739s] -- Up-to-date symlink: /home/sara/aubo_ws/install/control_msgs/include/control_msgs/control_msgs/msg/detail/pid_state__rosidl_typesupport_introspection_c.h
[19.739s] -- Up-to-date symlink: /home/sara/aubo_ws/install/control_msgs/include/control_msgs/control_msgs/msg/detail/steering_controller_status__rosidl_typesupport_introspection_c.h
[19.740s] -- Up-to-date symlink: /home/sara/aubo_ws/install/control_msgs/include/control_msgs/control_msgs/msg/rosidl_typesupport_introspection_c__visibility_control.h
[19.740s] -- Up-to-date symlink: /home/sara/aubo_ws/install/control_msgs/include/control_msgs/control_msgs/srv/detail/query_calibration_state__rosidl_typesupport_introspection_c.h
[19.741s] -- Up-to-date symlink: /home/sara/aubo_ws/install/control_msgs/include/control_msgs/control_msgs/srv/detail/query_trajectory_state__rosidl_typesupport_introspection_c.h
[19.741s] -- Up-to-date symlink: /home/sara/aubo_ws/install/control_msgs/include/control_msgs/control_msgs/action/detail/follow_joint_trajectory__rosidl_typesupport_introspection_cpp.hpp
[19.741s] -- Up-to-date symlink: /home/sara/aubo_ws/install/control_msgs/include/control_msgs/control_msgs/action/detail/gripper_command__rosidl_typesupport_introspection_cpp.hpp
[19.741s] -- Up-to-date symlink: /home/sara/aubo_ws/install/control_msgs/include/control_msgs/control_msgs/action/detail/joint_trajectory__rosidl_typesupport_introspection_cpp.hpp
[19.742s] -- Up-to-date symlink: /home/sara/aubo_ws/install/control_msgs/include/control_msgs/control_msgs/action/detail/point_head__rosidl_typesupport_introspection_cpp.hpp
[19.742s] -- Up-to-date symlink: /home/sara/aubo_ws/install/control_msgs/include/control_msgs/control_msgs/action/detail/single_joint_position__rosidl_typesupport_introspection_cpp.hpp
[19.743s] -- Up-to-date symlink: /home/sara/aubo_ws/install/control_msgs/include/control_msgs/control_msgs/msg/detail/admittance_controller_state__rosidl_typesupport_introspection_cpp.hpp
[19.743s] -- Up-to-date symlink: /home/sara/aubo_ws/install/control_msgs/include/control_msgs/control_msgs/msg/detail/dynamic_joint_state__rosidl_typesupport_introspection_cpp.hpp
[19.745s] -- Up-to-date symlink: /home/sara/aubo_ws/install/control_msgs/include/control_msgs/control_msgs/msg/detail/gripper_command__rosidl_typesupport_introspection_cpp.hpp
[19.745s] -- Up-to-date symlink: /home/sara/aubo_ws/install/control_msgs/include/control_msgs/control_msgs/msg/detail/interface_value__rosidl_typesupport_introspection_cpp.hpp
[19.746s] -- Up-to-date symlink: /home/sara/aubo_ws/install/control_msgs/include/control_msgs/control_msgs/msg/detail/joint_component_tolerance__rosidl_typesupport_introspection_cpp.hpp
[19.747s] -- Up-to-date symlink: /home/sara/aubo_ws/install/control_msgs/include/control_msgs/control_msgs/msg/detail/joint_controller_state__rosidl_typesupport_introspection_cpp.hpp
[19.748s] -- Up-to-date symlink: /home/sara/aubo_ws/install/control_msgs/include/control_msgs/control_msgs/msg/detail/joint_jog__rosidl_typesupport_introspection_cpp.hpp
[19.749s] -- Up-to-date symlink: /home/sara/aubo_ws/install/control_msgs/include/control_msgs/control_msgs/msg/detail/joint_tolerance__rosidl_typesupport_introspection_cpp.hpp
[19.750s] -- Up-to-date symlink: /home/sara/aubo_ws/install/control_msgs/include/control_msgs/control_msgs/msg/detail/joint_trajectory_controller_state__rosidl_typesupport_introspection_cpp.hpp
[19.750s] -- Up-to-date symlink: /home/sara/aubo_ws/install/control_msgs/include/control_msgs/control_msgs/msg/detail/mecanum_drive_controller_state__rosidl_typesupport_introspection_cpp.hpp
[19.751s] -- Up-to-date symlink: /home/sara/aubo_ws/install/control_msgs/include/control_msgs/control_msgs/msg/detail/pid_state__rosidl_typesupport_introspection_cpp.hpp
[19.752s] -- Up-to-date symlink: /home/sara/aubo_ws/install/control_msgs/include/control_msgs/control_msgs/msg/detail/steering_controller_status__rosidl_typesupport_introspection_cpp.hpp
[19.753s] -- Up-to-date symlink: /home/sara/aubo_ws/install/control_msgs/include/control_msgs/control_msgs/srv/detail/query_calibration_state__rosidl_typesupport_introspection_cpp.hpp
[19.754s] -- Up-to-date symlink: /home/sara/aubo_ws/install/control_msgs/include/control_msgs/control_msgs/srv/detail/query_trajectory_state__rosidl_typesupport_introspection_cpp.hpp
[19.755s] -- Up-to-date symlink: /home/sara/aubo_ws/install/control_msgs/share/control_msgs/environment/pythonpath.sh
[19.756s] -- Up-to-date symlink: /home/sara/aubo_ws/install/control_msgs/share/control_msgs/environment/pythonpath.dsv
[19.757s] -- Up-to-date symlink: /home/sara/aubo_ws/install/control_msgs/local/lib/python3.10/dist-packages/control_msgs-4.4.0-py3.10.egg-info/PKG-INFO
[19.757s] -- Up-to-date symlink: /home/sara/aubo_ws/install/control_msgs/local/lib/python3.10/dist-packages/control_msgs-4.4.0-py3.10.egg-info/SOURCES.txt
[19.758s] -- Up-to-date symlink: /home/sara/aubo_ws/install/control_msgs/local/lib/python3.10/dist-packages/control_msgs-4.4.0-py3.10.egg-info/dependency_links.txt
[19.758s] -- Up-to-date symlink: /home/sara/aubo_ws/install/control_msgs/local/lib/python3.10/dist-packages/control_msgs-4.4.0-py3.10.egg-info/top_level.txt
[19.759s] -- Up-to-date symlink: /home/sara/aubo_ws/install/control_msgs/local/lib/python3.10/dist-packages/control_msgs/__init__.py
[19.761s] -- Up-to-date symlink: /home/sara/aubo_ws/install/control_msgs/local/lib/python3.10/dist-packages/control_msgs/_control_msgs_s.ep.rosidl_typesupport_c.c
[19.761s] -- Up-to-date symlink: /home/sara/aubo_ws/install/control_msgs/local/lib/python3.10/dist-packages/control_msgs/_control_msgs_s.ep.rosidl_typesupport_fastrtps_c.c
[19.761s] -- Up-to-date symlink: /home/sara/aubo_ws/install/control_msgs/local/lib/python3.10/dist-packages/control_msgs/_control_msgs_s.ep.rosidl_typesupport_introspection_c.c
[19.762s] -- Up-to-date symlink: /home/sara/aubo_ws/install/control_msgs/local/lib/python3.10/dist-packages/control_msgs/action/__init__.py
[19.763s] -- Up-to-date symlink: /home/sara/aubo_ws/install/control_msgs/local/lib/python3.10/dist-packages/control_msgs/action/_follow_joint_trajectory.py
[19.763s] -- Up-to-date symlink: /home/sara/aubo_ws/install/control_msgs/local/lib/python3.10/dist-packages/control_msgs/action/_follow_joint_trajectory_s.c
[19.764s] -- Up-to-date symlink: /home/sara/aubo_ws/install/control_msgs/local/lib/python3.10/dist-packages/control_msgs/action/_gripper_command.py
[19.765s] -- Up-to-date symlink: /home/sara/aubo_ws/install/control_msgs/local/lib/python3.10/dist-packages/control_msgs/action/_gripper_command_s.c
[19.766s] -- Up-to-date symlink: /home/sara/aubo_ws/install/control_msgs/local/lib/python3.10/dist-packages/control_msgs/action/_joint_trajectory.py
[19.766s] -- Up-to-date symlink: /home/sara/aubo_ws/install/control_msgs/local/lib/python3.10/dist-packages/control_msgs/action/_joint_trajectory_s.c
[19.768s] -- Up-to-date symlink: /home/sara/aubo_ws/install/control_msgs/local/lib/python3.10/dist-packages/control_msgs/action/_point_head.py
[19.769s] -- Up-to-date symlink: /home/sara/aubo_ws/install/control_msgs/local/lib/python3.10/dist-packages/control_msgs/action/_point_head_s.c
[19.770s] -- Up-to-date symlink: /home/sara/aubo_ws/install/control_msgs/local/lib/python3.10/dist-packages/control_msgs/action/_single_joint_position.py
[19.770s] -- Up-to-date symlink: /home/sara/aubo_ws/install/control_msgs/local/lib/python3.10/dist-packages/control_msgs/action/_single_joint_position_s.c
[19.771s] -- Up-to-date symlink: /home/sara/aubo_ws/install/control_msgs/local/lib/python3.10/dist-packages/control_msgs/control_msgs_s__rosidl_typesupport_c.cpython-310-x86_64-linux-gnu.so
[19.771s] -- Up-to-date symlink: /home/sara/aubo_ws/install/control_msgs/local/lib/python3.10/dist-packages/control_msgs/control_msgs_s__rosidl_typesupport_fastrtps_c.cpython-310-x86_64-linux-gnu.so
[19.773s] -- Up-to-date symlink: /home/sara/aubo_ws/install/control_msgs/local/lib/python3.10/dist-packages/control_msgs/control_msgs_s__rosidl_typesupport_introspection_c.cpython-310-x86_64-linux-gnu.so
[19.773s] -- Up-to-date symlink: /home/sara/aubo_ws/install/control_msgs/local/lib/python3.10/dist-packages/control_msgs/libcontrol_msgs__rosidl_generator_py.so
[19.774s] -- Up-to-date symlink: /home/sara/aubo_ws/install/control_msgs/local/lib/python3.10/dist-packages/control_msgs/msg/__init__.py
[19.774s] -- Up-to-date symlink: /home/sara/aubo_ws/install/control_msgs/local/lib/python3.10/dist-packages/control_msgs/msg/_admittance_controller_state.py
[19.775s] -- Up-to-date symlink: /home/sara/aubo_ws/install/control_msgs/local/lib/python3.10/dist-packages/control_msgs/msg/_admittance_controller_state_s.c
[19.775s] -- Up-to-date symlink: /home/sara/aubo_ws/install/control_msgs/local/lib/python3.10/dist-packages/control_msgs/msg/_dynamic_joint_state.py
[19.776s] -- Up-to-date symlink: /home/sara/aubo_ws/install/control_msgs/local/lib/python3.10/dist-packages/control_msgs/msg/_dynamic_joint_state_s.c
[19.777s] -- Up-to-date symlink: /home/sara/aubo_ws/install/control_msgs/local/lib/python3.10/dist-packages/control_msgs/msg/_gripper_command.py
[19.777s] -- Up-to-date symlink: /home/sara/aubo_ws/install/control_msgs/local/lib/python3.10/dist-packages/control_msgs/msg/_gripper_command_s.c
[19.779s] -- Up-to-date symlink: /home/sara/aubo_ws/install/control_msgs/local/lib/python3.10/dist-packages/control_msgs/msg/_interface_value.py
[19.779s] -- Up-to-date symlink: /home/sara/aubo_ws/install/control_msgs/local/lib/python3.10/dist-packages/control_msgs/msg/_interface_value_s.c
[19.779s] -- Up-to-date symlink: /home/sara/aubo_ws/install/control_msgs/local/lib/python3.10/dist-packages/control_msgs/msg/_joint_component_tolerance.py
[19.780s] -- Up-to-date symlink: /home/sara/aubo_ws/install/control_msgs/local/lib/python3.10/dist-packages/control_msgs/msg/_joint_component_tolerance_s.c
[19.780s] -- Up-to-date symlink: /home/sara/aubo_ws/install/control_msgs/local/lib/python3.10/dist-packages/control_msgs/msg/_joint_controller_state.py
[19.780s] -- Up-to-date symlink: /home/sara/aubo_ws/install/control_msgs/local/lib/python3.10/dist-packages/control_msgs/msg/_joint_controller_state_s.c
[19.783s] -- Up-to-date symlink: /home/sara/aubo_ws/install/control_msgs/local/lib/python3.10/dist-packages/control_msgs/msg/_joint_jog.py
[19.783s] -- Up-to-date symlink: /home/sara/aubo_ws/install/control_msgs/local/lib/python3.10/dist-packages/control_msgs/msg/_joint_jog_s.c
[19.785s] -- Up-to-date symlink: /home/sara/aubo_ws/install/control_msgs/local/lib/python3.10/dist-packages/control_msgs/msg/_joint_tolerance.py
[19.785s] -- Up-to-date symlink: /home/sara/aubo_ws/install/control_msgs/local/lib/python3.10/dist-packages/control_msgs/msg/_joint_tolerance_s.c
[19.787s] -- Up-to-date symlink: /home/sara/aubo_ws/install/control_msgs/local/lib/python3.10/dist-packages/control_msgs/msg/_joint_trajectory_controller_state.py
[19.787s] -- Up-to-date symlink: /home/sara/aubo_ws/install/control_msgs/local/lib/python3.10/dist-packages/control_msgs/msg/_joint_trajectory_controller_state_s.c
[19.787s] -- Up-to-date symlink: /home/sara/aubo_ws/install/control_msgs/local/lib/python3.10/dist-packages/control_msgs/msg/_mecanum_drive_controller_state.py
[19.788s] -- Up-to-date symlink: /home/sara/aubo_ws/install/control_msgs/local/lib/python3.10/dist-packages/control_msgs/msg/_mecanum_drive_controller_state_s.c
[19.788s] -- Up-to-date symlink: /home/sara/aubo_ws/install/control_msgs/local/lib/python3.10/dist-packages/control_msgs/msg/_pid_state.py
[19.789s] -- Up-to-date symlink: /home/sara/aubo_ws/install/control_msgs/local/lib/python3.10/dist-packages/control_msgs/msg/_pid_state_s.c
[19.790s] -- Up-to-date symlink: /home/sara/aubo_ws/install/control_msgs/local/lib/python3.10/dist-packages/control_msgs/msg/_steering_controller_status.py
[19.791s] -- Up-to-date symlink: /home/sara/aubo_ws/install/control_msgs/local/lib/python3.10/dist-packages/control_msgs/msg/_steering_controller_status_s.c
[19.791s] -- Up-to-date symlink: /home/sara/aubo_ws/install/control_msgs/local/lib/python3.10/dist-packages/control_msgs/srv/__init__.py
[19.792s] -- Up-to-date symlink: /home/sara/aubo_ws/install/control_msgs/local/lib/python3.10/dist-packages/control_msgs/srv/_query_calibration_state.py
[19.792s] -- Up-to-date symlink: /home/sara/aubo_ws/install/control_msgs/local/lib/python3.10/dist-packages/control_msgs/srv/_query_calibration_state_s.c
[19.793s] -- Up-to-date symlink: /home/sara/aubo_ws/install/control_msgs/local/lib/python3.10/dist-packages/control_msgs/srv/_query_trajectory_state.py
[19.793s] -- Up-to-date symlink: /home/sara/aubo_ws/install/control_msgs/local/lib/python3.10/dist-packages/control_msgs/srv/_query_trajectory_state_s.c
[19.794s] -- Up-to-date symlink: /home/sara/aubo_ws/install/control_msgs/local/lib/python3.10/dist-packages/control_msgs/control_msgs_s__rosidl_typesupport_fastrtps_c.cpython-310-x86_64-linux-gnu.so
[19.795s] -- Up-to-date symlink: /home/sara/aubo_ws/install/control_msgs/local/lib/python3.10/dist-packages/control_msgs/control_msgs_s__rosidl_typesupport_introspection_c.cpython-310-x86_64-linux-gnu.so
[19.796s] -- Up-to-date symlink: /home/sara/aubo_ws/install/control_msgs/local/lib/python3.10/dist-packages/control_msgs/control_msgs_s__rosidl_typesupport_c.cpython-310-x86_64-linux-gnu.so
[19.797s] -- Up-to-date symlink: /home/sara/aubo_ws/install/control_msgs/share/control_msgs/action/FollowJointTrajectory.idl
[19.798s] -- Up-to-date symlink: /home/sara/aubo_ws/install/control_msgs/share/control_msgs/action/GripperCommand.idl
[19.798s] -- Up-to-date symlink: /home/sara/aubo_ws/install/control_msgs/share/control_msgs/action/JointTrajectory.idl
[19.799s] -- Up-to-date symlink: /home/sara/aubo_ws/install/control_msgs/share/control_msgs/action/PointHead.idl
[19.800s] -- Up-to-date symlink: /home/sara/aubo_ws/install/control_msgs/share/control_msgs/action/SingleJointPosition.idl
[19.801s] -- Up-to-date symlink: /home/sara/aubo_ws/install/control_msgs/share/control_msgs/msg/AdmittanceControllerState.idl
[19.801s] -- Up-to-date symlink: /home/sara/aubo_ws/install/control_msgs/share/control_msgs/msg/DynamicJointState.idl
[19.802s] -- Up-to-date symlink: /home/sara/aubo_ws/install/control_msgs/share/control_msgs/msg/GripperCommand.idl
[19.803s] -- Up-to-date symlink: /home/sara/aubo_ws/install/control_msgs/share/control_msgs/msg/InterfaceValue.idl
[19.814s] -- Up-to-date symlink: /home/sara/aubo_ws/install/control_msgs/share/control_msgs/msg/JointComponentTolerance.idl
[19.815s] -- Up-to-date symlink: /home/sara/aubo_ws/install/control_msgs/share/control_msgs/msg/JointControllerState.idl
[19.815s] -- Up-to-date symlink: /home/sara/aubo_ws/install/control_msgs/share/control_msgs/msg/JointJog.idl
[19.815s] -- Up-to-date symlink: /home/sara/aubo_ws/install/control_msgs/share/control_msgs/msg/JointTolerance.idl
[19.816s] -- Up-to-date symlink: /home/sara/aubo_ws/install/control_msgs/share/control_msgs/msg/JointTrajectoryControllerState.idl
[19.816s] -- Up-to-date symlink: /home/sara/aubo_ws/install/control_msgs/share/control_msgs/msg/MecanumDriveControllerState.idl
[19.816s] -- Up-to-date symlink: /home/sara/aubo_ws/install/control_msgs/share/control_msgs/msg/PidState.idl
[19.816s] -- Up-to-date symlink: /home/sara/aubo_ws/install/control_msgs/share/control_msgs/msg/SteeringControllerStatus.idl
[19.817s] -- Up-to-date symlink: /home/sara/aubo_ws/install/control_msgs/share/control_msgs/srv/QueryCalibrationState.idl
[19.817s] -- Up-to-date symlink: /home/sara/aubo_ws/install/control_msgs/share/control_msgs/srv/QueryTrajectoryState.idl
[19.817s] -- Up-to-date symlink: /home/sara/aubo_ws/install/control_msgs/share/control_msgs/action/FollowJointTrajectory.action
[19.817s] -- Up-to-date symlink: /home/sara/aubo_ws/install/control_msgs/share/control_msgs/action/GripperCommand.action
[19.818s] -- Up-to-date symlink: /home/sara/aubo_ws/install/control_msgs/share/control_msgs/action/JointTrajectory.action
[19.818s] -- Up-to-date symlink: /home/sara/aubo_ws/install/control_msgs/share/control_msgs/action/PointHead.action
[19.818s] -- Up-to-date symlink: /home/sara/aubo_ws/install/control_msgs/share/control_msgs/action/SingleJointPosition.action
[19.818s] -- Up-to-date symlink: /home/sara/aubo_ws/install/control_msgs/share/control_msgs/msg/AdmittanceControllerState.msg
[19.819s] -- Up-to-date symlink: /home/sara/aubo_ws/install/control_msgs/share/control_msgs/msg/DynamicJointState.msg
[19.819s] -- Up-to-date symlink: /home/sara/aubo_ws/install/control_msgs/share/control_msgs/msg/GripperCommand.msg
[19.819s] -- Up-to-date symlink: /home/sara/aubo_ws/install/control_msgs/share/control_msgs/msg/InterfaceValue.msg
[19.819s] -- Up-to-date symlink: /home/sara/aubo_ws/install/control_msgs/share/control_msgs/msg/JointComponentTolerance.msg
[19.819s] -- Up-to-date symlink: /home/sara/aubo_ws/install/control_msgs/share/control_msgs/msg/JointControllerState.msg
[19.820s] -- Up-to-date symlink: /home/sara/aubo_ws/install/control_msgs/share/control_msgs/msg/JointJog.msg
[19.820s] -- Up-to-date symlink: /home/sara/aubo_ws/install/control_msgs/share/control_msgs/msg/JointTolerance.msg
[19.820s] -- Up-to-date symlink: /home/sara/aubo_ws/install/control_msgs/share/control_msgs/msg/JointTrajectoryControllerState.msg
[19.820s] -- Up-to-date symlink: /home/sara/aubo_ws/install/control_msgs/share/control_msgs/msg/MecanumDriveControllerState.msg
[19.821s] -- Up-to-date symlink: /home/sara/aubo_ws/install/control_msgs/share/control_msgs/msg/PidState.msg
[19.821s] -- Up-to-date symlink: /home/sara/aubo_ws/install/control_msgs/share/control_msgs/msg/SteeringControllerStatus.msg
[19.821s] -- Up-to-date symlink: /home/sara/aubo_ws/install/control_msgs/share/control_msgs/srv/QueryCalibrationState.srv
[19.821s] -- Up-to-date symlink: /home/sara/aubo_ws/install/control_msgs/share/control_msgs/srv/QueryCalibrationState_Request.msg
[19.821s] -- Up-to-date symlink: /home/sara/aubo_ws/install/control_msgs/share/control_msgs/srv/QueryCalibrationState_Response.msg
[19.822s] -- Up-to-date symlink: /home/sara/aubo_ws/install/control_msgs/share/control_msgs/srv/QueryTrajectoryState.srv
[19.822s] -- Up-to-date symlink: /home/sara/aubo_ws/install/control_msgs/share/control_msgs/srv/QueryTrajectoryState_Request.msg
[19.822s] -- Up-to-date symlink: /home/sara/aubo_ws/install/control_msgs/share/control_msgs/srv/QueryTrajectoryState_Response.msg
[19.822s] -- Up-to-date symlink: /home/sara/aubo_ws/install/control_msgs/share/ament_index/resource_index/package_run_dependencies/control_msgs
[19.823s] -- Up-to-date symlink: /home/sara/aubo_ws/install/control_msgs/share/ament_index/resource_index/parent_prefix_path/control_msgs
[19.823s] -- Up-to-date symlink: /home/sara/aubo_ws/install/control_msgs/share/control_msgs/environment/ament_prefix_path.sh
[19.823s] -- Up-to-date symlink: /home/sara/aubo_ws/install/control_msgs/share/control_msgs/environment/ament_prefix_path.dsv
[19.823s] -- Up-to-date symlink: /home/sara/aubo_ws/install/control_msgs/share/control_msgs/environment/path.sh
[19.823s] -- Up-to-date symlink: /home/sara/aubo_ws/install/control_msgs/share/control_msgs/environment/path.dsv
[19.824s] -- Up-to-date symlink: /home/sara/aubo_ws/install/control_msgs/share/control_msgs/local_setup.bash
[19.824s] -- Up-to-date symlink: /home/sara/aubo_ws/install/control_msgs/share/control_msgs/local_setup.sh
[19.824s] -- Up-to-date symlink: /home/sara/aubo_ws/install/control_msgs/share/control_msgs/local_setup.zsh
[19.826s] -- Up-to-date symlink: /home/sara/aubo_ws/install/control_msgs/share/control_msgs/local_setup.dsv
[19.826s] -- Symlinking: /home/sara/aubo_ws/install/control_msgs/share/control_msgs/package.dsv
[19.844s] -- Up-to-date symlink: /home/sara/aubo_ws/install/control_msgs/share/ament_index/resource_index/packages/control_msgs
[19.845s] -- Up-to-date symlink: /home/sara/aubo_ws/install/control_msgs/share/control_msgs/cmake/rosidl_cmake-extras.cmake
[19.846s] -- Up-to-date symlink: /home/sara/aubo_ws/install/control_msgs/share/control_msgs/cmake/ament_cmake_export_dependencies-extras.cmake
[19.846s] -- Up-to-date symlink: /home/sara/aubo_ws/install/control_msgs/share/control_msgs/cmake/ament_cmake_export_include_directories-extras.cmake
[19.846s] -- Up-to-date symlink: /home/sara/aubo_ws/install/control_msgs/share/control_msgs/cmake/ament_cmake_export_libraries-extras.cmake
[19.847s] -- Up-to-date symlink: /home/sara/aubo_ws/install/control_msgs/share/control_msgs/cmake/ament_cmake_export_targets-extras.cmake
[19.847s] -- Up-to-date symlink: /home/sara/aubo_ws/install/control_msgs/share/control_msgs/cmake/rosidl_cmake_export_typesupport_targets-extras.cmake
[19.847s] -- Up-to-date symlink: /home/sara/aubo_ws/install/control_msgs/share/control_msgs/cmake/rosidl_cmake_export_typesupport_libraries-extras.cmake
[19.848s] -- Up-to-date symlink: /home/sara/aubo_ws/install/control_msgs/share/control_msgs/cmake/control_msgsConfig.cmake
[19.848s] -- Up-to-date symlink: /home/sara/aubo_ws/install/control_msgs/share/control_msgs/cmake/control_msgsConfig-version.cmake
[19.848s] -- Up-to-date symlink: /home/sara/aubo_ws/install/control_msgs/share/control_msgs/package.xml
[19.848s] -- Up-to-date: /home/sara/aubo_ws/install/control_msgs/lib/libcontrol_msgs__rosidl_generator_c.so
[19.849s] -- Up-to-date: /home/sara/aubo_ws/install/control_msgs/lib/libcontrol_msgs__rosidl_typesupport_fastrtps_c.so
[19.849s] -- Up-to-date: /home/sara/aubo_ws/install/control_msgs/lib/libcontrol_msgs__rosidl_typesupport_fastrtps_cpp.so
[19.849s] -- Up-to-date: /home/sara/aubo_ws/install/control_msgs/lib/libcontrol_msgs__rosidl_typesupport_introspection_c.so
[19.849s] -- Up-to-date: /home/sara/aubo_ws/install/control_msgs/lib/libcontrol_msgs__rosidl_typesupport_c.so
[19.850s] -- Up-to-date: /home/sara/aubo_ws/install/control_msgs/lib/libcontrol_msgs__rosidl_typesupport_introspection_cpp.so
[19.850s] -- Up-to-date: /home/sara/aubo_ws/install/control_msgs/lib/libcontrol_msgs__rosidl_typesupport_cpp.so
[19.969s] Listing '/home/sara/aubo_ws/install/control_msgs/local/lib/python3.10/dist-packages/control_msgs'...
[19.970s] Compiling '/home/sara/aubo_ws/install/control_msgs/local/lib/python3.10/dist-packages/control_msgs/__init__.py'...
[19.970s] Listing '/home/sara/aubo_ws/install/control_msgs/local/lib/python3.10/dist-packages/control_msgs/action'...
[19.970s] Listing '/home/sara/aubo_ws/install/control_msgs/local/lib/python3.10/dist-packages/control_msgs/msg'...
[19.971s] Listing '/home/sara/aubo_ws/install/control_msgs/local/lib/python3.10/dist-packages/control_msgs/srv'...
[19.987s] -- Up-to-date: /home/sara/aubo_ws/install/control_msgs/lib/libcontrol_msgs__rosidl_generator_py.so
[19.988s] -- Up-to-date: /home/sara/aubo_ws/install/control_msgs/share/control_msgs/cmake/export_control_msgs__rosidl_generator_cExport.cmake
[19.990s] -- Up-to-date: /home/sara/aubo_ws/install/control_msgs/share/control_msgs/cmake/export_control_msgs__rosidl_generator_cExport-noconfig.cmake
[19.991s] -- Up-to-date: /home/sara/aubo_ws/install/control_msgs/share/control_msgs/cmake/export_control_msgs__rosidl_typesupport_fastrtps_cExport.cmake
[19.992s] -- Up-to-date: /home/sara/aubo_ws/install/control_msgs/share/control_msgs/cmake/export_control_msgs__rosidl_typesupport_fastrtps_cExport-noconfig.cmake
[19.992s] -- Up-to-date: /home/sara/aubo_ws/install/control_msgs/share/control_msgs/cmake/export_control_msgs__rosidl_generator_cppExport.cmake
[19.992s] -- Up-to-date: /home/sara/aubo_ws/install/control_msgs/share/control_msgs/cmake/export_control_msgs__rosidl_typesupport_fastrtps_cppExport.cmake
[19.992s] -- Up-to-date: /home/sara/aubo_ws/install/control_msgs/share/control_msgs/cmake/export_control_msgs__rosidl_typesupport_fastrtps_cppExport-noconfig.cmake
[19.993s] -- Up-to-date: /home/sara/aubo_ws/install/control_msgs/share/control_msgs/cmake/control_msgs__rosidl_typesupport_introspection_cExport.cmake
[19.993s] -- Up-to-date: /home/sara/aubo_ws/install/control_msgs/share/control_msgs/cmake/control_msgs__rosidl_typesupport_introspection_cExport-noconfig.cmake
[19.993s] -- Up-to-date: /home/sara/aubo_ws/install/control_msgs/share/control_msgs/cmake/control_msgs__rosidl_typesupport_cExport.cmake
[19.993s] -- Up-to-date: /home/sara/aubo_ws/install/control_msgs/share/control_msgs/cmake/control_msgs__rosidl_typesupport_cExport-noconfig.cmake
[19.993s] -- Up-to-date: /home/sara/aubo_ws/install/control_msgs/share/control_msgs/cmake/control_msgs__rosidl_typesupport_introspection_cppExport.cmake
[19.994s] -- Up-to-date: /home/sara/aubo_ws/install/control_msgs/share/control_msgs/cmake/control_msgs__rosidl_typesupport_introspection_cppExport-noconfig.cmake
[19.994s] -- Up-to-date: /home/sara/aubo_ws/install/control_msgs/share/control_msgs/cmake/control_msgs__rosidl_typesupport_cppExport.cmake
[19.996s] -- Up-to-date: /home/sara/aubo_ws/install/control_msgs/share/control_msgs/cmake/control_msgs__rosidl_typesupport_cppExport-noconfig.cmake
[19.996s] -- Up-to-date: /home/sara/aubo_ws/install/control_msgs/share/control_msgs/cmake/export_control_msgs__rosidl_generator_pyExport.cmake
[19.996s] -- Up-to-date: /home/sara/aubo_ws/install/control_msgs/share/control_msgs/cmake/export_control_msgs__rosidl_generator_pyExport-noconfig.cmake
[20.909s] Invoked command in '/home/sara/aubo_ws/build/control_msgs' returned '0': CMAKE_PREFIX_PATH=${CMAKE_PREFIX_PATH}:/home/sara/ros2_ws/install/steering_controllers_library:/home/sara/ros2_ws/install/rqt_joint_trajectory_controller:/home/sara/ros2_ws/install/rqt_controller_manager:/home/sara/ros2_ws/install/ros2controlcli:/home/sara/ros2_ws/install/ros2_controllers_test_nodes:/home/sara/aubo_ws/install/ros2_controllers_test_nodes:/opt/ros/humble /usr/bin/cmake --install /home/sara/aubo_ws/build/control_msgs
