-- Install configuration: ""
-- Up-to-date: /home/sara/aubo_ws/install/aubo/share/aubo/launch
-- Up-to-date: /home/sara/aubo_ws/install/aubo/share/aubo/launch/aubo.launch.py
-- Up-to-date: /home/sara/aubo_ws/install/aubo/share/aubo/launch/spawn_robot_launch_v4.launch.py
-- Up-to-date: /home/sara/aubo_ws/install/aubo/share/aubo/launch/spawn.launch
-- Up-to-date: /home/sara/aubo_ws/install/aubo/share/aubo/urdf
-- Up-to-date: /home/sara/aubo_ws/install/aubo/share/aubo/urdf/aubo_argo.urdf
-- Up-to-date: /home/sara/aubo_ws/install/aubo/share/aubo/urdf/materials.xacro
-- Up-to-date: /home/sara/aubo_ws/install/aubo/share/aubo/urdf/aubo_i5.urdf
-- Up-to-date: /home/sara/aubo_ws/install/aubo/share/aubo/urdf/aubo.gazebo.xacro
-- Up-to-date: /home/sara/aubo_ws/install/aubo/share/aubo/urdf/aubo.transmission.xacro
-- Up-to-date: /home/sara/aubo_ws/install/aubo/share/aubo/urdf/aubo_i5.urdf.xacro
-- Up-to-date: /home/sara/aubo_ws/install/aubo/share/aubo/meshes
-- Up-to-date: /home/sara/aubo_ws/install/aubo/share/aubo/meshes/aubo_i5
-- Up-to-date: /home/sara/aubo_ws/install/aubo/share/aubo/meshes/aubo_i5/collision
-- Up-to-date: /home/sara/aubo_ws/install/aubo/share/aubo/meshes/aubo_i5/collision/pedestal.STL
-- Up-to-date: /home/sara/aubo_ws/install/aubo/share/aubo/meshes/aubo_i5/collision/wrist3_Link.STL
-- Up-to-date: /home/sara/aubo_ws/install/aubo/share/aubo/meshes/aubo_i5/collision/shoulder_Link.STL
-- Up-to-date: /home/sara/aubo_ws/install/aubo/share/aubo/meshes/aubo_i5/collision/upperArm_Link.STL
-- Up-to-date: /home/sara/aubo_ws/install/aubo/share/aubo/meshes/aubo_i5/collision/wrist2_Link.STL
-- Up-to-date: /home/sara/aubo_ws/install/aubo/share/aubo/meshes/aubo_i5/collision/base_link.STL
-- Up-to-date: /home/sara/aubo_ws/install/aubo/share/aubo/meshes/aubo_i5/collision/wrist1_Link.STL
-- Up-to-date: /home/sara/aubo_ws/install/aubo/share/aubo/meshes/aubo_i5/collision/foreArm_Link.STL
-- Up-to-date: /home/sara/aubo_ws/install/aubo/share/aubo/meshes/aubo_i5/visual
-- Up-to-date: /home/sara/aubo_ws/install/aubo/share/aubo/meshes/aubo_i5/visual/wrist3_Link.DAE
-- Up-to-date: /home/sara/aubo_ws/install/aubo/share/aubo/meshes/aubo_i5/visual/shoulder_Link.DAE
-- Up-to-date: /home/sara/aubo_ws/install/aubo/share/aubo/meshes/aubo_i5/visual/wrist1_Link.DAE
-- Up-to-date: /home/sara/aubo_ws/install/aubo/share/aubo/meshes/aubo_i5/visual/base_link.DAE
-- Installing: /home/sara/aubo_ws/install/aubo/share/aubo/meshes/aubo_i5/visual/wrist2_Link.DAE
-- Installing: /home/sara/aubo_ws/install/aubo/share/aubo/meshes/aubo_i5/visual/upperArm_Link.DAE
-- Installing: /home/sara/aubo_ws/install/aubo/share/aubo/meshes/aubo_i5/visual/foreArm_Link.DAE
-- Installing: /home/sara/aubo_ws/install/aubo/share/aubo/config
-- Installing: /home/sara/aubo_ws/install/aubo/share/aubo/config/aubo_control.yaml
-- Installing: /home/sara/aubo_ws/install/aubo/share/ament_index/resource_index/package_run_dependencies/aubo
-- Installing: /home/sara/aubo_ws/install/aubo/share/ament_index/resource_index/parent_prefix_path/aubo
-- Installing: /home/sara/aubo_ws/install/aubo/share/aubo/environment/ament_prefix_path.sh
-- Installing: /home/sara/aubo_ws/install/aubo/share/aubo/environment/ament_prefix_path.dsv
-- Installing: /home/sara/aubo_ws/install/aubo/share/aubo/environment/path.sh
-- Installing: /home/sara/aubo_ws/install/aubo/share/aubo/environment/path.dsv
-- Installing: /home/sara/aubo_ws/install/aubo/share/aubo/local_setup.bash
-- Installing: /home/sara/aubo_ws/install/aubo/share/aubo/local_setup.sh
-- Installing: /home/sara/aubo_ws/install/aubo/share/aubo/local_setup.zsh
-- Installing: /home/sara/aubo_ws/install/aubo/share/aubo/local_setup.dsv
-- Installing: /home/sara/aubo_ws/install/aubo/share/aubo/package.dsv
-- Installing: /home/sara/aubo_ws/install/aubo/share/ament_index/resource_index/packages/aubo
-- Installing: /home/sara/aubo_ws/install/aubo/share/aubo/cmake/auboConfig.cmake
-- Installing: /home/sara/aubo_ws/install/aubo/share/aubo/cmake/auboConfig-version.cmake
-- Installing: /home/sara/aubo_ws/install/aubo/share/aubo/package.xml
