[0.241s] Invoking command in '/home/sara/aubo_ws/build/control': CMAKE_PREFIX_PATH=${CMAKE_PREFIX_PATH}:/home/sara/aubo_ws/install/rqt_joint_trajectory_controller:/home/sara/aubo_ws/install/rqt_controller_manager:/home/sara/aubo_ws/install/ros2_controllers_test_nodes:/opt/ros/humble /usr/bin/cmake --build /home/sara/aubo_ws/build/control -- -j8 -l8
[0.307s] [35m[1mConsolidate compiler generated dependencies of target controller[0m
[0.307s] [35m[1mConsolidate compiler generated dependencies of target dir_kin[0m
[0.308s] [35m[1mConsolidate compiler generated dependencies of target inv_kin[0m
[0.309s] [35m[1mConsolidate compiler generated dependencies of target sim_sub[0m
[0.312s] [35m[1mConsolidate compiler generated dependencies of target test_pub[0m
[0.316s] [35m[1mConsolidate compiler generated dependencies of target sim_test[0m
[0.318s] [35m[1mConsolidate compiler generated dependencies of target sim_pub[0m
[0.332s] [35m[1mConsolidate compiler generated dependencies of target sim_control[0m
[0.347s] [ 12%] Built target controller
[0.352s] [ 25%] Built target inv_kin
[0.354s] [ 37%] Built target dir_kin
[0.354s] [ 50%] Built target sim_sub
[0.356s] [ 62%] Built target test_pub
[0.366s] [ 75%] Built target sim_pub
[0.369s] [ 87%] Built target sim_test
[0.374s] [100%] Built target sim_control
[0.604s] Invoked command in '/home/sara/aubo_ws/build/control' returned '0': CMAKE_PREFIX_PATH=${CMAKE_PREFIX_PATH}:/home/sara/aubo_ws/install/rqt_joint_trajectory_controller:/home/sara/aubo_ws/install/rqt_controller_manager:/home/sara/aubo_ws/install/ros2_controllers_test_nodes:/opt/ros/humble /usr/bin/cmake --build /home/sara/aubo_ws/build/control -- -j8 -l8
[0.914s] Invoking command in '/home/sara/aubo_ws/build/control': CMAKE_PREFIX_PATH=${CMAKE_PREFIX_PATH}:/home/sara/aubo_ws/install/rqt_joint_trajectory_controller:/home/sara/aubo_ws/install/rqt_controller_manager:/home/sara/aubo_ws/install/ros2_controllers_test_nodes:/opt/ros/humble /usr/bin/cmake --install /home/sara/aubo_ws/build/control
[0.922s] -- Install configuration: ""
[0.922s] -- Up-to-date: /home/sara/aubo_ws/install/control/lib/control/controller
[0.922s] -- Up-to-date: /home/sara/aubo_ws/install/control/lib/control/dir_kin
[0.923s] -- Up-to-date: /home/sara/aubo_ws/install/control/lib/control/inv_kin
[0.923s] -- Up-to-date: /home/sara/aubo_ws/install/control/lib/control/test_pub
[0.924s] -- Up-to-date: /home/sara/aubo_ws/install/control/lib/control/sim_pub
[0.924s] -- Up-to-date: /home/sara/aubo_ws/install/control/lib/control/sim_sub
[0.925s] -- Up-to-date: /home/sara/aubo_ws/install/control/lib/control/sim_test
[0.925s] -- Up-to-date: /home/sara/aubo_ws/install/control/lib/control/sim_control
[0.926s] -- Up-to-date: /home/sara/aubo_ws/install/control/share/control/launch
[0.926s] -- Up-to-date: /home/sara/aubo_ws/install/control/share/control/launch/listener.launch.py
[0.926s] -- Up-to-date: /home/sara/aubo_ws/install/control/share/control/launch/robots.launch.py
[0.927s] -- Up-to-date: /home/sara/aubo_ws/install/control/share/control/launch/one_robot.launch.py
[0.927s] -- Up-to-date: /home/sara/aubo_ws/install/control/share/control/launch/view_robot.launch.py
[0.927s] -- Up-to-date: /home/sara/aubo_ws/install/control/share/control/launch/world.launch.py
[0.928s] -- Up-to-date: /home/sara/aubo_ws/install/control/share/control/launch/gz.launch.py
[0.928s] -- Up-to-date: /home/sara/aubo_ws/install/control/share/control/launch/gz_4.launch.py
[0.928s] -- Up-to-date: /home/sara/aubo_ws/install/control/share/control/launch/gz_2.launch.py
[0.928s] -- Up-to-date: /home/sara/aubo_ws/install/control/share/control/launch/spawn_robot_launch_v4.launch.py
[0.928s] -- Up-to-date: /home/sara/aubo_ws/install/control/share/control/launch/gz_5.launch.py
[0.928s] -- Up-to-date: /home/sara/aubo_ws/install/control/share/control/launch/gz_1.launch.py
[0.928s] -- Up-to-date: /home/sara/aubo_ws/install/control/share/control/worlds
[0.929s] -- Up-to-date: /home/sara/aubo_ws/install/control/share/control/worlds/gz_3.world
[0.929s] -- Up-to-date: /home/sara/aubo_ws/install/control/share/control/worlds/gazebo_ros_joint_pose_trajectory_demo.world
[0.929s] -- Up-to-date: /home/sara/aubo_ws/install/control/share/ament_index/resource_index/package_run_dependencies/control
[0.929s] -- Up-to-date: /home/sara/aubo_ws/install/control/share/ament_index/resource_index/parent_prefix_path/control
[0.929s] -- Up-to-date: /home/sara/aubo_ws/install/control/share/control/environment/ament_prefix_path.sh
[0.929s] -- Up-to-date: /home/sara/aubo_ws/install/control/share/control/environment/ament_prefix_path.dsv
[0.929s] -- Up-to-date: /home/sara/aubo_ws/install/control/share/control/environment/path.sh
[0.929s] -- Up-to-date: /home/sara/aubo_ws/install/control/share/control/environment/path.dsv
[0.929s] -- Up-to-date: /home/sara/aubo_ws/install/control/share/control/local_setup.bash
[0.929s] -- Up-to-date: /home/sara/aubo_ws/install/control/share/control/local_setup.sh
[0.929s] -- Up-to-date: /home/sara/aubo_ws/install/control/share/control/local_setup.zsh
[0.930s] -- Up-to-date: /home/sara/aubo_ws/install/control/share/control/local_setup.dsv
[0.930s] -- Installing: /home/sara/aubo_ws/install/control/share/control/package.dsv
[0.930s] -- Up-to-date: /home/sara/aubo_ws/install/control/share/ament_index/resource_index/packages/control
[0.930s] -- Up-to-date: /home/sara/aubo_ws/install/control/share/control/cmake/controlConfig.cmake
[0.930s] -- Up-to-date: /home/sara/aubo_ws/install/control/share/control/cmake/controlConfig-version.cmake
[0.930s] -- Up-to-date: /home/sara/aubo_ws/install/control/share/control/package.xml
[1.400s] Invoked command in '/home/sara/aubo_ws/build/control' returned '0': CMAKE_PREFIX_PATH=${CMAKE_PREFIX_PATH}:/home/sara/aubo_ws/install/rqt_joint_trajectory_controller:/home/sara/aubo_ws/install/rqt_controller_manager:/home/sara/aubo_ws/install/ros2_controllers_test_nodes:/opt/ros/humble /usr/bin/cmake --install /home/sara/aubo_ws/build/control
