[0.178s] Invoking command in '/home/sara/aubo_ws/build/aubo': CMAKE_PREFIX_PATH=${CMAKE_PREFIX_PATH}:/opt/ros/humble /usr/bin/cmake /home/sara/aubo_ws/src/aubo_control/aubo -DCMAKE_INSTALL_PREFIX=/home/sara/aubo_ws/install/aubo
[0.246s] -- The C compiler identification is GNU 11.4.0
[0.315s] -- The CXX compiler identification is GNU 11.4.0
[0.324s] -- Detecting C compiler ABI info
[0.405s] -- Detecting C compiler ABI info - done
[0.415s] -- Check for working C compiler: /usr/bin/cc - skipped
[0.415s] -- Detecting C compile features
[0.416s] -- Detecting C compile features - done
[0.419s] -- Detecting CXX compiler ABI info
[0.512s] -- Detecting CXX compiler ABI info - done
[0.528s] -- Check for working CXX compiler: /usr/bin/c++ - skipped
[0.528s] -- Detecting CXX compile features
[0.529s] -- Detecting CXX compile features - done
[0.532s] -- Found ament_cmake: 1.3.5 (/opt/ros/humble/share/ament_cmake/cmake)
[0.733s] -- Found Python3: /usr/bin/python3.10 (found version "3.10.12") found components: Interpreter 
[0.840s] -- Found ament_lint_auto: 0.12.8 (/opt/ros/humble/share/ament_lint_auto/cmake)
[0.936s] -- Added test 'flake8' to check Python code syntax and style conventions
[0.937s] -- Added test 'lint_cmake' to check CMake code style
[0.938s] -- Added test 'pep257' to check Python code against some of the docstring style conventions in PEP 257
[0.940s] -- Added test 'xmllint' to check XML markup files
[0.941s] -- Configuring done
[0.944s] -- Generating done
[0.945s] -- Build files have been written to: /home/sara/aubo_ws/build/aubo
[0.950s] Invoked command in '/home/sara/aubo_ws/build/aubo' returned '0': CMAKE_PREFIX_PATH=${CMAKE_PREFIX_PATH}:/opt/ros/humble /usr/bin/cmake /home/sara/aubo_ws/src/aubo_control/aubo -DCMAKE_INSTALL_PREFIX=/home/sara/aubo_ws/install/aubo
[0.953s] Invoking command in '/home/sara/aubo_ws/build/aubo': CMAKE_PREFIX_PATH=${CMAKE_PREFIX_PATH}:/opt/ros/humble /usr/bin/cmake --build /home/sara/aubo_ws/build/aubo -- -j8 -l8
[1.000s] Invoked command in '/home/sara/aubo_ws/build/aubo' returned '0': CMAKE_PREFIX_PATH=${CMAKE_PREFIX_PATH}:/opt/ros/humble /usr/bin/cmake --build /home/sara/aubo_ws/build/aubo -- -j8 -l8
[1.037s] Invoking command in '/home/sara/aubo_ws/build/aubo': CMAKE_PREFIX_PATH=${CMAKE_PREFIX_PATH}:/opt/ros/humble /usr/bin/cmake --install /home/sara/aubo_ws/build/aubo
[1.046s] -- Install configuration: ""
[1.046s] -- Installing: /home/sara/aubo_ws/install/aubo/share/aubo/launch
[1.046s] -- Installing: /home/sara/aubo_ws/install/aubo/share/aubo/launch/aubo.launch.py
[1.046s] -- Installing: /home/sara/aubo_ws/install/aubo/share/aubo/launch/spawn_robot_launch_v4.launch.py
[1.046s] -- Installing: /home/sara/aubo_ws/install/aubo/share/aubo/urdf
[1.046s] -- Installing: /home/sara/aubo_ws/install/aubo/share/aubo/urdf/materials.xacro
[1.047s] -- Installing: /home/sara/aubo_ws/install/aubo/share/aubo/urdf/aubo_i5.urdf
[1.047s] -- Installing: /home/sara/aubo_ws/install/aubo/share/aubo/urdf/aubo.gazebo.xacro
[1.047s] -- Installing: /home/sara/aubo_ws/install/aubo/share/aubo/urdf/aubo.transmission.xacro
[1.047s] -- Installing: /home/sara/aubo_ws/install/aubo/share/aubo/urdf/aubo_i5.urdf.xacro
[1.047s] -- Installing: /home/sara/aubo_ws/install/aubo/share/aubo/meshes
[1.047s] -- Installing: /home/sara/aubo_ws/install/aubo/share/aubo/meshes/aubo_i5
[1.048s] -- Installing: /home/sara/aubo_ws/install/aubo/share/aubo/meshes/aubo_i5/collision
[1.048s] -- Installing: /home/sara/aubo_ws/install/aubo/share/aubo/meshes/aubo_i5/collision/pedestal.STL
[1.048s] -- Installing: /home/sara/aubo_ws/install/aubo/share/aubo/meshes/aubo_i5/collision/wrist3_Link.STL
[1.051s] -- Installing: /home/sara/aubo_ws/install/aubo/share/aubo/meshes/aubo_i5/collision/shoulder_Link.STL
[1.055s] -- Installing: /home/sara/aubo_ws/install/aubo/share/aubo/meshes/aubo_i5/collision/upperArm_Link.STL
[1.058s] -- Installing: /home/sara/aubo_ws/install/aubo/share/aubo/meshes/aubo_i5/collision/wrist2_Link.STL
[1.061s] -- Installing: /home/sara/aubo_ws/install/aubo/share/aubo/meshes/aubo_i5/collision/base_link.STL
[1.062s] -- Installing: /home/sara/aubo_ws/install/aubo/share/aubo/meshes/aubo_i5/collision/wrist1_Link.STL
[1.065s] -- Installing: /home/sara/aubo_ws/install/aubo/share/aubo/meshes/aubo_i5/collision/foreArm_Link.STL
[1.069s] -- Installing: /home/sara/aubo_ws/install/aubo/share/aubo/meshes/aubo_i5/visual
[1.070s] -- Installing: /home/sara/aubo_ws/install/aubo/share/aubo/meshes/aubo_i5/visual/wrist3_Link.DAE
[1.073s] -- Installing: /home/sara/aubo_ws/install/aubo/share/aubo/meshes/aubo_i5/visual/shoulder_Link.DAE
[1.078s] -- Installing: /home/sara/aubo_ws/install/aubo/share/aubo/meshes/aubo_i5/visual/wrist1_Link.DAE
[1.084s] -- Installing: /home/sara/aubo_ws/install/aubo/share/aubo/meshes/aubo_i5/visual/base_link.DAE
[1.085s] -- Installing: /home/sara/aubo_ws/install/aubo/share/aubo/meshes/aubo_i5/visual/wrist2_Link.DAE
[1.091s] -- Installing: /home/sara/aubo_ws/install/aubo/share/aubo/meshes/aubo_i5/visual/upperArm_Link.DAE
[1.100s] -- Installing: /home/sara/aubo_ws/install/aubo/share/aubo/meshes/aubo_i5/visual/foreArm_Link.DAE
[1.108s] -- Installing: /home/sara/aubo_ws/install/aubo/share/aubo/config
[1.108s] -- Installing: /home/sara/aubo_ws/install/aubo/share/aubo/config/aubo_control.yaml
[1.108s] -- Installing: /home/sara/aubo_ws/install/aubo/share/ament_index/resource_index/package_run_dependencies/aubo
[1.108s] -- Installing: /home/sara/aubo_ws/install/aubo/share/ament_index/resource_index/parent_prefix_path/aubo
[1.109s] -- Installing: /home/sara/aubo_ws/install/aubo/share/aubo/environment/ament_prefix_path.sh
[1.109s] -- Installing: /home/sara/aubo_ws/install/aubo/share/aubo/environment/ament_prefix_path.dsv
[1.109s] -- Installing: /home/sara/aubo_ws/install/aubo/share/aubo/environment/path.sh
[1.109s] -- Installing: /home/sara/aubo_ws/install/aubo/share/aubo/environment/path.dsv
[1.109s] -- Installing: /home/sara/aubo_ws/install/aubo/share/aubo/local_setup.bash
[1.110s] -- Installing: /home/sara/aubo_ws/install/aubo/share/aubo/local_setup.sh
[1.110s] -- Installing: /home/sara/aubo_ws/install/aubo/share/aubo/local_setup.zsh
[1.110s] -- Installing: /home/sara/aubo_ws/install/aubo/share/aubo/local_setup.dsv
[1.110s] -- Installing: /home/sara/aubo_ws/install/aubo/share/aubo/package.dsv
[1.111s] -- Installing: /home/sara/aubo_ws/install/aubo/share/ament_index/resource_index/packages/aubo
[1.111s] -- Installing: /home/sara/aubo_ws/install/aubo/share/aubo/cmake/auboConfig.cmake
[1.111s] -- Installing: /home/sara/aubo_ws/install/aubo/share/aubo/cmake/auboConfig-version.cmake
[1.111s] -- Installing: /home/sara/aubo_ws/install/aubo/share/aubo/package.xml
[1.191s] Invoked command in '/home/sara/aubo_ws/build/aubo' returned '0': CMAKE_PREFIX_PATH=${CMAKE_PREFIX_PATH}:/opt/ros/humble /usr/bin/cmake --install /home/sara/aubo_ws/build/aubo
