[0.669s] Invoking command in '/home/sara/aubo_ws/build/joint_state_broadcaster': AMENT_PREFIX_PATH=/home/sara/aubo_ws/install/controller_manager:/home/sara/aubo_ws/install/controller_interface:/home/sara/aubo_ws/install/hardware_interface:/home/sara/aubo_ws/install/realtime_tools:/home/sara/aubo_ws/install/controller_manager_msgs:/home/sara/aubo_ws/install/control_msgs:${AMENT_PREFIX_PATH} CMAKE_PREFIX_PATH=/home/sara/aubo_ws/install/controller_manager:/home/sara/aubo_ws/install/controller_interface:/home/sara/aubo_ws/install/hardware_interface:/home/sara/aubo_ws/install/ros2_control_test_assets:/home/sara/aubo_ws/install/realtime_tools:/home/sara/aubo_ws/install/controller_manager_msgs:/home/sara/aubo_ws/install/control_msgs:/home/sara/ros2_ws/install/gazebo_ros2_control_demos:/home/sara/ros2_ws/install/ros2_controllers:/home/sara/ros2_ws/install/ign_ros2_control_demos:/home/sara/ros2_ws/install/velocity_controllers:/home/sara/ros2_ws/install/tricycle_steering_controller:/home/sara/ros2_ws/install/tricycle_controller:/home/sara/ros2_ws/install/ros2_control_demos:/home/sara/ros2_ws/install/ros2_control_demo_example_8:/home/sara/ros2_ws/install/ros2_control:/home/sara/ros2_ws/install/transmission_interface:/home/sara/ros2_ws/install/bicycle_steering_controller:/home/sara/ros2_ws/install/ackermann_steering_controller:/home/sara/ros2_ws/install/ros2_control_demo_example_9:/home/sara/ros2_ws/install/ros2_control_demo_example_7:/home/sara/ros2_ws/install/ros2_control_demo_example_6:/home/sara/ros2_ws/install/ros2_control_demo_example_5:/home/sara/ros2_ws/install/ros2_control_demo_example_4:/home/sara/ros2_ws/install/ros2_control_demo_example_3:/home/sara/ros2_ws/install/ros2_control_demo_example_2:/home/sara/ros2_ws/install/ros2_control_demo_example_14:/home/sara/ros2_ws/install/ros2_control_demo_example_12:/home/sara/ros2_ws/install/ros2_control_demo_example_10:/home/sara/ros2_ws/install/ros2_control_demo_example_1:/home/sara/ros2_ws/install/gz_ros2_control_tests:/home/sara/ros2_ws/install/ign_ros2_control:/home/sara/ros2_ws/install/gazebo_ros2_control:/home/sara/ros2_ws/install/controller_manager:/home/sara/ros2_ws/install/ros2_control_test_assets:/home/sara/ros2_ws/install/ros2_control_demo_description:/home/sara/ros2_ws/install/range_sensor_broadcaster:/home/sara/ros2_ws/install/position_controllers:/home/sara/ros2_ws/install/admittance_controller:/home/sara/ros2_ws/install/joint_trajectory_controller:/home/sara/ros2_ws/install/joint_state_broadcaster:/home/sara/ros2_ws/install/imu_sensor_broadcaster:/home/sara/ros2_ws/install/gripper_controllers:/home/sara/ros2_ws/install/effort_controllers:/home/sara/ros2_ws/install/forward_command_controller:/home/sara/ros2_ws/install/force_torque_sensor_broadcaster:/home/sara/ros2_ws/install/diff_drive_controller:/home/sara/ros2_ws/install/control_toolbox:/home/sara/ros2_ws/install/realtime_tools:/home/sara/ros2_ws/install/kinematics_interface_kdl:/home/sara/ros2_ws/install/kinematics_interface:/home/sara/ros2_ws/install/joint_limits:/home/sara/ros2_ws/install/controller_interface:/home/sara/ros2_ws/install/hardware_interface:/home/sara/ros2_ws/install/controller_manager_msgs:/home/sara/ros2_ws/install/control_msgs:/home/sara/aubo_ws/install/ros2_control_demo_description:/home/sara/aubo_ws/install/gazebo_ros2_control_demos:/home/sara/aubo_ws/install/gazebo_ros2_control:/home/sara/aubo_ws/install/control:/home/sara/aubo_ws/install/aubo_description:/home/sara/aubo_ws/install/aubo:/home/sara/aubo_ws/install/argo:/home/sara/ros2_ws/install/steering_controllers_library:/home/sara/ros2_ws/install/rqt_joint_trajectory_controller:/home/sara/ros2_ws/install/rqt_controller_manager:/home/sara/ros2_ws/install/ros2controlcli:/home/sara/ros2_ws/install/ros2_controllers_test_nodes:/home/sara/aubo_ws/install/ros2_controllers_test_nodes:/opt/ros/humble LD_LIBRARY_PATH=/home/sara/aubo_ws/install/controller_manager/lib:/home/sara/aubo_ws/install/controller_interface/lib:/home/sara/aubo_ws/install/hardware_interface/lib:/home/sara/aubo_ws/install/realtime_tools/lib:/home/sara/aubo_ws/install/controller_manager_msgs/lib:/home/sara/aubo_ws/install/control_msgs/lib:/home/sara/ros2_ws/install/velocity_controllers/lib:/home/sara/ros2_ws/install/tricycle_steering_controller/lib:/home/sara/ros2_ws/install/tricycle_controller/lib:/home/sara/ros2_ws/install/ros2_control_demo_example_8/lib:/home/sara/ros2_ws/install/transmission_interface/lib:/home/sara/ros2_ws/install/bicycle_steering_controller/lib:/home/sara/ros2_ws/install/ackermann_steering_controller/lib:/home/sara/ros2_ws/install/steering_controllers_library/lib:/home/sara/ros2_ws/install/ros2_control_demo_example_9/lib:/home/sara/ros2_ws/install/ros2_control_demo_example_7/lib:/home/sara/ros2_ws/install/ros2_control_demo_example_6/lib:/home/sara/ros2_ws/install/ros2_control_demo_example_5/lib:/home/sara/ros2_ws/install/ros2_control_demo_example_4/lib:/home/sara/ros2_ws/install/ros2_control_demo_example_3/lib:/home/sara/ros2_ws/install/ros2_control_demo_example_2/lib:/home/sara/ros2_ws/install/ros2_control_demo_example_14/lib:/home/sara/ros2_ws/install/ros2_control_demo_example_12/lib:/home/sara/ros2_ws/install/ros2_control_demo_example_10/lib:/home/sara/ros2_ws/install/ros2_control_demo_example_1/lib:/home/sara/ros2_ws/install/ign_ros2_control/lib:/home/sara/ros2_ws/install/gazebo_ros2_control/lib:/home/sara/ros2_ws/install/controller_manager/lib:/home/sara/ros2_ws/install/range_sensor_broadcaster/lib:/home/sara/ros2_ws/install/position_controllers/lib:/home/sara/ros2_ws/install/admittance_controller/lib:/home/sara/ros2_ws/install/joint_trajectory_controller/lib:/home/sara/ros2_ws/install/joint_state_broadcaster/lib:/home/sara/ros2_ws/install/imu_sensor_broadcaster/lib:/home/sara/ros2_ws/install/gripper_controllers/lib:/home/sara/ros2_ws/install/effort_controllers/lib:/home/sara/ros2_ws/install/forward_command_controller/lib:/home/sara/ros2_ws/install/force_torque_sensor_broadcaster/lib:/home/sara/ros2_ws/install/diff_drive_controller/lib:/home/sara/ros2_ws/install/control_toolbox/lib:/home/sara/ros2_ws/install/realtime_tools/lib:/home/sara/ros2_ws/install/kinematics_interface_kdl/lib:/home/sara/ros2_ws/install/kinematics_interface/lib:/home/sara/ros2_ws/install/controller_interface/lib:/home/sara/ros2_ws/install/hardware_interface/lib:/home/sara/ros2_ws/install/controller_manager_msgs/lib:/home/sara/ros2_ws/install/control_msgs/lib:/usr/lib/x86_64-linux-gnu/gazebo-11/plugins:/opt/ros/humble/opt/rviz_ogre_vendor/lib:/opt/ros/humble/lib/x86_64-linux-gnu:/opt/ros/humble/lib:/usr/share/gazebo-11/../../lib/x86_64-linux-gnu/gazebo-11/plugins PYTHONPATH=/home/sara/aubo_ws/install/controller_manager/local/lib/python3.10/dist-packages:/home/sara/aubo_ws/install/controller_manager_msgs/local/lib/python3.10/dist-packages:/home/sara/aubo_ws/install/control_msgs/local/lib/python3.10/dist-packages:${PYTHONPATH} /usr/bin/cmake --build /home/sara/aubo_ws/build/joint_state_broadcaster -- -j8 -l8
[1.160s] -- Found ament_cmake: 1.3.5 (/opt/ros/humble/share/ament_cmake/cmake)
[1.160s] -- Override CMake install command with custom implementation using symlinks instead of copying resources
[1.161s] -- Found backward_ros: 1.0.2 (/opt/ros/humble/share/backward_ros/cmake)
[1.161s] -- Could NOT find libbfd (missing: LIBBFD_LIBRARY LIBBFD_INCLUDE_DIR) 
[1.161s] -- BACKWARD_HAS_UNWIND=1
[1.161s] -- BACKWARD_HAS_BACKTRACE=0
[1.161s] -- BACKWARD_HAS_BACKTRACE_SYMBOL=0
[1.161s] -- BACKWARD_HAS_DW=1
[1.162s] -- BACKWARD_HAS_BFD=0
[1.162s] -- Found Backward: /opt/ros/humble/share/backward_ros/cmake  
[1.162s] -- Found builtin_interfaces: 1.2.1 (/opt/ros/humble/share/builtin_interfaces/cmake)
[1.162s] -- Found rosidl_generator_c: 3.1.5 (/opt/ros/humble/share/rosidl_generator_c/cmake)
[1.162s] -- Found rosidl_adapter: 3.1.5 (/opt/ros/humble/share/rosidl_adapter/cmake)
[1.162s] -- Found rosidl_generator_cpp: 3.1.5 (/opt/ros/humble/share/rosidl_generator_cpp/cmake)
[1.163s] -- Using all available rosidl_typesupport_c: rosidl_typesupport_fastrtps_c;rosidl_typesupport_introspection_c
[1.163s] -- Using all available rosidl_typesupport_cpp: rosidl_typesupport_fastrtps_cpp;rosidl_typesupport_introspection_cpp
[1.163s] -- Found control_msgs: 4.4.0 (/home/sara/aubo_ws/install/control_msgs/share/control_msgs/cmake)
[2.300s] -- Found controller_interface: 2.33.0 (/home/sara/aubo_ws/install/controller_interface/share/controller_interface/cmake)
[2.540s] -- Found rmw_implementation_cmake: 6.1.1 (/opt/ros/humble/share/rmw_implementation_cmake/cmake)
[2.550s] -- Found rmw_fastrtps_cpp: 6.2.4 (/opt/ros/humble/share/rmw_fastrtps_cpp/cmake)
[2.905s] -- Using RMW implementation 'rmw_fastrtps_cpp' as default
[3.736s] -- Found generate_parameter_library: 0.3.6 (/opt/ros/humble/share/generate_parameter_library/cmake)
[3.738s] -- Found parameter_traits: 0.3.6 (/opt/ros/humble/share/parameter_traits/cmake)
[3.782s] -- Found realtime_tools: 2.5.0 (/home/sara/aubo_ws/install/realtime_tools/share/realtime_tools/cmake)
[4.086s] -- Found ament_cmake_gmock: 1.3.5 (/opt/ros/humble/share/ament_cmake_gmock/cmake)
[4.087s] -- Found controller_manager: 2.33.0 (/home/sara/aubo_ws/install/controller_manager/share/controller_manager/cmake)
[4.732s] -- Found ros2_control_test_assets: 2.33.0 (/home/sara/aubo_ws/install/ros2_control_test_assets/share/ros2_control_test_assets/cmake)
[4.735s] -- Found gmock sources under '/opt/ros/humble/src/gmock_vendor': C++ tests using 'Google Mock' will be built
[4.746s] -- Found ament_cmake_gtest: 1.3.5 (/opt/ros/humble/share/ament_cmake_gtest/cmake)
[4.747s] -- Found gtest sources under '/opt/ros/humble/src/gtest_vendor': C++ tests using 'Google Test' will be built
[6.166s] -- Configuring done
[6.303s] -- Generating done
[6.310s] -- Build files have been written to: /home/sara/aubo_ws/build/joint_state_broadcaster
[6.438s] [  8%] [32mBuilding CXX object gmock/CMakeFiles/gmock_main.dir/src/gmock_main.cc.o[0m
[6.441s] [ 16%] [34m[1mRunning `/opt/ros/humble/bin/generate_parameter_library_cpp /home/sara/aubo_ws/build/joint_state_broadcaster/joint_state_broadcaster_parameters/include//joint_state_broadcaster_parameters.hpp /home/sara/aubo_ws/src/ros-controls/ros2_controllers/joint_state_broadcaster/src/joint_state_broadcaster_parameters.yaml `[0m
[6.459s] [ 25%] [32mBuilding CXX object gmock/CMakeFiles/gmock.dir/src/gmock-all.cc.o[0m
[6.480s] [ 33%] [32mBuilding CXX object gmock/CMakeFiles/gmock.dir/opt/ros/humble/src/gtest_vendor/src/gtest-all.cc.o[0m
[7.890s] [ 33%] Built target joint_state_broadcaster_parameters
[8.042s] [ 41%] [32mBuilding CXX object CMakeFiles/joint_state_broadcaster.dir/src/joint_state_broadcaster.cpp.o[0m
[16.366s] [ 50%] [32m[1mLinking CXX static library libgmock_main.a[0m
[16.755s] [ 50%] Built target gmock_main
[28.107s] [ 58%] [32m[1mLinking CXX static library libgmock.a[0m
[28.504s] [ 58%] Built target gmock
[37.472s] [ 66%] [32m[1mLinking CXX shared library libjoint_state_broadcaster.so[0m
[38.360s] [ 66%] Built target joint_state_broadcaster
[38.469s] [ 75%] [32mBuilding CXX object CMakeFiles/test_load_joint_state_broadcaster.dir/test/test_load_joint_state_broadcaster.cpp.o[0m
[52.263s] [ 83%] [32m[1mLinking CXX executable test_load_joint_state_broadcaster[0m
[54.345s] [ 83%] Built target test_load_joint_state_broadcaster
[54.401s] [ 91%] [32mBuilding CXX object CMakeFiles/test_joint_state_broadcaster.dir/test/test_joint_state_broadcaster.cpp.o[0m
[87.443s] [100%] [32m[1mLinking CXX executable test_joint_state_broadcaster[0m
[89.392s] [100%] Built target test_joint_state_broadcaster
