[0.052s] Invoking command in '/home/sara/aubo_ws/build/control': CMAKE_PREFIX_PATH=/opt/ros/humble /usr/bin/cmake --build /home/sara/aubo_ws/build/control -- -j8 -l8
[0.075s] -- Found ament_cmake: 1.3.5 (/opt/ros/humble/share/ament_cmake/cmake)
[0.202s] -- Found rclcpp: 16.0.6 (/opt/ros/humble/share/rclcpp/cmake)
[0.227s] -- Found rosidl_generator_c: 3.1.5 (/opt/ros/humble/share/rosidl_generator_c/cmake)
[0.230s] -- Found rosidl_adapter: 3.1.5 (/opt/ros/humble/share/rosidl_adapter/cmake)
[0.236s] -- Found rosidl_generator_cpp: 3.1.5 (/opt/ros/humble/share/rosidl_generator_cpp/cmake)
[0.247s] -- Using all available rosidl_typesupport_c: rosidl_typesupport_fastrtps_c;rosidl_typesupport_introspection_c
[0.261s] -- Using all available rosidl_typesupport_cpp: rosidl_typesupport_fastrtps_cpp;rosidl_typesupport_introspection_cpp
[0.315s] -- Found rmw_implementation_cmake: 6.1.1 (/opt/ros/humble/share/rmw_implementation_cmake/cmake)
[0.317s] -- Found rmw_fastrtps_cpp: 6.2.4 (/opt/ros/humble/share/rmw_fastrtps_cpp/cmake)
[0.418s] -- Using RMW implementation 'rmw_fastrtps_cpp' as default
[0.567s] [33mCMake Warning (dev) at /usr/share/cmake-3.22/Modules/FindPackageHandleStandardArgs.cmake:438 (message):
[0.567s]   The package name passed to `find_package_handle_standard_args` (PkgConfig)
[0.567s]   does not match the name of the calling package (gazebo).  This can lead to
[0.567s]   problems in calling code that expects `find_package` result variables
[0.567s]   (e.g., `_FOUND`) to follow a certain pattern.
[0.567s] Call Stack (most recent call first):
[0.567s]   /usr/share/cmake-3.22/Modules/FindPkgConfig.cmake:99 (find_package_handle_standard_args)
[0.567s]   /usr/lib/x86_64-linux-gnu/cmake/gazebo/gazebo-config.cmake:72 (include)
[0.567s]   CMakeLists.txt:12 (find_package)
[0.567s] This warning is for project developers.  Use -Wno-dev to suppress it.
[0.567s] [0m
[0.586s] -- Found DART: /usr/include (Required is at least version "6.6") found components: dart 
[0.608s] -- Found Protobuf: /usr/lib/x86_64-linux-gnu/libprotobuf.so (found version "3.12.4") 
[0.609s] -- Looking for ignition-math6 -- found version 6.15.0
[0.613s] -- Searching for dependencies of ignition-math6
[0.614s] -- Looking for OGRE...
[0.619s] -- Found Ogre Ghadamon (1.9.0)
[0.619s] -- Found OGRE: optimized;/usr/lib/x86_64-linux-gnu/libOgreMain.so;debug;/usr/lib/x86_64-linux-gnu/libOgreMain.so
[0.627s] -- Looking for OGRE_Paging...
[0.627s] -- Found OGRE_Paging: optimized;/usr/lib/x86_64-linux-gnu/libOgrePaging.so;debug;/usr/lib/x86_64-linux-gnu/libOgrePaging.so
[0.627s] -- Looking for OGRE_Terrain...
[0.627s] -- Found OGRE_Terrain: optimized;/usr/lib/x86_64-linux-gnu/libOgreTerrain.so;debug;/usr/lib/x86_64-linux-gnu/libOgreTerrain.so
[0.627s] -- Looking for OGRE_Property...
[0.627s] -- Found OGRE_Property: optimized;/usr/lib/x86_64-linux-gnu/libOgreProperty.so;debug;/usr/lib/x86_64-linux-gnu/libOgreProperty.so
[0.628s] -- Looking for OGRE_RTShaderSystem...
[0.628s] -- Found OGRE_RTShaderSystem: optimized;/usr/lib/x86_64-linux-gnu/libOgreRTShaderSystem.so;debug;/usr/lib/x86_64-linux-gnu/libOgreRTShaderSystem.so
[0.628s] -- Looking for OGRE_Volume...
[0.628s] -- Found OGRE_Volume: optimized;/usr/lib/x86_64-linux-gnu/libOgreVolume.so;debug;/usr/lib/x86_64-linux-gnu/libOgreVolume.so
[0.628s] -- Looking for OGRE_Overlay...
[0.628s] -- Found OGRE_Overlay: optimized;/usr/lib/x86_64-linux-gnu/libOgreOverlay.so;debug;/usr/lib/x86_64-linux-gnu/libOgreOverlay.so
[0.703s] -- Looking for ignition-math6 -- found version 6.15.0
[0.703s] -- Looking for ignition-transport8 -- found version 8.2.1
[0.703s] -- Searching for dependencies of ignition-transport8
[0.717s] -- Found Protobuf: /usr/lib/x86_64-linux-gnu/libprotobuf.so (found suitable version "3.12.4", minimum required is "3") 
[0.726s] -- Config-file not installed for ZeroMQ -- checking for pkg-config
[0.730s] -- Checking for module 'libzmq >= 4'
[0.740s] --   Found libzmq , version 4.3.4
[0.772s] -- Checking for module 'uuid'
[0.781s] --   Found uuid, version 2.37.2
[0.806s] -- Looking for ignition-msgs5 -- found version 5.8.1
[0.806s] -- Searching for dependencies of ignition-msgs5
[0.821s] -- Looking for ignition-math6 -- found version 6.15.0
[0.826s] -- Checking for module 'tinyxml2'
[0.835s] --   Found tinyxml2, version 9.0.0
[0.861s] -- Looking for ignition-msgs5 -- found version 5.8.1
[0.862s] -- Looking for ignition-common3 -- found version 3.14.0
[0.862s] -- Searching for dependencies of ignition-common3
[0.862s] -- Looking for dlfcn.h - found
[0.862s] -- Looking for libdl - found
[0.871s] -- Searching for <ignition-common3> component [graphics]
[0.871s] -- Looking for ignition-common3-graphics -- found version 3.14.0
[0.872s] -- Searching for dependencies of ignition-common3-graphics
[0.872s] -- Looking for ignition-math6 -- found version 6.15.0
[0.873s] -- Looking for ignition-fuel_tools4 -- found version 4.4.0
[0.873s] -- Searching for dependencies of ignition-fuel_tools4
[0.903s] -- Checking for module 'jsoncpp'
[0.913s] --   Found jsoncpp, version 1.9.5
[0.942s] -- Checking for module 'libzip'
[0.952s] --   Found libzip, version 1.7.3
[0.978s] -- Looking for ignition-common3 -- found version 3.14.0
[0.978s] -- Looking for ignition-math6 -- found version 6.15.0
[0.978s] -- Looking for ignition-msgs5 -- found version 5.8.1
[0.980s] -- Found control_msgs: 4.4.0 (/opt/ros/humble/share/control_msgs/cmake)
[1.421s] -- Found gazebo_msgs: 3.7.0 (/opt/ros/humble/share/gazebo_msgs/cmake)
[1.533s] -- Found ament_lint_auto: 0.12.8 (/opt/ros/humble/share/ament_lint_auto/cmake)
[1.591s] -- Added test 'cppcheck' to perform static code analysis on C / C++ code
[1.591s] -- Configured cppcheck include dirs: /home/sara/aubo_ws/src/aubo_control/control/include
[1.591s] -- Configured cppcheck exclude dirs and/or files: 
[1.591s] -- Added test 'flake8' to check Python code syntax and style conventions
[1.592s] -- Added test 'lint_cmake' to check CMake code style
[1.592s] -- Added test 'pep257' to check Python code against some of the docstring style conventions in PEP 257
[1.593s] -- Added test 'uncrustify' to check C / C++ code style
[1.593s] -- Configured uncrustify additional arguments: 
[1.594s] -- Added test 'xmllint' to check XML markup files
[1.594s] -- Configuring done
[1.607s] -- Generating done
[1.609s] -- Build files have been written to: /home/sara/aubo_ws/build/control
[1.633s] [35m[1mConsolidate compiler generated dependencies of target dir_kin[0m
[1.633s] [35m[1mConsolidate compiler generated dependencies of target inv_kin[0m
[1.633s] [35m[1mConsolidate compiler generated dependencies of target test_pub[0m
[1.649s] [100%] Built target inv_kin
[1.649s] [100%] Built target dir_kin
[1.649s] [100%] Built target test_pub
[1.659s] Invoked command in '/home/sara/aubo_ws/build/control' returned '0': CMAKE_PREFIX_PATH=/opt/ros/humble /usr/bin/cmake --build /home/sara/aubo_ws/build/control -- -j8 -l8
[1.685s] Invoking command in '/home/sara/aubo_ws/build/control': CMAKE_PREFIX_PATH=/opt/ros/humble /usr/bin/cmake --install /home/sara/aubo_ws/build/control
[1.691s] -- Install configuration: ""
[1.691s] -- Installing: /home/sara/aubo_ws/install/control/lib/control/dir_kin
[1.694s] -- Set runtime path of "/home/sara/aubo_ws/install/control/lib/control/dir_kin" to ""
[1.694s] -- Installing: /home/sara/aubo_ws/install/control/lib/control/inv_kin
[1.697s] -- Set runtime path of "/home/sara/aubo_ws/install/control/lib/control/inv_kin" to ""
[1.698s] -- Installing: /home/sara/aubo_ws/install/control/lib/control/test_pub
[1.699s] -- Set runtime path of "/home/sara/aubo_ws/install/control/lib/control/test_pub" to ""
[1.699s] -- Installing: /home/sara/aubo_ws/install/control/share/control/launch
[1.699s] -- Installing: /home/sara/aubo_ws/install/control/share/control/launch/view_robot.launch.py
[1.699s] -- Installing: /home/sara/aubo_ws/install/control/share/control/launch/world.launch.py
[1.699s] -- Installing: /home/sara/aubo_ws/install/control/share/control/launch/spawn_robot_launch_v4.launch.py
[1.699s] -- Installing: /home/sara/aubo_ws/install/control/share/ament_index/resource_index/package_run_dependencies/control
[1.699s] -- Installing: /home/sara/aubo_ws/install/control/share/ament_index/resource_index/parent_prefix_path/control
[1.699s] -- Installing: /home/sara/aubo_ws/install/control/share/control/environment/ament_prefix_path.sh
[1.700s] -- Installing: /home/sara/aubo_ws/install/control/share/control/environment/ament_prefix_path.dsv
[1.700s] -- Installing: /home/sara/aubo_ws/install/control/share/control/environment/path.sh
[1.700s] -- Installing: /home/sara/aubo_ws/install/control/share/control/environment/path.dsv
[1.700s] -- Installing: /home/sara/aubo_ws/install/control/share/control/local_setup.bash
[1.700s] -- Installing: /home/sara/aubo_ws/install/control/share/control/local_setup.sh
[1.700s] -- Installing: /home/sara/aubo_ws/install/control/share/control/local_setup.zsh
[1.700s] -- Installing: /home/sara/aubo_ws/install/control/share/control/local_setup.dsv
[1.700s] -- Installing: /home/sara/aubo_ws/install/control/share/control/package.dsv
[1.700s] -- Installing: /home/sara/aubo_ws/install/control/share/ament_index/resource_index/packages/control
[1.701s] -- Installing: /home/sara/aubo_ws/install/control/share/control/cmake/controlConfig.cmake
[1.701s] -- Installing: /home/sara/aubo_ws/install/control/share/control/cmake/controlConfig-version.cmake
[1.701s] -- Installing: /home/sara/aubo_ws/install/control/share/control/package.xml
[1.703s] Invoked command in '/home/sara/aubo_ws/build/control' returned '0': CMAKE_PREFIX_PATH=/opt/ros/humble /usr/bin/cmake --install /home/sara/aubo_ws/build/control
