[0.078s] Invoking command in '/home/sara/aubo_ws/build/control': CMAKE_PREFIX_PATH=${CMAKE_PREFIX_PATH}:/opt/ros/humble /usr/bin/cmake --build /home/sara/aubo_ws/build/control -- -j8 -l8
[0.157s] [ 14%] Built target dir_kin
[0.158s] [ 28%] Built target inv_kin
[0.159s] [ 42%] Built target controller
[0.164s] [ 57%] Built target test_pub
[0.164s] [ 71%] Built target sim_sub
[0.165s] [ 92%] Built target sim_pub
[0.165s] [ 92%] [32mBuilding CXX object CMakeFiles/sim_test.dir/src/sim_test.cpp.o[0m
[2.140s] [01m[K/home/sara/aubo_ws/src/aubo_control/control/src/sim_test.cpp:[m[K In function ‘[01m[Kint main(int, char**)[m[K’:
[2.141s] [01m[K/home/sara/aubo_ws/src/aubo_control/control/src/sim_test.cpp:125:20:[m[K [01;35m[Kwarning: [m[Kthe address of ‘[01m[Kbool rclcpp::ok(rclcpp::Context::SharedPtr)[m[K’ will never be NULL [[01;35m[K]8;;https://gcc.gnu.org/onlinedocs/gcc/Warning-Options.html#index-Waddress-Waddress]8;;[m[K]
[2.141s]   125 |     while ([01;35m[Krclcpp::ok[m[K)
[2.141s]       |            [01;35m[K~~~~~~~~^~[m[K
[3.773s] [100%] [32m[1mLinking CXX executable sim_test[0m
[3.936s] [100%] Built target sim_test
[3.946s] Invoked command in '/home/sara/aubo_ws/build/control' returned '0': CMAKE_PREFIX_PATH=${CMAKE_PREFIX_PATH}:/opt/ros/humble /usr/bin/cmake --build /home/sara/aubo_ws/build/control -- -j8 -l8
[3.987s] Invoking command in '/home/sara/aubo_ws/build/control': CMAKE_PREFIX_PATH=${CMAKE_PREFIX_PATH}:/opt/ros/humble /usr/bin/cmake --install /home/sara/aubo_ws/build/control
[3.993s] -- Install configuration: ""
[3.993s] -- Up-to-date: /home/sara/aubo_ws/install/control/lib/control/controller
[3.994s] -- Up-to-date: /home/sara/aubo_ws/install/control/lib/control/dir_kin
[3.994s] -- Up-to-date: /home/sara/aubo_ws/install/control/lib/control/inv_kin
[3.994s] -- Up-to-date: /home/sara/aubo_ws/install/control/lib/control/test_pub
[3.995s] -- Up-to-date: /home/sara/aubo_ws/install/control/lib/control/sim_pub
[3.995s] -- Up-to-date: /home/sara/aubo_ws/install/control/lib/control/sim_sub
[3.995s] -- Installing: /home/sara/aubo_ws/install/control/lib/control/sim_test
[3.997s] -- Set runtime path of "/home/sara/aubo_ws/install/control/lib/control/sim_test" to ""
[3.997s] -- Up-to-date: /home/sara/aubo_ws/install/control/share/control/launch
[3.997s] -- Up-to-date: /home/sara/aubo_ws/install/control/share/control/launch/listener.launch.py
[3.997s] -- Up-to-date: /home/sara/aubo_ws/install/control/share/control/launch/aubo_i5_gz.launch.py
[3.997s] -- Up-to-date: /home/sara/aubo_ws/install/control/share/control/launch/view_robot.launch.py
[3.997s] -- Up-to-date: /home/sara/aubo_ws/install/control/share/control/launch/world.launch.py
[3.997s] -- Up-to-date: /home/sara/aubo_ws/install/control/share/control/launch/gz.launch.py
[3.997s] -- Up-to-date: /home/sara/aubo_ws/install/control/share/control/launch/spawn_robot_launch_v4.launch.py
[3.997s] -- Up-to-date: /home/sara/aubo_ws/install/control/share/ament_index/resource_index/package_run_dependencies/control
[3.998s] -- Up-to-date: /home/sara/aubo_ws/install/control/share/ament_index/resource_index/parent_prefix_path/control
[3.998s] -- Up-to-date: /home/sara/aubo_ws/install/control/share/control/environment/ament_prefix_path.sh
[3.998s] -- Up-to-date: /home/sara/aubo_ws/install/control/share/control/environment/ament_prefix_path.dsv
[3.998s] -- Up-to-date: /home/sara/aubo_ws/install/control/share/control/environment/path.sh
[3.998s] -- Up-to-date: /home/sara/aubo_ws/install/control/share/control/environment/path.dsv
[3.998s] -- Up-to-date: /home/sara/aubo_ws/install/control/share/control/local_setup.bash
[3.998s] -- Up-to-date: /home/sara/aubo_ws/install/control/share/control/local_setup.sh
[3.998s] -- Up-to-date: /home/sara/aubo_ws/install/control/share/control/local_setup.zsh
[3.998s] -- Up-to-date: /home/sara/aubo_ws/install/control/share/control/local_setup.dsv
[3.998s] -- Installing: /home/sara/aubo_ws/install/control/share/control/package.dsv
[3.999s] -- Up-to-date: /home/sara/aubo_ws/install/control/share/ament_index/resource_index/packages/control
[3.999s] -- Up-to-date: /home/sara/aubo_ws/install/control/share/control/cmake/controlConfig.cmake
[3.999s] -- Up-to-date: /home/sara/aubo_ws/install/control/share/control/cmake/controlConfig-version.cmake
[3.999s] -- Up-to-date: /home/sara/aubo_ws/install/control/share/control/package.xml
[4.000s] Invoked command in '/home/sara/aubo_ws/build/control' returned '0': CMAKE_PREFIX_PATH=${CMAKE_PREFIX_PATH}:/opt/ros/humble /usr/bin/cmake --install /home/sara/aubo_ws/build/control
