[0.197s] Invoking command in '/home/sara/aubo_ws/build/ros2_control_demo_example_7': AMENT_PREFIX_PATH=/home/sara/aubo_ws/install/ros2controlcli:/home/sara/aubo_ws/install/joint_state_broadcaster:${AMENT_PREFIX_PATH} CMAKE_PREFIX_PATH=/home/sara/aubo_ws/install/joint_state_broadcaster:/home/sara/aubo_ws/install/controller_manager:/home/sara/aubo_ws/install/controller_interface:/home/sara/aubo_ws/install/hardware_interface:/home/sara/aubo_ws/install/ros2_control_test_assets:/home/sara/aubo_ws/install/ros2_control_demo_description:/home/sara/aubo_ws/install/realtime_tools:/home/sara/aubo_ws/install/controller_manager_msgs:/home/sara/aubo_ws/install/control_msgs:/home/sara/aubo_ws/install/transmission_interface:/home/sara/aubo_ws/install/gazebo_ros2_control_demos:/home/sara/aubo_ws/install/gazebo_ros2_control:/home/sara/aubo_ws/install/control_toolbox:/home/sara/aubo_ws/install/kinematics_interface_kdl:/home/sara/aubo_ws/install/kinematics_interface:/home/sara/aubo_ws/install/joint_limits:/home/sara/aubo_ws/install/control:/home/sara/aubo_ws/install/aubo_description:/home/sara/aubo_ws/install/aubo:/home/sara/aubo_ws/install/argo:/home/sara/aubo_ws/install/rqt_joint_trajectory_controller:/home/sara/aubo_ws/install/rqt_controller_manager:/home/sara/aubo_ws/install/ros2_controllers_test_nodes:/opt/ros/humble LD_LIBRARY_PATH=/home/sara/aubo_ws/install/joint_state_broadcaster/lib:/home/sara/aubo_ws/install/controller_manager/lib:/home/sara/aubo_ws/install/controller_interface/lib:/home/sara/aubo_ws/install/hardware_interface/lib:/home/sara/aubo_ws/install/realtime_tools/lib:/home/sara/aubo_ws/install/controller_manager_msgs/lib:/home/sara/aubo_ws/install/control_msgs/lib:/home/sara/aubo_ws/install/transmission_interface/lib:/home/sara/aubo_ws/install/control_toolbox/lib:/home/sara/aubo_ws/install/kinematics_interface_kdl/lib:/home/sara/aubo_ws/install/kinematics_interface/lib:/usr/lib/x86_64-linux-gnu/gazebo-11/plugins:/opt/ros/humble/lib/x86_64-linux-gnu:/opt/ros/humble/lib:/usr/share/gazebo-11/../../lib/x86_64-linux-gnu/gazebo-11/plugins PYTHONPATH=/home/sara/aubo_ws/install/ros2controlcli/lib/python3.10/site-packages:${PYTHONPATH} /usr/bin/cmake /home/sara/aubo_ws/src/ros-controls/ros2_control_demos/example_7 -DCMAKE_INSTALL_PREFIX=/home/sara/aubo_ws/install/ros2_control_demo_example_7
[2.709s] -- The CXX compiler identification is GNU 11.4.0
[2.709s] -- Detecting CXX compiler ABI info
[2.709s] -- Detecting CXX compiler ABI info - done
[2.709s] -- Check for working CXX compiler: /usr/bin/c++ - skipped
[2.709s] -- Detecting CXX compile features
[2.710s] -- Detecting CXX compile features - done
[2.710s] -- Found ament_cmake: 1.3.5 (/opt/ros/humble/share/ament_cmake/cmake)
[2.710s] -- Found Python3: /usr/bin/python3.10 (found version "3.10.12") found components: Interpreter 
[2.710s] -- Found pluginlib: 5.1.0 (/opt/ros/humble/share/pluginlib/cmake)
[2.711s] -- Found hardware_interface: 2.33.0 (/home/sara/aubo_ws/install/hardware_interface/share/hardware_interface/cmake)
[2.711s] -- Found rosidl_generator_c: 3.1.5 (/opt/ros/humble/share/rosidl_generator_c/cmake)
[2.711s] -- Found rosidl_adapter: 3.1.5 (/opt/ros/humble/share/rosidl_adapter/cmake)
[2.711s] -- Found rosidl_generator_cpp: 3.1.5 (/opt/ros/humble/share/rosidl_generator_cpp/cmake)
[2.711s] -- Using all available rosidl_typesupport_c: rosidl_typesupport_fastrtps_c;rosidl_typesupport_introspection_c
[2.712s] -- Using all available rosidl_typesupport_cpp: rosidl_typesupport_fastrtps_cpp;rosidl_typesupport_introspection_cpp
[3.587s] -- Found rmw_implementation_cmake: 6.1.1 (/opt/ros/humble/share/rmw_implementation_cmake/cmake)
[3.595s] -- Found rmw_fastrtps_cpp: 6.2.4 (/opt/ros/humble/share/rmw_fastrtps_cpp/cmake)
[3.804s] -- Found OpenSSL: /usr/lib/x86_64-linux-gnu/libcrypto.so (found version "3.0.2")  
[3.873s] -- Found FastRTPS: /opt/ros/humble/include  
[4.000s] -- Using RMW implementation 'rmw_fastrtps_cpp' as default
[4.034s] -- Looking for C++ include pthread.h
[4.216s] -- Looking for C++ include pthread.h - found
[4.216s] -- Performing Test CMAKE_HAVE_LIBC_PTHREAD
[4.402s] -- Performing Test CMAKE_HAVE_LIBC_PTHREAD - Success
[4.402s] -- Found Threads: TRUE  
[4.934s] -- Found kdl_parser: 2.6.4 (/opt/ros/humble/share/kdl_parser/cmake)
[4.978s] -- Found eigen3_cmake_module: 0.1.1 (/opt/ros/humble/share/eigen3_cmake_module/cmake)
[4.981s] -- Found Eigen3: TRUE (found version "3.4.0") 
[4.981s] -- Ensuring Eigen3 include directory is part of orocos-kdl CMake target
[4.995s] -- Found controller_interface: 2.33.0 (/home/sara/aubo_ws/install/controller_interface/share/controller_interface/cmake)
[5.322s] -- Found realtime_tools: 2.5.0 (/home/sara/aubo_ws/install/realtime_tools/share/realtime_tools/cmake)
[6.343s] -- Found ament_cmake_gtest: 1.3.5 (/opt/ros/humble/share/ament_cmake_gtest/cmake)
[6.532s] -- Configuring done
[6.621s] -- Generating done
[6.626s] -- Build files have been written to: /home/sara/aubo_ws/build/ros2_control_demo_example_7
[6.653s] Invoked command in '/home/sara/aubo_ws/build/ros2_control_demo_example_7' returned '0': AMENT_PREFIX_PATH=/home/sara/aubo_ws/install/ros2controlcli:/home/sara/aubo_ws/install/joint_state_broadcaster:${AMENT_PREFIX_PATH} CMAKE_PREFIX_PATH=/home/sara/aubo_ws/install/joint_state_broadcaster:/home/sara/aubo_ws/install/controller_manager:/home/sara/aubo_ws/install/controller_interface:/home/sara/aubo_ws/install/hardware_interface:/home/sara/aubo_ws/install/ros2_control_test_assets:/home/sara/aubo_ws/install/ros2_control_demo_description:/home/sara/aubo_ws/install/realtime_tools:/home/sara/aubo_ws/install/controller_manager_msgs:/home/sara/aubo_ws/install/control_msgs:/home/sara/aubo_ws/install/transmission_interface:/home/sara/aubo_ws/install/gazebo_ros2_control_demos:/home/sara/aubo_ws/install/gazebo_ros2_control:/home/sara/aubo_ws/install/control_toolbox:/home/sara/aubo_ws/install/kinematics_interface_kdl:/home/sara/aubo_ws/install/kinematics_interface:/home/sara/aubo_ws/install/joint_limits:/home/sara/aubo_ws/install/control:/home/sara/aubo_ws/install/aubo_description:/home/sara/aubo_ws/install/aubo:/home/sara/aubo_ws/install/argo:/home/sara/aubo_ws/install/rqt_joint_trajectory_controller:/home/sara/aubo_ws/install/rqt_controller_manager:/home/sara/aubo_ws/install/ros2_controllers_test_nodes:/opt/ros/humble LD_LIBRARY_PATH=/home/sara/aubo_ws/install/joint_state_broadcaster/lib:/home/sara/aubo_ws/install/controller_manager/lib:/home/sara/aubo_ws/install/controller_interface/lib:/home/sara/aubo_ws/install/hardware_interface/lib:/home/sara/aubo_ws/install/realtime_tools/lib:/home/sara/aubo_ws/install/controller_manager_msgs/lib:/home/sara/aubo_ws/install/control_msgs/lib:/home/sara/aubo_ws/install/transmission_interface/lib:/home/sara/aubo_ws/install/control_toolbox/lib:/home/sara/aubo_ws/install/kinematics_interface_kdl/lib:/home/sara/aubo_ws/install/kinematics_interface/lib:/usr/lib/x86_64-linux-gnu/gazebo-11/plugins:/opt/ros/humble/lib/x86_64-linux-gnu:/opt/ros/humble/lib:/usr/share/gazebo-11/../../lib/x86_64-linux-gnu/gazebo-11/plugins PYTHONPATH=/home/sara/aubo_ws/install/ros2controlcli/lib/python3.10/site-packages:${PYTHONPATH} /usr/bin/cmake /home/sara/aubo_ws/src/ros-controls/ros2_control_demos/example_7 -DCMAKE_INSTALL_PREFIX=/home/sara/aubo_ws/install/ros2_control_demo_example_7
[6.654s] Invoking command in '/home/sara/aubo_ws/build/ros2_control_demo_example_7': AMENT_PREFIX_PATH=/home/sara/aubo_ws/install/ros2controlcli:/home/sara/aubo_ws/install/joint_state_broadcaster:${AMENT_PREFIX_PATH} CMAKE_PREFIX_PATH=/home/sara/aubo_ws/install/joint_state_broadcaster:/home/sara/aubo_ws/install/controller_manager:/home/sara/aubo_ws/install/controller_interface:/home/sara/aubo_ws/install/hardware_interface:/home/sara/aubo_ws/install/ros2_control_test_assets:/home/sara/aubo_ws/install/ros2_control_demo_description:/home/sara/aubo_ws/install/realtime_tools:/home/sara/aubo_ws/install/controller_manager_msgs:/home/sara/aubo_ws/install/control_msgs:/home/sara/aubo_ws/install/transmission_interface:/home/sara/aubo_ws/install/gazebo_ros2_control_demos:/home/sara/aubo_ws/install/gazebo_ros2_control:/home/sara/aubo_ws/install/control_toolbox:/home/sara/aubo_ws/install/kinematics_interface_kdl:/home/sara/aubo_ws/install/kinematics_interface:/home/sara/aubo_ws/install/joint_limits:/home/sara/aubo_ws/install/control:/home/sara/aubo_ws/install/aubo_description:/home/sara/aubo_ws/install/aubo:/home/sara/aubo_ws/install/argo:/home/sara/aubo_ws/install/rqt_joint_trajectory_controller:/home/sara/aubo_ws/install/rqt_controller_manager:/home/sara/aubo_ws/install/ros2_controllers_test_nodes:/opt/ros/humble LD_LIBRARY_PATH=/home/sara/aubo_ws/install/joint_state_broadcaster/lib:/home/sara/aubo_ws/install/controller_manager/lib:/home/sara/aubo_ws/install/controller_interface/lib:/home/sara/aubo_ws/install/hardware_interface/lib:/home/sara/aubo_ws/install/realtime_tools/lib:/home/sara/aubo_ws/install/controller_manager_msgs/lib:/home/sara/aubo_ws/install/control_msgs/lib:/home/sara/aubo_ws/install/transmission_interface/lib:/home/sara/aubo_ws/install/control_toolbox/lib:/home/sara/aubo_ws/install/kinematics_interface_kdl/lib:/home/sara/aubo_ws/install/kinematics_interface/lib:/usr/lib/x86_64-linux-gnu/gazebo-11/plugins:/opt/ros/humble/lib/x86_64-linux-gnu:/opt/ros/humble/lib:/usr/share/gazebo-11/../../lib/x86_64-linux-gnu/gazebo-11/plugins PYTHONPATH=/home/sara/aubo_ws/install/ros2controlcli/lib/python3.10/site-packages:${PYTHONPATH} /usr/bin/cmake --build /home/sara/aubo_ws/build/ros2_control_demo_example_7 -- -j8 -l8
[10.004s] [ 20%] [32mBuilding CXX object CMakeFiles/send_trajectory.dir/reference_generator/send_trajectory.cpp.o[0m
[19.469s] [ 40%] [32m[1mLinking CXX executable send_trajectory[0m
[20.035s] [ 40%] Built target send_trajectory
[20.091s] [ 60%] [32mBuilding CXX object CMakeFiles/ros2_control_demo_example_7.dir/hardware/r6bot_hardware.cpp.o[0m
[23.628s] [ 80%] [32mBuilding CXX object CMakeFiles/ros2_control_demo_example_7.dir/controller/r6bot_controller.cpp.o[0m
[41.941s] [100%] [32m[1mLinking CXX shared library libros2_control_demo_example_7.so[0m
[42.808s] [100%] Built target ros2_control_demo_example_7
[42.825s] Invoked command in '/home/sara/aubo_ws/build/ros2_control_demo_example_7' returned '0': AMENT_PREFIX_PATH=/home/sara/aubo_ws/install/ros2controlcli:/home/sara/aubo_ws/install/joint_state_broadcaster:${AMENT_PREFIX_PATH} CMAKE_PREFIX_PATH=/home/sara/aubo_ws/install/joint_state_broadcaster:/home/sara/aubo_ws/install/controller_manager:/home/sara/aubo_ws/install/controller_interface:/home/sara/aubo_ws/install/hardware_interface:/home/sara/aubo_ws/install/ros2_control_test_assets:/home/sara/aubo_ws/install/ros2_control_demo_description:/home/sara/aubo_ws/install/realtime_tools:/home/sara/aubo_ws/install/controller_manager_msgs:/home/sara/aubo_ws/install/control_msgs:/home/sara/aubo_ws/install/transmission_interface:/home/sara/aubo_ws/install/gazebo_ros2_control_demos:/home/sara/aubo_ws/install/gazebo_ros2_control:/home/sara/aubo_ws/install/control_toolbox:/home/sara/aubo_ws/install/kinematics_interface_kdl:/home/sara/aubo_ws/install/kinematics_interface:/home/sara/aubo_ws/install/joint_limits:/home/sara/aubo_ws/install/control:/home/sara/aubo_ws/install/aubo_description:/home/sara/aubo_ws/install/aubo:/home/sara/aubo_ws/install/argo:/home/sara/aubo_ws/install/rqt_joint_trajectory_controller:/home/sara/aubo_ws/install/rqt_controller_manager:/home/sara/aubo_ws/install/ros2_controllers_test_nodes:/opt/ros/humble LD_LIBRARY_PATH=/home/sara/aubo_ws/install/joint_state_broadcaster/lib:/home/sara/aubo_ws/install/controller_manager/lib:/home/sara/aubo_ws/install/controller_interface/lib:/home/sara/aubo_ws/install/hardware_interface/lib:/home/sara/aubo_ws/install/realtime_tools/lib:/home/sara/aubo_ws/install/controller_manager_msgs/lib:/home/sara/aubo_ws/install/control_msgs/lib:/home/sara/aubo_ws/install/transmission_interface/lib:/home/sara/aubo_ws/install/control_toolbox/lib:/home/sara/aubo_ws/install/kinematics_interface_kdl/lib:/home/sara/aubo_ws/install/kinematics_interface/lib:/usr/lib/x86_64-linux-gnu/gazebo-11/plugins:/opt/ros/humble/lib/x86_64-linux-gnu:/opt/ros/humble/lib:/usr/share/gazebo-11/../../lib/x86_64-linux-gnu/gazebo-11/plugins PYTHONPATH=/home/sara/aubo_ws/install/ros2controlcli/lib/python3.10/site-packages:${PYTHONPATH} /usr/bin/cmake --build /home/sara/aubo_ws/build/ros2_control_demo_example_7 -- -j8 -l8
[42.884s] Invoking command in '/home/sara/aubo_ws/build/ros2_control_demo_example_7': AMENT_PREFIX_PATH=/home/sara/aubo_ws/install/ros2controlcli:/home/sara/aubo_ws/install/joint_state_broadcaster:${AMENT_PREFIX_PATH} CMAKE_PREFIX_PATH=/home/sara/aubo_ws/install/joint_state_broadcaster:/home/sara/aubo_ws/install/controller_manager:/home/sara/aubo_ws/install/controller_interface:/home/sara/aubo_ws/install/hardware_interface:/home/sara/aubo_ws/install/ros2_control_test_assets:/home/sara/aubo_ws/install/ros2_control_demo_description:/home/sara/aubo_ws/install/realtime_tools:/home/sara/aubo_ws/install/controller_manager_msgs:/home/sara/aubo_ws/install/control_msgs:/home/sara/aubo_ws/install/transmission_interface:/home/sara/aubo_ws/install/gazebo_ros2_control_demos:/home/sara/aubo_ws/install/gazebo_ros2_control:/home/sara/aubo_ws/install/control_toolbox:/home/sara/aubo_ws/install/kinematics_interface_kdl:/home/sara/aubo_ws/install/kinematics_interface:/home/sara/aubo_ws/install/joint_limits:/home/sara/aubo_ws/install/control:/home/sara/aubo_ws/install/aubo_description:/home/sara/aubo_ws/install/aubo:/home/sara/aubo_ws/install/argo:/home/sara/aubo_ws/install/rqt_joint_trajectory_controller:/home/sara/aubo_ws/install/rqt_controller_manager:/home/sara/aubo_ws/install/ros2_controllers_test_nodes:/opt/ros/humble LD_LIBRARY_PATH=/home/sara/aubo_ws/install/joint_state_broadcaster/lib:/home/sara/aubo_ws/install/controller_manager/lib:/home/sara/aubo_ws/install/controller_interface/lib:/home/sara/aubo_ws/install/hardware_interface/lib:/home/sara/aubo_ws/install/realtime_tools/lib:/home/sara/aubo_ws/install/controller_manager_msgs/lib:/home/sara/aubo_ws/install/control_msgs/lib:/home/sara/aubo_ws/install/transmission_interface/lib:/home/sara/aubo_ws/install/control_toolbox/lib:/home/sara/aubo_ws/install/kinematics_interface_kdl/lib:/home/sara/aubo_ws/install/kinematics_interface/lib:/usr/lib/x86_64-linux-gnu/gazebo-11/plugins:/opt/ros/humble/lib/x86_64-linux-gnu:/opt/ros/humble/lib:/usr/share/gazebo-11/../../lib/x86_64-linux-gnu/gazebo-11/plugins PYTHONPATH=/home/sara/aubo_ws/install/ros2controlcli/lib/python3.10/site-packages:${PYTHONPATH} /usr/bin/cmake --install /home/sara/aubo_ws/build/ros2_control_demo_example_7
[42.896s] -- Install configuration: ""
[42.897s] -- Installing: /home/sara/aubo_ws/install/ros2_control_demo_example_7/share/ros2_control_demo_example_7/ros2_control_demo_example_7.xml
[42.897s] -- Up-to-date: /home/sara/aubo_ws/install/ros2_control_demo_example_7/share/ros2_control_demo_example_7/ros2_control_demo_example_7.xml
[42.897s] -- Installing: /home/sara/aubo_ws/install/ros2_control_demo_example_7/include/ros2_control_demo_example_7
[42.898s] -- Installing: /home/sara/aubo_ws/install/ros2_control_demo_example_7/include/ros2_control_demo_example_7/ros2_control_demo_example_7
[42.898s] -- Installing: /home/sara/aubo_ws/install/ros2_control_demo_example_7/include/ros2_control_demo_example_7/ros2_control_demo_example_7/r6bot_hardware.hpp
[42.898s] -- Installing: /home/sara/aubo_ws/install/ros2_control_demo_example_7/share/ros2_control_demo_example_7/launch
[42.898s] -- Installing: /home/sara/aubo_ws/install/ros2_control_demo_example_7/share/ros2_control_demo_example_7/launch/view_r6bot.launch.py
[42.899s] -- Installing: /home/sara/aubo_ws/install/ros2_control_demo_example_7/share/ros2_control_demo_example_7/ros2_control
[42.899s] -- Installing: /home/sara/aubo_ws/install/ros2_control_demo_example_7/share/ros2_control_demo_example_7/ros2_control/r6bot.ros2_control.xacro
[42.899s] -- Installing: /home/sara/aubo_ws/install/ros2_control_demo_example_7/share/ros2_control_demo_example_7/urdf
[42.899s] -- Installing: /home/sara/aubo_ws/install/ros2_control_demo_example_7/share/ros2_control_demo_example_7/urdf/r6bot.urdf.xacro
[42.900s] -- Up-to-date: /home/sara/aubo_ws/install/ros2_control_demo_example_7/share/ros2_control_demo_example_7/launch
[42.900s] -- Installing: /home/sara/aubo_ws/install/ros2_control_demo_example_7/share/ros2_control_demo_example_7/launch/send_trajectory.launch.py
[42.900s] -- Installing: /home/sara/aubo_ws/install/ros2_control_demo_example_7/share/ros2_control_demo_example_7/launch/r6bot_controller.launch.py
[42.900s] -- Installing: /home/sara/aubo_ws/install/ros2_control_demo_example_7/share/ros2_control_demo_example_7/config
[42.901s] -- Installing: /home/sara/aubo_ws/install/ros2_control_demo_example_7/share/ros2_control_demo_example_7/config/r6bot_controller.yaml
[42.901s] -- Installing: /home/sara/aubo_ws/install/ros2_control_demo_example_7/lib/ros2_control_demo_example_7/send_trajectory
[42.902s] -- Set runtime path of "/home/sara/aubo_ws/install/ros2_control_demo_example_7/lib/ros2_control_demo_example_7/send_trajectory" to ""
[42.903s] -- Installing: /home/sara/aubo_ws/install/ros2_control_demo_example_7/lib/libros2_control_demo_example_7.so
[42.913s] -- Set runtime path of "/home/sara/aubo_ws/install/ros2_control_demo_example_7/lib/libros2_control_demo_example_7.so" to ""
[42.914s] -- Installing: /home/sara/aubo_ws/install/ros2_control_demo_example_7/share/ros2_control_demo_example_7/environment/library_path.sh
[42.914s] -- Installing: /home/sara/aubo_ws/install/ros2_control_demo_example_7/share/ros2_control_demo_example_7/environment/library_path.dsv
[42.914s] -- Installing: /home/sara/aubo_ws/install/ros2_control_demo_example_7/share/ament_index/resource_index/package_run_dependencies/ros2_control_demo_example_7
[42.915s] -- Installing: /home/sara/aubo_ws/install/ros2_control_demo_example_7/share/ament_index/resource_index/parent_prefix_path/ros2_control_demo_example_7
[42.915s] -- Installing: /home/sara/aubo_ws/install/ros2_control_demo_example_7/share/ros2_control_demo_example_7/environment/ament_prefix_path.sh
[42.915s] -- Installing: /home/sara/aubo_ws/install/ros2_control_demo_example_7/share/ros2_control_demo_example_7/environment/ament_prefix_path.dsv
[42.915s] -- Installing: /home/sara/aubo_ws/install/ros2_control_demo_example_7/share/ros2_control_demo_example_7/environment/path.sh
[42.916s] -- Installing: /home/sara/aubo_ws/install/ros2_control_demo_example_7/share/ros2_control_demo_example_7/environment/path.dsv
[42.916s] -- Installing: /home/sara/aubo_ws/install/ros2_control_demo_example_7/share/ros2_control_demo_example_7/local_setup.bash
[42.916s] -- Installing: /home/sara/aubo_ws/install/ros2_control_demo_example_7/share/ros2_control_demo_example_7/local_setup.sh
[42.917s] -- Installing: /home/sara/aubo_ws/install/ros2_control_demo_example_7/share/ros2_control_demo_example_7/local_setup.zsh
[42.917s] -- Installing: /home/sara/aubo_ws/install/ros2_control_demo_example_7/share/ros2_control_demo_example_7/local_setup.dsv
[42.917s] -- Installing: /home/sara/aubo_ws/install/ros2_control_demo_example_7/share/ros2_control_demo_example_7/package.dsv
[42.917s] -- Installing: /home/sara/aubo_ws/install/ros2_control_demo_example_7/share/ament_index/resource_index/packages/ros2_control_demo_example_7
[42.918s] -- Installing: /home/sara/aubo_ws/install/ros2_control_demo_example_7/share/ament_index/resource_index/hardware_interface__pluginlib__plugin/ros2_control_demo_example_7
[42.918s] -- Installing: /home/sara/aubo_ws/install/ros2_control_demo_example_7/share/ament_index/resource_index/controller_interface__pluginlib__plugin/ros2_control_demo_example_7
[42.918s] -- Installing: /home/sara/aubo_ws/install/ros2_control_demo_example_7/share/ros2_control_demo_example_7/cmake/export_ros2_control_demo_example_7Export.cmake
[42.919s] -- Installing: /home/sara/aubo_ws/install/ros2_control_demo_example_7/share/ros2_control_demo_example_7/cmake/export_ros2_control_demo_example_7Export-noconfig.cmake
[42.919s] -- Installing: /home/sara/aubo_ws/install/ros2_control_demo_example_7/share/ros2_control_demo_example_7/cmake/ament_cmake_export_targets-extras.cmake
[42.919s] -- Installing: /home/sara/aubo_ws/install/ros2_control_demo_example_7/share/ros2_control_demo_example_7/cmake/ament_cmake_export_dependencies-extras.cmake
[42.920s] -- Installing: /home/sara/aubo_ws/install/ros2_control_demo_example_7/share/ros2_control_demo_example_7/cmake/ros2_control_demo_example_7Config.cmake
[42.920s] -- Installing: /home/sara/aubo_ws/install/ros2_control_demo_example_7/share/ros2_control_demo_example_7/cmake/ros2_control_demo_example_7Config-version.cmake
[42.920s] -- Installing: /home/sara/aubo_ws/install/ros2_control_demo_example_7/share/ros2_control_demo_example_7/package.xml
[42.923s] Invoked command in '/home/sara/aubo_ws/build/ros2_control_demo_example_7' returned '0': AMENT_PREFIX_PATH=/home/sara/aubo_ws/install/ros2controlcli:/home/sara/aubo_ws/install/joint_state_broadcaster:${AMENT_PREFIX_PATH} CMAKE_PREFIX_PATH=/home/sara/aubo_ws/install/joint_state_broadcaster:/home/sara/aubo_ws/install/controller_manager:/home/sara/aubo_ws/install/controller_interface:/home/sara/aubo_ws/install/hardware_interface:/home/sara/aubo_ws/install/ros2_control_test_assets:/home/sara/aubo_ws/install/ros2_control_demo_description:/home/sara/aubo_ws/install/realtime_tools:/home/sara/aubo_ws/install/controller_manager_msgs:/home/sara/aubo_ws/install/control_msgs:/home/sara/aubo_ws/install/transmission_interface:/home/sara/aubo_ws/install/gazebo_ros2_control_demos:/home/sara/aubo_ws/install/gazebo_ros2_control:/home/sara/aubo_ws/install/control_toolbox:/home/sara/aubo_ws/install/kinematics_interface_kdl:/home/sara/aubo_ws/install/kinematics_interface:/home/sara/aubo_ws/install/joint_limits:/home/sara/aubo_ws/install/control:/home/sara/aubo_ws/install/aubo_description:/home/sara/aubo_ws/install/aubo:/home/sara/aubo_ws/install/argo:/home/sara/aubo_ws/install/rqt_joint_trajectory_controller:/home/sara/aubo_ws/install/rqt_controller_manager:/home/sara/aubo_ws/install/ros2_controllers_test_nodes:/opt/ros/humble LD_LIBRARY_PATH=/home/sara/aubo_ws/install/joint_state_broadcaster/lib:/home/sara/aubo_ws/install/controller_manager/lib:/home/sara/aubo_ws/install/controller_interface/lib:/home/sara/aubo_ws/install/hardware_interface/lib:/home/sara/aubo_ws/install/realtime_tools/lib:/home/sara/aubo_ws/install/controller_manager_msgs/lib:/home/sara/aubo_ws/install/control_msgs/lib:/home/sara/aubo_ws/install/transmission_interface/lib:/home/sara/aubo_ws/install/control_toolbox/lib:/home/sara/aubo_ws/install/kinematics_interface_kdl/lib:/home/sara/aubo_ws/install/kinematics_interface/lib:/usr/lib/x86_64-linux-gnu/gazebo-11/plugins:/opt/ros/humble/lib/x86_64-linux-gnu:/opt/ros/humble/lib:/usr/share/gazebo-11/../../lib/x86_64-linux-gnu/gazebo-11/plugins PYTHONPATH=/home/sara/aubo_ws/install/ros2controlcli/lib/python3.10/site-packages:${PYTHONPATH} /usr/bin/cmake --install /home/sara/aubo_ws/build/ros2_control_demo_example_7
