[0.192s] Invoking command in '/home/sara/aubo_ws/build/control': CMAKE_PREFIX_PATH=${CMAKE_PREFIX_PATH}:/home/sara/ros2_ws/install/rqt_joint_trajectory_controller:/home/sara/ros2_ws/install/rqt_controller_manager:/home/sara/ros2_ws/install/ros2controlcli:/home/sara/ros2_ws/install/ros2_controllers_test_nodes:/opt/ros/humble /usr/bin/cmake --build /home/sara/aubo_ws/build/control -- -j8 -l8
[0.429s] [ 11%] Built target controller
[0.433s] [35m[1mConsolidate compiler generated dependencies of target sim_pub[0m
[0.438s] [ 22%] Built target dir_kin
[0.500s] [ 33%] Built target test_pub
[0.507s] [ 44%] Built target sim_test
[0.507s] [ 55%] Built target inv_kin
[0.517s] [ 66%] Built target test_pub_q
[0.531s] [ 77%] Built target sim_sub
[0.611s] [ 88%] Built target sim_pub
[0.611s] [100%] Built target sim_control
[0.922s] Invoked command in '/home/sara/aubo_ws/build/control' returned '0': CMAKE_PREFIX_PATH=${CMAKE_PREFIX_PATH}:/home/sara/ros2_ws/install/rqt_joint_trajectory_controller:/home/sara/ros2_ws/install/rqt_controller_manager:/home/sara/ros2_ws/install/ros2controlcli:/home/sara/ros2_ws/install/ros2_controllers_test_nodes:/opt/ros/humble /usr/bin/cmake --build /home/sara/aubo_ws/build/control -- -j8 -l8
[1.333s] Invoking command in '/home/sara/aubo_ws/build/control': CMAKE_PREFIX_PATH=${CMAKE_PREFIX_PATH}:/home/sara/ros2_ws/install/rqt_joint_trajectory_controller:/home/sara/ros2_ws/install/rqt_controller_manager:/home/sara/ros2_ws/install/ros2controlcli:/home/sara/ros2_ws/install/ros2_controllers_test_nodes:/opt/ros/humble /usr/bin/cmake --install /home/sara/aubo_ws/build/control
[1.352s] -- Install configuration: ""
[1.352s] -- Up-to-date: /home/sara/aubo_ws/install/control/lib/control/controller
[1.353s] -- Up-to-date: /home/sara/aubo_ws/install/control/lib/control/dir_kin
[1.354s] -- Up-to-date: /home/sara/aubo_ws/install/control/lib/control/inv_kin
[1.354s] -- Up-to-date: /home/sara/aubo_ws/install/control/lib/control/test_pub_q
[1.355s] -- Up-to-date: /home/sara/aubo_ws/install/control/lib/control/test_pub
[1.355s] -- Up-to-date: /home/sara/aubo_ws/install/control/lib/control/sim_pub
[1.356s] -- Up-to-date: /home/sara/aubo_ws/install/control/lib/control/sim_sub
[1.357s] -- Up-to-date: /home/sara/aubo_ws/install/control/lib/control/sim_test
[1.357s] -- Up-to-date: /home/sara/aubo_ws/install/control/lib/control/sim_control
[1.358s] -- Up-to-date: /home/sara/aubo_ws/install/control/share/control/launch
[1.358s] -- Up-to-date: /home/sara/aubo_ws/install/control/share/control/launch/listener.launch.py
[1.359s] -- Up-to-date: /home/sara/aubo_ws/install/control/share/control/launch/nodes.launch.py
[1.359s] -- Up-to-date: /home/sara/aubo_ws/install/control/share/control/launch/full.launch.py
[1.359s] -- Up-to-date: /home/sara/aubo_ws/install/control/share/control/launch/robots.launch.py
[1.359s] -- Up-to-date: /home/sara/aubo_ws/install/control/share/control/launch/one_robot.launch.py
[1.359s] -- Up-to-date: /home/sara/aubo_ws/install/control/share/control/launch/view_robot.launch.py
[1.360s] -- Up-to-date: /home/sara/aubo_ws/install/control/share/control/launch/world.launch.py
[1.360s] -- Up-to-date: /home/sara/aubo_ws/install/control/share/control/launch/gz.launch.py
[1.360s] -- Up-to-date: /home/sara/aubo_ws/install/control/share/control/launch/gz_4.launch.py
[1.360s] -- Up-to-date: /home/sara/aubo_ws/install/control/share/control/launch/gz_2.launch.py
[1.360s] -- Up-to-date: /home/sara/aubo_ws/install/control/share/control/launch/spawn_robot_launch_v4.launch.py
[1.360s] -- Up-to-date: /home/sara/aubo_ws/install/control/share/control/launch/gz_5.launch.py
[1.360s] -- Up-to-date: /home/sara/aubo_ws/install/control/share/control/launch/gz_1.launch.py
[1.360s] -- Up-to-date: /home/sara/aubo_ws/install/control/share/control/worlds
[1.360s] -- Up-to-date: /home/sara/aubo_ws/install/control/share/control/worlds/gz_3.world
[1.360s] -- Up-to-date: /home/sara/aubo_ws/install/control/share/control/worlds/gazebo_ros_joint_pose_trajectory_demo.world
[1.361s] -- Up-to-date: /home/sara/aubo_ws/install/control/share/ament_index/resource_index/package_run_dependencies/control
[1.361s] -- Up-to-date: /home/sara/aubo_ws/install/control/share/ament_index/resource_index/parent_prefix_path/control
[1.361s] -- Up-to-date: /home/sara/aubo_ws/install/control/share/control/environment/ament_prefix_path.sh
[1.361s] -- Up-to-date: /home/sara/aubo_ws/install/control/share/control/environment/ament_prefix_path.dsv
[1.361s] -- Up-to-date: /home/sara/aubo_ws/install/control/share/control/environment/path.sh
[1.361s] -- Up-to-date: /home/sara/aubo_ws/install/control/share/control/environment/path.dsv
[1.361s] -- Up-to-date: /home/sara/aubo_ws/install/control/share/control/local_setup.bash
[1.361s] -- Up-to-date: /home/sara/aubo_ws/install/control/share/control/local_setup.sh
[1.361s] -- Up-to-date: /home/sara/aubo_ws/install/control/share/control/local_setup.zsh
[1.361s] -- Up-to-date: /home/sara/aubo_ws/install/control/share/control/local_setup.dsv
[1.361s] -- Installing: /home/sara/aubo_ws/install/control/share/control/package.dsv
[1.362s] -- Up-to-date: /home/sara/aubo_ws/install/control/share/ament_index/resource_index/packages/control
[1.362s] -- Up-to-date: /home/sara/aubo_ws/install/control/share/control/cmake/controlConfig.cmake
[1.362s] -- Up-to-date: /home/sara/aubo_ws/install/control/share/control/cmake/controlConfig-version.cmake
[1.363s] -- Up-to-date: /home/sara/aubo_ws/install/control/share/control/package.xml
[1.364s] Invoked command in '/home/sara/aubo_ws/build/control' returned '0': CMAKE_PREFIX_PATH=${CMAKE_PREFIX_PATH}:/home/sara/ros2_ws/install/rqt_joint_trajectory_controller:/home/sara/ros2_ws/install/rqt_controller_manager:/home/sara/ros2_ws/install/ros2controlcli:/home/sara/ros2_ws/install/ros2_controllers_test_nodes:/opt/ros/humble /usr/bin/cmake --install /home/sara/aubo_ws/build/control
