[0.128s] Invoking command in '/home/sara/aubo_ws/build/argo': CMAKE_PREFIX_PATH=/opt/ros/humble /usr/bin/cmake --build /home/sara/aubo_ws/build/argo -- -j8 -l8
[0.158s] Invoked command in '/home/sara/aubo_ws/build/argo' returned '0': CMAKE_PREFIX_PATH=/opt/ros/humble /usr/bin/cmake --build /home/sara/aubo_ws/build/argo -- -j8 -l8
[0.185s] Invoking command in '/home/sara/aubo_ws/build/argo': CMAKE_PREFIX_PATH=/opt/ros/humble /usr/bin/cmake --install /home/sara/aubo_ws/build/argo
[0.192s] -- Install configuration: ""
[0.192s] -- Up-to-date: /home/sara/aubo_ws/install/argo/share/argo/launch
[0.193s] -- Up-to-date: /home/sara/aubo_ws/install/argo/share/argo/launch/argo.launch.py
[0.193s] -- Up-to-date: /home/sara/aubo_ws/install/argo/share/argo/launch/spawn_robot_launch_v4.launch.py
[0.193s] -- Up-to-date: /home/sara/aubo_ws/install/argo/share/argo/urdf
[0.193s] -- Up-to-date: /home/sara/aubo_ws/install/argo/share/argo/urdf/argo.urdf
[0.193s] -- Up-to-date: /home/sara/aubo_ws/install/argo/share/argo/urdf/argo.csv
[0.193s] -- Up-to-date: /home/sara/aubo_ws/install/argo/share/argo/meshes
[0.193s] -- Up-to-date: /home/sara/aubo_ws/install/argo/share/argo/meshes/W2.STL
[0.193s] -- Up-to-date: /home/sara/aubo_ws/install/argo/share/argo/meshes/brdge.STL
[0.193s] -- Up-to-date: /home/sara/aubo_ws/install/argo/share/argo/meshes/base_gps.STL
[0.194s] -- Up-to-date: /home/sara/aubo_ws/install/argo/share/argo/meshes/W7.STL
[0.194s] -- Up-to-date: /home/sara/aubo_ws/install/argo/share/argo/meshes/W4.STL
[0.194s] -- Up-to-date: /home/sara/aubo_ws/install/argo/share/argo/meshes/rover_gp.STL
[0.194s] -- Up-to-date: /home/sara/aubo_ws/install/argo/share/argo/meshes/W5.STL
[0.194s] -- Up-to-date: /home/sara/aubo_ws/install/argo/share/argo/meshes/rear_cam.STL
[0.194s] -- Up-to-date: /home/sara/aubo_ws/install/argo/share/argo/meshes/W3.STL
[0.194s] -- Up-to-date: /home/sara/aubo_ws/install/argo/share/argo/meshes/W1.STL
[0.195s] -- Up-to-date: /home/sara/aubo_ws/install/argo/share/argo/meshes/base_link.STL
[0.195s] -- Up-to-date: /home/sara/aubo_ws/install/argo/share/argo/meshes/imu.STL
[0.195s] -- Up-to-date: /home/sara/aubo_ws/install/argo/share/argo/meshes/W6.STL
[0.195s] -- Up-to-date: /home/sara/aubo_ws/install/argo/share/argo/meshes/W8.STL
[0.195s] -- Up-to-date: /home/sara/aubo_ws/install/argo/share/argo/meshes/front_cam.STL
[0.195s] -- Up-to-date: /home/sara/aubo_ws/install/argo/share/argo/meshes/top.STL
[0.195s] -- Up-to-date: /home/sara/aubo_ws/install/argo/share/argo/config
[0.195s] -- Up-to-date: /home/sara/aubo_ws/install/argo/share/argo/config/joint_names_argo.yaml
[0.195s] -- Up-to-date: /home/sara/aubo_ws/install/argo/share/argo/config/joint_names_argo_v2.yaml
[0.196s] -- Up-to-date: /home/sara/aubo_ws/install/argo/share/ament_index/resource_index/package_run_dependencies/argo
[0.196s] -- Up-to-date: /home/sara/aubo_ws/install/argo/share/ament_index/resource_index/parent_prefix_path/argo
[0.196s] -- Up-to-date: /home/sara/aubo_ws/install/argo/share/argo/environment/ament_prefix_path.sh
[0.196s] -- Up-to-date: /home/sara/aubo_ws/install/argo/share/argo/environment/ament_prefix_path.dsv
[0.197s] -- Up-to-date: /home/sara/aubo_ws/install/argo/share/argo/environment/path.sh
[0.197s] -- Up-to-date: /home/sara/aubo_ws/install/argo/share/argo/environment/path.dsv
[0.197s] -- Up-to-date: /home/sara/aubo_ws/install/argo/share/argo/local_setup.bash
[0.197s] -- Up-to-date: /home/sara/aubo_ws/install/argo/share/argo/local_setup.sh
[0.197s] -- Up-to-date: /home/sara/aubo_ws/install/argo/share/argo/local_setup.zsh
[0.198s] -- Up-to-date: /home/sara/aubo_ws/install/argo/share/argo/local_setup.dsv
[0.198s] -- Installing: /home/sara/aubo_ws/install/argo/share/argo/package.dsv
[0.198s] -- Up-to-date: /home/sara/aubo_ws/install/argo/share/ament_index/resource_index/packages/argo
[0.198s] -- Up-to-date: /home/sara/aubo_ws/install/argo/share/argo/cmake/argoConfig.cmake
[0.199s] -- Up-to-date: /home/sara/aubo_ws/install/argo/share/argo/cmake/argoConfig-version.cmake
[0.199s] -- Up-to-date: /home/sara/aubo_ws/install/argo/share/argo/package.xml
[0.206s] Invoked command in '/home/sara/aubo_ws/build/argo' returned '0': CMAKE_PREFIX_PATH=/opt/ros/humble /usr/bin/cmake --install /home/sara/aubo_ws/build/argo
