[0.251s] Invoking command in '/home/sara/aubo_ws/build/argo': CMAKE_PREFIX_PATH=${CMAKE_PREFIX_PATH}:/opt/ros/humble /usr/bin/cmake /home/sara/aubo_ws/src/aubo_control/argo -DCMAKE_INSTALL_PREFIX=/home/sara/aubo_ws/install/argo
[0.263s] -- Found ament_cmake: 1.3.5 (/opt/ros/humble/share/ament_cmake/cmake)
[0.422s] -- Override CMake install command with custom implementation using symlinks instead of copying resources
[0.430s] -- Found ament_lint_auto: 0.12.8 (/opt/ros/humble/share/ament_lint_auto/cmake)
[0.512s] -- Added test 'flake8' to check Python code syntax and style conventions
[0.513s] -- Added test 'lint_cmake' to check CMake code style
[0.513s] -- Added test 'pep257' to check Python code against some of the docstring style conventions in PEP 257
[0.515s] -- Added test 'xmllint' to check XML markup files
[0.516s] -- Configuring done
[0.519s] -- Generating done
[0.521s] -- Build files have been written to: /home/sara/aubo_ws/build/argo
[0.524s] Invoked command in '/home/sara/aubo_ws/build/argo' returned '0': CMAKE_PREFIX_PATH=${CMAKE_PREFIX_PATH}:/opt/ros/humble /usr/bin/cmake /home/sara/aubo_ws/src/aubo_control/argo -DCMAKE_INSTALL_PREFIX=/home/sara/aubo_ws/install/argo
[0.526s] Invoking command in '/home/sara/aubo_ws/build/argo': CMAKE_PREFIX_PATH=${CMAKE_PREFIX_PATH}:/opt/ros/humble /usr/bin/cmake --build /home/sara/aubo_ws/build/argo -- -j8 -l8
[0.615s] Invoked command in '/home/sara/aubo_ws/build/argo' returned '0': CMAKE_PREFIX_PATH=${CMAKE_PREFIX_PATH}:/opt/ros/humble /usr/bin/cmake --build /home/sara/aubo_ws/build/argo -- -j8 -l8
[0.636s] Invoking command in '/home/sara/aubo_ws/build/argo': CMAKE_PREFIX_PATH=${CMAKE_PREFIX_PATH}:/opt/ros/humble /usr/bin/cmake --install /home/sara/aubo_ws/build/argo
[0.643s] -- Install configuration: ""
[0.644s] -- Execute custom install script
[0.644s] -- Symlinking: /home/sara/aubo_ws/install/argo/share/argo/launch/argo.launch.py
[0.652s] -- Symlinking: /home/sara/aubo_ws/install/argo/share/argo/launch/spawn_robot_launch_v4.launch.py
[0.661s] -- Symlinking: /home/sara/aubo_ws/install/argo/share/argo/urdf/argo.csv
[0.669s] -- Symlinking: /home/sara/aubo_ws/install/argo/share/argo/urdf/argo.urdf
[0.678s] -- Symlinking: /home/sara/aubo_ws/install/argo/share/argo/meshes/W1.STL
[0.687s] -- Symlinking: /home/sara/aubo_ws/install/argo/share/argo/meshes/W2.STL
[0.696s] -- Symlinking: /home/sara/aubo_ws/install/argo/share/argo/meshes/W3.STL
[0.705s] -- Symlinking: /home/sara/aubo_ws/install/argo/share/argo/meshes/W4.STL
[0.713s] -- Symlinking: /home/sara/aubo_ws/install/argo/share/argo/meshes/W5.STL
[0.721s] -- Symlinking: /home/sara/aubo_ws/install/argo/share/argo/meshes/W6.STL
[0.730s] -- Symlinking: /home/sara/aubo_ws/install/argo/share/argo/meshes/W7.STL
[0.738s] -- Symlinking: /home/sara/aubo_ws/install/argo/share/argo/meshes/W8.STL
[0.746s] -- Symlinking: /home/sara/aubo_ws/install/argo/share/argo/meshes/base_gps.STL
[0.755s] -- Symlinking: /home/sara/aubo_ws/install/argo/share/argo/meshes/base_link.STL
[0.763s] -- Symlinking: /home/sara/aubo_ws/install/argo/share/argo/meshes/brdge.STL
[0.772s] -- Symlinking: /home/sara/aubo_ws/install/argo/share/argo/meshes/front_cam.STL
[0.780s] -- Symlinking: /home/sara/aubo_ws/install/argo/share/argo/meshes/imu.STL
[0.789s] -- Symlinking: /home/sara/aubo_ws/install/argo/share/argo/meshes/rear_cam.STL
[0.797s] -- Symlinking: /home/sara/aubo_ws/install/argo/share/argo/meshes/rover_gp.STL
[0.806s] -- Symlinking: /home/sara/aubo_ws/install/argo/share/argo/meshes/top.STL
[0.814s] -- Symlinking: /home/sara/aubo_ws/install/argo/share/argo/config/joint_names_argo.yaml
[0.823s] -- Symlinking: /home/sara/aubo_ws/install/argo/share/argo/config/joint_names_argo_v2.yaml
[0.831s] -- Symlinking: /home/sara/aubo_ws/install/argo/share/ament_index/resource_index/package_run_dependencies/argo
[0.840s] -- Symlinking: /home/sara/aubo_ws/install/argo/share/ament_index/resource_index/parent_prefix_path/argo
[0.849s] -- Symlinking: /home/sara/aubo_ws/install/argo/share/argo/environment/ament_prefix_path.sh
[0.858s] -- Symlinking: /home/sara/aubo_ws/install/argo/share/argo/environment/ament_prefix_path.dsv
[0.867s] -- Symlinking: /home/sara/aubo_ws/install/argo/share/argo/environment/path.sh
[0.875s] -- Symlinking: /home/sara/aubo_ws/install/argo/share/argo/environment/path.dsv
[0.884s] -- Symlinking: /home/sara/aubo_ws/install/argo/share/argo/local_setup.bash
[0.893s] -- Symlinking: /home/sara/aubo_ws/install/argo/share/argo/local_setup.sh
[0.902s] -- Symlinking: /home/sara/aubo_ws/install/argo/share/argo/local_setup.zsh
[0.910s] -- Symlinking: /home/sara/aubo_ws/install/argo/share/argo/local_setup.dsv
[0.919s] -- Symlinking: /home/sara/aubo_ws/install/argo/share/argo/package.dsv
[0.928s] -- Symlinking: /home/sara/aubo_ws/install/argo/share/ament_index/resource_index/packages/argo
[0.937s] -- Symlinking: /home/sara/aubo_ws/install/argo/share/argo/cmake/argoConfig.cmake
[0.945s] -- Symlinking: /home/sara/aubo_ws/install/argo/share/argo/cmake/argoConfig-version.cmake
[0.955s] -- Symlinking: /home/sara/aubo_ws/install/argo/share/argo/package.xml
[0.966s] Invoked command in '/home/sara/aubo_ws/build/argo' returned '0': CMAKE_PREFIX_PATH=${CMAKE_PREFIX_PATH}:/opt/ros/humble /usr/bin/cmake --install /home/sara/aubo_ws/build/argo
