-- Install configuration: ""
-- Installing: /home/sara/aubo_ws/install/aubo_description/share/aubo_description/launch
-- Installing: /home/sara/aubo_ws/install/aubo_description/share/aubo_description/launch/aubo_i5_rviz.launch
-- Installing: /home/sara/aubo_ws/install/aubo_description/share/aubo_description/launch/aubo_i5_gazebo.launch
-- Installing: /home/sara/aubo_ws/install/aubo_description/share/aubo_description/launch/aubo_i5_upload.launch
-- Installing: /home/sara/aubo_ws/install/aubo_description/share/aubo_description/urdf
-- Installing: /home/sara/aubo_ws/install/aubo_description/share/aubo_description/urdf/aubo_i5_robot.urdf.xacro
-- Installing: /home/sara/aubo_ws/install/aubo_description/share/aubo_description/urdf/materials.xacro
-- Installing: /home/sara/aubo_ws/install/aubo_description/share/aubo_description/urdf/aubo_i5_robot_gazebo.urdf.xacro
-- Installing: /home/sara/aubo_ws/install/aubo_description/share/aubo_description/urdf/aubo.gazebo.xacro
-- Installing: /home/sara/aubo_ws/install/aubo_description/share/aubo_description/urdf/aubo.transmission.xacro
-- Installing: /home/sara/aubo_ws/install/aubo_description/share/aubo_description/urdf/aubo_i5.urdf.xacro
-- Installing: /home/sara/aubo_ws/install/aubo_description/share/aubo_description/urdf/common.gazebo.xacro
-- Installing: /home/sara/aubo_ws/install/aubo_description/share/aubo_description/meshes
-- Installing: /home/sara/aubo_ws/install/aubo_description/share/aubo_description/meshes/base_Link.STL
-- Installing: /home/sara/aubo_ws/install/aubo_description/share/aubo_description/meshes/pedestal.STL
-- Installing: /home/sara/aubo_ws/install/aubo_description/share/aubo_description/meshes/w1_Link.STL
-- Installing: /home/sara/aubo_ws/install/aubo_description/share/aubo_description/meshes/wrist3_Link.STL
-- Installing: /home/sara/aubo_ws/install/aubo_description/share/aubo_description/meshes/u_Link.STL
-- Installing: /home/sara/aubo_ws/install/aubo_description/share/aubo_description/meshes/shoulder_Link.STL
-- Installing: /home/sara/aubo_ws/install/aubo_description/share/aubo_description/meshes/upperArm_Link.STL
-- Installing: /home/sara/aubo_ws/install/aubo_description/share/aubo_description/meshes/s_Link.STL
-- Installing: /home/sara/aubo_ws/install/aubo_description/share/aubo_description/meshes/wrist2_Link.STL
-- Installing: /home/sara/aubo_ws/install/aubo_description/share/aubo_description/meshes/f1_Link.STL
-- Installing: /home/sara/aubo_ws/install/aubo_description/share/aubo_description/meshes/w2_Link.STL
-- Installing: /home/sara/aubo_ws/install/aubo_description/share/aubo_description/meshes/base.STL
-- Installing: /home/sara/aubo_ws/install/aubo_description/share/aubo_description/meshes/wrist1_Link.STL
-- Installing: /home/sara/aubo_ws/install/aubo_description/share/aubo_description/meshes/foreArm_Link.STL
-- Installing: /home/sara/aubo_ws/install/aubo_description/share/ament_index/resource_index/package_run_dependencies/aubo_description
-- Installing: /home/sara/aubo_ws/install/aubo_description/share/ament_index/resource_index/parent_prefix_path/aubo_description
-- Installing: /home/sara/aubo_ws/install/aubo_description/share/aubo_description/environment/ament_prefix_path.sh
-- Installing: /home/sara/aubo_ws/install/aubo_description/share/aubo_description/environment/ament_prefix_path.dsv
-- Installing: /home/sara/aubo_ws/install/aubo_description/share/aubo_description/environment/path.sh
-- Installing: /home/sara/aubo_ws/install/aubo_description/share/aubo_description/environment/path.dsv
-- Installing: /home/sara/aubo_ws/install/aubo_description/share/aubo_description/local_setup.bash
-- Installing: /home/sara/aubo_ws/install/aubo_description/share/aubo_description/local_setup.sh
-- Installing: /home/sara/aubo_ws/install/aubo_description/share/aubo_description/local_setup.zsh
-- Installing: /home/sara/aubo_ws/install/aubo_description/share/aubo_description/local_setup.dsv
-- Installing: /home/sara/aubo_ws/install/aubo_description/share/aubo_description/package.dsv
-- Installing: /home/sara/aubo_ws/install/aubo_description/share/ament_index/resource_index/packages/aubo_description
-- Installing: /home/sara/aubo_ws/install/aubo_description/share/aubo_description/cmake/aubo_descriptionConfig.cmake
-- Installing: /home/sara/aubo_ws/install/aubo_description/share/aubo_description/cmake/aubo_descriptionConfig-version.cmake
-- Installing: /home/sara/aubo_ws/install/aubo_description/share/aubo_description/package.xml
