[0.357s] Invoking command in '/home/sara/aubo_ws/build/aubo_description': CMAKE_PREFIX_PATH=${CMAKE_PREFIX_PATH}:/home/sara/ros2_ws/install/rqt_joint_trajectory_controller:/home/sara/ros2_ws/install/rqt_controller_manager:/home/sara/ros2_ws/install/ros2controlcli:/home/sara/ros2_ws/install/ros2_controllers_test_nodes:/opt/ros/humble /usr/bin/cmake --build /home/sara/aubo_ws/build/aubo_description -- -j8 -l8
[0.482s] Invoked command in '/home/sara/aubo_ws/build/aubo_description' returned '0': CMAKE_PREFIX_PATH=${CMAKE_PREFIX_PATH}:/home/sara/ros2_ws/install/rqt_joint_trajectory_controller:/home/sara/ros2_ws/install/rqt_controller_manager:/home/sara/ros2_ws/install/ros2controlcli:/home/sara/ros2_ws/install/ros2_controllers_test_nodes:/opt/ros/humble /usr/bin/cmake --build /home/sara/aubo_ws/build/aubo_description -- -j8 -l8
[0.737s] Invoking command in '/home/sara/aubo_ws/build/aubo_description': CMAKE_PREFIX_PATH=${CMAKE_PREFIX_PATH}:/home/sara/ros2_ws/install/rqt_joint_trajectory_controller:/home/sara/ros2_ws/install/rqt_controller_manager:/home/sara/ros2_ws/install/ros2controlcli:/home/sara/ros2_ws/install/ros2_controllers_test_nodes:/opt/ros/humble /usr/bin/cmake --install /home/sara/aubo_ws/build/aubo_description
[0.813s] -- Install configuration: ""
[0.814s] -- Up-to-date: /home/sara/aubo_ws/install/aubo_description/share/aubo_description/launch
[0.814s] -- Up-to-date: /home/sara/aubo_ws/install/aubo_description/share/aubo_description/launch/aubo_i5_rviz.launch
[0.815s] -- Up-to-date: /home/sara/aubo_ws/install/aubo_description/share/aubo_description/launch/aubo_i5_gazebo.launch
[0.815s] -- Up-to-date: /home/sara/aubo_ws/install/aubo_description/share/aubo_description/launch/aubo_i5_upload.launch
[0.816s] -- Up-to-date: /home/sara/aubo_ws/install/aubo_description/share/aubo_description/urdf
[0.816s] -- Up-to-date: /home/sara/aubo_ws/install/aubo_description/share/aubo_description/urdf/aubo_i5_robot.urdf.xacro
[0.816s] -- Up-to-date: /home/sara/aubo_ws/install/aubo_description/share/aubo_description/urdf/materials.xacro
[0.818s] -- Up-to-date: /home/sara/aubo_ws/install/aubo_description/share/aubo_description/urdf/aubo_i5_robot_gazebo.urdf.xacro
[0.818s] -- Up-to-date: /home/sara/aubo_ws/install/aubo_description/share/aubo_description/urdf/aubo.gazebo.xacro
[0.819s] -- Up-to-date: /home/sara/aubo_ws/install/aubo_description/share/aubo_description/urdf/aubo.transmission.xacro
[0.819s] -- Up-to-date: /home/sara/aubo_ws/install/aubo_description/share/aubo_description/urdf/aubo_i5.urdf.xacro
[0.820s] -- Up-to-date: /home/sara/aubo_ws/install/aubo_description/share/aubo_description/urdf/common.gazebo.xacro
[0.821s] -- Up-to-date: /home/sara/aubo_ws/install/aubo_description/share/aubo_description/meshes
[0.821s] -- Up-to-date: /home/sara/aubo_ws/install/aubo_description/share/aubo_description/meshes/base_Link.STL
[0.822s] -- Up-to-date: /home/sara/aubo_ws/install/aubo_description/share/aubo_description/meshes/pedestal.STL
[0.823s] -- Up-to-date: /home/sara/aubo_ws/install/aubo_description/share/aubo_description/meshes/w1_Link.STL
[0.823s] -- Up-to-date: /home/sara/aubo_ws/install/aubo_description/share/aubo_description/meshes/wrist3_Link.STL
[0.824s] -- Up-to-date: /home/sara/aubo_ws/install/aubo_description/share/aubo_description/meshes/u_Link.STL
[0.825s] -- Up-to-date: /home/sara/aubo_ws/install/aubo_description/share/aubo_description/meshes/shoulder_Link.STL
[0.825s] -- Up-to-date: /home/sara/aubo_ws/install/aubo_description/share/aubo_description/meshes/upperArm_Link.STL
[0.825s] -- Up-to-date: /home/sara/aubo_ws/install/aubo_description/share/aubo_description/meshes/s_Link.STL
[0.825s] -- Up-to-date: /home/sara/aubo_ws/install/aubo_description/share/aubo_description/meshes/wrist2_Link.STL
[0.826s] -- Up-to-date: /home/sara/aubo_ws/install/aubo_description/share/aubo_description/meshes/f1_Link.STL
[0.827s] -- Up-to-date: /home/sara/aubo_ws/install/aubo_description/share/aubo_description/meshes/w2_Link.STL
[0.827s] -- Up-to-date: /home/sara/aubo_ws/install/aubo_description/share/aubo_description/meshes/base.STL
[0.828s] -- Up-to-date: /home/sara/aubo_ws/install/aubo_description/share/aubo_description/meshes/wrist1_Link.STL
[0.829s] -- Up-to-date: /home/sara/aubo_ws/install/aubo_description/share/aubo_description/meshes/foreArm_Link.STL
[0.829s] -- Up-to-date: /home/sara/aubo_ws/install/aubo_description/share/ament_index/resource_index/package_run_dependencies/aubo_description
[0.830s] -- Up-to-date: /home/sara/aubo_ws/install/aubo_description/share/ament_index/resource_index/parent_prefix_path/aubo_description
[0.831s] -- Up-to-date: /home/sara/aubo_ws/install/aubo_description/share/aubo_description/environment/ament_prefix_path.sh
[0.832s] -- Up-to-date: /home/sara/aubo_ws/install/aubo_description/share/aubo_description/environment/ament_prefix_path.dsv
[0.832s] -- Up-to-date: /home/sara/aubo_ws/install/aubo_description/share/aubo_description/environment/path.sh
[0.833s] -- Up-to-date: /home/sara/aubo_ws/install/aubo_description/share/aubo_description/environment/path.dsv
[0.833s] -- Up-to-date: /home/sara/aubo_ws/install/aubo_description/share/aubo_description/local_setup.bash
[0.834s] -- Up-to-date: /home/sara/aubo_ws/install/aubo_description/share/aubo_description/local_setup.sh
[0.835s] -- Up-to-date: /home/sara/aubo_ws/install/aubo_description/share/aubo_description/local_setup.zsh
[0.836s] -- Up-to-date: /home/sara/aubo_ws/install/aubo_description/share/aubo_description/local_setup.dsv
[0.836s] -- Installing: /home/sara/aubo_ws/install/aubo_description/share/aubo_description/package.dsv
[0.837s] -- Up-to-date: /home/sara/aubo_ws/install/aubo_description/share/ament_index/resource_index/packages/aubo_description
[0.838s] -- Up-to-date: /home/sara/aubo_ws/install/aubo_description/share/aubo_description/cmake/aubo_descriptionConfig.cmake
[0.839s] -- Up-to-date: /home/sara/aubo_ws/install/aubo_description/share/aubo_description/cmake/aubo_descriptionConfig-version.cmake
[0.839s] -- Up-to-date: /home/sara/aubo_ws/install/aubo_description/share/aubo_description/package.xml
[0.983s] Invoked command in '/home/sara/aubo_ws/build/aubo_description' returned '0': CMAKE_PREFIX_PATH=${CMAKE_PREFIX_PATH}:/home/sara/ros2_ws/install/rqt_joint_trajectory_controller:/home/sara/ros2_ws/install/rqt_controller_manager:/home/sara/ros2_ws/install/ros2controlcli:/home/sara/ros2_ws/install/ros2_controllers_test_nodes:/opt/ros/humble /usr/bin/cmake --install /home/sara/aubo_ws/build/aubo_description
