[0.436s] Invoking command in '/home/sara/aubo_ws/build/forward_command_controller': CMAKE_PREFIX_PATH=/home/sara/aubo_ws/install/controller_manager:/home/sara/aubo_ws/install/controller_interface:/home/sara/aubo_ws/install/hardware_interface:/home/sara/aubo_ws/install/ros2_control_test_assets:/home/sara/aubo_ws/install/realtime_tools:/home/sara/aubo_ws/install/controller_manager_msgs:/home/sara/aubo_ws/install/control_msgs:/home/sara/aubo_ws/install/transmission_interface:/home/sara/aubo_ws/install/gazebo_ros2_control_demos:/home/sara/aubo_ws/install/gazebo_ros2_control:/home/sara/aubo_ws/install/ros2_control_demo_description:/home/sara/aubo_ws/install/control_toolbox:/home/sara/aubo_ws/install/kinematics_interface_kdl:/home/sara/aubo_ws/install/kinematics_interface:/home/sara/aubo_ws/install/joint_limits:/home/sara/aubo_ws/install/control:/home/sara/aubo_ws/install/aubo_description:/home/sara/aubo_ws/install/aubo:/home/sara/aubo_ws/install/argo:/home/sara/aubo_ws/install/rqt_joint_trajectory_controller:/home/sara/aubo_ws/install/rqt_controller_manager:/home/sara/aubo_ws/install/ros2_controllers_test_nodes:/opt/ros/humble LD_LIBRARY_PATH=/home/sara/aubo_ws/install/controller_manager/lib:/home/sara/aubo_ws/install/controller_interface/lib:/home/sara/aubo_ws/install/hardware_interface/lib:/home/sara/aubo_ws/install/realtime_tools/lib:/home/sara/aubo_ws/install/controller_manager_msgs/lib:/home/sara/aubo_ws/install/control_msgs/lib:/home/sara/aubo_ws/install/transmission_interface/lib:/home/sara/aubo_ws/install/control_toolbox/lib:/home/sara/aubo_ws/install/kinematics_interface_kdl/lib:/home/sara/aubo_ws/install/kinematics_interface/lib:/usr/lib/x86_64-linux-gnu/gazebo-11/plugins:/opt/ros/humble/lib/x86_64-linux-gnu:/opt/ros/humble/lib:/usr/share/gazebo-11/../../lib/x86_64-linux-gnu/gazebo-11/plugins /usr/bin/cmake --build /home/sara/aubo_ws/build/forward_command_controller -- -j8 -l8
[0.786s] [35m[1mConsolidate compiler generated dependencies of target gmock_main[0m
[0.786s] [35m[1mConsolidate compiler generated dependencies of target gmock[0m
[0.786s] [  5%] Built target multi_interface_forward_command_controller_parameters
[0.786s] [ 10%] Built target forward_command_controller_parameters
[0.786s] [ 21%] Built target gmock_main
[0.787s] [ 36%] Built target gmock
[0.787s] [35m[1mConsolidate compiler generated dependencies of target forward_command_controller[0m
[0.787s] [ 57%] Built target forward_command_controller
[0.787s] [35m[1mConsolidate compiler generated dependencies of target test_multi_interface_forward_command_controller[0m
[0.787s] [35m[1mConsolidate compiler generated dependencies of target test_load_forward_command_controller[0m
[0.787s] [35m[1mConsolidate compiler generated dependencies of target test_forward_command_controller[0m
[0.787s] [35m[1mConsolidate compiler generated dependencies of target test_load_multi_interface_forward_command_controller[0m
[0.787s] [ 68%] Built target test_load_forward_command_controller
[0.788s] [ 78%] Built target test_multi_interface_forward_command_controller
[0.788s] [ 89%] Built target test_forward_command_controller
[0.788s] [100%] Built target test_load_multi_interface_forward_command_controller
[0.794s] Invoked command in '/home/sara/aubo_ws/build/forward_command_controller' returned '0': CMAKE_PREFIX_PATH=/home/sara/aubo_ws/install/controller_manager:/home/sara/aubo_ws/install/controller_interface:/home/sara/aubo_ws/install/hardware_interface:/home/sara/aubo_ws/install/ros2_control_test_assets:/home/sara/aubo_ws/install/realtime_tools:/home/sara/aubo_ws/install/controller_manager_msgs:/home/sara/aubo_ws/install/control_msgs:/home/sara/aubo_ws/install/transmission_interface:/home/sara/aubo_ws/install/gazebo_ros2_control_demos:/home/sara/aubo_ws/install/gazebo_ros2_control:/home/sara/aubo_ws/install/ros2_control_demo_description:/home/sara/aubo_ws/install/control_toolbox:/home/sara/aubo_ws/install/kinematics_interface_kdl:/home/sara/aubo_ws/install/kinematics_interface:/home/sara/aubo_ws/install/joint_limits:/home/sara/aubo_ws/install/control:/home/sara/aubo_ws/install/aubo_description:/home/sara/aubo_ws/install/aubo:/home/sara/aubo_ws/install/argo:/home/sara/aubo_ws/install/rqt_joint_trajectory_controller:/home/sara/aubo_ws/install/rqt_controller_manager:/home/sara/aubo_ws/install/ros2_controllers_test_nodes:/opt/ros/humble LD_LIBRARY_PATH=/home/sara/aubo_ws/install/controller_manager/lib:/home/sara/aubo_ws/install/controller_interface/lib:/home/sara/aubo_ws/install/hardware_interface/lib:/home/sara/aubo_ws/install/realtime_tools/lib:/home/sara/aubo_ws/install/controller_manager_msgs/lib:/home/sara/aubo_ws/install/control_msgs/lib:/home/sara/aubo_ws/install/transmission_interface/lib:/home/sara/aubo_ws/install/control_toolbox/lib:/home/sara/aubo_ws/install/kinematics_interface_kdl/lib:/home/sara/aubo_ws/install/kinematics_interface/lib:/usr/lib/x86_64-linux-gnu/gazebo-11/plugins:/opt/ros/humble/lib/x86_64-linux-gnu:/opt/ros/humble/lib:/usr/share/gazebo-11/../../lib/x86_64-linux-gnu/gazebo-11/plugins /usr/bin/cmake --build /home/sara/aubo_ws/build/forward_command_controller -- -j8 -l8
[0.969s] Invoking command in '/home/sara/aubo_ws/build/forward_command_controller': CMAKE_PREFIX_PATH=/home/sara/aubo_ws/install/controller_manager:/home/sara/aubo_ws/install/controller_interface:/home/sara/aubo_ws/install/hardware_interface:/home/sara/aubo_ws/install/ros2_control_test_assets:/home/sara/aubo_ws/install/realtime_tools:/home/sara/aubo_ws/install/controller_manager_msgs:/home/sara/aubo_ws/install/control_msgs:/home/sara/aubo_ws/install/transmission_interface:/home/sara/aubo_ws/install/gazebo_ros2_control_demos:/home/sara/aubo_ws/install/gazebo_ros2_control:/home/sara/aubo_ws/install/ros2_control_demo_description:/home/sara/aubo_ws/install/control_toolbox:/home/sara/aubo_ws/install/kinematics_interface_kdl:/home/sara/aubo_ws/install/kinematics_interface:/home/sara/aubo_ws/install/joint_limits:/home/sara/aubo_ws/install/control:/home/sara/aubo_ws/install/aubo_description:/home/sara/aubo_ws/install/aubo:/home/sara/aubo_ws/install/argo:/home/sara/aubo_ws/install/rqt_joint_trajectory_controller:/home/sara/aubo_ws/install/rqt_controller_manager:/home/sara/aubo_ws/install/ros2_controllers_test_nodes:/opt/ros/humble LD_LIBRARY_PATH=/home/sara/aubo_ws/install/controller_manager/lib:/home/sara/aubo_ws/install/controller_interface/lib:/home/sara/aubo_ws/install/hardware_interface/lib:/home/sara/aubo_ws/install/realtime_tools/lib:/home/sara/aubo_ws/install/controller_manager_msgs/lib:/home/sara/aubo_ws/install/control_msgs/lib:/home/sara/aubo_ws/install/transmission_interface/lib:/home/sara/aubo_ws/install/control_toolbox/lib:/home/sara/aubo_ws/install/kinematics_interface_kdl/lib:/home/sara/aubo_ws/install/kinematics_interface/lib:/usr/lib/x86_64-linux-gnu/gazebo-11/plugins:/opt/ros/humble/lib/x86_64-linux-gnu:/opt/ros/humble/lib:/usr/share/gazebo-11/../../lib/x86_64-linux-gnu/gazebo-11/plugins /usr/bin/cmake --install /home/sara/aubo_ws/build/forward_command_controller
[0.982s] -- Install configuration: ""
[0.983s] -- Up-to-date: /home/sara/aubo_ws/install/forward_command_controller/include/forward_command_controller_parameters
[0.983s] -- Up-to-date: /home/sara/aubo_ws/install/forward_command_controller/include/forward_command_controller_parameters/forward_command_controller_parameters.hpp
[0.983s] -- Up-to-date: /home/sara/aubo_ws/install/forward_command_controller/include/multi_interface_forward_command_controller_parameters
[0.983s] -- Up-to-date: /home/sara/aubo_ws/install/forward_command_controller/include/multi_interface_forward_command_controller_parameters/multi_interface_forward_command_controller_parameters.hpp
[0.983s] -- Up-to-date: /home/sara/aubo_ws/install/forward_command_controller/share/forward_command_controller/forward_command_plugin.xml
[0.984s] -- Up-to-date: /home/sara/aubo_ws/install/forward_command_controller/include/forward_command_controller
[0.984s] -- Up-to-date: /home/sara/aubo_ws/install/forward_command_controller/include/forward_command_controller/forward_command_controller
[0.984s] -- Up-to-date: /home/sara/aubo_ws/install/forward_command_controller/include/forward_command_controller/forward_command_controller/multi_interface_forward_command_controller.hpp
[0.984s] -- Up-to-date: /home/sara/aubo_ws/install/forward_command_controller/include/forward_command_controller/forward_command_controller/visibility_control.h
[0.985s] -- Up-to-date: /home/sara/aubo_ws/install/forward_command_controller/include/forward_command_controller/forward_command_controller/forward_command_controller.hpp
[0.985s] -- Up-to-date: /home/sara/aubo_ws/install/forward_command_controller/include/forward_command_controller/forward_command_controller/forward_controllers_base.hpp
[0.985s] -- Up-to-date: /home/sara/aubo_ws/install/forward_command_controller/lib/libforward_command_controller.so
[0.985s] -- Up-to-date: /home/sara/aubo_ws/install/forward_command_controller/share/forward_command_controller/environment/library_path.sh
[0.985s] -- Up-to-date: /home/sara/aubo_ws/install/forward_command_controller/share/forward_command_controller/environment/library_path.dsv
[0.986s] -- Up-to-date: /home/sara/aubo_ws/install/forward_command_controller/share/ament_index/resource_index/package_run_dependencies/forward_command_controller
[0.986s] -- Up-to-date: /home/sara/aubo_ws/install/forward_command_controller/share/ament_index/resource_index/parent_prefix_path/forward_command_controller
[0.986s] -- Up-to-date: /home/sara/aubo_ws/install/forward_command_controller/share/forward_command_controller/environment/ament_prefix_path.sh
[0.986s] -- Up-to-date: /home/sara/aubo_ws/install/forward_command_controller/share/forward_command_controller/environment/ament_prefix_path.dsv
[0.987s] -- Up-to-date: /home/sara/aubo_ws/install/forward_command_controller/share/forward_command_controller/environment/path.sh
[0.987s] -- Up-to-date: /home/sara/aubo_ws/install/forward_command_controller/share/forward_command_controller/environment/path.dsv
[0.987s] -- Up-to-date: /home/sara/aubo_ws/install/forward_command_controller/share/forward_command_controller/local_setup.bash
[0.987s] -- Up-to-date: /home/sara/aubo_ws/install/forward_command_controller/share/forward_command_controller/local_setup.sh
[0.987s] -- Up-to-date: /home/sara/aubo_ws/install/forward_command_controller/share/forward_command_controller/local_setup.zsh
[0.987s] -- Up-to-date: /home/sara/aubo_ws/install/forward_command_controller/share/forward_command_controller/local_setup.dsv
[0.987s] -- Installing: /home/sara/aubo_ws/install/forward_command_controller/share/forward_command_controller/package.dsv
[0.988s] -- Up-to-date: /home/sara/aubo_ws/install/forward_command_controller/share/ament_index/resource_index/packages/forward_command_controller
[0.988s] -- Up-to-date: /home/sara/aubo_ws/install/forward_command_controller/share/ament_index/resource_index/controller_interface__pluginlib__plugin/forward_command_controller
[0.988s] -- Up-to-date: /home/sara/aubo_ws/install/forward_command_controller/share/forward_command_controller/cmake/export_forward_command_controllerExport.cmake
[0.988s] -- Up-to-date: /home/sara/aubo_ws/install/forward_command_controller/share/forward_command_controller/cmake/export_forward_command_controllerExport-noconfig.cmake
[0.988s] -- Up-to-date: /home/sara/aubo_ws/install/forward_command_controller/share/forward_command_controller/cmake/ament_cmake_export_targets-extras.cmake
[0.988s] -- Up-to-date: /home/sara/aubo_ws/install/forward_command_controller/share/forward_command_controller/cmake/ament_cmake_export_dependencies-extras.cmake
[0.989s] -- Up-to-date: /home/sara/aubo_ws/install/forward_command_controller/share/forward_command_controller/cmake/forward_command_controllerConfig.cmake
[0.989s] -- Up-to-date: /home/sara/aubo_ws/install/forward_command_controller/share/forward_command_controller/cmake/forward_command_controllerConfig-version.cmake
[0.989s] -- Up-to-date: /home/sara/aubo_ws/install/forward_command_controller/share/forward_command_controller/package.xml
[0.997s] Invoked command in '/home/sara/aubo_ws/build/forward_command_controller' returned '0': CMAKE_PREFIX_PATH=/home/sara/aubo_ws/install/controller_manager:/home/sara/aubo_ws/install/controller_interface:/home/sara/aubo_ws/install/hardware_interface:/home/sara/aubo_ws/install/ros2_control_test_assets:/home/sara/aubo_ws/install/realtime_tools:/home/sara/aubo_ws/install/controller_manager_msgs:/home/sara/aubo_ws/install/control_msgs:/home/sara/aubo_ws/install/transmission_interface:/home/sara/aubo_ws/install/gazebo_ros2_control_demos:/home/sara/aubo_ws/install/gazebo_ros2_control:/home/sara/aubo_ws/install/ros2_control_demo_description:/home/sara/aubo_ws/install/control_toolbox:/home/sara/aubo_ws/install/kinematics_interface_kdl:/home/sara/aubo_ws/install/kinematics_interface:/home/sara/aubo_ws/install/joint_limits:/home/sara/aubo_ws/install/control:/home/sara/aubo_ws/install/aubo_description:/home/sara/aubo_ws/install/aubo:/home/sara/aubo_ws/install/argo:/home/sara/aubo_ws/install/rqt_joint_trajectory_controller:/home/sara/aubo_ws/install/rqt_controller_manager:/home/sara/aubo_ws/install/ros2_controllers_test_nodes:/opt/ros/humble LD_LIBRARY_PATH=/home/sara/aubo_ws/install/controller_manager/lib:/home/sara/aubo_ws/install/controller_interface/lib:/home/sara/aubo_ws/install/hardware_interface/lib:/home/sara/aubo_ws/install/realtime_tools/lib:/home/sara/aubo_ws/install/controller_manager_msgs/lib:/home/sara/aubo_ws/install/control_msgs/lib:/home/sara/aubo_ws/install/transmission_interface/lib:/home/sara/aubo_ws/install/control_toolbox/lib:/home/sara/aubo_ws/install/kinematics_interface_kdl/lib:/home/sara/aubo_ws/install/kinematics_interface/lib:/usr/lib/x86_64-linux-gnu/gazebo-11/plugins:/opt/ros/humble/lib/x86_64-linux-gnu:/opt/ros/humble/lib:/usr/share/gazebo-11/../../lib/x86_64-linux-gnu/gazebo-11/plugins /usr/bin/cmake --install /home/sara/aubo_ws/build/forward_command_controller
