[0.286s] Invoking command in '/home/sara/aubo_ws/build/argo': CMAKE_PREFIX_PATH=${CMAKE_PREFIX_PATH}:/home/sara/ros2_ws/install/steering_controllers_library:/home/sara/ros2_ws/install/rqt_joint_trajectory_controller:/home/sara/ros2_ws/install/rqt_controller_manager:/home/sara/ros2_ws/install/ros2controlcli:/home/sara/ros2_ws/install/ros2_controllers_test_nodes:/home/sara/aubo_ws/install/ros2_controllers_test_nodes:/opt/ros/humble /usr/bin/cmake /home/sara/aubo_ws/src/aubo_control/argo -DCMAKE_INSTALL_PREFIX=/home/sara/aubo_ws/install/argo
[0.372s] -- The C compiler identification is GNU 11.4.0
[0.457s] -- The CXX compiler identification is GNU 11.4.0
[0.467s] -- Detecting C compiler ABI info
[0.568s] -- Detecting C compiler ABI info - done
[0.584s] -- Check for working C compiler: /usr/bin/cc - skipped
[0.584s] -- Detecting C compile features
[0.585s] -- Detecting C compile features - done
[0.590s] -- Detecting CXX compiler ABI info
[0.707s] -- Detecting CXX compiler ABI info - done
[0.724s] -- Check for working CXX compiler: /usr/bin/c++ - skipped
[0.724s] -- Detecting CXX compile features
[0.725s] -- Detecting CXX compile features - done
[0.731s] -- Found ament_cmake: 1.3.5 (/opt/ros/humble/share/ament_cmake/cmake)
[0.951s] -- Found Python3: /usr/bin/python3.10 (found version "3.10.12") found components: Interpreter 
[1.090s] -- Found ament_lint_auto: 0.12.8 (/opt/ros/humble/share/ament_lint_auto/cmake)
[1.200s] -- Added test 'flake8' to check Python code syntax and style conventions
[1.202s] -- Added test 'lint_cmake' to check CMake code style
[1.204s] -- Added test 'pep257' to check Python code against some of the docstring style conventions in PEP 257
[1.207s] -- Added test 'xmllint' to check XML markup files
[1.211s] -- Configuring done
[1.214s] -- Generating done
[1.215s] -- Build files have been written to: /home/sara/aubo_ws/build/argo
[1.220s] Invoked command in '/home/sara/aubo_ws/build/argo' returned '0': CMAKE_PREFIX_PATH=${CMAKE_PREFIX_PATH}:/home/sara/ros2_ws/install/steering_controllers_library:/home/sara/ros2_ws/install/rqt_joint_trajectory_controller:/home/sara/ros2_ws/install/rqt_controller_manager:/home/sara/ros2_ws/install/ros2controlcli:/home/sara/ros2_ws/install/ros2_controllers_test_nodes:/home/sara/aubo_ws/install/ros2_controllers_test_nodes:/opt/ros/humble /usr/bin/cmake /home/sara/aubo_ws/src/aubo_control/argo -DCMAKE_INSTALL_PREFIX=/home/sara/aubo_ws/install/argo
[1.223s] Invoking command in '/home/sara/aubo_ws/build/argo': CMAKE_PREFIX_PATH=${CMAKE_PREFIX_PATH}:/home/sara/ros2_ws/install/steering_controllers_library:/home/sara/ros2_ws/install/rqt_joint_trajectory_controller:/home/sara/ros2_ws/install/rqt_controller_manager:/home/sara/ros2_ws/install/ros2controlcli:/home/sara/ros2_ws/install/ros2_controllers_test_nodes:/home/sara/aubo_ws/install/ros2_controllers_test_nodes:/opt/ros/humble /usr/bin/cmake --build /home/sara/aubo_ws/build/argo -- -j8 -l8
[1.281s] Invoked command in '/home/sara/aubo_ws/build/argo' returned '0': CMAKE_PREFIX_PATH=${CMAKE_PREFIX_PATH}:/home/sara/ros2_ws/install/steering_controllers_library:/home/sara/ros2_ws/install/rqt_joint_trajectory_controller:/home/sara/ros2_ws/install/rqt_controller_manager:/home/sara/ros2_ws/install/ros2controlcli:/home/sara/ros2_ws/install/ros2_controllers_test_nodes:/home/sara/aubo_ws/install/ros2_controllers_test_nodes:/opt/ros/humble /usr/bin/cmake --build /home/sara/aubo_ws/build/argo -- -j8 -l8
[1.341s] Invoking command in '/home/sara/aubo_ws/build/argo': CMAKE_PREFIX_PATH=${CMAKE_PREFIX_PATH}:/home/sara/ros2_ws/install/steering_controllers_library:/home/sara/ros2_ws/install/rqt_joint_trajectory_controller:/home/sara/ros2_ws/install/rqt_controller_manager:/home/sara/ros2_ws/install/ros2controlcli:/home/sara/ros2_ws/install/ros2_controllers_test_nodes:/home/sara/aubo_ws/install/ros2_controllers_test_nodes:/opt/ros/humble /usr/bin/cmake --install /home/sara/aubo_ws/build/argo
[1.352s] -- Install configuration: ""
[1.353s] -- Installing: /home/sara/aubo_ws/install/argo/share/argo/launch
[1.353s] -- Installing: /home/sara/aubo_ws/install/argo/share/argo/launch/argo.launch.py
[1.353s] -- Installing: /home/sara/aubo_ws/install/argo/share/argo/launch/spawn_robot_launch_v4.launch.py
[1.353s] -- Installing: /home/sara/aubo_ws/install/argo/share/argo/urdf
[1.354s] -- Installing: /home/sara/aubo_ws/install/argo/share/argo/urdf/argo.urdf
[1.354s] -- Installing: /home/sara/aubo_ws/install/argo/share/argo/urdf/argo.csv
[1.354s] -- Installing: /home/sara/aubo_ws/install/argo/share/argo/meshes
[1.354s] -- Installing: /home/sara/aubo_ws/install/argo/share/argo/meshes/W2.STL
[1.354s] -- Installing: /home/sara/aubo_ws/install/argo/share/argo/meshes/brdge.STL
[1.354s] -- Installing: /home/sara/aubo_ws/install/argo/share/argo/meshes/base_gps.STL
[1.355s] -- Installing: /home/sara/aubo_ws/install/argo/share/argo/meshes/W7.STL
[1.355s] -- Installing: /home/sara/aubo_ws/install/argo/share/argo/meshes/W4.STL
[1.355s] -- Installing: /home/sara/aubo_ws/install/argo/share/argo/meshes/rover_gp.STL
[1.356s] -- Installing: /home/sara/aubo_ws/install/argo/share/argo/meshes/W5.STL
[1.356s] -- Installing: /home/sara/aubo_ws/install/argo/share/argo/meshes/rear_cam.STL
[1.356s] -- Installing: /home/sara/aubo_ws/install/argo/share/argo/meshes/W3.STL
[1.357s] -- Installing: /home/sara/aubo_ws/install/argo/share/argo/meshes/W1.STL
[1.357s] -- Installing: /home/sara/aubo_ws/install/argo/share/argo/meshes/base_link.STL
[1.357s] -- Installing: /home/sara/aubo_ws/install/argo/share/argo/meshes/imu.STL
[1.357s] -- Installing: /home/sara/aubo_ws/install/argo/share/argo/meshes/W6.STL
[1.357s] -- Installing: /home/sara/aubo_ws/install/argo/share/argo/meshes/W8.STL
[1.358s] -- Installing: /home/sara/aubo_ws/install/argo/share/argo/meshes/front_cam.STL
[1.358s] -- Installing: /home/sara/aubo_ws/install/argo/share/argo/meshes/top.STL
[1.358s] -- Installing: /home/sara/aubo_ws/install/argo/share/argo/config
[1.358s] -- Installing: /home/sara/aubo_ws/install/argo/share/argo/config/joint_names_argo.yaml
[1.359s] -- Installing: /home/sara/aubo_ws/install/argo/share/argo/config/joint_names_argo_v2.yaml
[1.359s] -- Installing: /home/sara/aubo_ws/install/argo/share/ament_index/resource_index/package_run_dependencies/argo
[1.359s] -- Installing: /home/sara/aubo_ws/install/argo/share/ament_index/resource_index/parent_prefix_path/argo
[1.359s] -- Installing: /home/sara/aubo_ws/install/argo/share/argo/environment/ament_prefix_path.sh
[1.359s] -- Installing: /home/sara/aubo_ws/install/argo/share/argo/environment/ament_prefix_path.dsv
[1.359s] -- Installing: /home/sara/aubo_ws/install/argo/share/argo/environment/path.sh
[1.360s] -- Installing: /home/sara/aubo_ws/install/argo/share/argo/environment/path.dsv
[1.360s] -- Installing: /home/sara/aubo_ws/install/argo/share/argo/local_setup.bash
[1.360s] -- Installing: /home/sara/aubo_ws/install/argo/share/argo/local_setup.sh
[1.360s] -- Installing: /home/sara/aubo_ws/install/argo/share/argo/local_setup.zsh
[1.361s] -- Installing: /home/sara/aubo_ws/install/argo/share/argo/local_setup.dsv
[1.361s] -- Installing: /home/sara/aubo_ws/install/argo/share/argo/package.dsv
[1.361s] -- Installing: /home/sara/aubo_ws/install/argo/share/ament_index/resource_index/packages/argo
[1.361s] -- Installing: /home/sara/aubo_ws/install/argo/share/argo/cmake/argoConfig.cmake
[1.361s] -- Installing: /home/sara/aubo_ws/install/argo/share/argo/cmake/argoConfig-version.cmake
[1.361s] -- Installing: /home/sara/aubo_ws/install/argo/share/argo/package.xml
[1.367s] Invoked command in '/home/sara/aubo_ws/build/argo' returned '0': CMAKE_PREFIX_PATH=${CMAKE_PREFIX_PATH}:/home/sara/ros2_ws/install/steering_controllers_library:/home/sara/ros2_ws/install/rqt_joint_trajectory_controller:/home/sara/ros2_ws/install/rqt_controller_manager:/home/sara/ros2_ws/install/ros2controlcli:/home/sara/ros2_ws/install/ros2_controllers_test_nodes:/home/sara/aubo_ws/install/ros2_controllers_test_nodes:/opt/ros/humble /usr/bin/cmake --install /home/sara/aubo_ws/build/argo
