[0.065s] Invoking command in '/home/sara/aubo_ws/build/control': CMAKE_PREFIX_PATH=${CMAKE_PREFIX_PATH}:/opt/ros/humble /usr/bin/cmake --build /home/sara/aubo_ws/build/control -- -j8 -l8
[0.125s] [ 33%] Built target inv_kin
[0.125s] [ 66%] Built target dir_kin
[0.130s] [100%] Built target test_pub
[0.150s] Invoked command in '/home/sara/aubo_ws/build/control' returned '0': CMAKE_PREFIX_PATH=${CMAKE_PREFIX_PATH}:/opt/ros/humble /usr/bin/cmake --build /home/sara/aubo_ws/build/control -- -j8 -l8
[0.255s] Invoking command in '/home/sara/aubo_ws/build/control': CMAKE_PREFIX_PATH=${CMAKE_PREFIX_PATH}:/opt/ros/humble /usr/bin/cmake --install /home/sara/aubo_ws/build/control
[0.262s] -- Install configuration: ""
[0.263s] -- Up-to-date: /home/sara/aubo_ws/install/control/lib/control/dir_kin
[0.263s] -- Up-to-date: /home/sara/aubo_ws/install/control/lib/control/inv_kin
[0.263s] -- Up-to-date: /home/sara/aubo_ws/install/control/lib/control/test_pub
[0.263s] -- Up-to-date: /home/sara/aubo_ws/install/control/share/control/launch
[0.264s] -- Up-to-date: /home/sara/aubo_ws/install/control/share/control/launch/view_robot.launch.py
[0.264s] -- Up-to-date: /home/sara/aubo_ws/install/control/share/control/launch/world.launch.py
[0.264s] -- Installing: /home/sara/aubo_ws/install/control/share/control/launch/gz.launch.py
[0.265s] -- Up-to-date: /home/sara/aubo_ws/install/control/share/control/launch/spawn_robot_launch_v4.launch.py
[0.265s] -- Up-to-date: /home/sara/aubo_ws/install/control/share/ament_index/resource_index/package_run_dependencies/control
[0.265s] -- Up-to-date: /home/sara/aubo_ws/install/control/share/ament_index/resource_index/parent_prefix_path/control
[0.265s] -- Up-to-date: /home/sara/aubo_ws/install/control/share/control/environment/ament_prefix_path.sh
[0.265s] -- Up-to-date: /home/sara/aubo_ws/install/control/share/control/environment/ament_prefix_path.dsv
[0.266s] -- Up-to-date: /home/sara/aubo_ws/install/control/share/control/environment/path.sh
[0.266s] -- Up-to-date: /home/sara/aubo_ws/install/control/share/control/environment/path.dsv
[0.266s] -- Up-to-date: /home/sara/aubo_ws/install/control/share/control/local_setup.bash
[0.266s] -- Up-to-date: /home/sara/aubo_ws/install/control/share/control/local_setup.sh
[0.266s] -- Up-to-date: /home/sara/aubo_ws/install/control/share/control/local_setup.zsh
[0.266s] -- Up-to-date: /home/sara/aubo_ws/install/control/share/control/local_setup.dsv
[0.266s] -- Installing: /home/sara/aubo_ws/install/control/share/control/package.dsv
[0.266s] -- Up-to-date: /home/sara/aubo_ws/install/control/share/ament_index/resource_index/packages/control
[0.267s] -- Up-to-date: /home/sara/aubo_ws/install/control/share/control/cmake/controlConfig.cmake
[0.267s] -- Up-to-date: /home/sara/aubo_ws/install/control/share/control/cmake/controlConfig-version.cmake
[0.267s] -- Up-to-date: /home/sara/aubo_ws/install/control/share/control/package.xml
[0.377s] Invoked command in '/home/sara/aubo_ws/build/control' returned '0': CMAKE_PREFIX_PATH=${CMAKE_PREFIX_PATH}:/opt/ros/humble /usr/bin/cmake --install /home/sara/aubo_ws/build/control
