[0.481s] Invoking command in '/home/sara/aubo_ws/build/ros_gz_sim': CMAKE_PREFIX_PATH=${CMAKE_PREFIX_PATH}:/opt/ros/humble /usr/bin/cmake /home/sara/aubo_ws/src/ros_gz/ros_gz_sim -DCMAKE_INSTALL_PREFIX=/home/sara/aubo_ws/install/ros_gz_sim
[0.600s] -- The C compiler identification is GNU 11.4.0
[0.770s] -- The CXX compiler identification is GNU 11.4.0
[0.770s] -- Detecting C compiler ABI info
[0.892s] -- Detecting C compiler ABI info - done
[0.910s] -- Check for working C compiler: /usr/bin/cc - skipped
[0.911s] -- Detecting C compile features
[0.913s] -- Detecting C compile features - done
[0.921s] -- Detecting CXX compiler ABI info
[1.071s] -- Detecting CXX compiler ABI info - done
[1.094s] -- Check for working CXX compiler: /usr/bin/c++ - skipped
[1.094s] -- Detecting CXX compile features
[1.095s] -- Detecting CXX compile features - done
[1.099s] -- Found ament_cmake: 1.3.5 (/opt/ros/humble/share/ament_cmake/cmake)
[1.438s] -- Found Python3: /usr/bin/python3.10 (found version "3.10.12") found components: Interpreter 
[1.638s] -- Found rclcpp: 16.0.6 (/opt/ros/humble/share/rclcpp/cmake)
[1.734s] -- Found rosidl_generator_c: 3.1.5 (/opt/ros/humble/share/rosidl_generator_c/cmake)
[1.746s] -- Found rosidl_adapter: 3.1.5 (/opt/ros/humble/share/rosidl_adapter/cmake)
[1.769s] -- Found rosidl_generator_cpp: 3.1.5 (/opt/ros/humble/share/rosidl_generator_cpp/cmake)
[1.801s] -- Using all available rosidl_typesupport_c: rosidl_typesupport_fastrtps_c;rosidl_typesupport_introspection_c
[1.844s] -- Using all available rosidl_typesupport_cpp: rosidl_typesupport_fastrtps_cpp;rosidl_typesupport_introspection_cpp
[1.982s] -- Found rmw_implementation_cmake: 6.1.1 (/opt/ros/humble/share/rmw_implementation_cmake/cmake)
[1.989s] -- Found rmw_fastrtps_cpp: 6.2.4 (/opt/ros/humble/share/rmw_fastrtps_cpp/cmake)
[2.175s] -- Found OpenSSL: /usr/lib/x86_64-linux-gnu/libcrypto.so (found version "3.0.2")  
[2.223s] -- Found FastRTPS: /opt/ros/humble/include  
[2.308s] -- Using RMW implementation 'rmw_fastrtps_cpp' as default
[2.329s] -- Looking for pthread.h
[2.450s] -- Looking for pthread.h - found
[2.451s] -- Performing Test CMAKE_HAVE_LIBC_PTHREAD
[2.573s] -- Performing Test CMAKE_HAVE_LIBC_PTHREAD - Success
[2.575s] -- Found Threads: TRUE  
[2.947s] [31mCMake Error at CMakeLists.txt:22 (find_package):
[2.947s]   By not providing "Findgz-math7.cmake" in CMAKE_MODULE_PATH this project has
[2.948s]   asked CMake to find a package configuration file provided by "gz-math7",
[2.948s]   but CMake did not find one.
[2.948s] 
[2.948s]   Could not find a package configuration file provided by "gz-math7" with any
[2.948s]   of the following names:
[2.948s] 
[2.948s]     gz-math7Config.cmake
[2.948s]     gz-math7-config.cmake
[2.948s] 
[2.949s]   Add the installation prefix of "gz-math7" to CMAKE_PREFIX_PATH or set
[2.949s]   "gz-math7_DIR" to a directory containing one of the above files.  If
[2.949s]   "gz-math7" provides a separate development package or SDK, be sure it has
[2.949s]   been installed.
[2.949s] 
[2.949s] [0m
[2.949s] -- Configuring incomplete, errors occurred!
[2.949s] See also "/home/sara/aubo_ws/build/ros_gz_sim/CMakeFiles/CMakeOutput.log".
[2.963s] Invoked command in '/home/sara/aubo_ws/build/ros_gz_sim' returned '1': CMAKE_PREFIX_PATH=${CMAKE_PREFIX_PATH}:/opt/ros/humble /usr/bin/cmake /home/sara/aubo_ws/src/ros_gz/ros_gz_sim -DCMAKE_INSTALL_PREFIX=/home/sara/aubo_ws/install/ros_gz_sim
