[0.113s] Invoking command in '/home/sara/aubo_ws/build/control': CMAKE_PREFIX_PATH=${CMAKE_PREFIX_PATH}:/home/sara/ros2_ws/install/rqt_joint_trajectory_controller:/home/sara/ros2_ws/install/rqt_controller_manager:/home/sara/ros2_ws/install/ros2controlcli:/home/sara/ros2_ws/install/ros2_controllers_test_nodes:/home/sara/aubo_ws/install/ros2_controllers_test_nodes:/opt/ros/humble /usr/bin/cmake --build /home/sara/aubo_ws/build/control -- -j8 -l8
[0.245s] [35m[1mConsolidate compiler generated dependencies of target sim_control[0m
[0.270s] [ 12%] Built target inv_kin
[0.277s] [ 25%] Built target sim_pub
[0.278s] [ 37%] Built target dir_kin
[0.288s] [ 50%] Built target sim_sub
[0.289s] [ 62%] Built target controller
[0.294s] [ 75%] Built target sim_test
[0.302s] [ 87%] Built target test_pub
[0.306s] [ 93%] [32mBuilding CXX object CMakeFiles/sim_control.dir/src/sim_control.cpp.o[0m
[4.948s] [100%] [32m[1mLinking CXX executable sim_control[0m
[5.173s] [100%] Built target sim_control
[5.192s] Invoked command in '/home/sara/aubo_ws/build/control' returned '0': CMAKE_PREFIX_PATH=${CMAKE_PREFIX_PATH}:/home/sara/ros2_ws/install/rqt_joint_trajectory_controller:/home/sara/ros2_ws/install/rqt_controller_manager:/home/sara/ros2_ws/install/ros2controlcli:/home/sara/ros2_ws/install/ros2_controllers_test_nodes:/home/sara/aubo_ws/install/ros2_controllers_test_nodes:/opt/ros/humble /usr/bin/cmake --build /home/sara/aubo_ws/build/control -- -j8 -l8
[5.310s] Invoking command in '/home/sara/aubo_ws/build/control': CMAKE_PREFIX_PATH=${CMAKE_PREFIX_PATH}:/home/sara/ros2_ws/install/rqt_joint_trajectory_controller:/home/sara/ros2_ws/install/rqt_controller_manager:/home/sara/ros2_ws/install/ros2controlcli:/home/sara/ros2_ws/install/ros2_controllers_test_nodes:/home/sara/aubo_ws/install/ros2_controllers_test_nodes:/opt/ros/humble /usr/bin/cmake --install /home/sara/aubo_ws/build/control
[5.322s] -- Install configuration: ""
[5.322s] -- Up-to-date: /home/sara/aubo_ws/install/control/lib/control/controller
[5.323s] -- Up-to-date: /home/sara/aubo_ws/install/control/lib/control/dir_kin
[5.323s] -- Up-to-date: /home/sara/aubo_ws/install/control/lib/control/inv_kin
[5.323s] -- Up-to-date: /home/sara/aubo_ws/install/control/lib/control/test_pub
[5.324s] -- Up-to-date: /home/sara/aubo_ws/install/control/lib/control/sim_pub
[5.324s] -- Up-to-date: /home/sara/aubo_ws/install/control/lib/control/sim_sub
[5.324s] -- Up-to-date: /home/sara/aubo_ws/install/control/lib/control/sim_test
[5.325s] -- Installing: /home/sara/aubo_ws/install/control/lib/control/sim_control
[5.326s] -- Set runtime path of "/home/sara/aubo_ws/install/control/lib/control/sim_control" to ""
[5.326s] -- Up-to-date: /home/sara/aubo_ws/install/control/share/control/launch
[5.326s] -- Up-to-date: /home/sara/aubo_ws/install/control/share/control/launch/listener.launch.py
[5.326s] -- Up-to-date: /home/sara/aubo_ws/install/control/share/control/launch/aubo_i5_gz.launch.py
[5.327s] -- Up-to-date: /home/sara/aubo_ws/install/control/share/control/launch/view_robot.launch.py
[5.327s] -- Up-to-date: /home/sara/aubo_ws/install/control/share/control/launch/world.launch.py
[5.327s] -- Up-to-date: /home/sara/aubo_ws/install/control/share/control/launch/gz.launch.py
[5.327s] -- Up-to-date: /home/sara/aubo_ws/install/control/share/control/launch/spawn_robot_launch_v4.launch.py
[5.327s] -- Up-to-date: /home/sara/aubo_ws/install/control/share/ament_index/resource_index/package_run_dependencies/control
[5.327s] -- Up-to-date: /home/sara/aubo_ws/install/control/share/ament_index/resource_index/parent_prefix_path/control
[5.327s] -- Up-to-date: /home/sara/aubo_ws/install/control/share/control/environment/ament_prefix_path.sh
[5.327s] -- Up-to-date: /home/sara/aubo_ws/install/control/share/control/environment/ament_prefix_path.dsv
[5.327s] -- Up-to-date: /home/sara/aubo_ws/install/control/share/control/environment/path.sh
[5.328s] -- Up-to-date: /home/sara/aubo_ws/install/control/share/control/environment/path.dsv
[5.328s] -- Up-to-date: /home/sara/aubo_ws/install/control/share/control/local_setup.bash
[5.328s] -- Up-to-date: /home/sara/aubo_ws/install/control/share/control/local_setup.sh
[5.328s] -- Up-to-date: /home/sara/aubo_ws/install/control/share/control/local_setup.zsh
[5.328s] -- Up-to-date: /home/sara/aubo_ws/install/control/share/control/local_setup.dsv
[5.328s] -- Installing: /home/sara/aubo_ws/install/control/share/control/package.dsv
[5.328s] -- Up-to-date: /home/sara/aubo_ws/install/control/share/ament_index/resource_index/packages/control
[5.328s] -- Up-to-date: /home/sara/aubo_ws/install/control/share/control/cmake/controlConfig.cmake
[5.328s] -- Up-to-date: /home/sara/aubo_ws/install/control/share/control/cmake/controlConfig-version.cmake
[5.329s] -- Up-to-date: /home/sara/aubo_ws/install/control/share/control/package.xml
[5.329s] Invoked command in '/home/sara/aubo_ws/build/control' returned '0': CMAKE_PREFIX_PATH=${CMAKE_PREFIX_PATH}:/home/sara/ros2_ws/install/rqt_joint_trajectory_controller:/home/sara/ros2_ws/install/rqt_controller_manager:/home/sara/ros2_ws/install/ros2controlcli:/home/sara/ros2_ws/install/ros2_controllers_test_nodes:/home/sara/aubo_ws/install/ros2_controllers_test_nodes:/opt/ros/humble /usr/bin/cmake --install /home/sara/aubo_ws/build/control
