[0.125s] Invoking command in '/home/sara/aubo_ws/build/control': CMAKE_PREFIX_PATH=${CMAKE_PREFIX_PATH}:/opt/ros/humble /usr/bin/cmake --build /home/sara/aubo_ws/build/control -- -j8 -l8
[1.292s] [ 28%] Built target dir_kin
[1.292s] [ 28%] Built target inv_kin
[1.292s] [ 42%] Built target test_pub
[1.299s] [ 57%] Built target sim_pub
[1.299s] [ 71%] Built target sim_test
[1.317s] [100%] Built target controller
[1.318s] [100%] Built target sim_sub
[1.328s] Invoked command in '/home/sara/aubo_ws/build/control' returned '0': CMAKE_PREFIX_PATH=${CMAKE_PREFIX_PATH}:/opt/ros/humble /usr/bin/cmake --build /home/sara/aubo_ws/build/control -- -j8 -l8
[1.367s] Invoking command in '/home/sara/aubo_ws/build/control': CMAKE_PREFIX_PATH=${CMAKE_PREFIX_PATH}:/opt/ros/humble /usr/bin/cmake --install /home/sara/aubo_ws/build/control
[1.376s] -- Install configuration: ""
[1.385s] -- Up-to-date: /home/sara/aubo_ws/install/control/lib/control/controller
[1.391s] -- Up-to-date: /home/sara/aubo_ws/install/control/lib/control/dir_kin
[1.399s] -- Up-to-date: /home/sara/aubo_ws/install/control/lib/control/inv_kin
[1.407s] -- Up-to-date: /home/sara/aubo_ws/install/control/lib/control/test_pub
[1.414s] -- Up-to-date: /home/sara/aubo_ws/install/control/lib/control/sim_pub
[1.419s] -- Up-to-date: /home/sara/aubo_ws/install/control/lib/control/sim_sub
[1.421s] -- Up-to-date: /home/sara/aubo_ws/install/control/lib/control/sim_test
[1.421s] -- Up-to-date: /home/sara/aubo_ws/install/control/share/control/launch
[1.421s] -- Up-to-date: /home/sara/aubo_ws/install/control/share/control/launch/listener.launch.py
[1.421s] -- Up-to-date: /home/sara/aubo_ws/install/control/share/control/launch/aubo_i5_gz.launch.py
[1.421s] -- Up-to-date: /home/sara/aubo_ws/install/control/share/control/launch/view_robot.launch.py
[1.422s] -- Up-to-date: /home/sara/aubo_ws/install/control/share/control/launch/world.launch.py
[1.422s] -- Installing: /home/sara/aubo_ws/install/control/share/control/launch/gz.launch.py
[1.422s] -- Up-to-date: /home/sara/aubo_ws/install/control/share/control/launch/spawn_robot_launch_v4.launch.py
[1.422s] -- Up-to-date: /home/sara/aubo_ws/install/control/share/ament_index/resource_index/package_run_dependencies/control
[1.423s] -- Up-to-date: /home/sara/aubo_ws/install/control/share/ament_index/resource_index/parent_prefix_path/control
[1.423s] -- Up-to-date: /home/sara/aubo_ws/install/control/share/control/environment/ament_prefix_path.sh
[1.424s] -- Up-to-date: /home/sara/aubo_ws/install/control/share/control/environment/ament_prefix_path.dsv
[1.424s] -- Up-to-date: /home/sara/aubo_ws/install/control/share/control/environment/path.sh
[1.424s] -- Up-to-date: /home/sara/aubo_ws/install/control/share/control/environment/path.dsv
[1.424s] -- Up-to-date: /home/sara/aubo_ws/install/control/share/control/local_setup.bash
[1.424s] -- Up-to-date: /home/sara/aubo_ws/install/control/share/control/local_setup.sh
[1.424s] -- Up-to-date: /home/sara/aubo_ws/install/control/share/control/local_setup.zsh
[1.424s] -- Up-to-date: /home/sara/aubo_ws/install/control/share/control/local_setup.dsv
[1.424s] -- Installing: /home/sara/aubo_ws/install/control/share/control/package.dsv
[1.426s] -- Up-to-date: /home/sara/aubo_ws/install/control/share/ament_index/resource_index/packages/control
[1.426s] -- Up-to-date: /home/sara/aubo_ws/install/control/share/control/cmake/controlConfig.cmake
[1.426s] -- Up-to-date: /home/sara/aubo_ws/install/control/share/control/cmake/controlConfig-version.cmake
[1.426s] -- Up-to-date: /home/sara/aubo_ws/install/control/share/control/package.xml
[1.429s] Invoked command in '/home/sara/aubo_ws/build/control' returned '0': CMAKE_PREFIX_PATH=${CMAKE_PREFIX_PATH}:/opt/ros/humble /usr/bin/cmake --install /home/sara/aubo_ws/build/control
