[0.935s] DEBUG:colcon:Command line arguments: ['/usr/bin/colcon', 'build']
[0.935s] DEBUG:colcon:Parsed command line arguments: Namespace(log_base=None, log_level=None, verb_name='build', build_base='build', install_base='install', merge_install=False, symlink_install=False, test_result_base=None, continue_on_error=False, executor='parallel', parallel_workers=8, event_handlers=None, ignore_user_meta=False, metas=['./colcon.meta'], base_paths=['.'], packages_ignore=None, packages_ignore_regex=None, paths=None, packages_up_to=None, packages_up_to_regex=None, packages_above=None, packages_above_and_dependencies=None, packages_above_depth=None, packages_select_by_dep=None, packages_skip_by_dep=None, packages_skip_up_to=None, packages_select_build_failed=False, packages_skip_build_finished=False, packages_select_test_failures=False, packages_skip_test_passed=False, packages_select=None, packages_skip=None, packages_select_regex=None, packages_skip_regex=None, packages_start=None, packages_end=None, allow_overriding=[], cmake_args=None, cmake_target=None, cmake_target_skip_unavailable=False, cmake_clean_cache=False, cmake_clean_first=False, cmake_force_configure=False, ament_cmake_args=None, catkin_cmake_args=None, catkin_skip_building_tests=False, verb_parser=<colcon_defaults.argument_parser.defaults.DefaultArgumentsDecorator object at 0x7f4602696020>, verb_extension=<colcon_core.verb.build.BuildVerb object at 0x7f46026968f0>, main=<bound method BuildVerb.main of <colcon_core.verb.build.BuildVerb object at 0x7f46026968f0>>)
[0.978s] Level 1:colcon.colcon_core.package_discovery:discover_packages(colcon_meta) check parameters
[0.979s] Level 1:colcon.colcon_core.package_discovery:discover_packages(recursive) check parameters
[0.979s] Level 1:colcon.colcon_core.package_discovery:discover_packages(ignore) check parameters
[0.979s] Level 1:colcon.colcon_core.package_discovery:discover_packages(path) check parameters
[0.979s] Level 1:colcon.colcon_core.package_discovery:discover_packages(colcon_meta) discover
[0.979s] Level 1:colcon.colcon_core.package_discovery:discover_packages(recursive) discover
[0.979s] INFO:colcon.colcon_core.package_discovery:Crawling recursively for packages in '/home/sara/aubo_ws'
[0.979s] Level 1:colcon.colcon_core.package_identification:_identify(.) by extensions ['ignore', 'ignore_ament_install']
[0.979s] Level 1:colcon.colcon_core.package_identification:_identify(.) by extension 'ignore'
[0.979s] Level 1:colcon.colcon_core.package_identification:_identify(.) by extension 'ignore_ament_install'
[0.979s] Level 1:colcon.colcon_core.package_identification:_identify(.) by extensions ['colcon_pkg']
[0.979s] Level 1:colcon.colcon_core.package_identification:_identify(.) by extension 'colcon_pkg'
[0.979s] Level 1:colcon.colcon_core.package_identification:_identify(.) by extensions ['colcon_meta']
[0.979s] Level 1:colcon.colcon_core.package_identification:_identify(.) by extension 'colcon_meta'
[0.979s] Level 1:colcon.colcon_core.package_identification:_identify(.) by extensions ['ros']
[0.979s] Level 1:colcon.colcon_core.package_identification:_identify(.) by extension 'ros'
[0.989s] Level 1:colcon.colcon_core.package_identification:_identify(.) by extensions ['cmake', 'python']
[0.989s] Level 1:colcon.colcon_core.package_identification:_identify(.) by extension 'cmake'
[0.989s] Level 1:colcon.colcon_core.package_identification:_identify(.) by extension 'python'
[0.989s] Level 1:colcon.colcon_core.package_identification:_identify(.) by extensions ['python_setup_py']
[0.989s] Level 1:colcon.colcon_core.package_identification:_identify(.) by extension 'python_setup_py'
[0.989s] Level 1:colcon.colcon_core.package_identification:_identify(build) by extensions ['ignore', 'ignore_ament_install']
[0.989s] Level 1:colcon.colcon_core.package_identification:_identify(build) by extension 'ignore'
[0.989s] Level 1:colcon.colcon_core.package_identification:_identify(build) ignored
[0.990s] Level 1:colcon.colcon_core.package_identification:_identify(install) by extensions ['ignore', 'ignore_ament_install']
[0.990s] Level 1:colcon.colcon_core.package_identification:_identify(install) by extension 'ignore'
[0.990s] Level 1:colcon.colcon_core.package_identification:_identify(install) ignored
[0.990s] Level 1:colcon.colcon_core.package_identification:_identify(log) by extensions ['ignore', 'ignore_ament_install']
[0.990s] Level 1:colcon.colcon_core.package_identification:_identify(log) by extension 'ignore'
[0.990s] Level 1:colcon.colcon_core.package_identification:_identify(log) ignored
[0.990s] Level 1:colcon.colcon_core.package_identification:_identify(src) by extensions ['ignore', 'ignore_ament_install']
[0.990s] Level 1:colcon.colcon_core.package_identification:_identify(src) by extension 'ignore'
[0.990s] Level 1:colcon.colcon_core.package_identification:_identify(src) by extension 'ignore_ament_install'
[0.990s] Level 1:colcon.colcon_core.package_identification:_identify(src) by extensions ['colcon_pkg']
[0.990s] Level 1:colcon.colcon_core.package_identification:_identify(src) by extension 'colcon_pkg'
[0.990s] Level 1:colcon.colcon_core.package_identification:_identify(src) by extensions ['colcon_meta']
[0.990s] Level 1:colcon.colcon_core.package_identification:_identify(src) by extension 'colcon_meta'
[0.990s] Level 1:colcon.colcon_core.package_identification:_identify(src) by extensions ['ros']
[0.990s] Level 1:colcon.colcon_core.package_identification:_identify(src) by extension 'ros'
[0.991s] Level 1:colcon.colcon_core.package_identification:_identify(src) by extensions ['cmake', 'python']
[0.991s] Level 1:colcon.colcon_core.package_identification:_identify(src) by extension 'cmake'
[0.991s] Level 1:colcon.colcon_core.package_identification:_identify(src) by extension 'python'
[0.991s] Level 1:colcon.colcon_core.package_identification:_identify(src) by extensions ['python_setup_py']
[0.991s] Level 1:colcon.colcon_core.package_identification:_identify(src) by extension 'python_setup_py'
[0.991s] Level 1:colcon.colcon_core.package_identification:_identify(src/aubo_control) by extensions ['ignore', 'ignore_ament_install']
[0.991s] Level 1:colcon.colcon_core.package_identification:_identify(src/aubo_control) by extension 'ignore'
[0.991s] Level 1:colcon.colcon_core.package_identification:_identify(src/aubo_control) by extension 'ignore_ament_install'
[0.991s] Level 1:colcon.colcon_core.package_identification:_identify(src/aubo_control) by extensions ['colcon_pkg']
[0.991s] Level 1:colcon.colcon_core.package_identification:_identify(src/aubo_control) by extension 'colcon_pkg'
[0.991s] Level 1:colcon.colcon_core.package_identification:_identify(src/aubo_control) by extensions ['colcon_meta']
[0.991s] Level 1:colcon.colcon_core.package_identification:_identify(src/aubo_control) by extension 'colcon_meta'
[0.991s] Level 1:colcon.colcon_core.package_identification:_identify(src/aubo_control) by extensions ['ros']
[0.991s] Level 1:colcon.colcon_core.package_identification:_identify(src/aubo_control) by extension 'ros'
[0.991s] Level 1:colcon.colcon_core.package_identification:_identify(src/aubo_control) by extensions ['cmake', 'python']
[0.991s] Level 1:colcon.colcon_core.package_identification:_identify(src/aubo_control) by extension 'cmake'
[0.991s] Level 1:colcon.colcon_core.package_identification:_identify(src/aubo_control) by extension 'python'
[0.991s] Level 1:colcon.colcon_core.package_identification:_identify(src/aubo_control) by extensions ['python_setup_py']
[0.991s] Level 1:colcon.colcon_core.package_identification:_identify(src/aubo_control) by extension 'python_setup_py'
[0.991s] Level 1:colcon.colcon_core.package_identification:_identify(src/aubo_control/argo) by extensions ['ignore', 'ignore_ament_install']
[0.991s] Level 1:colcon.colcon_core.package_identification:_identify(src/aubo_control/argo) by extension 'ignore'
[0.992s] Level 1:colcon.colcon_core.package_identification:_identify(src/aubo_control/argo) by extension 'ignore_ament_install'
[0.992s] Level 1:colcon.colcon_core.package_identification:_identify(src/aubo_control/argo) by extensions ['colcon_pkg']
[0.992s] Level 1:colcon.colcon_core.package_identification:_identify(src/aubo_control/argo) by extension 'colcon_pkg'
[0.992s] Level 1:colcon.colcon_core.package_identification:_identify(src/aubo_control/argo) by extensions ['colcon_meta']
[0.992s] Level 1:colcon.colcon_core.package_identification:_identify(src/aubo_control/argo) by extension 'colcon_meta'
[0.992s] Level 1:colcon.colcon_core.package_identification:_identify(src/aubo_control/argo) by extensions ['ros']
[0.992s] Level 1:colcon.colcon_core.package_identification:_identify(src/aubo_control/argo) by extension 'ros'
[0.995s] DEBUG:colcon.colcon_core.package_identification:Package 'src/aubo_control/argo' with type 'ros.ament_cmake' and name 'argo'
[0.995s] Level 1:colcon.colcon_core.package_identification:_identify(src/aubo_control/aubo) by extensions ['ignore', 'ignore_ament_install']
[0.995s] Level 1:colcon.colcon_core.package_identification:_identify(src/aubo_control/aubo) by extension 'ignore'
[0.995s] Level 1:colcon.colcon_core.package_identification:_identify(src/aubo_control/aubo) by extension 'ignore_ament_install'
[0.995s] Level 1:colcon.colcon_core.package_identification:_identify(src/aubo_control/aubo) by extensions ['colcon_pkg']
[0.995s] Level 1:colcon.colcon_core.package_identification:_identify(src/aubo_control/aubo) by extension 'colcon_pkg'
[0.995s] Level 1:colcon.colcon_core.package_identification:_identify(src/aubo_control/aubo) by extensions ['colcon_meta']
[0.995s] Level 1:colcon.colcon_core.package_identification:_identify(src/aubo_control/aubo) by extension 'colcon_meta'
[0.995s] Level 1:colcon.colcon_core.package_identification:_identify(src/aubo_control/aubo) by extensions ['ros']
[0.995s] Level 1:colcon.colcon_core.package_identification:_identify(src/aubo_control/aubo) by extension 'ros'
[0.996s] DEBUG:colcon.colcon_core.package_identification:Package 'src/aubo_control/aubo' with type 'ros.ament_cmake' and name 'aubo'
[0.996s] Level 1:colcon.colcon_core.package_identification:_identify(src/aubo_control/control) by extensions ['ignore', 'ignore_ament_install']
[0.996s] Level 1:colcon.colcon_core.package_identification:_identify(src/aubo_control/control) by extension 'ignore'
[0.996s] Level 1:colcon.colcon_core.package_identification:_identify(src/aubo_control/control) by extension 'ignore_ament_install'
[0.996s] Level 1:colcon.colcon_core.package_identification:_identify(src/aubo_control/control) by extensions ['colcon_pkg']
[0.996s] Level 1:colcon.colcon_core.package_identification:_identify(src/aubo_control/control) by extension 'colcon_pkg'
[0.996s] Level 1:colcon.colcon_core.package_identification:_identify(src/aubo_control/control) by extensions ['colcon_meta']
[0.996s] Level 1:colcon.colcon_core.package_identification:_identify(src/aubo_control/control) by extension 'colcon_meta'
[0.996s] Level 1:colcon.colcon_core.package_identification:_identify(src/aubo_control/control) by extensions ['ros']
[0.996s] Level 1:colcon.colcon_core.package_identification:_identify(src/aubo_control/control) by extension 'ros'
[0.997s] DEBUG:colcon.colcon_core.package_identification:Package 'src/aubo_control/control' with type 'ros.ament_cmake' and name 'control'
[0.997s] Level 1:colcon.colcon_core.package_identification:_identify(src/aubo_description) by extensions ['ignore', 'ignore_ament_install']
[0.997s] Level 1:colcon.colcon_core.package_identification:_identify(src/aubo_description) by extension 'ignore'
[0.997s] Level 1:colcon.colcon_core.package_identification:_identify(src/aubo_description) by extension 'ignore_ament_install'
[0.997s] Level 1:colcon.colcon_core.package_identification:_identify(src/aubo_description) by extensions ['colcon_pkg']
[0.997s] Level 1:colcon.colcon_core.package_identification:_identify(src/aubo_description) by extension 'colcon_pkg'
[0.997s] Level 1:colcon.colcon_core.package_identification:_identify(src/aubo_description) by extensions ['colcon_meta']
[0.997s] Level 1:colcon.colcon_core.package_identification:_identify(src/aubo_description) by extension 'colcon_meta'
[0.997s] Level 1:colcon.colcon_core.package_identification:_identify(src/aubo_description) by extensions ['ros']
[0.997s] Level 1:colcon.colcon_core.package_identification:_identify(src/aubo_description) by extension 'ros'
[0.998s] DEBUG:colcon.colcon_core.package_identification:Package 'src/aubo_description' with type 'ros.ament_cmake' and name 'aubo_description'
[0.998s] Level 1:colcon.colcon_core.package_discovery:discover_packages(recursive) using defaults
[0.998s] Level 1:colcon.colcon_core.package_discovery:discover_packages(ignore) discover
[0.998s] Level 1:colcon.colcon_core.package_discovery:discover_packages(ignore) using defaults
[0.998s] Level 1:colcon.colcon_core.package_discovery:discover_packages(path) discover
[0.998s] Level 1:colcon.colcon_core.package_discovery:discover_packages(path) using defaults
[1.081s] Level 1:colcon.colcon_core.package_discovery:discover_packages(prefix_path) check parameters
[1.081s] Level 1:colcon.colcon_core.package_discovery:discover_packages(prefix_path) discover
[1.109s] DEBUG:colcon.colcon_installed_package_information.package_discovery:Found 5 installed packages in /home/sara/aubo_ws/install
[1.123s] DEBUG:colcon.colcon_installed_package_information.package_discovery:Found 291 installed packages in /opt/ros/humble
[1.124s] Level 1:colcon.colcon_core.package_discovery:discover_packages(prefix_path) using defaults
[1.211s] Level 5:colcon.colcon_core.verb:set package 'argo' build argument 'cmake_args' from command line to 'None'
[1.211s] Level 5:colcon.colcon_core.verb:set package 'argo' build argument 'cmake_target' from command line to 'None'
[1.211s] Level 5:colcon.colcon_core.verb:set package 'argo' build argument 'cmake_target_skip_unavailable' from command line to 'False'
[1.211s] Level 5:colcon.colcon_core.verb:set package 'argo' build argument 'cmake_clean_cache' from command line to 'False'
[1.211s] Level 5:colcon.colcon_core.verb:set package 'argo' build argument 'cmake_clean_first' from command line to 'False'
[1.211s] Level 5:colcon.colcon_core.verb:set package 'argo' build argument 'cmake_force_configure' from command line to 'False'
[1.211s] Level 5:colcon.colcon_core.verb:set package 'argo' build argument 'ament_cmake_args' from command line to 'None'
[1.211s] Level 5:colcon.colcon_core.verb:set package 'argo' build argument 'catkin_cmake_args' from command line to 'None'
[1.211s] Level 5:colcon.colcon_core.verb:set package 'argo' build argument 'catkin_skip_building_tests' from command line to 'False'
[1.211s] DEBUG:colcon.colcon_core.verb:Building package 'argo' with the following arguments: {'ament_cmake_args': None, 'build_base': '/home/sara/aubo_ws/build/argo', 'catkin_cmake_args': None, 'catkin_skip_building_tests': False, 'cmake_args': None, 'cmake_clean_cache': False, 'cmake_clean_first': False, 'cmake_force_configure': False, 'cmake_target': None, 'cmake_target_skip_unavailable': False, 'install_base': '/home/sara/aubo_ws/install/argo', 'merge_install': False, 'path': '/home/sara/aubo_ws/src/aubo_control/argo', 'symlink_install': False, 'test_result_base': None}
[1.224s] Level 5:colcon.colcon_core.verb:set package 'aubo' build argument 'cmake_args' from command line to 'None'
[1.224s] Level 5:colcon.colcon_core.verb:set package 'aubo' build argument 'cmake_target' from command line to 'None'
[1.225s] Level 5:colcon.colcon_core.verb:set package 'aubo' build argument 'cmake_target_skip_unavailable' from command line to 'False'
[1.225s] Level 5:colcon.colcon_core.verb:set package 'aubo' build argument 'cmake_clean_cache' from command line to 'False'
[1.225s] Level 5:colcon.colcon_core.verb:set package 'aubo' build argument 'cmake_clean_first' from command line to 'False'
[1.225s] Level 5:colcon.colcon_core.verb:set package 'aubo' build argument 'cmake_force_configure' from command line to 'False'
[1.225s] Level 5:colcon.colcon_core.verb:set package 'aubo' build argument 'ament_cmake_args' from command line to 'None'
[1.225s] Level 5:colcon.colcon_core.verb:set package 'aubo' build argument 'catkin_cmake_args' from command line to 'None'
[1.225s] Level 5:colcon.colcon_core.verb:set package 'aubo' build argument 'catkin_skip_building_tests' from command line to 'False'
[1.225s] DEBUG:colcon.colcon_core.verb:Building package 'aubo' with the following arguments: {'ament_cmake_args': None, 'build_base': '/home/sara/aubo_ws/build/aubo', 'catkin_cmake_args': None, 'catkin_skip_building_tests': False, 'cmake_args': None, 'cmake_clean_cache': False, 'cmake_clean_first': False, 'cmake_force_configure': False, 'cmake_target': None, 'cmake_target_skip_unavailable': False, 'install_base': '/home/sara/aubo_ws/install/aubo', 'merge_install': False, 'path': '/home/sara/aubo_ws/src/aubo_control/aubo', 'symlink_install': False, 'test_result_base': None}
[1.238s] Level 5:colcon.colcon_core.verb:set package 'aubo_description' build argument 'cmake_args' from command line to 'None'
[1.238s] Level 5:colcon.colcon_core.verb:set package 'aubo_description' build argument 'cmake_target' from command line to 'None'
[1.238s] Level 5:colcon.colcon_core.verb:set package 'aubo_description' build argument 'cmake_target_skip_unavailable' from command line to 'False'
[1.238s] Level 5:colcon.colcon_core.verb:set package 'aubo_description' build argument 'cmake_clean_cache' from command line to 'False'
[1.238s] Level 5:colcon.colcon_core.verb:set package 'aubo_description' build argument 'cmake_clean_first' from command line to 'False'
[1.238s] Level 5:colcon.colcon_core.verb:set package 'aubo_description' build argument 'cmake_force_configure' from command line to 'False'
[1.238s] Level 5:colcon.colcon_core.verb:set package 'aubo_description' build argument 'ament_cmake_args' from command line to 'None'
[1.239s] Level 5:colcon.colcon_core.verb:set package 'aubo_description' build argument 'catkin_cmake_args' from command line to 'None'
[1.239s] Level 5:colcon.colcon_core.verb:set package 'aubo_description' build argument 'catkin_skip_building_tests' from command line to 'False'
[1.239s] DEBUG:colcon.colcon_core.verb:Building package 'aubo_description' with the following arguments: {'ament_cmake_args': None, 'build_base': '/home/sara/aubo_ws/build/aubo_description', 'catkin_cmake_args': None, 'catkin_skip_building_tests': False, 'cmake_args': None, 'cmake_clean_cache': False, 'cmake_clean_first': False, 'cmake_force_configure': False, 'cmake_target': None, 'cmake_target_skip_unavailable': False, 'install_base': '/home/sara/aubo_ws/install/aubo_description', 'merge_install': False, 'path': '/home/sara/aubo_ws/src/aubo_description', 'symlink_install': False, 'test_result_base': None}
[1.252s] Level 5:colcon.colcon_core.verb:set package 'control' build argument 'cmake_args' from command line to 'None'
[1.252s] Level 5:colcon.colcon_core.verb:set package 'control' build argument 'cmake_target' from command line to 'None'
[1.252s] Level 5:colcon.colcon_core.verb:set package 'control' build argument 'cmake_target_skip_unavailable' from command line to 'False'
[1.252s] Level 5:colcon.colcon_core.verb:set package 'control' build argument 'cmake_clean_cache' from command line to 'False'
[1.252s] Level 5:colcon.colcon_core.verb:set package 'control' build argument 'cmake_clean_first' from command line to 'False'
[1.252s] Level 5:colcon.colcon_core.verb:set package 'control' build argument 'cmake_force_configure' from command line to 'False'
[1.252s] Level 5:colcon.colcon_core.verb:set package 'control' build argument 'ament_cmake_args' from command line to 'None'
[1.252s] Level 5:colcon.colcon_core.verb:set package 'control' build argument 'catkin_cmake_args' from command line to 'None'
[1.252s] Level 5:colcon.colcon_core.verb:set package 'control' build argument 'catkin_skip_building_tests' from command line to 'False'
[1.252s] DEBUG:colcon.colcon_core.verb:Building package 'control' with the following arguments: {'ament_cmake_args': None, 'build_base': '/home/sara/aubo_ws/build/control', 'catkin_cmake_args': None, 'catkin_skip_building_tests': False, 'cmake_args': None, 'cmake_clean_cache': False, 'cmake_clean_first': False, 'cmake_force_configure': False, 'cmake_target': None, 'cmake_target_skip_unavailable': False, 'install_base': '/home/sara/aubo_ws/install/control', 'merge_install': False, 'path': '/home/sara/aubo_ws/src/aubo_control/control', 'symlink_install': False, 'test_result_base': None}
[1.265s] INFO:colcon.colcon_core.executor:Executing jobs using 'parallel' executor
[1.279s] DEBUG:colcon.colcon_parallel_executor.executor.parallel:run_until_complete
[1.279s] INFO:colcon.colcon_ros.task.ament_cmake.build:Building ROS package in '/home/sara/aubo_ws/src/aubo_control/argo' with build type 'ament_cmake'
[1.279s] INFO:colcon.colcon_cmake.task.cmake.build:Building CMake package in '/home/sara/aubo_ws/src/aubo_control/argo'
[1.295s] INFO:colcon.colcon_core.plugin_system:Skipping extension 'colcon_core.shell.bat': Not used on non-Windows systems
[1.296s] INFO:colcon.colcon_core.shell:Skip shell extension 'powershell' for command environment: Not usable outside of PowerShell
[1.296s] DEBUG:colcon.colcon_core.shell:Skip shell extension 'dsv' for command environment
[1.339s] INFO:colcon.colcon_ros.task.ament_cmake.build:Building ROS package in '/home/sara/aubo_ws/src/aubo_control/aubo' with build type 'ament_cmake'
[1.339s] INFO:colcon.colcon_cmake.task.cmake.build:Building CMake package in '/home/sara/aubo_ws/src/aubo_control/aubo'
[1.354s] INFO:colcon.colcon_core.shell:Skip shell extension 'powershell' for command environment: Not usable outside of PowerShell
[1.355s] DEBUG:colcon.colcon_core.shell:Skip shell extension 'dsv' for command environment
[1.397s] INFO:colcon.colcon_ros.task.ament_cmake.build:Building ROS package in '/home/sara/aubo_ws/src/aubo_description' with build type 'ament_cmake'
[1.397s] INFO:colcon.colcon_cmake.task.cmake.build:Building CMake package in '/home/sara/aubo_ws/src/aubo_description'
[1.412s] INFO:colcon.colcon_core.shell:Skip shell extension 'powershell' for command environment: Not usable outside of PowerShell
[1.412s] DEBUG:colcon.colcon_core.shell:Skip shell extension 'dsv' for command environment
[1.455s] INFO:colcon.colcon_ros.task.ament_cmake.build:Building ROS package in '/home/sara/aubo_ws/src/aubo_control/control' with build type 'ament_cmake'
[1.455s] INFO:colcon.colcon_cmake.task.cmake.build:Building CMake package in '/home/sara/aubo_ws/src/aubo_control/control'
[1.470s] INFO:colcon.colcon_core.shell:Skip shell extension 'powershell' for command environment: Not usable outside of PowerShell
[1.470s] DEBUG:colcon.colcon_core.shell:Skip shell extension 'dsv' for command environment
[1.536s] DEBUG:colcon.colcon_core.event_handler.log_command:Invoking command in '/home/sara/aubo_ws/build/argo': CMAKE_PREFIX_PATH=${CMAKE_PREFIX_PATH}:/opt/ros/humble /usr/bin/cmake --build /home/sara/aubo_ws/build/argo -- -j8 -l8
[1.540s] DEBUG:colcon.colcon_core.event_handler.log_command:Invoking command in '/home/sara/aubo_ws/build/aubo': CMAKE_PREFIX_PATH=${CMAKE_PREFIX_PATH}:/opt/ros/humble /usr/bin/cmake --build /home/sara/aubo_ws/build/aubo -- -j8 -l8
[1.543s] DEBUG:colcon.colcon_core.event_handler.log_command:Invoking command in '/home/sara/aubo_ws/build/aubo_description': CMAKE_PREFIX_PATH=${CMAKE_PREFIX_PATH}:/opt/ros/humble /usr/bin/cmake --build /home/sara/aubo_ws/build/aubo_description -- -j8 -l8
[1.551s] DEBUG:colcon.colcon_core.event_handler.log_command:Invoking command in '/home/sara/aubo_ws/build/control': CMAKE_PREFIX_PATH=${CMAKE_PREFIX_PATH}:/opt/ros/humble /usr/bin/cmake --build /home/sara/aubo_ws/build/control -- -j8 -l8
[1.579s] DEBUG:colcon.colcon_core.event_handler.log_command:Invoked command in '/home/sara/aubo_ws/build/argo' returned '0': CMAKE_PREFIX_PATH=${CMAKE_PREFIX_PATH}:/opt/ros/humble /usr/bin/cmake --build /home/sara/aubo_ws/build/argo -- -j8 -l8
[1.585s] DEBUG:colcon.colcon_core.event_handler.log_command:Invoked command in '/home/sara/aubo_ws/build/aubo_description' returned '0': CMAKE_PREFIX_PATH=${CMAKE_PREFIX_PATH}:/opt/ros/humble /usr/bin/cmake --build /home/sara/aubo_ws/build/aubo_description -- -j8 -l8
[1.587s] DEBUG:colcon.colcon_core.event_handler.log_command:Invoked command in '/home/sara/aubo_ws/build/aubo' returned '0': CMAKE_PREFIX_PATH=${CMAKE_PREFIX_PATH}:/opt/ros/humble /usr/bin/cmake --build /home/sara/aubo_ws/build/aubo -- -j8 -l8
[1.639s] DEBUG:colcon.colcon_core.event_handler.log_command:Invoking command in '/home/sara/aubo_ws/build/argo': CMAKE_PREFIX_PATH=${CMAKE_PREFIX_PATH}:/opt/ros/humble /usr/bin/cmake --install /home/sara/aubo_ws/build/argo
[1.648s] DEBUG:colcon.colcon_core.event_handler.log_command:Invoking command in '/home/sara/aubo_ws/build/aubo_description': CMAKE_PREFIX_PATH=${CMAKE_PREFIX_PATH}:/opt/ros/humble /usr/bin/cmake --install /home/sara/aubo_ws/build/aubo_description
[1.653s] DEBUG:colcon.colcon_core.event_handler.log_command:Invoking command in '/home/sara/aubo_ws/build/aubo': CMAKE_PREFIX_PATH=${CMAKE_PREFIX_PATH}:/opt/ros/humble /usr/bin/cmake --install /home/sara/aubo_ws/build/aubo
[1.659s] Level 1:colcon.colcon_core.environment:create_environment_scripts_only(argo)
[1.669s] DEBUG:colcon.colcon_core.event_handler.log_command:Invoked command in '/home/sara/aubo_ws/build/argo' returned '0': CMAKE_PREFIX_PATH=${CMAKE_PREFIX_PATH}:/opt/ros/humble /usr/bin/cmake --install /home/sara/aubo_ws/build/argo
[1.694s] Level 1:colcon.colcon_core.environment:checking '/home/sara/aubo_ws/install/argo' for CMake module files
[1.695s] Level 1:colcon.colcon_core.environment:checking '/home/sara/aubo_ws/install/argo' for CMake config files
[1.695s] Level 1:colcon.colcon_core.shell:create_environment_hook('argo', 'cmake_prefix_path')
[1.710s] INFO:colcon.colcon_core.shell:Creating environment hook '/home/sara/aubo_ws/install/argo/share/argo/hook/cmake_prefix_path.ps1'
[1.710s] INFO:colcon.colcon_core.shell:Creating environment descriptor '/home/sara/aubo_ws/install/argo/share/argo/hook/cmake_prefix_path.dsv'
[1.711s] INFO:colcon.colcon_core.shell:Creating environment hook '/home/sara/aubo_ws/install/argo/share/argo/hook/cmake_prefix_path.sh'
[1.712s] Level 1:colcon.colcon_core.environment:checking '/home/sara/aubo_ws/install/argo/bin'
[1.712s] Level 1:colcon.colcon_core.environment:checking '/home/sara/aubo_ws/install/argo/lib/pkgconfig/argo.pc'
[1.712s] Level 1:colcon.colcon_core.environment:checking '/home/sara/aubo_ws/install/argo/lib/python3.10/site-packages'
[1.712s] Level 1:colcon.colcon_core.environment:checking '/home/sara/aubo_ws/install/argo/bin'
[1.727s] INFO:colcon.colcon_core.shell:Creating package script '/home/sara/aubo_ws/install/argo/share/argo/package.ps1'
[1.728s] INFO:colcon.colcon_core.shell:Creating package descriptor '/home/sara/aubo_ws/install/argo/share/argo/package.dsv'
[1.729s] INFO:colcon.colcon_core.shell:Creating package script '/home/sara/aubo_ws/install/argo/share/argo/package.sh'
[1.729s] INFO:colcon.colcon_core.shell:Creating package script '/home/sara/aubo_ws/install/argo/share/argo/package.bash'
[1.730s] INFO:colcon.colcon_core.shell:Creating package script '/home/sara/aubo_ws/install/argo/share/argo/package.zsh'
[1.731s] Level 1:colcon.colcon_core.environment:create_file_with_runtime_dependencies(/home/sara/aubo_ws/install/argo/share/colcon-core/packages/argo)
[1.732s] Level 1:colcon.colcon_core.environment:create_environment_scripts_only(aubo_description)
[1.733s] DEBUG:colcon.colcon_core.event_handler.log_command:Invoked command in '/home/sara/aubo_ws/build/aubo_description' returned '0': CMAKE_PREFIX_PATH=${CMAKE_PREFIX_PATH}:/opt/ros/humble /usr/bin/cmake --install /home/sara/aubo_ws/build/aubo_description
[1.752s] Level 1:colcon.colcon_core.environment:checking '/home/sara/aubo_ws/install/aubo_description' for CMake module files
[1.752s] Level 1:colcon.colcon_core.environment:checking '/home/sara/aubo_ws/install/aubo_description' for CMake config files
[1.753s] Level 1:colcon.colcon_core.shell:create_environment_hook('aubo_description', 'cmake_prefix_path')
[1.767s] INFO:colcon.colcon_core.shell:Creating environment hook '/home/sara/aubo_ws/install/aubo_description/share/aubo_description/hook/cmake_prefix_path.ps1'
[1.767s] INFO:colcon.colcon_core.shell:Creating environment descriptor '/home/sara/aubo_ws/install/aubo_description/share/aubo_description/hook/cmake_prefix_path.dsv'
[1.768s] INFO:colcon.colcon_core.shell:Creating environment hook '/home/sara/aubo_ws/install/aubo_description/share/aubo_description/hook/cmake_prefix_path.sh'
[1.768s] Level 1:colcon.colcon_core.environment:checking '/home/sara/aubo_ws/install/aubo_description/bin'
[1.768s] Level 1:colcon.colcon_core.environment:checking '/home/sara/aubo_ws/install/aubo_description/lib/pkgconfig/aubo_description.pc'
[1.769s] Level 1:colcon.colcon_core.environment:checking '/home/sara/aubo_ws/install/aubo_description/lib/python3.10/site-packages'
[1.769s] Level 1:colcon.colcon_core.environment:checking '/home/sara/aubo_ws/install/aubo_description/bin'
[1.784s] INFO:colcon.colcon_core.shell:Creating package script '/home/sara/aubo_ws/install/aubo_description/share/aubo_description/package.ps1'
[1.785s] INFO:colcon.colcon_core.shell:Creating package descriptor '/home/sara/aubo_ws/install/aubo_description/share/aubo_description/package.dsv'
[1.785s] INFO:colcon.colcon_core.shell:Creating package script '/home/sara/aubo_ws/install/aubo_description/share/aubo_description/package.sh'
[1.786s] INFO:colcon.colcon_core.shell:Creating package script '/home/sara/aubo_ws/install/aubo_description/share/aubo_description/package.bash'
[1.786s] INFO:colcon.colcon_core.shell:Creating package script '/home/sara/aubo_ws/install/aubo_description/share/aubo_description/package.zsh'
[1.786s] Level 1:colcon.colcon_core.environment:create_file_with_runtime_dependencies(/home/sara/aubo_ws/install/aubo_description/share/colcon-core/packages/aubo_description)
[1.787s] Level 1:colcon.colcon_core.environment:create_environment_scripts_only(aubo)
[1.788s] DEBUG:colcon.colcon_core.event_handler.log_command:Invoked command in '/home/sara/aubo_ws/build/aubo' returned '0': CMAKE_PREFIX_PATH=${CMAKE_PREFIX_PATH}:/opt/ros/humble /usr/bin/cmake --install /home/sara/aubo_ws/build/aubo
[1.804s] Level 1:colcon.colcon_core.environment:checking '/home/sara/aubo_ws/install/aubo' for CMake module files
[1.805s] Level 1:colcon.colcon_core.environment:checking '/home/sara/aubo_ws/install/aubo' for CMake config files
[1.805s] Level 1:colcon.colcon_core.shell:create_environment_hook('aubo', 'cmake_prefix_path')
[1.821s] INFO:colcon.colcon_core.shell:Creating environment hook '/home/sara/aubo_ws/install/aubo/share/aubo/hook/cmake_prefix_path.ps1'
[1.821s] INFO:colcon.colcon_core.shell:Creating environment descriptor '/home/sara/aubo_ws/install/aubo/share/aubo/hook/cmake_prefix_path.dsv'
[1.822s] INFO:colcon.colcon_core.shell:Creating environment hook '/home/sara/aubo_ws/install/aubo/share/aubo/hook/cmake_prefix_path.sh'
[1.822s] Level 1:colcon.colcon_core.environment:checking '/home/sara/aubo_ws/install/aubo/bin'
[1.822s] Level 1:colcon.colcon_core.environment:checking '/home/sara/aubo_ws/install/aubo/lib/pkgconfig/aubo.pc'
[1.822s] Level 1:colcon.colcon_core.environment:checking '/home/sara/aubo_ws/install/aubo/lib/python3.10/site-packages'
[1.823s] Level 1:colcon.colcon_core.environment:checking '/home/sara/aubo_ws/install/aubo/bin'
[1.837s] INFO:colcon.colcon_core.shell:Creating package script '/home/sara/aubo_ws/install/aubo/share/aubo/package.ps1'
[1.837s] INFO:colcon.colcon_core.shell:Creating package descriptor '/home/sara/aubo_ws/install/aubo/share/aubo/package.dsv'
[1.838s] INFO:colcon.colcon_core.shell:Creating package script '/home/sara/aubo_ws/install/aubo/share/aubo/package.sh'
[1.838s] INFO:colcon.colcon_core.shell:Creating package script '/home/sara/aubo_ws/install/aubo/share/aubo/package.bash'
[1.838s] INFO:colcon.colcon_core.shell:Creating package script '/home/sara/aubo_ws/install/aubo/share/aubo/package.zsh'
[1.839s] Level 1:colcon.colcon_core.environment:create_file_with_runtime_dependencies(/home/sara/aubo_ws/install/aubo/share/colcon-core/packages/aubo)
[1.856s] Level 1:colcon.colcon_core.environment:create_environment_scripts_only(argo)
[1.871s] Level 1:colcon.colcon_core.environment:checking '/home/sara/aubo_ws/install/argo' for CMake module files
[1.871s] Level 1:colcon.colcon_core.environment:checking '/home/sara/aubo_ws/install/argo' for CMake config files
[1.871s] Level 1:colcon.colcon_core.shell:create_environment_hook('argo', 'cmake_prefix_path')
[1.886s] INFO:colcon.colcon_core.shell:Creating environment hook '/home/sara/aubo_ws/install/argo/share/argo/hook/cmake_prefix_path.ps1'
[1.887s] INFO:colcon.colcon_core.shell:Creating environment descriptor '/home/sara/aubo_ws/install/argo/share/argo/hook/cmake_prefix_path.dsv'
[1.887s] INFO:colcon.colcon_core.shell:Creating environment hook '/home/sara/aubo_ws/install/argo/share/argo/hook/cmake_prefix_path.sh'
[1.887s] Level 1:colcon.colcon_core.environment:checking '/home/sara/aubo_ws/install/argo/bin'
[1.887s] Level 1:colcon.colcon_core.environment:checking '/home/sara/aubo_ws/install/argo/lib/pkgconfig/argo.pc'
[1.888s] Level 1:colcon.colcon_core.environment:checking '/home/sara/aubo_ws/install/argo/lib/python3.10/site-packages'
[1.888s] Level 1:colcon.colcon_core.environment:checking '/home/sara/aubo_ws/install/argo/bin'
[1.903s] INFO:colcon.colcon_core.shell:Creating package script '/home/sara/aubo_ws/install/argo/share/argo/package.ps1'
[1.903s] INFO:colcon.colcon_core.shell:Creating package descriptor '/home/sara/aubo_ws/install/argo/share/argo/package.dsv'
[1.904s] INFO:colcon.colcon_core.shell:Creating package script '/home/sara/aubo_ws/install/argo/share/argo/package.sh'
[1.904s] INFO:colcon.colcon_core.shell:Creating package script '/home/sara/aubo_ws/install/argo/share/argo/package.bash'
[1.904s] INFO:colcon.colcon_core.shell:Creating package script '/home/sara/aubo_ws/install/argo/share/argo/package.zsh'
[1.905s] Level 1:colcon.colcon_core.environment:create_file_with_runtime_dependencies(/home/sara/aubo_ws/install/argo/share/colcon-core/packages/argo)
[1.922s] Level 1:colcon.colcon_core.environment:create_environment_scripts_only(aubo_description)
[1.937s] Level 1:colcon.colcon_core.environment:checking '/home/sara/aubo_ws/install/aubo_description' for CMake module files
[1.937s] Level 1:colcon.colcon_core.environment:checking '/home/sara/aubo_ws/install/aubo_description' for CMake config files
[1.938s] Level 1:colcon.colcon_core.shell:create_environment_hook('aubo_description', 'cmake_prefix_path')
[1.953s] INFO:colcon.colcon_core.shell:Creating environment hook '/home/sara/aubo_ws/install/aubo_description/share/aubo_description/hook/cmake_prefix_path.ps1'
[1.954s] INFO:colcon.colcon_core.shell:Creating environment descriptor '/home/sara/aubo_ws/install/aubo_description/share/aubo_description/hook/cmake_prefix_path.dsv'
[1.954s] INFO:colcon.colcon_core.shell:Creating environment hook '/home/sara/aubo_ws/install/aubo_description/share/aubo_description/hook/cmake_prefix_path.sh'
[1.954s] Level 1:colcon.colcon_core.environment:checking '/home/sara/aubo_ws/install/aubo_description/bin'
[1.954s] Level 1:colcon.colcon_core.environment:checking '/home/sara/aubo_ws/install/aubo_description/lib/pkgconfig/aubo_description.pc'
[1.955s] Level 1:colcon.colcon_core.environment:checking '/home/sara/aubo_ws/install/aubo_description/lib/python3.10/site-packages'
[1.955s] Level 1:colcon.colcon_core.environment:checking '/home/sara/aubo_ws/install/aubo_description/bin'
[1.970s] INFO:colcon.colcon_core.shell:Creating package script '/home/sara/aubo_ws/install/aubo_description/share/aubo_description/package.ps1'
[1.970s] INFO:colcon.colcon_core.shell:Creating package descriptor '/home/sara/aubo_ws/install/aubo_description/share/aubo_description/package.dsv'
[1.971s] INFO:colcon.colcon_core.shell:Creating package script '/home/sara/aubo_ws/install/aubo_description/share/aubo_description/package.sh'
[1.971s] INFO:colcon.colcon_core.shell:Creating package script '/home/sara/aubo_ws/install/aubo_description/share/aubo_description/package.bash'
[1.971s] INFO:colcon.colcon_core.shell:Creating package script '/home/sara/aubo_ws/install/aubo_description/share/aubo_description/package.zsh'
[1.972s] Level 1:colcon.colcon_core.environment:create_file_with_runtime_dependencies(/home/sara/aubo_ws/install/aubo_description/share/colcon-core/packages/aubo_description)
[1.988s] Level 1:colcon.colcon_core.environment:create_environment_scripts_only(aubo)
[2.003s] Level 1:colcon.colcon_core.environment:checking '/home/sara/aubo_ws/install/aubo' for CMake module files
[2.004s] Level 1:colcon.colcon_core.environment:checking '/home/sara/aubo_ws/install/aubo' for CMake config files
[2.004s] Level 1:colcon.colcon_core.shell:create_environment_hook('aubo', 'cmake_prefix_path')
[2.021s] INFO:colcon.colcon_core.shell:Creating environment hook '/home/sara/aubo_ws/install/aubo/share/aubo/hook/cmake_prefix_path.ps1'
[2.022s] INFO:colcon.colcon_core.shell:Creating environment descriptor '/home/sara/aubo_ws/install/aubo/share/aubo/hook/cmake_prefix_path.dsv'
[2.022s] INFO:colcon.colcon_core.shell:Creating environment hook '/home/sara/aubo_ws/install/aubo/share/aubo/hook/cmake_prefix_path.sh'
[2.023s] Level 1:colcon.colcon_core.environment:checking '/home/sara/aubo_ws/install/aubo/bin'
[2.023s] Level 1:colcon.colcon_core.environment:checking '/home/sara/aubo_ws/install/aubo/lib/pkgconfig/aubo.pc'
[2.023s] Level 1:colcon.colcon_core.environment:checking '/home/sara/aubo_ws/install/aubo/lib/python3.10/site-packages'
[2.023s] Level 1:colcon.colcon_core.environment:checking '/home/sara/aubo_ws/install/aubo/bin'
[2.037s] INFO:colcon.colcon_core.shell:Creating package script '/home/sara/aubo_ws/install/aubo/share/aubo/package.ps1'
[2.038s] INFO:colcon.colcon_core.shell:Creating package descriptor '/home/sara/aubo_ws/install/aubo/share/aubo/package.dsv'
[2.038s] INFO:colcon.colcon_core.shell:Creating package script '/home/sara/aubo_ws/install/aubo/share/aubo/package.sh'
[2.039s] INFO:colcon.colcon_core.shell:Creating package script '/home/sara/aubo_ws/install/aubo/share/aubo/package.bash'
[2.039s] INFO:colcon.colcon_core.shell:Creating package script '/home/sara/aubo_ws/install/aubo/share/aubo/package.zsh'
[2.039s] Level 1:colcon.colcon_core.environment:create_file_with_runtime_dependencies(/home/sara/aubo_ws/install/aubo/share/colcon-core/packages/aubo)
[6.471s] DEBUG:colcon.colcon_core.event_handler.log_command:Invoked command in '/home/sara/aubo_ws/build/control' returned '0': CMAKE_PREFIX_PATH=${CMAKE_PREFIX_PATH}:/opt/ros/humble /usr/bin/cmake --build /home/sara/aubo_ws/build/control -- -j8 -l8
[6.523s] DEBUG:colcon.colcon_core.event_handler.log_command:Invoking command in '/home/sara/aubo_ws/build/control': CMAKE_PREFIX_PATH=${CMAKE_PREFIX_PATH}:/opt/ros/humble /usr/bin/cmake --install /home/sara/aubo_ws/build/control
[6.540s] Level 1:colcon.colcon_core.environment:create_environment_scripts_only(control)
[6.540s] DEBUG:colcon.colcon_core.event_handler.log_command:Invoked command in '/home/sara/aubo_ws/build/control' returned '0': CMAKE_PREFIX_PATH=${CMAKE_PREFIX_PATH}:/opt/ros/humble /usr/bin/cmake --install /home/sara/aubo_ws/build/control
[6.557s] Level 1:colcon.colcon_core.environment:checking '/home/sara/aubo_ws/install/control' for CMake module files
[6.557s] Level 1:colcon.colcon_core.environment:checking '/home/sara/aubo_ws/install/control' for CMake config files
[6.557s] Level 1:colcon.colcon_core.shell:create_environment_hook('control', 'cmake_prefix_path')
[6.575s] INFO:colcon.colcon_core.shell:Creating environment hook '/home/sara/aubo_ws/install/control/share/control/hook/cmake_prefix_path.ps1'
[6.575s] INFO:colcon.colcon_core.shell:Creating environment descriptor '/home/sara/aubo_ws/install/control/share/control/hook/cmake_prefix_path.dsv'
[6.576s] INFO:colcon.colcon_core.shell:Creating environment hook '/home/sara/aubo_ws/install/control/share/control/hook/cmake_prefix_path.sh'
[6.576s] Level 1:colcon.colcon_core.environment:checking '/home/sara/aubo_ws/install/control/lib'
[6.576s] Level 1:colcon.colcon_core.environment:checking '/home/sara/aubo_ws/install/control/bin'
[6.577s] Level 1:colcon.colcon_core.environment:checking '/home/sara/aubo_ws/install/control/lib/pkgconfig/control.pc'
[6.577s] Level 1:colcon.colcon_core.environment:checking '/home/sara/aubo_ws/install/control/lib/python3.10/site-packages'
[6.577s] Level 1:colcon.colcon_core.environment:checking '/home/sara/aubo_ws/install/control/bin'
[6.592s] INFO:colcon.colcon_core.shell:Creating package script '/home/sara/aubo_ws/install/control/share/control/package.ps1'
[6.592s] INFO:colcon.colcon_core.shell:Creating package descriptor '/home/sara/aubo_ws/install/control/share/control/package.dsv'
[6.592s] INFO:colcon.colcon_core.shell:Creating package script '/home/sara/aubo_ws/install/control/share/control/package.sh'
[6.593s] INFO:colcon.colcon_core.shell:Creating package script '/home/sara/aubo_ws/install/control/share/control/package.bash'
[6.593s] INFO:colcon.colcon_core.shell:Creating package script '/home/sara/aubo_ws/install/control/share/control/package.zsh'
[6.594s] Level 1:colcon.colcon_core.environment:create_file_with_runtime_dependencies(/home/sara/aubo_ws/install/control/share/colcon-core/packages/control)
[6.652s] Level 1:colcon.colcon_core.environment:create_environment_scripts_only(control)
[6.665s] Level 1:colcon.colcon_core.environment:checking '/home/sara/aubo_ws/install/control' for CMake module files
[6.666s] Level 1:colcon.colcon_core.environment:checking '/home/sara/aubo_ws/install/control' for CMake config files
[6.666s] Level 1:colcon.colcon_core.shell:create_environment_hook('control', 'cmake_prefix_path')
[6.679s] INFO:colcon.colcon_core.shell:Creating environment hook '/home/sara/aubo_ws/install/control/share/control/hook/cmake_prefix_path.ps1'
[6.679s] INFO:colcon.colcon_core.shell:Creating environment descriptor '/home/sara/aubo_ws/install/control/share/control/hook/cmake_prefix_path.dsv'
[6.680s] INFO:colcon.colcon_core.shell:Creating environment hook '/home/sara/aubo_ws/install/control/share/control/hook/cmake_prefix_path.sh'
[6.680s] Level 1:colcon.colcon_core.environment:checking '/home/sara/aubo_ws/install/control/lib'
[6.680s] Level 1:colcon.colcon_core.environment:checking '/home/sara/aubo_ws/install/control/bin'
[6.680s] Level 1:colcon.colcon_core.environment:checking '/home/sara/aubo_ws/install/control/lib/pkgconfig/control.pc'
[6.681s] Level 1:colcon.colcon_core.environment:checking '/home/sara/aubo_ws/install/control/lib/python3.10/site-packages'
[6.681s] Level 1:colcon.colcon_core.environment:checking '/home/sara/aubo_ws/install/control/bin'
[6.694s] INFO:colcon.colcon_core.shell:Creating package script '/home/sara/aubo_ws/install/control/share/control/package.ps1'
[6.695s] INFO:colcon.colcon_core.shell:Creating package descriptor '/home/sara/aubo_ws/install/control/share/control/package.dsv'
[6.695s] INFO:colcon.colcon_core.shell:Creating package script '/home/sara/aubo_ws/install/control/share/control/package.sh'
[6.695s] INFO:colcon.colcon_core.shell:Creating package script '/home/sara/aubo_ws/install/control/share/control/package.bash'
[6.696s] INFO:colcon.colcon_core.shell:Creating package script '/home/sara/aubo_ws/install/control/share/control/package.zsh'
[6.696s] Level 1:colcon.colcon_core.environment:create_file_with_runtime_dependencies(/home/sara/aubo_ws/install/control/share/colcon-core/packages/control)
[6.696s] DEBUG:colcon.colcon_parallel_executor.executor.parallel:closing loop
[6.696s] DEBUG:colcon.colcon_parallel_executor.executor.parallel:loop closed
[6.697s] DEBUG:colcon.colcon_parallel_executor.executor.parallel:run_until_complete finished with '0'
[6.697s] DEBUG:colcon.colcon_core.event_reactor:joining thread
[6.718s] INFO:colcon.colcon_core.plugin_system:Skipping extension 'colcon_notification.desktop_notification.terminal_notifier': Not used on non-Darwin systems
[6.718s] INFO:colcon.colcon_core.plugin_system:Skipping extension 'colcon_notification.desktop_notification.win32': Not used on non-Windows systems
[6.718s] INFO:colcon.colcon_notification.desktop_notification:Sending desktop notification using 'notify2'
[6.728s] DEBUG:colcon.colcon_core.event_reactor:joined thread
[6.742s] INFO:colcon.colcon_core.shell:Creating prefix script '/home/sara/aubo_ws/install/local_setup.ps1'
[6.743s] INFO:colcon.colcon_core.shell:Creating prefix util module '/home/sara/aubo_ws/install/_local_setup_util_ps1.py'
[6.744s] INFO:colcon.colcon_core.shell:Creating prefix chain script '/home/sara/aubo_ws/install/setup.ps1'
[6.759s] INFO:colcon.colcon_core.shell:Creating prefix script '/home/sara/aubo_ws/install/local_setup.sh'
[6.759s] INFO:colcon.colcon_core.shell:Creating prefix util module '/home/sara/aubo_ws/install/_local_setup_util_sh.py'
[6.759s] INFO:colcon.colcon_core.shell:Creating prefix chain script '/home/sara/aubo_ws/install/setup.sh'
[6.774s] INFO:colcon.colcon_core.shell:Creating prefix script '/home/sara/aubo_ws/install/local_setup.bash'
[6.774s] INFO:colcon.colcon_core.shell:Creating prefix chain script '/home/sara/aubo_ws/install/setup.bash'
[6.789s] INFO:colcon.colcon_core.shell:Creating prefix script '/home/sara/aubo_ws/install/local_setup.zsh'
[6.789s] INFO:colcon.colcon_core.shell:Creating prefix chain script '/home/sara/aubo_ws/install/setup.zsh'
