[0.511s] Invoking command in '/home/sara/aubo_ws/build/argo': CMAKE_PREFIX_PATH=${CMAKE_PREFIX_PATH}:/opt/ros/humble /usr/bin/cmake --build /home/sara/aubo_ws/build/argo -- -j8 -l8
[0.592s] Invoked command in '/home/sara/aubo_ws/build/argo' returned '0': CMAKE_PREFIX_PATH=${CMAKE_PREFIX_PATH}:/opt/ros/humble /usr/bin/cmake --build /home/sara/aubo_ws/build/argo -- -j8 -l8
[0.655s] Invoking command in '/home/sara/aubo_ws/build/argo': CMAKE_PREFIX_PATH=${CMAKE_PREFIX_PATH}:/opt/ros/humble /usr/bin/cmake --install /home/sara/aubo_ws/build/argo
[0.684s] -- Install configuration: ""
[0.684s] -- Up-to-date: /home/sara/aubo_ws/install/argo/share/argo/launch
[0.684s] -- Up-to-date: /home/sara/aubo_ws/install/argo/share/argo/launch/argo.launch.py
[0.685s] -- Up-to-date: /home/sara/aubo_ws/install/argo/share/argo/launch/spawn_robot_launch_v4.launch.py
[0.685s] -- Up-to-date: /home/sara/aubo_ws/install/argo/share/argo/urdf
[0.685s] -- Up-to-date: /home/sara/aubo_ws/install/argo/share/argo/urdf/argo.urdf
[0.686s] -- Up-to-date: /home/sara/aubo_ws/install/argo/share/argo/urdf/argo.csv
[0.686s] -- Up-to-date: /home/sara/aubo_ws/install/argo/share/argo/meshes
[0.686s] -- Up-to-date: /home/sara/aubo_ws/install/argo/share/argo/meshes/W2.STL
[0.686s] -- Up-to-date: /home/sara/aubo_ws/install/argo/share/argo/meshes/brdge.STL
[0.687s] -- Up-to-date: /home/sara/aubo_ws/install/argo/share/argo/meshes/base_gps.STL
[0.687s] -- Up-to-date: /home/sara/aubo_ws/install/argo/share/argo/meshes/W7.STL
[0.687s] -- Up-to-date: /home/sara/aubo_ws/install/argo/share/argo/meshes/W4.STL
[0.688s] -- Up-to-date: /home/sara/aubo_ws/install/argo/share/argo/meshes/rover_gp.STL
[0.688s] -- Up-to-date: /home/sara/aubo_ws/install/argo/share/argo/meshes/W5.STL
[0.688s] -- Up-to-date: /home/sara/aubo_ws/install/argo/share/argo/meshes/rear_cam.STL
[0.688s] -- Up-to-date: /home/sara/aubo_ws/install/argo/share/argo/meshes/W3.STL
[0.689s] -- Up-to-date: /home/sara/aubo_ws/install/argo/share/argo/meshes/W1.STL
[0.689s] -- Up-to-date: /home/sara/aubo_ws/install/argo/share/argo/meshes/base_link.STL
[0.689s] -- Up-to-date: /home/sara/aubo_ws/install/argo/share/argo/meshes/imu.STL
[0.690s] -- Up-to-date: /home/sara/aubo_ws/install/argo/share/argo/meshes/W6.STL
[0.690s] -- Up-to-date: /home/sara/aubo_ws/install/argo/share/argo/meshes/W8.STL
[0.691s] -- Up-to-date: /home/sara/aubo_ws/install/argo/share/argo/meshes/front_cam.STL
[0.691s] -- Up-to-date: /home/sara/aubo_ws/install/argo/share/argo/meshes/top.STL
[0.692s] -- Up-to-date: /home/sara/aubo_ws/install/argo/share/argo/config
[0.692s] -- Up-to-date: /home/sara/aubo_ws/install/argo/share/argo/config/joint_names_argo.yaml
[0.692s] -- Up-to-date: /home/sara/aubo_ws/install/argo/share/argo/config/joint_names_argo_v2.yaml
[0.693s] -- Up-to-date: /home/sara/aubo_ws/install/argo/share/ament_index/resource_index/package_run_dependencies/argo
[0.693s] -- Up-to-date: /home/sara/aubo_ws/install/argo/share/ament_index/resource_index/parent_prefix_path/argo
[0.693s] -- Up-to-date: /home/sara/aubo_ws/install/argo/share/argo/environment/ament_prefix_path.sh
[0.694s] -- Up-to-date: /home/sara/aubo_ws/install/argo/share/argo/environment/ament_prefix_path.dsv
[0.694s] -- Up-to-date: /home/sara/aubo_ws/install/argo/share/argo/environment/path.sh
[0.694s] -- Up-to-date: /home/sara/aubo_ws/install/argo/share/argo/environment/path.dsv
[0.697s] -- Up-to-date: /home/sara/aubo_ws/install/argo/share/argo/local_setup.bash
[0.697s] -- Up-to-date: /home/sara/aubo_ws/install/argo/share/argo/local_setup.sh
[0.698s] -- Up-to-date: /home/sara/aubo_ws/install/argo/share/argo/local_setup.zsh
[0.698s] -- Up-to-date: /home/sara/aubo_ws/install/argo/share/argo/local_setup.dsv
[0.698s] -- Installing: /home/sara/aubo_ws/install/argo/share/argo/package.dsv
[0.704s] -- Up-to-date: /home/sara/aubo_ws/install/argo/share/ament_index/resource_index/packages/argo
[0.704s] -- Up-to-date: /home/sara/aubo_ws/install/argo/share/argo/cmake/argoConfig.cmake
[0.704s] -- Up-to-date: /home/sara/aubo_ws/install/argo/share/argo/cmake/argoConfig-version.cmake
[0.705s] -- Up-to-date: /home/sara/aubo_ws/install/argo/share/argo/package.xml
[0.822s] Invoked command in '/home/sara/aubo_ws/build/argo' returned '0': CMAKE_PREFIX_PATH=${CMAKE_PREFIX_PATH}:/opt/ros/humble /usr/bin/cmake --install /home/sara/aubo_ws/build/argo
