[0.206s] Invoking command in '/home/sara/aubo_ws/build/ign_ros2_control': CMAKE_PREFIX_PATH=/home/sara/aubo_ws/install/controller_manager:/home/sara/aubo_ws/install/controller_interface:/home/sara/aubo_ws/install/hardware_interface:/home/sara/aubo_ws/install/ros2_control_test_assets:/home/sara/aubo_ws/install/realtime_tools:/home/sara/aubo_ws/install/controller_manager_msgs:/home/sara/aubo_ws/install/control_msgs:/home/sara/aubo_ws/install/transmission_interface:/home/sara/aubo_ws/install/gazebo_ros2_control_demos:/home/sara/aubo_ws/install/gazebo_ros2_control:/home/sara/aubo_ws/install/ros2_control_demo_description:/home/sara/aubo_ws/install/control_toolbox:/home/sara/aubo_ws/install/kinematics_interface_kdl:/home/sara/aubo_ws/install/kinematics_interface:/home/sara/aubo_ws/install/joint_limits:/home/sara/aubo_ws/install/control:/home/sara/aubo_ws/install/aubo_description:/home/sara/aubo_ws/install/aubo:/home/sara/aubo_ws/install/argo:/home/sara/aubo_ws/install/rqt_joint_trajectory_controller:/home/sara/aubo_ws/install/rqt_controller_manager:/home/sara/aubo_ws/install/ros2_controllers_test_nodes:/opt/ros/humble LD_LIBRARY_PATH=/home/sara/aubo_ws/install/controller_manager/lib:/home/sara/aubo_ws/install/controller_interface/lib:/home/sara/aubo_ws/install/hardware_interface/lib:/home/sara/aubo_ws/install/realtime_tools/lib:/home/sara/aubo_ws/install/controller_manager_msgs/lib:/home/sara/aubo_ws/install/control_msgs/lib:/home/sara/aubo_ws/install/transmission_interface/lib:/home/sara/aubo_ws/install/control_toolbox/lib:/home/sara/aubo_ws/install/kinematics_interface_kdl/lib:/home/sara/aubo_ws/install/kinematics_interface/lib:/usr/lib/x86_64-linux-gnu/gazebo-11/plugins:/opt/ros/humble/lib/x86_64-linux-gnu:/opt/ros/humble/lib:/usr/share/gazebo-11/../../lib/x86_64-linux-gnu/gazebo-11/plugins /usr/bin/cmake /home/sara/aubo_ws/src/ros-controls/gz_ros2_control/ign_ros2_control -DCMAKE_INSTALL_PREFIX=/home/sara/aubo_ws/install/ign_ros2_control
[5.009s] -- The C compiler identification is GNU 11.4.0
[5.010s] -- The CXX compiler identification is GNU 11.4.0
[5.010s] -- Detecting C compiler ABI info
[5.010s] -- Detecting C compiler ABI info - done
[5.010s] -- Check for working C compiler: /usr/bin/cc - skipped
[5.010s] -- Detecting C compile features
[5.011s] -- Detecting C compile features - done
[5.011s] -- Detecting CXX compiler ABI info
[5.011s] -- Detecting CXX compiler ABI info - done
[5.011s] -- Check for working CXX compiler: /usr/bin/c++ - skipped
[5.011s] -- Detecting CXX compile features
[5.011s] -- Detecting CXX compile features - done
[5.012s] -- Found ament_cmake: 1.3.5 (/opt/ros/humble/share/ament_cmake/cmake)
[5.012s] -- Found Python3: /usr/bin/python3.10 (found version "3.10.12") found components: Interpreter 
[5.012s] -- Found ament_index_cpp: 1.4.0 (/opt/ros/humble/share/ament_index_cpp/cmake)
[5.012s] -- Found controller_manager: 2.33.0 (/home/sara/aubo_ws/install/controller_manager/share/controller_manager/cmake)
[5.012s] -- Found rosidl_generator_c: 3.1.5 (/opt/ros/humble/share/rosidl_generator_c/cmake)
[5.013s] -- Found rosidl_adapter: 3.1.5 (/opt/ros/humble/share/rosidl_adapter/cmake)
[5.013s] -- Found rosidl_generator_cpp: 3.1.5 (/opt/ros/humble/share/rosidl_generator_cpp/cmake)
[5.013s] -- Using all available rosidl_typesupport_c: rosidl_typesupport_fastrtps_c;rosidl_typesupport_introspection_c
[5.013s] -- Using all available rosidl_typesupport_cpp: rosidl_typesupport_fastrtps_cpp;rosidl_typesupport_introspection_cpp
[5.013s] -- Found rmw_implementation_cmake: 6.1.1 (/opt/ros/humble/share/rmw_implementation_cmake/cmake)
[5.014s] -- Found rmw_fastrtps_cpp: 6.2.4 (/opt/ros/humble/share/rmw_fastrtps_cpp/cmake)
[5.014s] -- Found OpenSSL: /usr/lib/x86_64-linux-gnu/libcrypto.so (found version "3.0.2")  
[5.014s] -- Found FastRTPS: /opt/ros/humble/include  
[5.022s] -- Using RMW implementation 'rmw_fastrtps_cpp' as default
[5.058s] -- Looking for pthread.h
[5.247s] -- Looking for pthread.h - found
[5.247s] -- Performing Test CMAKE_HAVE_LIBC_PTHREAD
[5.426s] -- Performing Test CMAKE_HAVE_LIBC_PTHREAD - Success
[5.429s] -- Found Threads: TRUE  
[7.242s] -- Found yaml_cpp_vendor: 8.0.2 (/opt/ros/humble/share/yaml_cpp_vendor/cmake)
[7.269s] -- Looking for ignition-gazebo6 -- found version 6.15.0
[7.285s] -- Searching for dependencies of ignition-gazebo6
[7.296s] -- Looking for sdformat12 -- found version 12.7.2
[7.297s] -- Searching for dependencies of sdformat12
[7.308s] -- Checking for module 'tinyxml2'
[7.343s] --   Found tinyxml2, version 9.0.0
[7.431s] -- Looking for ignition-math6 -- found version 6.15.0
[7.432s] -- Searching for dependencies of ignition-math6
[7.446s] -- Looking for ignition-utils1 -- found version 1.5.1
[7.447s] -- Searching for dependencies of ignition-utils1
[7.471s] -- Looking for ignition-plugin1 -- found version 1.4.0
[7.472s] -- Searching for dependencies of ignition-plugin1
[7.476s] -- Searching for <ignition-plugin1> component [loader]
[7.487s] -- Looking for ignition-plugin1-loader -- found version 1.4.0
[7.488s] -- Searching for dependencies of ignition-plugin1-loader
[7.493s] -- Searching for <ignition-plugin1> component [register]
[7.507s] -- Looking for ignition-plugin1-register -- found version 1.4.0
[7.508s] -- Searching for dependencies of ignition-plugin1-register
[7.522s] -- Looking for ignition-transport11 -- found version 11.4.1
[7.523s] -- Searching for dependencies of ignition-transport11
[7.581s] -- Found Protobuf: /usr/lib/x86_64-linux-gnu/libprotobuf.so (found version "3.12.4") 
[7.608s] -- Config-file not installed for ZeroMQ -- checking for pkg-config
[7.618s] -- Checking for module 'libzmq >= 4'
[7.652s] --   Found libzmq , version 4.3.4
[7.738s] -- Found ZeroMQ: TRUE (Required is at least version "4") 
[7.751s] -- Checking for module 'uuid'
[7.786s] --   Found uuid, version 2.37.2
[7.863s] -- Found UUID: TRUE  
[7.864s] -- Looking for ignition-utils1 -- found version 1.5.1
[7.865s] -- Searching for dependencies of ignition-utils1
[7.865s] -- Searching for <ignition-utils1> component [cli]
[7.878s] -- Looking for ignition-utils1-cli -- found version 1.5.1
[7.879s] -- Searching for dependencies of ignition-utils1-cli
[7.894s] -- Looking for ignition-msgs8 -- found version 8.7.0
[7.905s] -- Searching for dependencies of ignition-msgs8
[7.936s] -- Found Protobuf: /usr/lib/x86_64-linux-gnu/libprotobuf.so (found suitable version "3.12.4", minimum required is "3") 
[7.938s] -- Looking for ignition-math6 -- found version 6.15.0
[8.004s] -- Searching for <ignition-transport11> component [log]
[8.019s] -- Looking for ignition-transport11-log -- found version 11.4.1
[8.019s] -- Searching for dependencies of ignition-transport11-log
[8.023s] -- Searching for <ignition-transport11> component [parameters]
[8.034s] -- Looking for ignition-transport11-parameters -- found version 11.4.1
[8.035s] -- Searching for dependencies of ignition-transport11-parameters
[8.038s] -- Looking for ignition-msgs8 -- found version 8.7.0
[8.050s] -- Looking for ignition-common4 -- found version 4.7.0
[8.051s] -- Searching for dependencies of ignition-common4
[8.052s] -- Looking for dlfcn.h - found
[8.054s] -- Looking for libdl - found
[8.056s] -- Found DL: TRUE  
[8.079s] -- Searching for <ignition-common4> component [profiler]
[8.090s] -- Looking for ignition-common4-profiler -- found version 4.7.0
[8.091s] -- Searching for dependencies of ignition-common4-profiler
[8.095s] -- Searching for <ignition-common4> component [events]
[8.105s] -- Looking for ignition-common4-events -- found version 4.7.0
[8.106s] -- Searching for dependencies of ignition-common4-events
[8.107s] -- Looking for ignition-math6 -- found version 6.15.0
[8.112s] -- Searching for <ignition-common4> component [av]
[8.123s] -- Looking for ignition-common4-av -- found version 4.7.0
[8.125s] -- Searching for dependencies of ignition-common4-av
[8.138s] -- Checking for module 'libswscale'
[8.174s] --   Found libswscale, version 5.9.100
[8.254s] -- Found SWSCALE: TRUE  
[8.278s] -- Checking for module 'libavdevice >= 56.4.100'
[8.319s] --   Found libavdevice , version 58.13.100
[8.390s] -- Found AVDEVICE: TRUE (Required is at least version "56.4.100") 
[8.401s] -- Checking for module 'libavformat'
[8.430s] --   Found libavformat, version 58.76.100
[8.506s] -- Found AVFORMAT: TRUE  
[8.543s] -- Checking for module 'libavcodec'
[8.578s] --   Found libavcodec, version 58.134.100
[8.665s] -- Found AVCODEC: TRUE  
[8.691s] -- Checking for module 'libavutil'
[8.714s] --   Found libavutil, version 56.70.100
[8.811s] -- Found AVUTIL: TRUE  
[8.835s] -- Looking for ignition-fuel_tools7 -- found version 7.3.0
[8.835s] -- Searching for dependencies of ignition-fuel_tools7
[9.031s] -- Found CURL: /usr/lib/x86_64-linux-gnu/libcurl.so (found version "7.81.0")  
[9.052s] -- Checking for module 'jsoncpp'
[9.085s] --   Found jsoncpp, version 1.9.5
[9.168s] -- Found JSONCPP: TRUE  
[9.180s] -- Checking for module 'libzip'
[9.219s] --   Found libzip, version 1.7.3
[9.312s] -- Found ZIP: TRUE  
[9.313s] -- Looking for ignition-common4 -- found version 4.7.0
[9.314s] -- Looking for ignition-math6 -- found version 6.15.0
[9.315s] -- Looking for ignition-msgs8 -- found version 8.7.0
[9.333s] -- Looking for ignition-gui6 -- found version 6.8.0
[9.334s] -- Searching for dependencies of ignition-gui6
[9.396s] -- Looking for ignition-math6 -- found version 6.15.0
[9.397s] -- Looking for ignition-common4 -- found version 4.7.0
[9.401s] -- Looking for ignition-plugin1 -- found version 1.4.0
[9.401s] -- Looking for ignition-transport11 -- found version 11.4.1
[9.413s] -- Looking for ignition-rendering6 -- found version 6.6.2
[9.414s] -- Searching for dependencies of ignition-rendering6
[9.415s] -- Looking for ignition-math6 -- found version 6.15.0
[9.416s] -- Searching for dependencies of ignition-math6
[9.417s] -- Searching for <ignition-math6> component [eigen3]
[9.429s] -- Looking for ignition-math6-eigen3 -- found version 6.15.0
[9.430s] -- Searching for dependencies of ignition-math6-eigen3
[9.452s] -- Looking for ignition-common4 -- found version 4.7.0
[9.453s] -- Searching for dependencies of ignition-common4
[9.454s] -- Looking for dlfcn.h - found
[9.454s] -- Looking for libdl - found
[9.477s] -- Searching for <ignition-common4> component [graphics]
[9.491s] -- Looking for ignition-common4-graphics -- found version 4.7.0
[9.492s] -- Searching for dependencies of ignition-common4-graphics
[9.493s] -- Looking for ignition-math6 -- found version 6.15.0
[9.494s] -- Looking for ignition-utils1 -- found version 1.5.1
[9.498s] -- Searching for <ignition-common4> component [events]
[9.500s] -- Looking for ignition-plugin1 -- found version 1.4.0
[9.501s] -- Searching for dependencies of ignition-plugin1
[9.504s] -- Searching for <ignition-plugin1> component [all]
[9.514s] -- Looking for all libraries of ignition-plugin1 -- found version 1.4.0
[9.515s] -- Looking for ignition-plugin1 -- found version 1.4.0
[9.521s] -- Looking for ignition-msgs8 -- found version 8.7.0
[9.593s] -- Looking for ignition-physics5 -- found version 5.3.2
[9.595s] -- Searching for dependencies of ignition-physics5
[9.596s] -- Looking for ignition-math6 -- found version 6.15.0
[9.597s] -- Looking for ignition-plugin1 -- found version 1.4.0
[9.597s] -- Looking for ignition-utils1 -- found version 1.5.1
[9.601s] -- Searching for <ignition-physics5> component [heightmap]
[9.609s] -- Looking for ignition-physics5-heightmap -- found version 5.3.2
[9.610s] -- Searching for dependencies of ignition-physics5-heightmap
[9.611s] -- Looking for ignition-common4 -- found version 4.7.0
[9.612s] -- Searching for <ignition-physics5> component [mesh]
[9.622s] -- Looking for ignition-physics5-mesh -- found version 5.3.2
[9.622s] -- Searching for dependencies of ignition-physics5-mesh
[9.623s] -- Looking for ignition-common4 -- found version 4.7.0
[9.624s] -- Searching for <ignition-physics5> component [sdf]
[9.633s] -- Looking for ignition-physics5-sdf -- found version 5.3.2
[9.635s] -- Searching for dependencies of ignition-physics5-sdf
[9.636s] -- Looking for sdformat12 -- found version 12.7.2
[9.645s] -- Looking for ignition-sensors6 -- found version 6.7.1
[9.647s] -- Searching for dependencies of ignition-sensors6
[9.691s] -- Found Protobuf: /usr/lib/x86_64-linux-gnu/libprotobuf.so (found version "3.12.4") 
[9.693s] -- Looking for ignition-math6 -- found version 6.15.0
[9.695s] -- Looking for ignition-common4 -- found version 4.7.0
[9.696s] -- Looking for ignition-transport11 -- found version 11.4.1
[9.698s] -- Looking for ignition-rendering6 -- found version 6.6.2
[9.699s] -- Looking for ignition-msgs8 -- found version 8.7.0
[9.701s] -- Looking for sdformat12 -- found version 12.7.2
[9.703s] -- Searching for <ignition-sensors6> component [air_pressure]
[9.713s] -- Looking for ignition-sensors6-air_pressure -- found version 6.7.1
[9.715s] -- Searching for dependencies of ignition-sensors6-air_pressure
[9.717s] -- Searching for <ignition-sensors6> component [altimeter]
[9.726s] -- Looking for ignition-sensors6-altimeter -- found version 6.7.1
[9.728s] -- Searching for dependencies of ignition-sensors6-altimeter
[9.729s] -- Searching for <ignition-sensors6> component [imu]
[9.744s] -- Looking for ignition-sensors6-imu -- found version 6.7.1
[9.746s] -- Searching for dependencies of ignition-sensors6-imu
[9.748s] -- Searching for <ignition-sensors6> component [force_torque]
[9.757s] -- Looking for ignition-sensors6-force_torque -- found version 6.7.1
[9.759s] -- Searching for dependencies of ignition-sensors6-force_torque
[9.761s] -- Searching for <ignition-sensors6> component [logical_camera]
[9.770s] -- Looking for ignition-sensors6-logical_camera -- found version 6.7.1
[9.772s] -- Searching for dependencies of ignition-sensors6-logical_camera
[9.774s] -- Searching for <ignition-sensors6> component [magnetometer]
[9.784s] -- Looking for ignition-sensors6-magnetometer -- found version 6.7.1
[9.786s] -- Searching for dependencies of ignition-sensors6-magnetometer
[9.788s] -- Searching for <ignition-sensors6> component [navsat]
[9.797s] -- Looking for ignition-sensors6-navsat -- found version 6.7.1
[9.799s] -- Searching for dependencies of ignition-sensors6-navsat
[9.804s] -- Searching for <ignition-sensors6> component [rendering]
[9.814s] -- Looking for ignition-sensors6-rendering -- found version 6.7.1
[9.815s] -- Searching for dependencies of ignition-sensors6-rendering
[9.817s] -- Searching for <ignition-sensors6> component [lidar]
[9.827s] -- Looking for ignition-sensors6-lidar -- found version 6.7.1
[9.829s] -- Searching for dependencies of ignition-sensors6-lidar
[9.830s] -- Looking for ignition-sensors6 -- found version 6.7.1
[9.832s] -- Searching for <ignition-sensors6> component [gpu_lidar]
[9.842s] -- Looking for ignition-sensors6-gpu_lidar -- found version 6.7.1
[9.843s] -- Searching for dependencies of ignition-sensors6-gpu_lidar
[9.845s] -- Looking for ignition-sensors6 -- found version 6.7.1
[9.847s] -- Searching for <ignition-sensors6> component [camera]
[9.857s] -- Looking for ignition-sensors6-camera -- found version 6.7.1
[9.859s] -- Searching for dependencies of ignition-sensors6-camera
[9.860s] -- Looking for ignition-sensors6 -- found version 6.7.1
[9.862s] -- Searching for <ignition-sensors6> component [boundingbox_camera]
[9.871s] -- Looking for ignition-sensors6-boundingbox_camera -- found version 6.7.1
[9.873s] -- Searching for dependencies of ignition-sensors6-boundingbox_camera
[9.875s] -- Searching for <ignition-sensors6> component [segmentation_camera]
[9.885s] -- Looking for ignition-sensors6-segmentation_camera -- found version 6.7.1
[9.887s] -- Searching for dependencies of ignition-sensors6-segmentation_camera
[9.889s] -- Searching for <ignition-sensors6> component [depth_camera]
[9.898s] -- Looking for ignition-sensors6-depth_camera -- found version 6.7.1
[9.904s] -- Searching for dependencies of ignition-sensors6-depth_camera
[9.905s] -- Looking for ignition-sensors6 -- found version 6.7.1
[9.907s] -- Searching for <ignition-sensors6> component [rgbd_camera]
[9.919s] -- Looking for ignition-sensors6-rgbd_camera -- found version 6.7.1
[9.921s] -- Searching for dependencies of ignition-sensors6-rgbd_camera
[9.922s] -- Looking for ignition-sensors6 -- found version 6.7.1
[9.924s] -- Searching for <ignition-sensors6> component [thermal_camera]
[9.934s] -- Looking for ignition-sensors6-thermal_camera -- found version 6.7.1
[9.936s] -- Searching for dependencies of ignition-sensors6-thermal_camera
[9.937s] -- Looking for ignition-sensors6 -- found version 6.7.1
[9.940s] -- Looking for ignition-rendering6 -- found version 6.6.2
[9.942s] -- Looking for ignition-math6 -- found version 6.15.0
[9.952s] -- Looking for ignition-utils1 -- found version 1.5.1
[9.998s] -- Compiling against Ignition Fortress
[10.003s] -- Looking for ignition-plugin1 -- found version 1.4.0
[11.716s] -- Found ament_lint_auto: 0.12.8 (/opt/ros/humble/share/ament_lint_auto/cmake)
[11.981s] -- Added test 'copyright' to check source files copyright and LICENSE
[11.985s] -- Added test 'cppcheck' to perform static code analysis on C / C++ code
[11.987s] -- Configured cppcheck include dirs: /home/sara/aubo_ws/src/ros-controls/gz_ros2_control/ign_ros2_control/include
[11.987s] -- Configured cppcheck exclude dirs and/or files: 
[11.992s] -- Added test 'cpplint' to check C / C++ code against the Google style
[11.992s] -- Configured cpplint exclude dirs and/or files: 
[11.996s] -- Added test 'lint_cmake' to check CMake code style
[12.001s] -- Added test 'uncrustify' to check C / C++ code style
[12.001s] -- Configured uncrustify additional arguments: 
[12.004s] -- Added test 'xmllint' to check XML markup files
[12.012s] -- Configuring done
[12.177s] -- Generating done
[12.184s] -- Build files have been written to: /home/sara/aubo_ws/build/ign_ros2_control
[12.225s] Invoked command in '/home/sara/aubo_ws/build/ign_ros2_control' returned '0': CMAKE_PREFIX_PATH=/home/sara/aubo_ws/install/controller_manager:/home/sara/aubo_ws/install/controller_interface:/home/sara/aubo_ws/install/hardware_interface:/home/sara/aubo_ws/install/ros2_control_test_assets:/home/sara/aubo_ws/install/realtime_tools:/home/sara/aubo_ws/install/controller_manager_msgs:/home/sara/aubo_ws/install/control_msgs:/home/sara/aubo_ws/install/transmission_interface:/home/sara/aubo_ws/install/gazebo_ros2_control_demos:/home/sara/aubo_ws/install/gazebo_ros2_control:/home/sara/aubo_ws/install/ros2_control_demo_description:/home/sara/aubo_ws/install/control_toolbox:/home/sara/aubo_ws/install/kinematics_interface_kdl:/home/sara/aubo_ws/install/kinematics_interface:/home/sara/aubo_ws/install/joint_limits:/home/sara/aubo_ws/install/control:/home/sara/aubo_ws/install/aubo_description:/home/sara/aubo_ws/install/aubo:/home/sara/aubo_ws/install/argo:/home/sara/aubo_ws/install/rqt_joint_trajectory_controller:/home/sara/aubo_ws/install/rqt_controller_manager:/home/sara/aubo_ws/install/ros2_controllers_test_nodes:/opt/ros/humble LD_LIBRARY_PATH=/home/sara/aubo_ws/install/controller_manager/lib:/home/sara/aubo_ws/install/controller_interface/lib:/home/sara/aubo_ws/install/hardware_interface/lib:/home/sara/aubo_ws/install/realtime_tools/lib:/home/sara/aubo_ws/install/controller_manager_msgs/lib:/home/sara/aubo_ws/install/control_msgs/lib:/home/sara/aubo_ws/install/transmission_interface/lib:/home/sara/aubo_ws/install/control_toolbox/lib:/home/sara/aubo_ws/install/kinematics_interface_kdl/lib:/home/sara/aubo_ws/install/kinematics_interface/lib:/usr/lib/x86_64-linux-gnu/gazebo-11/plugins:/opt/ros/humble/lib/x86_64-linux-gnu:/opt/ros/humble/lib:/usr/share/gazebo-11/../../lib/x86_64-linux-gnu/gazebo-11/plugins /usr/bin/cmake /home/sara/aubo_ws/src/ros-controls/gz_ros2_control/ign_ros2_control -DCMAKE_INSTALL_PREFIX=/home/sara/aubo_ws/install/ign_ros2_control
[12.226s] Invoking command in '/home/sara/aubo_ws/build/ign_ros2_control': CMAKE_PREFIX_PATH=/home/sara/aubo_ws/install/controller_manager:/home/sara/aubo_ws/install/controller_interface:/home/sara/aubo_ws/install/hardware_interface:/home/sara/aubo_ws/install/ros2_control_test_assets:/home/sara/aubo_ws/install/realtime_tools:/home/sara/aubo_ws/install/controller_manager_msgs:/home/sara/aubo_ws/install/control_msgs:/home/sara/aubo_ws/install/transmission_interface:/home/sara/aubo_ws/install/gazebo_ros2_control_demos:/home/sara/aubo_ws/install/gazebo_ros2_control:/home/sara/aubo_ws/install/ros2_control_demo_description:/home/sara/aubo_ws/install/control_toolbox:/home/sara/aubo_ws/install/kinematics_interface_kdl:/home/sara/aubo_ws/install/kinematics_interface:/home/sara/aubo_ws/install/joint_limits:/home/sara/aubo_ws/install/control:/home/sara/aubo_ws/install/aubo_description:/home/sara/aubo_ws/install/aubo:/home/sara/aubo_ws/install/argo:/home/sara/aubo_ws/install/rqt_joint_trajectory_controller:/home/sara/aubo_ws/install/rqt_controller_manager:/home/sara/aubo_ws/install/ros2_controllers_test_nodes:/opt/ros/humble LD_LIBRARY_PATH=/home/sara/aubo_ws/install/controller_manager/lib:/home/sara/aubo_ws/install/controller_interface/lib:/home/sara/aubo_ws/install/hardware_interface/lib:/home/sara/aubo_ws/install/realtime_tools/lib:/home/sara/aubo_ws/install/controller_manager_msgs/lib:/home/sara/aubo_ws/install/control_msgs/lib:/home/sara/aubo_ws/install/transmission_interface/lib:/home/sara/aubo_ws/install/control_toolbox/lib:/home/sara/aubo_ws/install/kinematics_interface_kdl/lib:/home/sara/aubo_ws/install/kinematics_interface/lib:/usr/lib/x86_64-linux-gnu/gazebo-11/plugins:/opt/ros/humble/lib/x86_64-linux-gnu:/opt/ros/humble/lib:/usr/share/gazebo-11/../../lib/x86_64-linux-gnu/gazebo-11/plugins /usr/bin/cmake --build /home/sara/aubo_ws/build/ign_ros2_control -- -j8 -l8
[24.298s] [ 25%] [32mBuilding CXX object CMakeFiles/ign_ros2_control-system.dir/src/ign_ros2_control_plugin.cpp.o[0m
[41.300s] [ 50%] [32m[1mLinking CXX shared library libign_ros2_control-system.so[0m
[44.005s] [ 50%] Built target ign_ros2_control-system
[44.054s] [ 75%] [32mBuilding CXX object CMakeFiles/ign_hardware_plugins.dir/src/ign_system.cpp.o[0m
[68.183s] [100%] [32m[1mLinking CXX shared library libign_hardware_plugins.so[0m
[70.059s] [100%] Built target ign_hardware_plugins
[70.093s] Invoked command in '/home/sara/aubo_ws/build/ign_ros2_control' returned '0': CMAKE_PREFIX_PATH=/home/sara/aubo_ws/install/controller_manager:/home/sara/aubo_ws/install/controller_interface:/home/sara/aubo_ws/install/hardware_interface:/home/sara/aubo_ws/install/ros2_control_test_assets:/home/sara/aubo_ws/install/realtime_tools:/home/sara/aubo_ws/install/controller_manager_msgs:/home/sara/aubo_ws/install/control_msgs:/home/sara/aubo_ws/install/transmission_interface:/home/sara/aubo_ws/install/gazebo_ros2_control_demos:/home/sara/aubo_ws/install/gazebo_ros2_control:/home/sara/aubo_ws/install/ros2_control_demo_description:/home/sara/aubo_ws/install/control_toolbox:/home/sara/aubo_ws/install/kinematics_interface_kdl:/home/sara/aubo_ws/install/kinematics_interface:/home/sara/aubo_ws/install/joint_limits:/home/sara/aubo_ws/install/control:/home/sara/aubo_ws/install/aubo_description:/home/sara/aubo_ws/install/aubo:/home/sara/aubo_ws/install/argo:/home/sara/aubo_ws/install/rqt_joint_trajectory_controller:/home/sara/aubo_ws/install/rqt_controller_manager:/home/sara/aubo_ws/install/ros2_controllers_test_nodes:/opt/ros/humble LD_LIBRARY_PATH=/home/sara/aubo_ws/install/controller_manager/lib:/home/sara/aubo_ws/install/controller_interface/lib:/home/sara/aubo_ws/install/hardware_interface/lib:/home/sara/aubo_ws/install/realtime_tools/lib:/home/sara/aubo_ws/install/controller_manager_msgs/lib:/home/sara/aubo_ws/install/control_msgs/lib:/home/sara/aubo_ws/install/transmission_interface/lib:/home/sara/aubo_ws/install/control_toolbox/lib:/home/sara/aubo_ws/install/kinematics_interface_kdl/lib:/home/sara/aubo_ws/install/kinematics_interface/lib:/usr/lib/x86_64-linux-gnu/gazebo-11/plugins:/opt/ros/humble/lib/x86_64-linux-gnu:/opt/ros/humble/lib:/usr/share/gazebo-11/../../lib/x86_64-linux-gnu/gazebo-11/plugins /usr/bin/cmake --build /home/sara/aubo_ws/build/ign_ros2_control -- -j8 -l8
[70.244s] Invoking command in '/home/sara/aubo_ws/build/ign_ros2_control': CMAKE_PREFIX_PATH=/home/sara/aubo_ws/install/controller_manager:/home/sara/aubo_ws/install/controller_interface:/home/sara/aubo_ws/install/hardware_interface:/home/sara/aubo_ws/install/ros2_control_test_assets:/home/sara/aubo_ws/install/realtime_tools:/home/sara/aubo_ws/install/controller_manager_msgs:/home/sara/aubo_ws/install/control_msgs:/home/sara/aubo_ws/install/transmission_interface:/home/sara/aubo_ws/install/gazebo_ros2_control_demos:/home/sara/aubo_ws/install/gazebo_ros2_control:/home/sara/aubo_ws/install/ros2_control_demo_description:/home/sara/aubo_ws/install/control_toolbox:/home/sara/aubo_ws/install/kinematics_interface_kdl:/home/sara/aubo_ws/install/kinematics_interface:/home/sara/aubo_ws/install/joint_limits:/home/sara/aubo_ws/install/control:/home/sara/aubo_ws/install/aubo_description:/home/sara/aubo_ws/install/aubo:/home/sara/aubo_ws/install/argo:/home/sara/aubo_ws/install/rqt_joint_trajectory_controller:/home/sara/aubo_ws/install/rqt_controller_manager:/home/sara/aubo_ws/install/ros2_controllers_test_nodes:/opt/ros/humble LD_LIBRARY_PATH=/home/sara/aubo_ws/install/controller_manager/lib:/home/sara/aubo_ws/install/controller_interface/lib:/home/sara/aubo_ws/install/hardware_interface/lib:/home/sara/aubo_ws/install/realtime_tools/lib:/home/sara/aubo_ws/install/controller_manager_msgs/lib:/home/sara/aubo_ws/install/control_msgs/lib:/home/sara/aubo_ws/install/transmission_interface/lib:/home/sara/aubo_ws/install/control_toolbox/lib:/home/sara/aubo_ws/install/kinematics_interface_kdl/lib:/home/sara/aubo_ws/install/kinematics_interface/lib:/usr/lib/x86_64-linux-gnu/gazebo-11/plugins:/opt/ros/humble/lib/x86_64-linux-gnu:/opt/ros/humble/lib:/usr/share/gazebo-11/../../lib/x86_64-linux-gnu/gazebo-11/plugins /usr/bin/cmake --install /home/sara/aubo_ws/build/ign_ros2_control
[76.783s] -- Install configuration: ""
[76.784s] -- Installing: /home/sara/aubo_ws/install/ign_ros2_control/lib/libign_hardware_plugins.so
[76.785s] -- Set runtime path of "/home/sara/aubo_ws/install/ign_ros2_control/lib/libign_hardware_plugins.so" to ""
[76.791s] -- Installing: /home/sara/aubo_ws/install/ign_ros2_control/include
[76.791s] -- Installing: /home/sara/aubo_ws/install/ign_ros2_control/include/ign_ros2_control
[76.791s] -- Installing: /home/sara/aubo_ws/install/ign_ros2_control/include/ign_ros2_control/ign_system.hpp
[76.791s] -- Installing: /home/sara/aubo_ws/install/ign_ros2_control/include/ign_ros2_control/ign_system_interface.hpp
[76.791s] -- Installing: /home/sara/aubo_ws/install/ign_ros2_control/include/ign_ros2_control/ign_ros2_control_plugin.hpp
[76.791s] -- Installing: /home/sara/aubo_ws/install/ign_ros2_control/share/ign_ros2_control/environment/library_path.sh
[76.792s] -- Installing: /home/sara/aubo_ws/install/ign_ros2_control/share/ign_ros2_control/environment/library_path.dsv
[76.792s] -- Installing: /home/sara/aubo_ws/install/ign_ros2_control/lib/libign_ros2_control-system.so
[76.792s] -- Set runtime path of "/home/sara/aubo_ws/install/ign_ros2_control/lib/libign_ros2_control-system.so" to ""
[76.792s] -- Installing: /home/sara/aubo_ws/install/ign_ros2_control/share/ign_ros2_control/ign_hardware_plugins.xml
[76.792s] -- Installing: /home/sara/aubo_ws/install/ign_ros2_control/share/ament_index/resource_index/package_run_dependencies/ign_ros2_control
[76.792s] -- Installing: /home/sara/aubo_ws/install/ign_ros2_control/share/ament_index/resource_index/parent_prefix_path/ign_ros2_control
[76.793s] -- Installing: /home/sara/aubo_ws/install/ign_ros2_control/share/ign_ros2_control/environment/ament_prefix_path.sh
[76.793s] -- Installing: /home/sara/aubo_ws/install/ign_ros2_control/share/ign_ros2_control/environment/ament_prefix_path.dsv
[76.793s] -- Installing: /home/sara/aubo_ws/install/ign_ros2_control/share/ign_ros2_control/environment/path.sh
[76.793s] -- Installing: /home/sara/aubo_ws/install/ign_ros2_control/share/ign_ros2_control/environment/path.dsv
[76.793s] -- Installing: /home/sara/aubo_ws/install/ign_ros2_control/share/ign_ros2_control/local_setup.bash
[76.793s] -- Installing: /home/sara/aubo_ws/install/ign_ros2_control/share/ign_ros2_control/local_setup.sh
[76.794s] -- Installing: /home/sara/aubo_ws/install/ign_ros2_control/share/ign_ros2_control/local_setup.zsh
[76.794s] -- Installing: /home/sara/aubo_ws/install/ign_ros2_control/share/ign_ros2_control/local_setup.dsv
[76.794s] -- Installing: /home/sara/aubo_ws/install/ign_ros2_control/share/ign_ros2_control/package.dsv
[76.794s] -- Installing: /home/sara/aubo_ws/install/ign_ros2_control/share/ament_index/resource_index/packages/ign_ros2_control
[76.794s] -- Installing: /home/sara/aubo_ws/install/ign_ros2_control/share/ament_index/resource_index/ign_ros2_control__pluginlib__plugin/ign_ros2_control
[76.794s] -- Installing: /home/sara/aubo_ws/install/ign_ros2_control/share/ign_ros2_control/cmake/ament_cmake_export_include_directories-extras.cmake
[76.795s] -- Installing: /home/sara/aubo_ws/install/ign_ros2_control/share/ign_ros2_control/cmake/ament_cmake_export_libraries-extras.cmake
[76.795s] -- Installing: /home/sara/aubo_ws/install/ign_ros2_control/share/ign_ros2_control/cmake/ign_ros2_controlConfig.cmake
[76.795s] -- Installing: /home/sara/aubo_ws/install/ign_ros2_control/share/ign_ros2_control/cmake/ign_ros2_controlConfig-version.cmake
[76.795s] -- Installing: /home/sara/aubo_ws/install/ign_ros2_control/share/ign_ros2_control/package.xml
[76.801s] Invoked command in '/home/sara/aubo_ws/build/ign_ros2_control' returned '0': CMAKE_PREFIX_PATH=/home/sara/aubo_ws/install/controller_manager:/home/sara/aubo_ws/install/controller_interface:/home/sara/aubo_ws/install/hardware_interface:/home/sara/aubo_ws/install/ros2_control_test_assets:/home/sara/aubo_ws/install/realtime_tools:/home/sara/aubo_ws/install/controller_manager_msgs:/home/sara/aubo_ws/install/control_msgs:/home/sara/aubo_ws/install/transmission_interface:/home/sara/aubo_ws/install/gazebo_ros2_control_demos:/home/sara/aubo_ws/install/gazebo_ros2_control:/home/sara/aubo_ws/install/ros2_control_demo_description:/home/sara/aubo_ws/install/control_toolbox:/home/sara/aubo_ws/install/kinematics_interface_kdl:/home/sara/aubo_ws/install/kinematics_interface:/home/sara/aubo_ws/install/joint_limits:/home/sara/aubo_ws/install/control:/home/sara/aubo_ws/install/aubo_description:/home/sara/aubo_ws/install/aubo:/home/sara/aubo_ws/install/argo:/home/sara/aubo_ws/install/rqt_joint_trajectory_controller:/home/sara/aubo_ws/install/rqt_controller_manager:/home/sara/aubo_ws/install/ros2_controllers_test_nodes:/opt/ros/humble LD_LIBRARY_PATH=/home/sara/aubo_ws/install/controller_manager/lib:/home/sara/aubo_ws/install/controller_interface/lib:/home/sara/aubo_ws/install/hardware_interface/lib:/home/sara/aubo_ws/install/realtime_tools/lib:/home/sara/aubo_ws/install/controller_manager_msgs/lib:/home/sara/aubo_ws/install/control_msgs/lib:/home/sara/aubo_ws/install/transmission_interface/lib:/home/sara/aubo_ws/install/control_toolbox/lib:/home/sara/aubo_ws/install/kinematics_interface_kdl/lib:/home/sara/aubo_ws/install/kinematics_interface/lib:/usr/lib/x86_64-linux-gnu/gazebo-11/plugins:/opt/ros/humble/lib/x86_64-linux-gnu:/opt/ros/humble/lib:/usr/share/gazebo-11/../../lib/x86_64-linux-gnu/gazebo-11/plugins /usr/bin/cmake --install /home/sara/aubo_ws/build/ign_ros2_control
