[0.120s] Invoking command in '/home/sara/aubo_ws/build/control': CMAKE_PREFIX_PATH=${CMAKE_PREFIX_PATH}:/home/sara/ros2_ws/install/rqt_joint_trajectory_controller:/home/sara/ros2_ws/install/rqt_controller_manager:/home/sara/ros2_ws/install/ros2controlcli:/home/sara/ros2_ws/install/ros2_controllers_test_nodes:/home/sara/aubo_ws/install/ros2_controllers_test_nodes:/opt/ros/humble /usr/bin/cmake --build /home/sara/aubo_ws/build/control -- -j8 -l8
[0.241s] [35m[1mConsolidate compiler generated dependencies of target sim_control[0m
[0.274s] [ 12%] Built target inv_kin
[0.274s] [ 25%] Built target test_pub
[0.294s] [ 37%] Built target controller
[0.297s] [ 50%] [32mBuilding CXX object CMakeFiles/sim_control.dir/src/sim_control.cpp.o[0m
[0.297s] [ 56%] Built target sim_pub
[0.299s] [ 68%] Built target dir_kin
[0.303s] [ 81%] Built target sim_sub
[0.306s] [ 93%] Built target sim_test
[5.012s] [100%] [32m[1mLinking CXX executable sim_control[0m
[5.243s] [100%] Built target sim_control
[5.262s] Invoked command in '/home/sara/aubo_ws/build/control' returned '0': CMAKE_PREFIX_PATH=${CMAKE_PREFIX_PATH}:/home/sara/ros2_ws/install/rqt_joint_trajectory_controller:/home/sara/ros2_ws/install/rqt_controller_manager:/home/sara/ros2_ws/install/ros2controlcli:/home/sara/ros2_ws/install/ros2_controllers_test_nodes:/home/sara/aubo_ws/install/ros2_controllers_test_nodes:/opt/ros/humble /usr/bin/cmake --build /home/sara/aubo_ws/build/control -- -j8 -l8
[5.390s] Invoking command in '/home/sara/aubo_ws/build/control': CMAKE_PREFIX_PATH=${CMAKE_PREFIX_PATH}:/home/sara/ros2_ws/install/rqt_joint_trajectory_controller:/home/sara/ros2_ws/install/rqt_controller_manager:/home/sara/ros2_ws/install/ros2controlcli:/home/sara/ros2_ws/install/ros2_controllers_test_nodes:/home/sara/aubo_ws/install/ros2_controllers_test_nodes:/opt/ros/humble /usr/bin/cmake --install /home/sara/aubo_ws/build/control
[5.403s] -- Install configuration: ""
[5.403s] -- Up-to-date: /home/sara/aubo_ws/install/control/lib/control/controller
[5.404s] -- Up-to-date: /home/sara/aubo_ws/install/control/lib/control/dir_kin
[5.404s] -- Up-to-date: /home/sara/aubo_ws/install/control/lib/control/inv_kin
[5.405s] -- Up-to-date: /home/sara/aubo_ws/install/control/lib/control/test_pub
[5.405s] -- Up-to-date: /home/sara/aubo_ws/install/control/lib/control/sim_pub
[5.405s] -- Up-to-date: /home/sara/aubo_ws/install/control/lib/control/sim_sub
[5.406s] -- Up-to-date: /home/sara/aubo_ws/install/control/lib/control/sim_test
[5.406s] -- Installing: /home/sara/aubo_ws/install/control/lib/control/sim_control
[5.407s] -- Set runtime path of "/home/sara/aubo_ws/install/control/lib/control/sim_control" to ""
[5.408s] -- Up-to-date: /home/sara/aubo_ws/install/control/share/control/launch
[5.408s] -- Up-to-date: /home/sara/aubo_ws/install/control/share/control/launch/listener.launch.py
[5.408s] -- Up-to-date: /home/sara/aubo_ws/install/control/share/control/launch/aubo_i5_gz.launch.py
[5.408s] -- Up-to-date: /home/sara/aubo_ws/install/control/share/control/launch/view_robot.launch.py
[5.408s] -- Up-to-date: /home/sara/aubo_ws/install/control/share/control/launch/world.launch.py
[5.408s] -- Up-to-date: /home/sara/aubo_ws/install/control/share/control/launch/gz.launch.py
[5.408s] -- Up-to-date: /home/sara/aubo_ws/install/control/share/control/launch/spawn_robot_launch_v4.launch.py
[5.408s] -- Up-to-date: /home/sara/aubo_ws/install/control/share/ament_index/resource_index/package_run_dependencies/control
[5.408s] -- Up-to-date: /home/sara/aubo_ws/install/control/share/ament_index/resource_index/parent_prefix_path/control
[5.409s] -- Up-to-date: /home/sara/aubo_ws/install/control/share/control/environment/ament_prefix_path.sh
[5.409s] -- Up-to-date: /home/sara/aubo_ws/install/control/share/control/environment/ament_prefix_path.dsv
[5.409s] -- Up-to-date: /home/sara/aubo_ws/install/control/share/control/environment/path.sh
[5.409s] -- Up-to-date: /home/sara/aubo_ws/install/control/share/control/environment/path.dsv
[5.409s] -- Up-to-date: /home/sara/aubo_ws/install/control/share/control/local_setup.bash
[5.409s] -- Up-to-date: /home/sara/aubo_ws/install/control/share/control/local_setup.sh
[5.409s] -- Up-to-date: /home/sara/aubo_ws/install/control/share/control/local_setup.zsh
[5.409s] -- Up-to-date: /home/sara/aubo_ws/install/control/share/control/local_setup.dsv
[5.409s] -- Installing: /home/sara/aubo_ws/install/control/share/control/package.dsv
[5.410s] -- Up-to-date: /home/sara/aubo_ws/install/control/share/ament_index/resource_index/packages/control
[5.410s] -- Up-to-date: /home/sara/aubo_ws/install/control/share/control/cmake/controlConfig.cmake
[5.410s] -- Up-to-date: /home/sara/aubo_ws/install/control/share/control/cmake/controlConfig-version.cmake
[5.410s] -- Up-to-date: /home/sara/aubo_ws/install/control/share/control/package.xml
[5.411s] Invoked command in '/home/sara/aubo_ws/build/control' returned '0': CMAKE_PREFIX_PATH=${CMAKE_PREFIX_PATH}:/home/sara/ros2_ws/install/rqt_joint_trajectory_controller:/home/sara/ros2_ws/install/rqt_controller_manager:/home/sara/ros2_ws/install/ros2controlcli:/home/sara/ros2_ws/install/ros2_controllers_test_nodes:/home/sara/aubo_ws/install/ros2_controllers_test_nodes:/opt/ros/humble /usr/bin/cmake --install /home/sara/aubo_ws/build/control
