[0.272s] Invoking command in '/home/sara/aubo_ws/build/velocity_controllers': AMENT_PREFIX_PATH=/home/sara/aubo_ws/install/forward_command_controller:${AMENT_PREFIX_PATH} CMAKE_PREFIX_PATH=/home/sara/aubo_ws/install/forward_command_controller:/home/sara/aubo_ws/install/controller_manager:/home/sara/aubo_ws/install/controller_interface:/home/sara/aubo_ws/install/hardware_interface:/home/sara/aubo_ws/install/ros2_control_test_assets:/home/sara/aubo_ws/install/realtime_tools:/home/sara/aubo_ws/install/controller_manager_msgs:/home/sara/aubo_ws/install/control_msgs:/home/sara/aubo_ws/install/transmission_interface:/home/sara/aubo_ws/install/gazebo_ros2_control_demos:/home/sara/aubo_ws/install/gazebo_ros2_control:/home/sara/aubo_ws/install/ros2_control_demo_description:/home/sara/aubo_ws/install/control_toolbox:/home/sara/aubo_ws/install/kinematics_interface_kdl:/home/sara/aubo_ws/install/kinematics_interface:/home/sara/aubo_ws/install/joint_limits:/home/sara/aubo_ws/install/control:/home/sara/aubo_ws/install/aubo_description:/home/sara/aubo_ws/install/aubo:/home/sara/aubo_ws/install/argo:/home/sara/aubo_ws/install/rqt_joint_trajectory_controller:/home/sara/aubo_ws/install/rqt_controller_manager:/home/sara/aubo_ws/install/ros2_controllers_test_nodes:/opt/ros/humble LD_LIBRARY_PATH=/home/sara/aubo_ws/install/forward_command_controller/lib:/home/sara/aubo_ws/install/controller_manager/lib:/home/sara/aubo_ws/install/controller_interface/lib:/home/sara/aubo_ws/install/hardware_interface/lib:/home/sara/aubo_ws/install/realtime_tools/lib:/home/sara/aubo_ws/install/controller_manager_msgs/lib:/home/sara/aubo_ws/install/control_msgs/lib:/home/sara/aubo_ws/install/transmission_interface/lib:/home/sara/aubo_ws/install/control_toolbox/lib:/home/sara/aubo_ws/install/kinematics_interface_kdl/lib:/home/sara/aubo_ws/install/kinematics_interface/lib:/usr/lib/x86_64-linux-gnu/gazebo-11/plugins:/opt/ros/humble/lib/x86_64-linux-gnu:/opt/ros/humble/lib:/usr/share/gazebo-11/../../lib/x86_64-linux-gnu/gazebo-11/plugins /usr/bin/cmake /home/sara/aubo_ws/src/ros-controls/ros2_controllers/velocity_controllers -DCMAKE_INSTALL_PREFIX=/home/sara/aubo_ws/install/velocity_controllers
[2.761s] -- The CXX compiler identification is GNU 11.4.0
[2.761s] -- Detecting CXX compiler ABI info
[2.761s] -- Detecting CXX compiler ABI info - done
[2.761s] -- Check for working CXX compiler: /usr/bin/c++ - skipped
[2.762s] -- Detecting CXX compile features
[2.762s] -- Detecting CXX compile features - done
[2.762s] -- Found ament_cmake: 1.3.5 (/opt/ros/humble/share/ament_cmake/cmake)
[2.763s] -- Found Python3: /usr/bin/python3.10 (found version "3.10.12") found components: Interpreter 
[2.763s] -- Found backward_ros: 1.0.2 (/opt/ros/humble/share/backward_ros/cmake)
[2.763s] -- Found libdw: /usr/lib/x86_64-linux-gnu/libdw.so  
[2.763s] -- Could NOT find libbfd (missing: LIBBFD_LIBRARY LIBBFD_INCLUDE_DIR) 
[2.763s] -- BACKWARD_HAS_UNWIND=1
[2.763s] -- BACKWARD_HAS_BACKTRACE=0
[2.764s] -- BACKWARD_HAS_BACKTRACE_SYMBOL=0
[2.764s] -- BACKWARD_HAS_DW=1
[2.764s] -- BACKWARD_HAS_BFD=0
[2.764s] -- Found Backward: /opt/ros/humble/share/backward_ros/cmake  
[2.764s] -- Found forward_command_controller: 2.26.0 (/home/sara/aubo_ws/install/forward_command_controller/share/forward_command_controller/cmake)
[2.764s] -- Found rosidl_generator_c: 3.1.5 (/opt/ros/humble/share/rosidl_generator_c/cmake)
[2.764s] -- Found rosidl_adapter: 3.1.5 (/opt/ros/humble/share/rosidl_adapter/cmake)
[2.764s] -- Found rosidl_generator_cpp: 3.1.5 (/opt/ros/humble/share/rosidl_generator_cpp/cmake)
[2.765s] -- Using all available rosidl_typesupport_c: rosidl_typesupport_fastrtps_c;rosidl_typesupport_introspection_c
[2.765s] -- Using all available rosidl_typesupport_cpp: rosidl_typesupport_fastrtps_cpp;rosidl_typesupport_introspection_cpp
[4.135s] -- Found rmw_implementation_cmake: 6.1.1 (/opt/ros/humble/share/rmw_implementation_cmake/cmake)
[4.146s] -- Found rmw_fastrtps_cpp: 6.2.4 (/opt/ros/humble/share/rmw_fastrtps_cpp/cmake)
[4.432s] -- Found OpenSSL: /usr/lib/x86_64-linux-gnu/libcrypto.so (found version "3.0.2")  
[4.499s] -- Found FastRTPS: /opt/ros/humble/include  
[4.628s] -- Using RMW implementation 'rmw_fastrtps_cpp' as default
[4.662s] -- Looking for C++ include pthread.h
[4.874s] -- Looking for C++ include pthread.h - found
[4.874s] -- Performing Test CMAKE_HAVE_LIBC_PTHREAD
[5.126s] -- Performing Test CMAKE_HAVE_LIBC_PTHREAD - Success
[5.129s] -- Found Threads: TRUE  
[6.366s] -- Found parameter_traits: 0.3.6 (/opt/ros/humble/share/parameter_traits/cmake)
[7.025s] -- Found ament_cmake_gmock: 1.3.5 (/opt/ros/humble/share/ament_cmake_gmock/cmake)
[7.027s] -- Found controller_manager: 2.33.0 (/home/sara/aubo_ws/install/controller_manager/share/controller_manager/cmake)
[7.839s] -- Found ros2_control_test_assets: 2.33.0 (/home/sara/aubo_ws/install/ros2_control_test_assets/share/ros2_control_test_assets/cmake)
[7.850s] -- Found gmock sources under '/opt/ros/humble/src/gmock_vendor': C++ tests using 'Google Mock' will be built
[7.945s] -- The C compiler identification is GNU 11.4.0
[7.960s] -- Detecting C compiler ABI info
[8.178s] -- Detecting C compiler ABI info - done
[8.200s] -- Check for working C compiler: /usr/bin/cc - skipped
[8.201s] -- Detecting C compile features
[8.202s] -- Detecting C compile features - done
[8.217s] -- Found ament_cmake_gtest: 1.3.5 (/opt/ros/humble/share/ament_cmake_gtest/cmake)
[8.219s] -- Found gtest sources under '/opt/ros/humble/src/gtest_vendor': C++ tests using 'Google Test' will be built
[9.237s] -- Configuring done
[9.424s] -- Generating done
[9.428s] -- Build files have been written to: /home/sara/aubo_ws/build/velocity_controllers
[9.785s] Invoked command in '/home/sara/aubo_ws/build/velocity_controllers' returned '0': AMENT_PREFIX_PATH=/home/sara/aubo_ws/install/forward_command_controller:${AMENT_PREFIX_PATH} CMAKE_PREFIX_PATH=/home/sara/aubo_ws/install/forward_command_controller:/home/sara/aubo_ws/install/controller_manager:/home/sara/aubo_ws/install/controller_interface:/home/sara/aubo_ws/install/hardware_interface:/home/sara/aubo_ws/install/ros2_control_test_assets:/home/sara/aubo_ws/install/realtime_tools:/home/sara/aubo_ws/install/controller_manager_msgs:/home/sara/aubo_ws/install/control_msgs:/home/sara/aubo_ws/install/transmission_interface:/home/sara/aubo_ws/install/gazebo_ros2_control_demos:/home/sara/aubo_ws/install/gazebo_ros2_control:/home/sara/aubo_ws/install/ros2_control_demo_description:/home/sara/aubo_ws/install/control_toolbox:/home/sara/aubo_ws/install/kinematics_interface_kdl:/home/sara/aubo_ws/install/kinematics_interface:/home/sara/aubo_ws/install/joint_limits:/home/sara/aubo_ws/install/control:/home/sara/aubo_ws/install/aubo_description:/home/sara/aubo_ws/install/aubo:/home/sara/aubo_ws/install/argo:/home/sara/aubo_ws/install/rqt_joint_trajectory_controller:/home/sara/aubo_ws/install/rqt_controller_manager:/home/sara/aubo_ws/install/ros2_controllers_test_nodes:/opt/ros/humble LD_LIBRARY_PATH=/home/sara/aubo_ws/install/forward_command_controller/lib:/home/sara/aubo_ws/install/controller_manager/lib:/home/sara/aubo_ws/install/controller_interface/lib:/home/sara/aubo_ws/install/hardware_interface/lib:/home/sara/aubo_ws/install/realtime_tools/lib:/home/sara/aubo_ws/install/controller_manager_msgs/lib:/home/sara/aubo_ws/install/control_msgs/lib:/home/sara/aubo_ws/install/transmission_interface/lib:/home/sara/aubo_ws/install/control_toolbox/lib:/home/sara/aubo_ws/install/kinematics_interface_kdl/lib:/home/sara/aubo_ws/install/kinematics_interface/lib:/usr/lib/x86_64-linux-gnu/gazebo-11/plugins:/opt/ros/humble/lib/x86_64-linux-gnu:/opt/ros/humble/lib:/usr/share/gazebo-11/../../lib/x86_64-linux-gnu/gazebo-11/plugins /usr/bin/cmake /home/sara/aubo_ws/src/ros-controls/ros2_controllers/velocity_controllers -DCMAKE_INSTALL_PREFIX=/home/sara/aubo_ws/install/velocity_controllers
[9.788s] Invoking command in '/home/sara/aubo_ws/build/velocity_controllers': AMENT_PREFIX_PATH=/home/sara/aubo_ws/install/forward_command_controller:${AMENT_PREFIX_PATH} CMAKE_PREFIX_PATH=/home/sara/aubo_ws/install/forward_command_controller:/home/sara/aubo_ws/install/controller_manager:/home/sara/aubo_ws/install/controller_interface:/home/sara/aubo_ws/install/hardware_interface:/home/sara/aubo_ws/install/ros2_control_test_assets:/home/sara/aubo_ws/install/realtime_tools:/home/sara/aubo_ws/install/controller_manager_msgs:/home/sara/aubo_ws/install/control_msgs:/home/sara/aubo_ws/install/transmission_interface:/home/sara/aubo_ws/install/gazebo_ros2_control_demos:/home/sara/aubo_ws/install/gazebo_ros2_control:/home/sara/aubo_ws/install/ros2_control_demo_description:/home/sara/aubo_ws/install/control_toolbox:/home/sara/aubo_ws/install/kinematics_interface_kdl:/home/sara/aubo_ws/install/kinematics_interface:/home/sara/aubo_ws/install/joint_limits:/home/sara/aubo_ws/install/control:/home/sara/aubo_ws/install/aubo_description:/home/sara/aubo_ws/install/aubo:/home/sara/aubo_ws/install/argo:/home/sara/aubo_ws/install/rqt_joint_trajectory_controller:/home/sara/aubo_ws/install/rqt_controller_manager:/home/sara/aubo_ws/install/ros2_controllers_test_nodes:/opt/ros/humble LD_LIBRARY_PATH=/home/sara/aubo_ws/install/forward_command_controller/lib:/home/sara/aubo_ws/install/controller_manager/lib:/home/sara/aubo_ws/install/controller_interface/lib:/home/sara/aubo_ws/install/hardware_interface/lib:/home/sara/aubo_ws/install/realtime_tools/lib:/home/sara/aubo_ws/install/controller_manager_msgs/lib:/home/sara/aubo_ws/install/control_msgs/lib:/home/sara/aubo_ws/install/transmission_interface/lib:/home/sara/aubo_ws/install/control_toolbox/lib:/home/sara/aubo_ws/install/kinematics_interface_kdl/lib:/home/sara/aubo_ws/install/kinematics_interface/lib:/usr/lib/x86_64-linux-gnu/gazebo-11/plugins:/opt/ros/humble/lib/x86_64-linux-gnu:/opt/ros/humble/lib:/usr/share/gazebo-11/../../lib/x86_64-linux-gnu/gazebo-11/plugins /usr/bin/cmake --build /home/sara/aubo_ws/build/velocity_controllers -- -j8 -l8
[9.927s] [  9%] [32mBuilding CXX object CMakeFiles/velocity_controllers.dir/src/joint_group_velocity_controller.cpp.o[0m
[17.299s] [ 18%] [32m[1mLinking CXX shared library libvelocity_controllers.so[0m
[17.930s] [ 18%] Built target velocity_controllers
[17.976s] [ 27%] [32mBuilding CXX object gmock/CMakeFiles/gmock.dir/opt/ros/humble/src/gtest_vendor/src/gtest-all.cc.o[0m
[25.753s] [ 36%] [32mBuilding CXX object gmock/CMakeFiles/gmock.dir/src/gmock-all.cc.o[0m
[30.414s] [ 45%] [32m[1mLinking CXX static library libgmock.a[0m
[30.592s] [ 45%] Built target gmock
[30.649s] [ 54%] [32mBuilding CXX object gmock/CMakeFiles/gmock_main.dir/src/gmock_main.cc.o[0m
[33.674s] [ 63%] [32m[1mLinking CXX static library libgmock_main.a[0m
[33.748s] [ 63%] Built target gmock_main
[33.801s] [ 72%] [32mBuilding CXX object CMakeFiles/test_load_joint_group_velocity_controller.dir/test/test_load_joint_group_velocity_controller.cpp.o[0m
[45.558s] [ 81%] [32m[1mLinking CXX executable test_load_joint_group_velocity_controller[0m
[47.610s] [ 81%] Built target test_load_joint_group_velocity_controller
[47.661s] [ 90%] [32mBuilding CXX object CMakeFiles/test_joint_group_velocity_controller.dir/test/test_joint_group_velocity_controller.cpp.o[0m
[63.014s] [100%] [32m[1mLinking CXX executable test_joint_group_velocity_controller[0m
[64.518s] [100%] Built target test_joint_group_velocity_controller
[64.547s] Invoked command in '/home/sara/aubo_ws/build/velocity_controllers' returned '0': AMENT_PREFIX_PATH=/home/sara/aubo_ws/install/forward_command_controller:${AMENT_PREFIX_PATH} CMAKE_PREFIX_PATH=/home/sara/aubo_ws/install/forward_command_controller:/home/sara/aubo_ws/install/controller_manager:/home/sara/aubo_ws/install/controller_interface:/home/sara/aubo_ws/install/hardware_interface:/home/sara/aubo_ws/install/ros2_control_test_assets:/home/sara/aubo_ws/install/realtime_tools:/home/sara/aubo_ws/install/controller_manager_msgs:/home/sara/aubo_ws/install/control_msgs:/home/sara/aubo_ws/install/transmission_interface:/home/sara/aubo_ws/install/gazebo_ros2_control_demos:/home/sara/aubo_ws/install/gazebo_ros2_control:/home/sara/aubo_ws/install/ros2_control_demo_description:/home/sara/aubo_ws/install/control_toolbox:/home/sara/aubo_ws/install/kinematics_interface_kdl:/home/sara/aubo_ws/install/kinematics_interface:/home/sara/aubo_ws/install/joint_limits:/home/sara/aubo_ws/install/control:/home/sara/aubo_ws/install/aubo_description:/home/sara/aubo_ws/install/aubo:/home/sara/aubo_ws/install/argo:/home/sara/aubo_ws/install/rqt_joint_trajectory_controller:/home/sara/aubo_ws/install/rqt_controller_manager:/home/sara/aubo_ws/install/ros2_controllers_test_nodes:/opt/ros/humble LD_LIBRARY_PATH=/home/sara/aubo_ws/install/forward_command_controller/lib:/home/sara/aubo_ws/install/controller_manager/lib:/home/sara/aubo_ws/install/controller_interface/lib:/home/sara/aubo_ws/install/hardware_interface/lib:/home/sara/aubo_ws/install/realtime_tools/lib:/home/sara/aubo_ws/install/controller_manager_msgs/lib:/home/sara/aubo_ws/install/control_msgs/lib:/home/sara/aubo_ws/install/transmission_interface/lib:/home/sara/aubo_ws/install/control_toolbox/lib:/home/sara/aubo_ws/install/kinematics_interface_kdl/lib:/home/sara/aubo_ws/install/kinematics_interface/lib:/usr/lib/x86_64-linux-gnu/gazebo-11/plugins:/opt/ros/humble/lib/x86_64-linux-gnu:/opt/ros/humble/lib:/usr/share/gazebo-11/../../lib/x86_64-linux-gnu/gazebo-11/plugins /usr/bin/cmake --build /home/sara/aubo_ws/build/velocity_controllers -- -j8 -l8
[64.668s] Invoking command in '/home/sara/aubo_ws/build/velocity_controllers': AMENT_PREFIX_PATH=/home/sara/aubo_ws/install/forward_command_controller:${AMENT_PREFIX_PATH} CMAKE_PREFIX_PATH=/home/sara/aubo_ws/install/forward_command_controller:/home/sara/aubo_ws/install/controller_manager:/home/sara/aubo_ws/install/controller_interface:/home/sara/aubo_ws/install/hardware_interface:/home/sara/aubo_ws/install/ros2_control_test_assets:/home/sara/aubo_ws/install/realtime_tools:/home/sara/aubo_ws/install/controller_manager_msgs:/home/sara/aubo_ws/install/control_msgs:/home/sara/aubo_ws/install/transmission_interface:/home/sara/aubo_ws/install/gazebo_ros2_control_demos:/home/sara/aubo_ws/install/gazebo_ros2_control:/home/sara/aubo_ws/install/ros2_control_demo_description:/home/sara/aubo_ws/install/control_toolbox:/home/sara/aubo_ws/install/kinematics_interface_kdl:/home/sara/aubo_ws/install/kinematics_interface:/home/sara/aubo_ws/install/joint_limits:/home/sara/aubo_ws/install/control:/home/sara/aubo_ws/install/aubo_description:/home/sara/aubo_ws/install/aubo:/home/sara/aubo_ws/install/argo:/home/sara/aubo_ws/install/rqt_joint_trajectory_controller:/home/sara/aubo_ws/install/rqt_controller_manager:/home/sara/aubo_ws/install/ros2_controllers_test_nodes:/opt/ros/humble LD_LIBRARY_PATH=/home/sara/aubo_ws/install/forward_command_controller/lib:/home/sara/aubo_ws/install/controller_manager/lib:/home/sara/aubo_ws/install/controller_interface/lib:/home/sara/aubo_ws/install/hardware_interface/lib:/home/sara/aubo_ws/install/realtime_tools/lib:/home/sara/aubo_ws/install/controller_manager_msgs/lib:/home/sara/aubo_ws/install/control_msgs/lib:/home/sara/aubo_ws/install/transmission_interface/lib:/home/sara/aubo_ws/install/control_toolbox/lib:/home/sara/aubo_ws/install/kinematics_interface_kdl/lib:/home/sara/aubo_ws/install/kinematics_interface/lib:/usr/lib/x86_64-linux-gnu/gazebo-11/plugins:/opt/ros/humble/lib/x86_64-linux-gnu:/opt/ros/humble/lib:/usr/share/gazebo-11/../../lib/x86_64-linux-gnu/gazebo-11/plugins /usr/bin/cmake --install /home/sara/aubo_ws/build/velocity_controllers
[69.571s] -- Install configuration: ""
[69.573s] -- Installing: /home/sara/aubo_ws/install/velocity_controllers/share/velocity_controllers/velocity_controllers_plugins.xml
[69.573s] -- Installing: /home/sara/aubo_ws/install/velocity_controllers/include/velocity_controllers
[69.573s] -- Installing: /home/sara/aubo_ws/install/velocity_controllers/include/velocity_controllers/velocity_controllers
[69.573s] -- Installing: /home/sara/aubo_ws/install/velocity_controllers/include/velocity_controllers/velocity_controllers/joint_group_velocity_controller.hpp
[69.574s] -- Installing: /home/sara/aubo_ws/install/velocity_controllers/include/velocity_controllers/velocity_controllers/visibility_control.h
[69.574s] -- Installing: /home/sara/aubo_ws/install/velocity_controllers/lib/libvelocity_controllers.so
[69.574s] -- Set runtime path of "/home/sara/aubo_ws/install/velocity_controllers/lib/libvelocity_controllers.so" to ""
[69.574s] -- Installing: /home/sara/aubo_ws/install/velocity_controllers/share/velocity_controllers/environment/library_path.sh
[69.574s] -- Installing: /home/sara/aubo_ws/install/velocity_controllers/share/velocity_controllers/environment/library_path.dsv
[69.575s] -- Installing: /home/sara/aubo_ws/install/velocity_controllers/share/ament_index/resource_index/package_run_dependencies/velocity_controllers
[69.575s] -- Installing: /home/sara/aubo_ws/install/velocity_controllers/share/ament_index/resource_index/parent_prefix_path/velocity_controllers
[69.575s] -- Installing: /home/sara/aubo_ws/install/velocity_controllers/share/velocity_controllers/environment/ament_prefix_path.sh
[69.575s] -- Installing: /home/sara/aubo_ws/install/velocity_controllers/share/velocity_controllers/environment/ament_prefix_path.dsv
[69.575s] -- Installing: /home/sara/aubo_ws/install/velocity_controllers/share/velocity_controllers/environment/path.sh
[69.575s] -- Installing: /home/sara/aubo_ws/install/velocity_controllers/share/velocity_controllers/environment/path.dsv
[69.576s] -- Installing: /home/sara/aubo_ws/install/velocity_controllers/share/velocity_controllers/local_setup.bash
[69.576s] -- Installing: /home/sara/aubo_ws/install/velocity_controllers/share/velocity_controllers/local_setup.sh
[69.576s] -- Installing: /home/sara/aubo_ws/install/velocity_controllers/share/velocity_controllers/local_setup.zsh
[69.576s] -- Installing: /home/sara/aubo_ws/install/velocity_controllers/share/velocity_controllers/local_setup.dsv
[69.576s] -- Installing: /home/sara/aubo_ws/install/velocity_controllers/share/velocity_controllers/package.dsv
[69.576s] -- Installing: /home/sara/aubo_ws/install/velocity_controllers/share/ament_index/resource_index/packages/velocity_controllers
[69.577s] -- Installing: /home/sara/aubo_ws/install/velocity_controllers/share/ament_index/resource_index/controller_interface__pluginlib__plugin/velocity_controllers
[69.577s] -- Installing: /home/sara/aubo_ws/install/velocity_controllers/share/velocity_controllers/cmake/export_velocity_controllersExport.cmake
[69.577s] -- Installing: /home/sara/aubo_ws/install/velocity_controllers/share/velocity_controllers/cmake/export_velocity_controllersExport-noconfig.cmake
[69.577s] -- Installing: /home/sara/aubo_ws/install/velocity_controllers/share/velocity_controllers/cmake/ament_cmake_export_targets-extras.cmake
[69.577s] -- Installing: /home/sara/aubo_ws/install/velocity_controllers/share/velocity_controllers/cmake/ament_cmake_export_dependencies-extras.cmake
[69.577s] -- Installing: /home/sara/aubo_ws/install/velocity_controllers/share/velocity_controllers/cmake/velocity_controllersConfig.cmake
[69.578s] -- Installing: /home/sara/aubo_ws/install/velocity_controllers/share/velocity_controllers/cmake/velocity_controllersConfig-version.cmake
[69.578s] -- Installing: /home/sara/aubo_ws/install/velocity_controllers/share/velocity_controllers/package.xml
[69.590s] Invoked command in '/home/sara/aubo_ws/build/velocity_controllers' returned '0': AMENT_PREFIX_PATH=/home/sara/aubo_ws/install/forward_command_controller:${AMENT_PREFIX_PATH} CMAKE_PREFIX_PATH=/home/sara/aubo_ws/install/forward_command_controller:/home/sara/aubo_ws/install/controller_manager:/home/sara/aubo_ws/install/controller_interface:/home/sara/aubo_ws/install/hardware_interface:/home/sara/aubo_ws/install/ros2_control_test_assets:/home/sara/aubo_ws/install/realtime_tools:/home/sara/aubo_ws/install/controller_manager_msgs:/home/sara/aubo_ws/install/control_msgs:/home/sara/aubo_ws/install/transmission_interface:/home/sara/aubo_ws/install/gazebo_ros2_control_demos:/home/sara/aubo_ws/install/gazebo_ros2_control:/home/sara/aubo_ws/install/ros2_control_demo_description:/home/sara/aubo_ws/install/control_toolbox:/home/sara/aubo_ws/install/kinematics_interface_kdl:/home/sara/aubo_ws/install/kinematics_interface:/home/sara/aubo_ws/install/joint_limits:/home/sara/aubo_ws/install/control:/home/sara/aubo_ws/install/aubo_description:/home/sara/aubo_ws/install/aubo:/home/sara/aubo_ws/install/argo:/home/sara/aubo_ws/install/rqt_joint_trajectory_controller:/home/sara/aubo_ws/install/rqt_controller_manager:/home/sara/aubo_ws/install/ros2_controllers_test_nodes:/opt/ros/humble LD_LIBRARY_PATH=/home/sara/aubo_ws/install/forward_command_controller/lib:/home/sara/aubo_ws/install/controller_manager/lib:/home/sara/aubo_ws/install/controller_interface/lib:/home/sara/aubo_ws/install/hardware_interface/lib:/home/sara/aubo_ws/install/realtime_tools/lib:/home/sara/aubo_ws/install/controller_manager_msgs/lib:/home/sara/aubo_ws/install/control_msgs/lib:/home/sara/aubo_ws/install/transmission_interface/lib:/home/sara/aubo_ws/install/control_toolbox/lib:/home/sara/aubo_ws/install/kinematics_interface_kdl/lib:/home/sara/aubo_ws/install/kinematics_interface/lib:/usr/lib/x86_64-linux-gnu/gazebo-11/plugins:/opt/ros/humble/lib/x86_64-linux-gnu:/opt/ros/humble/lib:/usr/share/gazebo-11/../../lib/x86_64-linux-gnu/gazebo-11/plugins /usr/bin/cmake --install /home/sara/aubo_ws/build/velocity_controllers
