[0.074s] Invoking command in '/home/sara/aubo_ws/build/transmission_interface': CMAKE_PREFIX_PATH=/home/sara/aubo_ws/install/hardware_interface:/home/sara/aubo_ws/install/control_msgs:/home/sara/aubo_ws/install/transmission_interface:/home/sara/aubo_ws/install/gazebo_ros2_control_demos:/home/sara/aubo_ws/install/gazebo_ros2_control:/home/sara/aubo_ws/install/controller_manager:/home/sara/aubo_ws/install/ros2_control_test_assets:/home/sara/aubo_ws/install/ros2_control_demo_description:/home/sara/aubo_ws/install/control_toolbox:/home/sara/aubo_ws/install/realtime_tools:/home/sara/aubo_ws/install/kinematics_interface_kdl:/home/sara/aubo_ws/install/kinematics_interface:/home/sara/aubo_ws/install/joint_limits:/home/sara/aubo_ws/install/controller_interface:/home/sara/aubo_ws/install/controller_manager_msgs:/home/sara/aubo_ws/install/control:/home/sara/aubo_ws/install/aubo_description:/home/sara/aubo_ws/install/aubo:/home/sara/aubo_ws/install/argo:/home/sara/aubo_ws/install/rqt_joint_trajectory_controller:/home/sara/aubo_ws/install/rqt_controller_manager:/home/sara/aubo_ws/install/ros2_controllers_test_nodes:/opt/ros/humble LD_LIBRARY_PATH=/home/sara/aubo_ws/install/hardware_interface/lib:/home/sara/aubo_ws/install/control_msgs/lib:/home/sara/aubo_ws/install/transmission_interface/lib:/home/sara/aubo_ws/install/controller_manager/lib:/home/sara/aubo_ws/install/control_toolbox/lib:/home/sara/aubo_ws/install/realtime_tools/lib:/home/sara/aubo_ws/install/kinematics_interface_kdl/lib:/home/sara/aubo_ws/install/kinematics_interface/lib:/home/sara/aubo_ws/install/controller_interface/lib:/home/sara/aubo_ws/install/controller_manager_msgs/lib:/usr/lib/x86_64-linux-gnu/gazebo-11/plugins:/opt/ros/humble/lib/x86_64-linux-gnu:/opt/ros/humble/lib:/usr/share/gazebo-11/../../lib/x86_64-linux-gnu/gazebo-11/plugins /usr/bin/cmake /home/sara/aubo_ws/src/ros-controls/ros2_control/transmission_interface -DCMAKE_INSTALL_PREFIX=/home/sara/aubo_ws/install/transmission_interface
[0.136s] -- The C compiler identification is GNU 11.4.0
[0.200s] -- The CXX compiler identification is GNU 11.4.0
[0.209s] -- Detecting C compiler ABI info
[0.292s] -- Detecting C compiler ABI info - done
[0.303s] -- Check for working C compiler: /usr/bin/cc - skipped
[0.303s] -- Detecting C compile features
[0.304s] -- Detecting C compile features - done
[0.307s] -- Detecting CXX compiler ABI info
[0.411s] -- Detecting CXX compiler ABI info - done
[0.426s] -- Check for working CXX compiler: /usr/bin/c++ - skipped
[0.427s] -- Detecting CXX compile features
[0.427s] -- Detecting CXX compile features - done
[0.432s] -- Found ament_cmake: 1.3.5 (/opt/ros/humble/share/ament_cmake/cmake)
[0.642s] -- Found Python3: /usr/bin/python3.10 (found version "3.10.12") found components: Interpreter 
[0.775s] -- Found hardware_interface: 2.33.0 (/home/sara/aubo_ws/install/hardware_interface/share/hardware_interface/cmake)
[0.868s] -- Found rosidl_generator_c: 3.1.5 (/opt/ros/humble/share/rosidl_generator_c/cmake)
[0.880s] -- Found rosidl_adapter: 3.1.5 (/opt/ros/humble/share/rosidl_adapter/cmake)
[0.896s] -- Found rosidl_generator_cpp: 3.1.5 (/opt/ros/humble/share/rosidl_generator_cpp/cmake)
[0.918s] -- Using all available rosidl_typesupport_c: rosidl_typesupport_fastrtps_c;rosidl_typesupport_introspection_c
[0.950s] -- Using all available rosidl_typesupport_cpp: rosidl_typesupport_fastrtps_cpp;rosidl_typesupport_introspection_cpp
[1.965s] -- Found rmw_implementation_cmake: 6.1.1 (/opt/ros/humble/share/rmw_implementation_cmake/cmake)
[1.971s] -- Found rmw_fastrtps_cpp: 6.2.4 (/opt/ros/humble/share/rmw_fastrtps_cpp/cmake)
[2.134s] -- Found OpenSSL: /usr/lib/x86_64-linux-gnu/libcrypto.so (found version "3.0.2")  
[2.179s] -- Found FastRTPS: /opt/ros/humble/include  
[2.247s] -- Using RMW implementation 'rmw_fastrtps_cpp' as default
[2.263s] -- Looking for pthread.h
[2.353s] -- Looking for pthread.h - found
[2.353s] -- Performing Test CMAKE_HAVE_LIBC_PTHREAD
[2.450s] -- Performing Test CMAKE_HAVE_LIBC_PTHREAD - Success
[2.451s] -- Found Threads: TRUE  
[2.776s] -- Found ament_cmake_gmock: 1.3.5 (/opt/ros/humble/share/ament_cmake_gmock/cmake)
[2.780s] -- Found gmock sources under '/opt/ros/humble/src/gmock_vendor': C++ tests using 'Google Mock' will be built
[2.788s] -- Found ament_cmake_gtest: 1.3.5 (/opt/ros/humble/share/ament_cmake_gtest/cmake)
[2.789s] -- Found gtest sources under '/opt/ros/humble/src/gtest_vendor': C++ tests using 'Google Test' will be built
[3.531s] -- Configuring done
[4.193s] -- Generating done
[4.205s] -- Build files have been written to: /home/sara/aubo_ws/build/transmission_interface
[4.248s] Invoked command in '/home/sara/aubo_ws/build/transmission_interface' returned '0': CMAKE_PREFIX_PATH=/home/sara/aubo_ws/install/hardware_interface:/home/sara/aubo_ws/install/control_msgs:/home/sara/aubo_ws/install/transmission_interface:/home/sara/aubo_ws/install/gazebo_ros2_control_demos:/home/sara/aubo_ws/install/gazebo_ros2_control:/home/sara/aubo_ws/install/controller_manager:/home/sara/aubo_ws/install/ros2_control_test_assets:/home/sara/aubo_ws/install/ros2_control_demo_description:/home/sara/aubo_ws/install/control_toolbox:/home/sara/aubo_ws/install/realtime_tools:/home/sara/aubo_ws/install/kinematics_interface_kdl:/home/sara/aubo_ws/install/kinematics_interface:/home/sara/aubo_ws/install/joint_limits:/home/sara/aubo_ws/install/controller_interface:/home/sara/aubo_ws/install/controller_manager_msgs:/home/sara/aubo_ws/install/control:/home/sara/aubo_ws/install/aubo_description:/home/sara/aubo_ws/install/aubo:/home/sara/aubo_ws/install/argo:/home/sara/aubo_ws/install/rqt_joint_trajectory_controller:/home/sara/aubo_ws/install/rqt_controller_manager:/home/sara/aubo_ws/install/ros2_controllers_test_nodes:/opt/ros/humble LD_LIBRARY_PATH=/home/sara/aubo_ws/install/hardware_interface/lib:/home/sara/aubo_ws/install/control_msgs/lib:/home/sara/aubo_ws/install/transmission_interface/lib:/home/sara/aubo_ws/install/controller_manager/lib:/home/sara/aubo_ws/install/control_toolbox/lib:/home/sara/aubo_ws/install/realtime_tools/lib:/home/sara/aubo_ws/install/kinematics_interface_kdl/lib:/home/sara/aubo_ws/install/kinematics_interface/lib:/home/sara/aubo_ws/install/controller_interface/lib:/home/sara/aubo_ws/install/controller_manager_msgs/lib:/usr/lib/x86_64-linux-gnu/gazebo-11/plugins:/opt/ros/humble/lib/x86_64-linux-gnu:/opt/ros/humble/lib:/usr/share/gazebo-11/../../lib/x86_64-linux-gnu/gazebo-11/plugins /usr/bin/cmake /home/sara/aubo_ws/src/ros-controls/ros2_control/transmission_interface -DCMAKE_INSTALL_PREFIX=/home/sara/aubo_ws/install/transmission_interface
[4.249s] Invoking command in '/home/sara/aubo_ws/build/transmission_interface': CMAKE_PREFIX_PATH=/home/sara/aubo_ws/install/hardware_interface:/home/sara/aubo_ws/install/control_msgs:/home/sara/aubo_ws/install/transmission_interface:/home/sara/aubo_ws/install/gazebo_ros2_control_demos:/home/sara/aubo_ws/install/gazebo_ros2_control:/home/sara/aubo_ws/install/controller_manager:/home/sara/aubo_ws/install/ros2_control_test_assets:/home/sara/aubo_ws/install/ros2_control_demo_description:/home/sara/aubo_ws/install/control_toolbox:/home/sara/aubo_ws/install/realtime_tools:/home/sara/aubo_ws/install/kinematics_interface_kdl:/home/sara/aubo_ws/install/kinematics_interface:/home/sara/aubo_ws/install/joint_limits:/home/sara/aubo_ws/install/controller_interface:/home/sara/aubo_ws/install/controller_manager_msgs:/home/sara/aubo_ws/install/control:/home/sara/aubo_ws/install/aubo_description:/home/sara/aubo_ws/install/aubo:/home/sara/aubo_ws/install/argo:/home/sara/aubo_ws/install/rqt_joint_trajectory_controller:/home/sara/aubo_ws/install/rqt_controller_manager:/home/sara/aubo_ws/install/ros2_controllers_test_nodes:/opt/ros/humble LD_LIBRARY_PATH=/home/sara/aubo_ws/install/hardware_interface/lib:/home/sara/aubo_ws/install/control_msgs/lib:/home/sara/aubo_ws/install/transmission_interface/lib:/home/sara/aubo_ws/install/controller_manager/lib:/home/sara/aubo_ws/install/control_toolbox/lib:/home/sara/aubo_ws/install/realtime_tools/lib:/home/sara/aubo_ws/install/kinematics_interface_kdl/lib:/home/sara/aubo_ws/install/kinematics_interface/lib:/home/sara/aubo_ws/install/controller_interface/lib:/home/sara/aubo_ws/install/controller_manager_msgs/lib:/usr/lib/x86_64-linux-gnu/gazebo-11/plugins:/opt/ros/humble/lib/x86_64-linux-gnu:/opt/ros/humble/lib:/usr/share/gazebo-11/../../lib/x86_64-linux-gnu/gazebo-11/plugins /usr/bin/cmake --build /home/sara/aubo_ws/build/transmission_interface -- -j8 -l8
[4.410s] [  4%] [32mBuilding CXX object CMakeFiles/transmission_interface.dir/src/simple_transmission_loader.cpp.o[0m
[4.454s] [  8%] [32mBuilding CXX object CMakeFiles/transmission_interface.dir/src/four_bar_linkage_transmission_loader.cpp.o[0m
[4.454s] [ 13%] [32mBuilding CXX object gmock/CMakeFiles/gmock.dir/src/gmock-all.cc.o[0m
[4.455s] [ 17%] [32mBuilding CXX object gmock/CMakeFiles/gmock.dir/opt/ros/humble/src/gtest_vendor/src/gtest-all.cc.o[0m
[4.461s] [ 26%] [32mBuilding CXX object gmock/CMakeFiles/gmock_main.dir/src/gmock_main.cc.o[0m
[4.465s] [ 21%] [32mBuilding CXX object CMakeFiles/transmission_interface.dir/src/differential_transmission_loader.cpp.o[0m
[10.764s] [ 30%] [32m[1mLinking CXX static library libgmock_main.a[0m
[10.992s] [ 30%] Built target gmock_main
[14.612s] [ 34%] [32m[1mLinking CXX shared library libtransmission_interface.so[0m
[14.787s] [ 39%] [32m[1mLinking CXX static library libgmock.a[0m
[14.843s] [ 39%] Built target transmission_interface
[14.875s] [ 39%] Built target gmock
[14.903s] [ 43%] [32mBuilding CXX object CMakeFiles/test_simple_transmission.dir/test/simple_transmission_test.cpp.o[0m
[17.232s] [ 47%] [32m[1mLinking CXX executable test_simple_transmission[0m
[17.670s] [ 47%] Built target test_simple_transmission
[17.694s] [ 52%] [32mBuilding CXX object CMakeFiles/test_utils.dir/test/utils_test.cpp.o[0m
[19.452s] [ 56%] [32m[1mLinking CXX executable test_utils[0m
[20.053s] [ 56%] Built target test_utils
[20.094s] [ 60%] [32mBuilding CXX object CMakeFiles/test_four_bar_linkage_transmission_loader.dir/test/four_bar_linkage_transmission_loader_test.cpp.o[0m
[20.100s] [ 65%] [32mBuilding CXX object CMakeFiles/test_simple_transmission_loader.dir/test/simple_transmission_loader_test.cpp.o[0m
[20.100s] [ 69%] [32mBuilding CXX object CMakeFiles/test_differential_transmission_loader.dir/test/differential_transmission_loader_test.cpp.o[0m
[27.119s] [ 73%] [32m[1mLinking CXX executable test_four_bar_linkage_transmission_loader[0m
[27.497s] [ 78%] [32m[1mLinking CXX executable test_simple_transmission_loader[0m
[27.851s] [ 78%] Built target test_four_bar_linkage_transmission_loader
[27.903s] [ 82%] [32mBuilding CXX object CMakeFiles/test_four_bar_linkage_transmission.dir/test/four_bar_linkage_transmission_test.cpp.o[0m
[27.904s] [ 86%] [32mBuilding CXX object CMakeFiles/test_differential_transmission.dir/test/differential_transmission_test.cpp.o[0m
[27.949s] [ 91%] [32m[1mLinking CXX executable test_differential_transmission_loader[0m
[28.443s] [ 91%] Built target test_simple_transmission_loader
[28.965s] [ 91%] Built target test_differential_transmission_loader
[31.153s] [ 95%] [32m[1mLinking CXX executable test_differential_transmission[0m
[31.278s] [100%] [32m[1mLinking CXX executable test_four_bar_linkage_transmission[0m
[31.663s] [100%] Built target test_differential_transmission
[31.786s] [100%] Built target test_four_bar_linkage_transmission
[31.800s] Invoked command in '/home/sara/aubo_ws/build/transmission_interface' returned '0': CMAKE_PREFIX_PATH=/home/sara/aubo_ws/install/hardware_interface:/home/sara/aubo_ws/install/control_msgs:/home/sara/aubo_ws/install/transmission_interface:/home/sara/aubo_ws/install/gazebo_ros2_control_demos:/home/sara/aubo_ws/install/gazebo_ros2_control:/home/sara/aubo_ws/install/controller_manager:/home/sara/aubo_ws/install/ros2_control_test_assets:/home/sara/aubo_ws/install/ros2_control_demo_description:/home/sara/aubo_ws/install/control_toolbox:/home/sara/aubo_ws/install/realtime_tools:/home/sara/aubo_ws/install/kinematics_interface_kdl:/home/sara/aubo_ws/install/kinematics_interface:/home/sara/aubo_ws/install/joint_limits:/home/sara/aubo_ws/install/controller_interface:/home/sara/aubo_ws/install/controller_manager_msgs:/home/sara/aubo_ws/install/control:/home/sara/aubo_ws/install/aubo_description:/home/sara/aubo_ws/install/aubo:/home/sara/aubo_ws/install/argo:/home/sara/aubo_ws/install/rqt_joint_trajectory_controller:/home/sara/aubo_ws/install/rqt_controller_manager:/home/sara/aubo_ws/install/ros2_controllers_test_nodes:/opt/ros/humble LD_LIBRARY_PATH=/home/sara/aubo_ws/install/hardware_interface/lib:/home/sara/aubo_ws/install/control_msgs/lib:/home/sara/aubo_ws/install/transmission_interface/lib:/home/sara/aubo_ws/install/controller_manager/lib:/home/sara/aubo_ws/install/control_toolbox/lib:/home/sara/aubo_ws/install/realtime_tools/lib:/home/sara/aubo_ws/install/kinematics_interface_kdl/lib:/home/sara/aubo_ws/install/kinematics_interface/lib:/home/sara/aubo_ws/install/controller_interface/lib:/home/sara/aubo_ws/install/controller_manager_msgs/lib:/usr/lib/x86_64-linux-gnu/gazebo-11/plugins:/opt/ros/humble/lib/x86_64-linux-gnu:/opt/ros/humble/lib:/usr/share/gazebo-11/../../lib/x86_64-linux-gnu/gazebo-11/plugins /usr/bin/cmake --build /home/sara/aubo_ws/build/transmission_interface -- -j8 -l8
[31.886s] Invoking command in '/home/sara/aubo_ws/build/transmission_interface': CMAKE_PREFIX_PATH=/home/sara/aubo_ws/install/hardware_interface:/home/sara/aubo_ws/install/control_msgs:/home/sara/aubo_ws/install/transmission_interface:/home/sara/aubo_ws/install/gazebo_ros2_control_demos:/home/sara/aubo_ws/install/gazebo_ros2_control:/home/sara/aubo_ws/install/controller_manager:/home/sara/aubo_ws/install/ros2_control_test_assets:/home/sara/aubo_ws/install/ros2_control_demo_description:/home/sara/aubo_ws/install/control_toolbox:/home/sara/aubo_ws/install/realtime_tools:/home/sara/aubo_ws/install/kinematics_interface_kdl:/home/sara/aubo_ws/install/kinematics_interface:/home/sara/aubo_ws/install/joint_limits:/home/sara/aubo_ws/install/controller_interface:/home/sara/aubo_ws/install/controller_manager_msgs:/home/sara/aubo_ws/install/control:/home/sara/aubo_ws/install/aubo_description:/home/sara/aubo_ws/install/aubo:/home/sara/aubo_ws/install/argo:/home/sara/aubo_ws/install/rqt_joint_trajectory_controller:/home/sara/aubo_ws/install/rqt_controller_manager:/home/sara/aubo_ws/install/ros2_controllers_test_nodes:/opt/ros/humble LD_LIBRARY_PATH=/home/sara/aubo_ws/install/hardware_interface/lib:/home/sara/aubo_ws/install/control_msgs/lib:/home/sara/aubo_ws/install/transmission_interface/lib:/home/sara/aubo_ws/install/controller_manager/lib:/home/sara/aubo_ws/install/control_toolbox/lib:/home/sara/aubo_ws/install/realtime_tools/lib:/home/sara/aubo_ws/install/kinematics_interface_kdl/lib:/home/sara/aubo_ws/install/kinematics_interface/lib:/home/sara/aubo_ws/install/controller_interface/lib:/home/sara/aubo_ws/install/controller_manager_msgs/lib:/usr/lib/x86_64-linux-gnu/gazebo-11/plugins:/opt/ros/humble/lib/x86_64-linux-gnu:/opt/ros/humble/lib:/usr/share/gazebo-11/../../lib/x86_64-linux-gnu/gazebo-11/plugins /usr/bin/cmake --install /home/sara/aubo_ws/build/transmission_interface
[31.895s] -- Install configuration: ""
[31.895s] -- Installing: /home/sara/aubo_ws/install/transmission_interface/include
[31.895s] -- Installing: /home/sara/aubo_ws/install/transmission_interface/include/transmission_interface
[31.895s] -- Installing: /home/sara/aubo_ws/install/transmission_interface/include/transmission_interface/differential_transmission_loader.hpp
[31.895s] -- Installing: /home/sara/aubo_ws/install/transmission_interface/include/transmission_interface/simple_transmission_loader.hpp
[31.896s] -- Installing: /home/sara/aubo_ws/install/transmission_interface/include/transmission_interface/transmission.hpp
[31.896s] -- Installing: /home/sara/aubo_ws/install/transmission_interface/include/transmission_interface/transmission_loader.hpp
[31.896s] -- Installing: /home/sara/aubo_ws/install/transmission_interface/include/transmission_interface/accessor.hpp
[31.896s] -- Installing: /home/sara/aubo_ws/install/transmission_interface/include/transmission_interface/visibility_control.h
[31.896s] -- Installing: /home/sara/aubo_ws/install/transmission_interface/include/transmission_interface/four_bar_linkage_transmission.hpp
[31.896s] -- Installing: /home/sara/aubo_ws/install/transmission_interface/include/transmission_interface/handle.hpp
[31.896s] -- Installing: /home/sara/aubo_ws/install/transmission_interface/include/transmission_interface/four_bar_linkage_transmission_loader.hpp
[31.896s] -- Installing: /home/sara/aubo_ws/install/transmission_interface/include/transmission_interface/exception.hpp
[31.897s] -- Installing: /home/sara/aubo_ws/install/transmission_interface/include/transmission_interface/transmission_interface_exception.hpp
[31.897s] -- Installing: /home/sara/aubo_ws/install/transmission_interface/include/transmission_interface/differential_transmission.hpp
[31.897s] -- Installing: /home/sara/aubo_ws/install/transmission_interface/include/transmission_interface/simple_transmission.hpp
[31.897s] -- Installing: /home/sara/aubo_ws/install/transmission_interface/share/transmission_interface/ros2_control_plugins.xml
[31.897s] -- Installing: /home/sara/aubo_ws/install/transmission_interface/lib/libtransmission_interface.so
[31.898s] -- Set runtime path of "/home/sara/aubo_ws/install/transmission_interface/lib/libtransmission_interface.so" to ""
[31.899s] -- Installing: /home/sara/aubo_ws/install/transmission_interface/share/transmission_interface/environment/library_path.sh
[31.899s] -- Installing: /home/sara/aubo_ws/install/transmission_interface/share/transmission_interface/environment/library_path.dsv
[31.899s] -- Installing: /home/sara/aubo_ws/install/transmission_interface/share/ament_index/resource_index/package_run_dependencies/transmission_interface
[31.899s] -- Installing: /home/sara/aubo_ws/install/transmission_interface/share/ament_index/resource_index/parent_prefix_path/transmission_interface
[31.900s] -- Installing: /home/sara/aubo_ws/install/transmission_interface/share/transmission_interface/environment/ament_prefix_path.sh
[31.900s] -- Installing: /home/sara/aubo_ws/install/transmission_interface/share/transmission_interface/environment/ament_prefix_path.dsv
[31.900s] -- Installing: /home/sara/aubo_ws/install/transmission_interface/share/transmission_interface/environment/path.sh
[31.900s] -- Installing: /home/sara/aubo_ws/install/transmission_interface/share/transmission_interface/environment/path.dsv
[31.900s] -- Installing: /home/sara/aubo_ws/install/transmission_interface/share/transmission_interface/local_setup.bash
[31.900s] -- Installing: /home/sara/aubo_ws/install/transmission_interface/share/transmission_interface/local_setup.sh
[31.901s] -- Installing: /home/sara/aubo_ws/install/transmission_interface/share/transmission_interface/local_setup.zsh
[31.901s] -- Installing: /home/sara/aubo_ws/install/transmission_interface/share/transmission_interface/local_setup.dsv
[31.901s] -- Installing: /home/sara/aubo_ws/install/transmission_interface/share/transmission_interface/package.dsv
[31.901s] -- Installing: /home/sara/aubo_ws/install/transmission_interface/share/ament_index/resource_index/packages/transmission_interface
[31.901s] -- Installing: /home/sara/aubo_ws/install/transmission_interface/share/ament_index/resource_index/transmission_interface__pluginlib__plugin/transmission_interface
[31.902s] -- Installing: /home/sara/aubo_ws/install/transmission_interface/share/transmission_interface/cmake/ament_cmake_export_include_directories-extras.cmake
[31.902s] -- Installing: /home/sara/aubo_ws/install/transmission_interface/share/transmission_interface/cmake/ament_cmake_export_dependencies-extras.cmake
[31.902s] -- Installing: /home/sara/aubo_ws/install/transmission_interface/share/transmission_interface/cmake/ament_cmake_export_libraries-extras.cmake
[31.902s] -- Installing: /home/sara/aubo_ws/install/transmission_interface/share/transmission_interface/cmake/transmission_interfaceConfig.cmake
[31.902s] -- Installing: /home/sara/aubo_ws/install/transmission_interface/share/transmission_interface/cmake/transmission_interfaceConfig-version.cmake
[31.903s] -- Installing: /home/sara/aubo_ws/install/transmission_interface/share/transmission_interface/package.xml
[31.905s] Invoked command in '/home/sara/aubo_ws/build/transmission_interface' returned '0': CMAKE_PREFIX_PATH=/home/sara/aubo_ws/install/hardware_interface:/home/sara/aubo_ws/install/control_msgs:/home/sara/aubo_ws/install/transmission_interface:/home/sara/aubo_ws/install/gazebo_ros2_control_demos:/home/sara/aubo_ws/install/gazebo_ros2_control:/home/sara/aubo_ws/install/controller_manager:/home/sara/aubo_ws/install/ros2_control_test_assets:/home/sara/aubo_ws/install/ros2_control_demo_description:/home/sara/aubo_ws/install/control_toolbox:/home/sara/aubo_ws/install/realtime_tools:/home/sara/aubo_ws/install/kinematics_interface_kdl:/home/sara/aubo_ws/install/kinematics_interface:/home/sara/aubo_ws/install/joint_limits:/home/sara/aubo_ws/install/controller_interface:/home/sara/aubo_ws/install/controller_manager_msgs:/home/sara/aubo_ws/install/control:/home/sara/aubo_ws/install/aubo_description:/home/sara/aubo_ws/install/aubo:/home/sara/aubo_ws/install/argo:/home/sara/aubo_ws/install/rqt_joint_trajectory_controller:/home/sara/aubo_ws/install/rqt_controller_manager:/home/sara/aubo_ws/install/ros2_controllers_test_nodes:/opt/ros/humble LD_LIBRARY_PATH=/home/sara/aubo_ws/install/hardware_interface/lib:/home/sara/aubo_ws/install/control_msgs/lib:/home/sara/aubo_ws/install/transmission_interface/lib:/home/sara/aubo_ws/install/controller_manager/lib:/home/sara/aubo_ws/install/control_toolbox/lib:/home/sara/aubo_ws/install/realtime_tools/lib:/home/sara/aubo_ws/install/kinematics_interface_kdl/lib:/home/sara/aubo_ws/install/kinematics_interface/lib:/home/sara/aubo_ws/install/controller_interface/lib:/home/sara/aubo_ws/install/controller_manager_msgs/lib:/usr/lib/x86_64-linux-gnu/gazebo-11/plugins:/opt/ros/humble/lib/x86_64-linux-gnu:/opt/ros/humble/lib:/usr/share/gazebo-11/../../lib/x86_64-linux-gnu/gazebo-11/plugins /usr/bin/cmake --install /home/sara/aubo_ws/build/transmission_interface
