[0.062s] Invoking command in '/home/sara/aubo_ws/build/control': CMAKE_PREFIX_PATH=${CMAKE_PREFIX_PATH}:/opt/ros/humble /usr/bin/cmake --build /home/sara/aubo_ws/build/control -- -j8 -l8
[0.086s] -- Found ament_cmake: 1.3.5 (/opt/ros/humble/share/ament_cmake/cmake)
[0.220s] -- Found rclcpp: 16.0.6 (/opt/ros/humble/share/rclcpp/cmake)
[0.250s] -- Found rosidl_generator_c: 3.1.5 (/opt/ros/humble/share/rosidl_generator_c/cmake)
[0.253s] -- Found rosidl_adapter: 3.1.5 (/opt/ros/humble/share/rosidl_adapter/cmake)
[0.263s] -- Found rosidl_generator_cpp: 3.1.5 (/opt/ros/humble/share/rosidl_generator_cpp/cmake)
[0.273s] -- Using all available rosidl_typesupport_c: rosidl_typesupport_fastrtps_c;rosidl_typesupport_introspection_c
[0.287s] -- Using all available rosidl_typesupport_cpp: rosidl_typesupport_fastrtps_cpp;rosidl_typesupport_introspection_cpp
[0.343s] -- Found rmw_implementation_cmake: 6.1.1 (/opt/ros/humble/share/rmw_implementation_cmake/cmake)
[0.344s] -- Found rmw_fastrtps_cpp: 6.2.4 (/opt/ros/humble/share/rmw_fastrtps_cpp/cmake)
[0.448s] -- Using RMW implementation 'rmw_fastrtps_cpp' as default
[0.597s] [33mCMake Warning (dev) at /usr/share/cmake-3.22/Modules/FindPackageHandleStandardArgs.cmake:438 (message):
[0.597s]   The package name passed to `find_package_handle_standard_args` (PkgConfig)
[0.597s]   does not match the name of the calling package (gazebo).  This can lead to
[0.597s]   problems in calling code that expects `find_package` result variables
[0.597s]   (e.g., `_FOUND`) to follow a certain pattern.
[0.598s] Call Stack (most recent call first):
[0.598s]   /usr/share/cmake-3.22/Modules/FindPkgConfig.cmake:99 (find_package_handle_standard_args)
[0.598s]   /usr/lib/x86_64-linux-gnu/cmake/gazebo/gazebo-config.cmake:72 (include)
[0.598s]   CMakeLists.txt:12 (find_package)
[0.598s] This warning is for project developers.  Use -Wno-dev to suppress it.
[0.598s] [0m
[0.617s] -- Found DART: /usr/include (Required is at least version "6.6") found components: dart 
[0.640s] -- Found Protobuf: /usr/lib/x86_64-linux-gnu/libprotobuf.so (found version "3.12.4") 
[0.641s] -- Looking for ignition-math6 -- found version 6.15.0
[0.645s] -- Searching for dependencies of ignition-math6
[0.646s] -- Looking for OGRE...
[0.651s] -- Found Ogre Ghadamon (1.9.0)
[0.651s] -- Found OGRE: optimized;/usr/lib/x86_64-linux-gnu/libOgreMain.so;debug;/usr/lib/x86_64-linux-gnu/libOgreMain.so
[0.659s] -- Looking for OGRE_Paging...
[0.659s] -- Found OGRE_Paging: optimized;/usr/lib/x86_64-linux-gnu/libOgrePaging.so;debug;/usr/lib/x86_64-linux-gnu/libOgrePaging.so
[0.660s] -- Looking for OGRE_Terrain...
[0.660s] -- Found OGRE_Terrain: optimized;/usr/lib/x86_64-linux-gnu/libOgreTerrain.so;debug;/usr/lib/x86_64-linux-gnu/libOgreTerrain.so
[0.660s] -- Looking for OGRE_Property...
[0.660s] -- Found OGRE_Property: optimized;/usr/lib/x86_64-linux-gnu/libOgreProperty.so;debug;/usr/lib/x86_64-linux-gnu/libOgreProperty.so
[0.660s] -- Looking for OGRE_RTShaderSystem...
[0.660s] -- Found OGRE_RTShaderSystem: optimized;/usr/lib/x86_64-linux-gnu/libOgreRTShaderSystem.so;debug;/usr/lib/x86_64-linux-gnu/libOgreRTShaderSystem.so
[0.660s] -- Looking for OGRE_Volume...
[0.660s] -- Found OGRE_Volume: optimized;/usr/lib/x86_64-linux-gnu/libOgreVolume.so;debug;/usr/lib/x86_64-linux-gnu/libOgreVolume.so
[0.660s] -- Looking for OGRE_Overlay...
[0.660s] -- Found OGRE_Overlay: optimized;/usr/lib/x86_64-linux-gnu/libOgreOverlay.so;debug;/usr/lib/x86_64-linux-gnu/libOgreOverlay.so
[0.741s] -- Looking for ignition-math6 -- found version 6.15.0
[0.742s] -- Looking for ignition-transport8 -- found version 8.2.1
[0.742s] -- Searching for dependencies of ignition-transport8
[0.757s] -- Found Protobuf: /usr/lib/x86_64-linux-gnu/libprotobuf.so (found suitable version "3.12.4", minimum required is "3") 
[0.766s] -- Config-file not installed for ZeroMQ -- checking for pkg-config
[0.770s] -- Checking for module 'libzmq >= 4'
[0.780s] --   Found libzmq , version 4.3.4
[0.814s] -- Checking for module 'uuid'
[0.825s] --   Found uuid, version 2.37.2
[0.854s] -- Looking for ignition-msgs5 -- found version 5.8.1
[0.854s] -- Searching for dependencies of ignition-msgs5
[0.874s] -- Looking for ignition-math6 -- found version 6.15.0
[0.875s] -- Checking for module 'tinyxml2'
[0.886s] --   Found tinyxml2, version 9.0.0
[0.915s] -- Looking for ignition-msgs5 -- found version 5.8.1
[0.915s] -- Looking for ignition-common3 -- found version 3.14.0
[0.916s] -- Searching for dependencies of ignition-common3
[0.916s] -- Looking for dlfcn.h - found
[0.916s] -- Looking for libdl - found
[0.927s] -- Searching for <ignition-common3> component [graphics]
[0.927s] -- Looking for ignition-common3-graphics -- found version 3.14.0
[0.927s] -- Searching for dependencies of ignition-common3-graphics
[0.928s] -- Looking for ignition-math6 -- found version 6.15.0
[0.929s] -- Looking for ignition-fuel_tools4 -- found version 4.4.0
[0.929s] -- Searching for dependencies of ignition-fuel_tools4
[0.962s] -- Checking for module 'jsoncpp'
[0.973s] --   Found jsoncpp, version 1.9.5
[1.004s] -- Checking for module 'libzip'
[1.014s] --   Found libzip, version 1.7.3
[1.042s] -- Looking for ignition-common3 -- found version 3.14.0
[1.042s] -- Looking for ignition-math6 -- found version 6.15.0
[1.042s] -- Looking for ignition-msgs5 -- found version 5.8.1
[1.044s] -- Found control_msgs: 4.4.0 (/opt/ros/humble/share/control_msgs/cmake)
[1.498s] [31mCMake Error at CMakeLists.txt:15 (find_package):
[1.498s]   By not providing "Findaubo_ros2_common.cmake" in CMAKE_MODULE_PATH this
[1.498s]   project has asked CMake to find a package configuration file provided by
[1.498s]   "aubo_ros2_common", but CMake did not find one.
[1.498s] 
[1.498s]   Could not find a package configuration file provided by "aubo_ros2_common"
[1.498s]   with any of the following names:
[1.498s] 
[1.498s]     aubo_ros2_commonConfig.cmake
[1.498s]     aubo_ros2_common-config.cmake
[1.498s] 
[1.498s]   Add the installation prefix of "aubo_ros2_common" to CMAKE_PREFIX_PATH or
[1.498s]   set "aubo_ros2_common_DIR" to a directory containing one of the above
[1.498s]   files.  If "aubo_ros2_common" provides a separate development package or
[1.498s]   SDK, be sure it has been installed.
[1.498s] 
[1.498s] [0m
[1.499s] -- Configuring incomplete, errors occurred!
[1.499s] See also "/home/sara/aubo_ws/build/control/CMakeFiles/CMakeOutput.log".
[1.506s] gmake: *** [Makefile:349: cmake_check_build_system] Error 1
[1.507s] Invoked command in '/home/sara/aubo_ws/build/control' returned '2': CMAKE_PREFIX_PATH=${CMAKE_PREFIX_PATH}:/opt/ros/humble /usr/bin/cmake --build /home/sara/aubo_ws/build/control -- -j8 -l8
