[0.357s] Invoking command in '/home/sara/aubo_ws/build/realtime_tools': CMAKE_PREFIX_PATH=${CMAKE_PREFIX_PATH}:/opt/ros/humble /usr/bin/cmake /home/sara/aubo_ws/src/ros-controls/realtime_tools -DAMENT_CMAKE_SYMLINK_INSTALL=1 -DCMAKE_INSTALL_PREFIX=/home/sara/aubo_ws/install/realtime_tools
[0.811s] -- The CXX compiler identification is GNU 11.4.0
[0.863s] -- Detecting CXX compiler ABI info
[1.017s] -- Detecting CXX compiler ABI info - done
[1.033s] -- Check for working CXX compiler: /usr/bin/c++ - skipped
[1.033s] -- Detecting CXX compile features
[1.034s] -- Detecting CXX compile features - done
[1.043s] -- Found ament_cmake: 1.3.5 (/opt/ros/humble/share/ament_cmake/cmake)
[1.360s] -- Found Python3: /usr/bin/python3.10 (found version "3.10.12") found components: Interpreter 
[1.512s] -- Override CMake install command with custom implementation using symlinks instead of copying resources
[1.650s] -- Found rclcpp: 16.0.6 (/opt/ros/humble/share/rclcpp/cmake)
[1.757s] -- Found rosidl_generator_c: 3.1.5 (/opt/ros/humble/share/rosidl_generator_c/cmake)
[1.769s] -- Found rosidl_adapter: 3.1.5 (/opt/ros/humble/share/rosidl_adapter/cmake)
[1.804s] -- Found rosidl_generator_cpp: 3.1.5 (/opt/ros/humble/share/rosidl_generator_cpp/cmake)
[1.871s] -- Using all available rosidl_typesupport_c: rosidl_typesupport_fastrtps_c;rosidl_typesupport_introspection_c
[1.944s] -- Using all available rosidl_typesupport_cpp: rosidl_typesupport_fastrtps_cpp;rosidl_typesupport_introspection_cpp
[2.105s] -- Found rmw_implementation_cmake: 6.1.1 (/opt/ros/humble/share/rmw_implementation_cmake/cmake)
[2.108s] -- Found rmw_fastrtps_cpp: 6.2.4 (/opt/ros/humble/share/rmw_fastrtps_cpp/cmake)
[2.268s] -- Found OpenSSL: /usr/lib/x86_64-linux-gnu/libcrypto.so (found version "3.0.2")  
[2.319s] -- Found FastRTPS: /opt/ros/humble/include  
[2.394s] -- Using RMW implementation 'rmw_fastrtps_cpp' as default
[2.415s] -- Looking for C++ include pthread.h
[2.558s] -- Looking for C++ include pthread.h - found
[2.558s] -- Performing Test CMAKE_HAVE_LIBC_PTHREAD
[2.695s] -- Performing Test CMAKE_HAVE_LIBC_PTHREAD - Success
[2.697s] -- Found Threads: TRUE  
[2.980s] -- Found rclcpp_action: 16.0.6 (/opt/ros/humble/share/rclcpp_action/cmake)
[3.179s] -- Found ament_cmake_gmock: 1.3.5 (/opt/ros/humble/share/ament_cmake_gmock/cmake)
[3.197s] -- Configuring incomplete, errors occurred!
[3.197s] See also "/home/sara/aubo_ws/build/realtime_tools/CMakeFiles/CMakeOutput.log".
[3.198s] [31mCMake Error at CMakeLists.txt:43 (find_package):
[3.198s]   By not providing "Findtest_msgs.cmake" in CMAKE_MODULE_PATH this project
[3.198s]   has asked CMake to find a package configuration file provided by
[3.198s]   "test_msgs", but CMake did not find one.
[3.199s] 
[3.199s]   Could not find a package configuration file provided by "test_msgs" with
[3.200s]   any of the following names:
[3.200s] 
[3.200s]     test_msgsConfig.cmake
[3.200s]     test_msgs-config.cmake
[3.201s] 
[3.201s]   Add the installation prefix of "test_msgs" to CMAKE_PREFIX_PATH or set
[3.201s]   "test_msgs_DIR" to a directory containing one of the above files.  If
[3.202s]   "test_msgs" provides a separate development package or SDK, be sure it has
[3.202s]   been installed.
[3.202s] 
[3.203s] [0m
[3.268s] Invoked command in '/home/sara/aubo_ws/build/realtime_tools' returned '1': CMAKE_PREFIX_PATH=${CMAKE_PREFIX_PATH}:/opt/ros/humble /usr/bin/cmake /home/sara/aubo_ws/src/ros-controls/realtime_tools -DAMENT_CMAKE_SYMLINK_INSTALL=1 -DCMAKE_INSTALL_PREFIX=/home/sara/aubo_ws/install/realtime_tools
