[0.080s] Invoking command in '/home/sara/aubo_ws/build/control': CMAKE_PREFIX_PATH=${CMAKE_PREFIX_PATH}:/opt/ros/humble /usr/bin/cmake --build /home/sara/aubo_ws/build/control -- -j8 -l8
[0.141s] [35m[1mConsolidate compiler generated dependencies of target sim_test[0m
[0.158s] [ 14%] Built target sim_pub
[0.159s] [ 28%] Built target dir_kin
[0.159s] [ 42%] Built target controller
[0.160s] [ 57%] Built target test_pub
[0.163s] [ 71%] Built target inv_kin
[0.168s] [ 85%] Built target sim_sub
[0.178s] [ 92%] [32mBuilding CXX object CMakeFiles/sim_test.dir/src/sim_test.cpp.o[0m
[2.145s] [01m[K/home/sara/aubo_ws/src/aubo_control/control/src/sim_test.cpp:[m[K In function ‘[01m[Kint main(int, char**)[m[K’:
[2.145s] [01m[K/home/sara/aubo_ws/src/aubo_control/control/src/sim_test.cpp:79:20:[m[K [01;35m[Kwarning: [m[Kthe address of ‘[01m[Kbool rclcpp::ok(rclcpp::Context::SharedPtr)[m[K’ will never be NULL [[01;35m[K]8;;https://gcc.gnu.org/onlinedocs/gcc/Warning-Options.html#index-Waddress-Waddress]8;;[m[K]
[2.145s]    79 |     while ([01;35m[Krclcpp::ok[m[K)
[2.145s]       |            [01;35m[K~~~~~~~~^~[m[K
[3.779s] [100%] [32m[1mLinking CXX executable sim_test[0m
[3.942s] [100%] Built target sim_test
[3.952s] Invoked command in '/home/sara/aubo_ws/build/control' returned '0': CMAKE_PREFIX_PATH=${CMAKE_PREFIX_PATH}:/opt/ros/humble /usr/bin/cmake --build /home/sara/aubo_ws/build/control -- -j8 -l8
[3.992s] Invoking command in '/home/sara/aubo_ws/build/control': CMAKE_PREFIX_PATH=${CMAKE_PREFIX_PATH}:/opt/ros/humble /usr/bin/cmake --install /home/sara/aubo_ws/build/control
[3.999s] -- Install configuration: ""
[3.999s] -- Up-to-date: /home/sara/aubo_ws/install/control/lib/control/controller
[4.000s] -- Up-to-date: /home/sara/aubo_ws/install/control/lib/control/dir_kin
[4.000s] -- Up-to-date: /home/sara/aubo_ws/install/control/lib/control/inv_kin
[4.000s] -- Up-to-date: /home/sara/aubo_ws/install/control/lib/control/test_pub
[4.001s] -- Up-to-date: /home/sara/aubo_ws/install/control/lib/control/sim_pub
[4.001s] -- Up-to-date: /home/sara/aubo_ws/install/control/lib/control/sim_sub
[4.001s] -- Installing: /home/sara/aubo_ws/install/control/lib/control/sim_test
[4.003s] -- Set runtime path of "/home/sara/aubo_ws/install/control/lib/control/sim_test" to ""
[4.003s] -- Up-to-date: /home/sara/aubo_ws/install/control/share/control/launch
[4.003s] -- Up-to-date: /home/sara/aubo_ws/install/control/share/control/launch/listener.launch.py
[4.003s] -- Up-to-date: /home/sara/aubo_ws/install/control/share/control/launch/aubo_i5_gz.launch.py
[4.003s] -- Up-to-date: /home/sara/aubo_ws/install/control/share/control/launch/view_robot.launch.py
[4.003s] -- Up-to-date: /home/sara/aubo_ws/install/control/share/control/launch/world.launch.py
[4.003s] -- Up-to-date: /home/sara/aubo_ws/install/control/share/control/launch/gz.launch.py
[4.004s] -- Up-to-date: /home/sara/aubo_ws/install/control/share/control/launch/spawn_robot_launch_v4.launch.py
[4.004s] -- Up-to-date: /home/sara/aubo_ws/install/control/share/ament_index/resource_index/package_run_dependencies/control
[4.004s] -- Up-to-date: /home/sara/aubo_ws/install/control/share/ament_index/resource_index/parent_prefix_path/control
[4.004s] -- Up-to-date: /home/sara/aubo_ws/install/control/share/control/environment/ament_prefix_path.sh
[4.004s] -- Up-to-date: /home/sara/aubo_ws/install/control/share/control/environment/ament_prefix_path.dsv
[4.004s] -- Up-to-date: /home/sara/aubo_ws/install/control/share/control/environment/path.sh
[4.004s] -- Up-to-date: /home/sara/aubo_ws/install/control/share/control/environment/path.dsv
[4.004s] -- Up-to-date: /home/sara/aubo_ws/install/control/share/control/local_setup.bash
[4.004s] -- Up-to-date: /home/sara/aubo_ws/install/control/share/control/local_setup.sh
[4.004s] -- Up-to-date: /home/sara/aubo_ws/install/control/share/control/local_setup.zsh
[4.004s] -- Up-to-date: /home/sara/aubo_ws/install/control/share/control/local_setup.dsv
[4.004s] -- Installing: /home/sara/aubo_ws/install/control/share/control/package.dsv
[4.004s] -- Up-to-date: /home/sara/aubo_ws/install/control/share/ament_index/resource_index/packages/control
[4.004s] -- Up-to-date: /home/sara/aubo_ws/install/control/share/control/cmake/controlConfig.cmake
[4.005s] -- Up-to-date: /home/sara/aubo_ws/install/control/share/control/cmake/controlConfig-version.cmake
[4.005s] -- Up-to-date: /home/sara/aubo_ws/install/control/share/control/package.xml
[4.006s] Invoked command in '/home/sara/aubo_ws/build/control' returned '0': CMAKE_PREFIX_PATH=${CMAKE_PREFIX_PATH}:/opt/ros/humble /usr/bin/cmake --install /home/sara/aubo_ws/build/control
