[0.078s] Invoking command in '/home/sara/aubo_ws/build/control': CMAKE_PREFIX_PATH=${CMAKE_PREFIX_PATH}:/opt/ros/humble /usr/bin/cmake --build /home/sara/aubo_ws/build/control -- -j8 -l8
[0.151s] [35m[1mConsolidate compiler generated dependencies of target sim_pub[0m
[0.167s] [ 20%] Built target controller
[0.167s] [ 60%] Built target inv_kin
[0.168s] [ 40%] Built target dir_kin
[0.172s] [ 80%] Built target test_pub
[0.181s] [100%] Built target sim_pub
[0.280s] Invoked command in '/home/sara/aubo_ws/build/control' returned '0': CMAKE_PREFIX_PATH=${CMAKE_PREFIX_PATH}:/opt/ros/humble /usr/bin/cmake --build /home/sara/aubo_ws/build/control -- -j8 -l8
[0.419s] Invoking command in '/home/sara/aubo_ws/build/control': CMAKE_PREFIX_PATH=${CMAKE_PREFIX_PATH}:/opt/ros/humble /usr/bin/cmake --install /home/sara/aubo_ws/build/control
[0.426s] -- Install configuration: ""
[0.426s] -- Up-to-date: /home/sara/aubo_ws/install/control/lib/control/controller
[0.426s] -- Up-to-date: /home/sara/aubo_ws/install/control/lib/control/dir_kin
[0.427s] -- Up-to-date: /home/sara/aubo_ws/install/control/lib/control/inv_kin
[0.427s] -- Up-to-date: /home/sara/aubo_ws/install/control/lib/control/test_pub
[0.427s] -- Up-to-date: /home/sara/aubo_ws/install/control/lib/control/sim_pub
[0.428s] -- Up-to-date: /home/sara/aubo_ws/install/control/share/control/launch
[0.428s] -- Up-to-date: /home/sara/aubo_ws/install/control/share/control/launch/view_robot.launch.py
[0.428s] -- Up-to-date: /home/sara/aubo_ws/install/control/share/control/launch/world.launch.py
[0.429s] -- Up-to-date: /home/sara/aubo_ws/install/control/share/control/launch/gz.launch.py
[0.429s] -- Up-to-date: /home/sara/aubo_ws/install/control/share/control/launch/spawn_robot_launch_v4.launch.py
[0.429s] -- Up-to-date: /home/sara/aubo_ws/install/control/share/ament_index/resource_index/package_run_dependencies/control
[0.429s] -- Up-to-date: /home/sara/aubo_ws/install/control/share/ament_index/resource_index/parent_prefix_path/control
[0.430s] -- Up-to-date: /home/sara/aubo_ws/install/control/share/control/environment/ament_prefix_path.sh
[0.430s] -- Up-to-date: /home/sara/aubo_ws/install/control/share/control/environment/ament_prefix_path.dsv
[0.430s] -- Up-to-date: /home/sara/aubo_ws/install/control/share/control/environment/path.sh
[0.430s] -- Up-to-date: /home/sara/aubo_ws/install/control/share/control/environment/path.dsv
[0.430s] -- Up-to-date: /home/sara/aubo_ws/install/control/share/control/local_setup.bash
[0.430s] -- Up-to-date: /home/sara/aubo_ws/install/control/share/control/local_setup.sh
[0.431s] -- Up-to-date: /home/sara/aubo_ws/install/control/share/control/local_setup.zsh
[0.431s] -- Up-to-date: /home/sara/aubo_ws/install/control/share/control/local_setup.dsv
[0.431s] -- Installing: /home/sara/aubo_ws/install/control/share/control/package.dsv
[0.431s] -- Up-to-date: /home/sara/aubo_ws/install/control/share/ament_index/resource_index/packages/control
[0.431s] -- Up-to-date: /home/sara/aubo_ws/install/control/share/control/cmake/controlConfig.cmake
[0.432s] -- Up-to-date: /home/sara/aubo_ws/install/control/share/control/cmake/controlConfig-version.cmake
[0.432s] -- Up-to-date: /home/sara/aubo_ws/install/control/share/control/package.xml
[0.495s] Invoked command in '/home/sara/aubo_ws/build/control' returned '0': CMAKE_PREFIX_PATH=${CMAKE_PREFIX_PATH}:/opt/ros/humble /usr/bin/cmake --install /home/sara/aubo_ws/build/control
