[0.080s] Invoking command in '/home/sara/aubo_ws/build/control': CMAKE_PREFIX_PATH=${CMAKE_PREFIX_PATH}:/opt/ros/humble /usr/bin/cmake --build /home/sara/aubo_ws/build/control -- -j8 -l8
[0.154s] [ 14%] Built target inv_kin
[0.156s] [ 28%] Built target dir_kin
[0.160s] [ 42%] Built target controller
[0.163s] [ 57%] Built target sim_sub
[0.163s] [ 71%] Built target test_pub
[0.163s] [ 85%] Built target sim_test
[0.163s] [100%] Built target sim_pub
[0.232s] Invoked command in '/home/sara/aubo_ws/build/control' returned '0': CMAKE_PREFIX_PATH=${CMAKE_PREFIX_PATH}:/opt/ros/humble /usr/bin/cmake --build /home/sara/aubo_ws/build/control -- -j8 -l8
[0.384s] Invoking command in '/home/sara/aubo_ws/build/control': CMAKE_PREFIX_PATH=${CMAKE_PREFIX_PATH}:/opt/ros/humble /usr/bin/cmake --install /home/sara/aubo_ws/build/control
[0.442s] -- Install configuration: ""
[0.442s] -- Up-to-date: /home/sara/aubo_ws/install/control/lib/control/controller
[0.442s] -- Up-to-date: /home/sara/aubo_ws/install/control/lib/control/dir_kin
[0.442s] -- Up-to-date: /home/sara/aubo_ws/install/control/lib/control/inv_kin
[0.442s] -- Up-to-date: /home/sara/aubo_ws/install/control/lib/control/test_pub
[0.443s] -- Up-to-date: /home/sara/aubo_ws/install/control/lib/control/sim_pub
[0.443s] -- Up-to-date: /home/sara/aubo_ws/install/control/lib/control/sim_sub
[0.443s] -- Up-to-date: /home/sara/aubo_ws/install/control/lib/control/sim_test
[0.443s] -- Up-to-date: /home/sara/aubo_ws/install/control/share/control/launch
[0.443s] -- Up-to-date: /home/sara/aubo_ws/install/control/share/control/launch/listener.launch.py
[0.443s] -- Up-to-date: /home/sara/aubo_ws/install/control/share/control/launch/aubo_i5_gz.launch.py
[0.443s] -- Up-to-date: /home/sara/aubo_ws/install/control/share/control/launch/view_robot.launch.py
[0.443s] -- Up-to-date: /home/sara/aubo_ws/install/control/share/control/launch/world.launch.py
[0.443s] -- Up-to-date: /home/sara/aubo_ws/install/control/share/control/launch/gz.launch.py
[0.444s] -- Up-to-date: /home/sara/aubo_ws/install/control/share/control/launch/spawn_robot_launch_v4.launch.py
[0.444s] -- Up-to-date: /home/sara/aubo_ws/install/control/share/ament_index/resource_index/package_run_dependencies/control
[0.444s] -- Up-to-date: /home/sara/aubo_ws/install/control/share/ament_index/resource_index/parent_prefix_path/control
[0.444s] -- Up-to-date: /home/sara/aubo_ws/install/control/share/control/environment/ament_prefix_path.sh
[0.444s] -- Up-to-date: /home/sara/aubo_ws/install/control/share/control/environment/ament_prefix_path.dsv
[0.444s] -- Up-to-date: /home/sara/aubo_ws/install/control/share/control/environment/path.sh
[0.444s] -- Up-to-date: /home/sara/aubo_ws/install/control/share/control/environment/path.dsv
[0.444s] -- Up-to-date: /home/sara/aubo_ws/install/control/share/control/local_setup.bash
[0.444s] -- Up-to-date: /home/sara/aubo_ws/install/control/share/control/local_setup.sh
[0.444s] -- Up-to-date: /home/sara/aubo_ws/install/control/share/control/local_setup.zsh
[0.445s] -- Up-to-date: /home/sara/aubo_ws/install/control/share/control/local_setup.dsv
[0.445s] -- Installing: /home/sara/aubo_ws/install/control/share/control/package.dsv
[0.445s] -- Up-to-date: /home/sara/aubo_ws/install/control/share/ament_index/resource_index/packages/control
[0.445s] -- Up-to-date: /home/sara/aubo_ws/install/control/share/control/cmake/controlConfig.cmake
[0.445s] -- Up-to-date: /home/sara/aubo_ws/install/control/share/control/cmake/controlConfig-version.cmake
[0.445s] -- Up-to-date: /home/sara/aubo_ws/install/control/share/control/package.xml
[0.503s] Invoked command in '/home/sara/aubo_ws/build/control' returned '0': CMAKE_PREFIX_PATH=${CMAKE_PREFIX_PATH}:/opt/ros/humble /usr/bin/cmake --install /home/sara/aubo_ws/build/control
