[35m[1mConsolidate compiler generated dependencies of target test_pub[0m
[ 12%] Built target controller
[ 25%] Built target sim_sub
[ 37%] Built target test_pub
[ 50%] Built target sim_test
[ 62%] Built target sim_pub
[ 75%] Built target inv_kin
[ 87%] Built target dir_kin
[100%] Built target sim_control
-- Install configuration: ""
-- Up-to-date: /home/sara/aubo_ws/install/control/lib/control/controller
-- Up-to-date: /home/sara/aubo_ws/install/control/lib/control/dir_kin
-- Up-to-date: /home/sara/aubo_ws/install/control/lib/control/inv_kin
-- Up-to-date: /home/sara/aubo_ws/install/control/lib/control/test_pub
-- Up-to-date: /home/sara/aubo_ws/install/control/lib/control/sim_pub
-- Up-to-date: /home/sara/aubo_ws/install/control/lib/control/sim_sub
-- Up-to-date: /home/sara/aubo_ws/install/control/lib/control/sim_test
-- Up-to-date: /home/sara/aubo_ws/install/control/lib/control/sim_control
-- Up-to-date: /home/sara/aubo_ws/install/control/share/control/launch
-- Up-to-date: /home/sara/aubo_ws/install/control/share/control/launch/listener.launch.py
-- Up-to-date: /home/sara/aubo_ws/install/control/share/control/launch/view_robot.launch.py
-- Up-to-date: /home/sara/aubo_ws/install/control/share/control/launch/world.launch.py
-- Up-to-date: /home/sara/aubo_ws/install/control/share/control/launch/gz.launch.py
-- Up-to-date: /home/sara/aubo_ws/install/control/share/control/launch/gz_2.launch.py
-- Up-to-date: /home/sara/aubo_ws/install/control/share/control/launch/spawn_robot_launch_v4.launch.py
-- Up-to-date: /home/sara/aubo_ws/install/control/share/control/launch/gz_1.launch.py
-- Up-to-date: /home/sara/aubo_ws/install/control/share/control/worlds
-- Up-to-date: /home/sara/aubo_ws/install/control/share/control/worlds/gazebo_ros_joint_pose_trajectory_demo.world
-- Up-to-date: /home/sara/aubo_ws/install/control/share/ament_index/resource_index/package_run_dependencies/control
-- Up-to-date: /home/sara/aubo_ws/install/control/share/ament_index/resource_index/parent_prefix_path/control
-- Up-to-date: /home/sara/aubo_ws/install/control/share/control/environment/ament_prefix_path.sh
-- Up-to-date: /home/sara/aubo_ws/install/control/share/control/environment/ament_prefix_path.dsv
-- Up-to-date: /home/sara/aubo_ws/install/control/share/control/environment/path.sh
-- Up-to-date: /home/sara/aubo_ws/install/control/share/control/environment/path.dsv
-- Up-to-date: /home/sara/aubo_ws/install/control/share/control/local_setup.bash
-- Up-to-date: /home/sara/aubo_ws/install/control/share/control/local_setup.sh
-- Up-to-date: /home/sara/aubo_ws/install/control/share/control/local_setup.zsh
-- Up-to-date: /home/sara/aubo_ws/install/control/share/control/local_setup.dsv
-- Installing: /home/sara/aubo_ws/install/control/share/control/package.dsv
-- Up-to-date: /home/sara/aubo_ws/install/control/share/ament_index/resource_index/packages/control
-- Up-to-date: /home/sara/aubo_ws/install/control/share/control/cmake/controlConfig.cmake
-- Up-to-date: /home/sara/aubo_ws/install/control/share/control/cmake/controlConfig-version.cmake
-- Up-to-date: /home/sara/aubo_ws/install/control/share/control/package.xml
