[0.413s] Invoking command in '/home/sara/aubo_ws/build/control_toolbox': CMAKE_PREFIX_PATH=/home/sara/aubo_ws/install/realtime_tools:/home/sara/aubo_ws/install/control_msgs:/home/sara/aubo_ws/install/transmission_interface:/home/sara/aubo_ws/install/gazebo_ros2_control_demos:/home/sara/aubo_ws/install/gazebo_ros2_control:/home/sara/aubo_ws/install/controller_manager:/home/sara/aubo_ws/install/ros2_control_test_assets:/home/sara/aubo_ws/install/ros2_control_demo_description:/home/sara/aubo_ws/install/control_toolbox:/home/sara/aubo_ws/install/kinematics_interface_kdl:/home/sara/aubo_ws/install/kinematics_interface:/home/sara/aubo_ws/install/joint_limits:/home/sara/aubo_ws/install/controller_interface:/home/sara/aubo_ws/install/hardware_interface:/home/sara/aubo_ws/install/controller_manager_msgs:/home/sara/aubo_ws/install/control:/home/sara/aubo_ws/install/aubo_description:/home/sara/aubo_ws/install/aubo:/home/sara/aubo_ws/install/argo:/home/sara/aubo_ws/install/rqt_joint_trajectory_controller:/home/sara/aubo_ws/install/rqt_controller_manager:/home/sara/aubo_ws/install/ros2_controllers_test_nodes:/opt/ros/humble LD_LIBRARY_PATH=/home/sara/aubo_ws/install/realtime_tools/lib:/home/sara/aubo_ws/install/control_msgs/lib:/home/sara/aubo_ws/install/transmission_interface/lib:/home/sara/aubo_ws/install/controller_manager/lib:/home/sara/aubo_ws/install/control_toolbox/lib:/home/sara/aubo_ws/install/kinematics_interface_kdl/lib:/home/sara/aubo_ws/install/kinematics_interface/lib:/home/sara/aubo_ws/install/controller_interface/lib:/home/sara/aubo_ws/install/hardware_interface/lib:/home/sara/aubo_ws/install/controller_manager_msgs/lib:/usr/lib/x86_64-linux-gnu/gazebo-11/plugins:/opt/ros/humble/lib/x86_64-linux-gnu:/opt/ros/humble/lib:/usr/share/gazebo-11/../../lib/x86_64-linux-gnu/gazebo-11/plugins /usr/bin/cmake --build /home/sara/aubo_ws/build/control_toolbox -- -j8 -l8
[0.467s] [35m[1mConsolidate compiler generated dependencies of target control_toolbox[0m
[0.469s] [35m[1mConsolidate compiler generated dependencies of target gmock[0m
[0.471s] [35m[1mConsolidate compiler generated dependencies of target gtest[0m
[0.477s] [35m[1mConsolidate compiler generated dependencies of target gtest_main[0m
[0.481s] [35m[1mConsolidate compiler generated dependencies of target gmock_main[0m
[0.486s] [  3%] Built target low_pass_filter_parameters
[0.507s] [ 10%] Built target gtest
[0.510s] [ 17%] Built target gmock_main
[0.511s] [ 48%] Built target control_toolbox
[0.511s] [ 51%] Built target gmock
[0.514s] [35m[1mConsolidate compiler generated dependencies of target low_pass_filter[0m
[0.525s] [ 58%] Built target gtest_main
[0.530s] [35m[1mConsolidate compiler generated dependencies of target pid_tests[0m
[0.566s] [35m[1mConsolidate compiler generated dependencies of target pid_parameters_tests[0m
[0.571s] [ 65%] Built target low_pass_filter
[0.574s] [ 72%] Built target pid_tests
[0.576s] [35m[1mConsolidate compiler generated dependencies of target pid_publisher_tests[0m
[0.600s] [35m[1mConsolidate compiler generated dependencies of target test_load_low_pass_filter[0m
[0.600s] [35m[1mConsolidate compiler generated dependencies of target test_low_pass_filter[0m
[0.612s] [ 79%] Built target pid_parameters_tests
[0.626s] [ 86%] Built target pid_publisher_tests
[0.633s] [ 93%] Built target test_load_low_pass_filter
[0.634s] [100%] Built target test_low_pass_filter
[0.849s] Invoked command in '/home/sara/aubo_ws/build/control_toolbox' returned '0': CMAKE_PREFIX_PATH=/home/sara/aubo_ws/install/realtime_tools:/home/sara/aubo_ws/install/control_msgs:/home/sara/aubo_ws/install/transmission_interface:/home/sara/aubo_ws/install/gazebo_ros2_control_demos:/home/sara/aubo_ws/install/gazebo_ros2_control:/home/sara/aubo_ws/install/controller_manager:/home/sara/aubo_ws/install/ros2_control_test_assets:/home/sara/aubo_ws/install/ros2_control_demo_description:/home/sara/aubo_ws/install/control_toolbox:/home/sara/aubo_ws/install/kinematics_interface_kdl:/home/sara/aubo_ws/install/kinematics_interface:/home/sara/aubo_ws/install/joint_limits:/home/sara/aubo_ws/install/controller_interface:/home/sara/aubo_ws/install/hardware_interface:/home/sara/aubo_ws/install/controller_manager_msgs:/home/sara/aubo_ws/install/control:/home/sara/aubo_ws/install/aubo_description:/home/sara/aubo_ws/install/aubo:/home/sara/aubo_ws/install/argo:/home/sara/aubo_ws/install/rqt_joint_trajectory_controller:/home/sara/aubo_ws/install/rqt_controller_manager:/home/sara/aubo_ws/install/ros2_controllers_test_nodes:/opt/ros/humble LD_LIBRARY_PATH=/home/sara/aubo_ws/install/realtime_tools/lib:/home/sara/aubo_ws/install/control_msgs/lib:/home/sara/aubo_ws/install/transmission_interface/lib:/home/sara/aubo_ws/install/controller_manager/lib:/home/sara/aubo_ws/install/control_toolbox/lib:/home/sara/aubo_ws/install/kinematics_interface_kdl/lib:/home/sara/aubo_ws/install/kinematics_interface/lib:/home/sara/aubo_ws/install/controller_interface/lib:/home/sara/aubo_ws/install/hardware_interface/lib:/home/sara/aubo_ws/install/controller_manager_msgs/lib:/usr/lib/x86_64-linux-gnu/gazebo-11/plugins:/opt/ros/humble/lib/x86_64-linux-gnu:/opt/ros/humble/lib:/usr/share/gazebo-11/../../lib/x86_64-linux-gnu/gazebo-11/plugins /usr/bin/cmake --build /home/sara/aubo_ws/build/control_toolbox -- -j8 -l8
[0.926s] Invoking command in '/home/sara/aubo_ws/build/control_toolbox': CMAKE_PREFIX_PATH=/home/sara/aubo_ws/install/realtime_tools:/home/sara/aubo_ws/install/control_msgs:/home/sara/aubo_ws/install/transmission_interface:/home/sara/aubo_ws/install/gazebo_ros2_control_demos:/home/sara/aubo_ws/install/gazebo_ros2_control:/home/sara/aubo_ws/install/controller_manager:/home/sara/aubo_ws/install/ros2_control_test_assets:/home/sara/aubo_ws/install/ros2_control_demo_description:/home/sara/aubo_ws/install/control_toolbox:/home/sara/aubo_ws/install/kinematics_interface_kdl:/home/sara/aubo_ws/install/kinematics_interface:/home/sara/aubo_ws/install/joint_limits:/home/sara/aubo_ws/install/controller_interface:/home/sara/aubo_ws/install/hardware_interface:/home/sara/aubo_ws/install/controller_manager_msgs:/home/sara/aubo_ws/install/control:/home/sara/aubo_ws/install/aubo_description:/home/sara/aubo_ws/install/aubo:/home/sara/aubo_ws/install/argo:/home/sara/aubo_ws/install/rqt_joint_trajectory_controller:/home/sara/aubo_ws/install/rqt_controller_manager:/home/sara/aubo_ws/install/ros2_controllers_test_nodes:/opt/ros/humble LD_LIBRARY_PATH=/home/sara/aubo_ws/install/realtime_tools/lib:/home/sara/aubo_ws/install/control_msgs/lib:/home/sara/aubo_ws/install/transmission_interface/lib:/home/sara/aubo_ws/install/controller_manager/lib:/home/sara/aubo_ws/install/control_toolbox/lib:/home/sara/aubo_ws/install/kinematics_interface_kdl/lib:/home/sara/aubo_ws/install/kinematics_interface/lib:/home/sara/aubo_ws/install/controller_interface/lib:/home/sara/aubo_ws/install/hardware_interface/lib:/home/sara/aubo_ws/install/controller_manager_msgs/lib:/usr/lib/x86_64-linux-gnu/gazebo-11/plugins:/opt/ros/humble/lib/x86_64-linux-gnu:/opt/ros/humble/lib:/usr/share/gazebo-11/../../lib/x86_64-linux-gnu/gazebo-11/plugins /usr/bin/cmake --install /home/sara/aubo_ws/build/control_toolbox
[0.935s] -- Install configuration: ""
[0.935s] -- Up-to-date: /home/sara/aubo_ws/install/control_toolbox/include/low_pass_filter_parameters
[0.935s] -- Up-to-date: /home/sara/aubo_ws/install/control_toolbox/include/low_pass_filter_parameters/low_pass_filter_parameters.hpp
[0.935s] -- Up-to-date: /home/sara/aubo_ws/install/control_toolbox/share/control_toolbox/control_filters.xml
[0.935s] -- Up-to-date: /home/sara/aubo_ws/install/control_toolbox/include/control_toolbox
[0.936s] -- Up-to-date: /home/sara/aubo_ws/install/control_toolbox/include/control_toolbox/control_filters
[0.936s] -- Up-to-date: /home/sara/aubo_ws/install/control_toolbox/include/control_toolbox/control_filters/low_pass_filter.hpp
[0.936s] -- Up-to-date: /home/sara/aubo_ws/install/control_toolbox/include/control_toolbox/control_toolbox
[0.936s] -- Up-to-date: /home/sara/aubo_ws/install/control_toolbox/include/control_toolbox/control_toolbox/sinusoid.hpp
[0.936s] -- Up-to-date: /home/sara/aubo_ws/install/control_toolbox/include/control_toolbox/control_toolbox/pid.hpp
[0.936s] -- Up-to-date: /home/sara/aubo_ws/install/control_toolbox/include/control_toolbox/control_toolbox/sine_sweep.hpp
[0.937s] -- Up-to-date: /home/sara/aubo_ws/install/control_toolbox/include/control_toolbox/control_toolbox/limited_proxy.hpp
[0.937s] -- Up-to-date: /home/sara/aubo_ws/install/control_toolbox/include/control_toolbox/control_toolbox/dither.hpp
[0.937s] -- Up-to-date: /home/sara/aubo_ws/install/control_toolbox/include/control_toolbox/control_toolbox/pid_ros.hpp
[0.937s] -- Up-to-date: /home/sara/aubo_ws/install/control_toolbox/include/control_toolbox/control_toolbox/filters.hpp
[0.938s] -- Up-to-date: /home/sara/aubo_ws/install/control_toolbox/include/control_toolbox/control_toolbox/visibility_control.hpp
[0.938s] -- Up-to-date: /home/sara/aubo_ws/install/control_toolbox/lib/libcontrol_toolbox.so
[0.938s] -- Up-to-date: /home/sara/aubo_ws/install/control_toolbox/lib/liblow_pass_filter.so
[0.938s] -- Up-to-date: /home/sara/aubo_ws/install/control_toolbox/share/control_toolbox/environment/library_path.sh
[0.938s] -- Up-to-date: /home/sara/aubo_ws/install/control_toolbox/share/control_toolbox/environment/library_path.dsv
[0.938s] -- Up-to-date: /home/sara/aubo_ws/install/control_toolbox/share/ament_index/resource_index/package_run_dependencies/control_toolbox
[0.938s] -- Up-to-date: /home/sara/aubo_ws/install/control_toolbox/share/ament_index/resource_index/parent_prefix_path/control_toolbox
[0.939s] -- Up-to-date: /home/sara/aubo_ws/install/control_toolbox/share/control_toolbox/environment/ament_prefix_path.sh
[0.939s] -- Up-to-date: /home/sara/aubo_ws/install/control_toolbox/share/control_toolbox/environment/ament_prefix_path.dsv
[0.939s] -- Up-to-date: /home/sara/aubo_ws/install/control_toolbox/share/control_toolbox/environment/path.sh
[0.939s] -- Up-to-date: /home/sara/aubo_ws/install/control_toolbox/share/control_toolbox/environment/path.dsv
[0.939s] -- Up-to-date: /home/sara/aubo_ws/install/control_toolbox/share/control_toolbox/local_setup.bash
[0.939s] -- Up-to-date: /home/sara/aubo_ws/install/control_toolbox/share/control_toolbox/local_setup.sh
[0.939s] -- Up-to-date: /home/sara/aubo_ws/install/control_toolbox/share/control_toolbox/local_setup.zsh
[0.940s] -- Up-to-date: /home/sara/aubo_ws/install/control_toolbox/share/control_toolbox/local_setup.dsv
[0.940s] -- Installing: /home/sara/aubo_ws/install/control_toolbox/share/control_toolbox/package.dsv
[0.940s] -- Up-to-date: /home/sara/aubo_ws/install/control_toolbox/share/ament_index/resource_index/packages/control_toolbox
[0.940s] -- Up-to-date: /home/sara/aubo_ws/install/control_toolbox/share/ament_index/resource_index/filters__pluginlib__plugin/control_toolbox
[0.940s] -- Up-to-date: /home/sara/aubo_ws/install/control_toolbox/share/control_toolbox/cmake/export_control_toolboxExport.cmake
[0.940s] -- Up-to-date: /home/sara/aubo_ws/install/control_toolbox/share/control_toolbox/cmake/export_control_toolboxExport-noconfig.cmake
[0.941s] -- Up-to-date: /home/sara/aubo_ws/install/control_toolbox/share/control_toolbox/cmake/ament_cmake_export_targets-extras.cmake
[0.941s] -- Up-to-date: /home/sara/aubo_ws/install/control_toolbox/share/control_toolbox/cmake/ament_cmake_export_dependencies-extras.cmake
[0.941s] -- Up-to-date: /home/sara/aubo_ws/install/control_toolbox/share/control_toolbox/cmake/control_toolboxConfig.cmake
[0.941s] -- Up-to-date: /home/sara/aubo_ws/install/control_toolbox/share/control_toolbox/cmake/control_toolboxConfig-version.cmake
[0.941s] -- Up-to-date: /home/sara/aubo_ws/install/control_toolbox/share/control_toolbox/package.xml
[0.942s] Invoked command in '/home/sara/aubo_ws/build/control_toolbox' returned '0': CMAKE_PREFIX_PATH=/home/sara/aubo_ws/install/realtime_tools:/home/sara/aubo_ws/install/control_msgs:/home/sara/aubo_ws/install/transmission_interface:/home/sara/aubo_ws/install/gazebo_ros2_control_demos:/home/sara/aubo_ws/install/gazebo_ros2_control:/home/sara/aubo_ws/install/controller_manager:/home/sara/aubo_ws/install/ros2_control_test_assets:/home/sara/aubo_ws/install/ros2_control_demo_description:/home/sara/aubo_ws/install/control_toolbox:/home/sara/aubo_ws/install/kinematics_interface_kdl:/home/sara/aubo_ws/install/kinematics_interface:/home/sara/aubo_ws/install/joint_limits:/home/sara/aubo_ws/install/controller_interface:/home/sara/aubo_ws/install/hardware_interface:/home/sara/aubo_ws/install/controller_manager_msgs:/home/sara/aubo_ws/install/control:/home/sara/aubo_ws/install/aubo_description:/home/sara/aubo_ws/install/aubo:/home/sara/aubo_ws/install/argo:/home/sara/aubo_ws/install/rqt_joint_trajectory_controller:/home/sara/aubo_ws/install/rqt_controller_manager:/home/sara/aubo_ws/install/ros2_controllers_test_nodes:/opt/ros/humble LD_LIBRARY_PATH=/home/sara/aubo_ws/install/realtime_tools/lib:/home/sara/aubo_ws/install/control_msgs/lib:/home/sara/aubo_ws/install/transmission_interface/lib:/home/sara/aubo_ws/install/controller_manager/lib:/home/sara/aubo_ws/install/control_toolbox/lib:/home/sara/aubo_ws/install/kinematics_interface_kdl/lib:/home/sara/aubo_ws/install/kinematics_interface/lib:/home/sara/aubo_ws/install/controller_interface/lib:/home/sara/aubo_ws/install/hardware_interface/lib:/home/sara/aubo_ws/install/controller_manager_msgs/lib:/usr/lib/x86_64-linux-gnu/gazebo-11/plugins:/opt/ros/humble/lib/x86_64-linux-gnu:/opt/ros/humble/lib:/usr/share/gazebo-11/../../lib/x86_64-linux-gnu/gazebo-11/plugins /usr/bin/cmake --install /home/sara/aubo_ws/build/control_toolbox
