[0.894s] DEBUG:colcon:Command line arguments: ['/usr/bin/colcon', 'build']
[0.894s] DEBUG:colcon:Parsed command line arguments: Namespace(log_base=None, log_level=None, verb_name='build', build_base='build', install_base='install', merge_install=False, symlink_install=False, test_result_base=None, continue_on_error=False, executor='parallel', parallel_workers=8, event_handlers=None, ignore_user_meta=False, metas=['./colcon.meta'], base_paths=['.'], packages_ignore=None, packages_ignore_regex=None, paths=None, packages_up_to=None, packages_up_to_regex=None, packages_above=None, packages_above_and_dependencies=None, packages_above_depth=None, packages_select_by_dep=None, packages_skip_by_dep=None, packages_skip_up_to=None, packages_select_build_failed=False, packages_skip_build_finished=False, packages_select_test_failures=False, packages_skip_test_passed=False, packages_select=None, packages_skip=None, packages_select_regex=None, packages_skip_regex=None, packages_start=None, packages_end=None, allow_overriding=[], cmake_args=None, cmake_target=None, cmake_target_skip_unavailable=False, cmake_clean_cache=False, cmake_clean_first=False, cmake_force_configure=False, ament_cmake_args=None, catkin_cmake_args=None, catkin_skip_building_tests=False, verb_parser=<colcon_defaults.argument_parser.defaults.DefaultArgumentsDecorator object at 0x7f924493e110>, verb_extension=<colcon_core.verb.build.BuildVerb object at 0x7f924492a3e0>, main=<bound method BuildVerb.main of <colcon_core.verb.build.BuildVerb object at 0x7f924492a3e0>>)
[0.935s] Level 1:colcon.colcon_core.package_discovery:discover_packages(colcon_meta) check parameters
[0.936s] Level 1:colcon.colcon_core.package_discovery:discover_packages(recursive) check parameters
[0.936s] Level 1:colcon.colcon_core.package_discovery:discover_packages(ignore) check parameters
[0.936s] Level 1:colcon.colcon_core.package_discovery:discover_packages(path) check parameters
[0.936s] Level 1:colcon.colcon_core.package_discovery:discover_packages(colcon_meta) discover
[0.936s] Level 1:colcon.colcon_core.package_discovery:discover_packages(recursive) discover
[0.936s] INFO:colcon.colcon_core.package_discovery:Crawling recursively for packages in '/home/sara/aubo_ws'
[0.936s] Level 1:colcon.colcon_core.package_identification:_identify(.) by extensions ['ignore', 'ignore_ament_install']
[0.936s] Level 1:colcon.colcon_core.package_identification:_identify(.) by extension 'ignore'
[0.936s] Level 1:colcon.colcon_core.package_identification:_identify(.) by extension 'ignore_ament_install'
[0.936s] Level 1:colcon.colcon_core.package_identification:_identify(.) by extensions ['colcon_pkg']
[0.936s] Level 1:colcon.colcon_core.package_identification:_identify(.) by extension 'colcon_pkg'
[0.936s] Level 1:colcon.colcon_core.package_identification:_identify(.) by extensions ['colcon_meta']
[0.936s] Level 1:colcon.colcon_core.package_identification:_identify(.) by extension 'colcon_meta'
[0.936s] Level 1:colcon.colcon_core.package_identification:_identify(.) by extensions ['ros']
[0.936s] Level 1:colcon.colcon_core.package_identification:_identify(.) by extension 'ros'
[0.946s] Level 1:colcon.colcon_core.package_identification:_identify(.) by extensions ['cmake', 'python']
[0.946s] Level 1:colcon.colcon_core.package_identification:_identify(.) by extension 'cmake'
[0.946s] Level 1:colcon.colcon_core.package_identification:_identify(.) by extension 'python'
[0.946s] Level 1:colcon.colcon_core.package_identification:_identify(.) by extensions ['python_setup_py']
[0.946s] Level 1:colcon.colcon_core.package_identification:_identify(.) by extension 'python_setup_py'
[0.946s] Level 1:colcon.colcon_core.package_identification:_identify(build) by extensions ['ignore', 'ignore_ament_install']
[0.946s] Level 1:colcon.colcon_core.package_identification:_identify(build) by extension 'ignore'
[0.946s] Level 1:colcon.colcon_core.package_identification:_identify(build) ignored
[0.946s] Level 1:colcon.colcon_core.package_identification:_identify(install) by extensions ['ignore', 'ignore_ament_install']
[0.946s] Level 1:colcon.colcon_core.package_identification:_identify(install) by extension 'ignore'
[0.946s] Level 1:colcon.colcon_core.package_identification:_identify(install) ignored
[0.947s] Level 1:colcon.colcon_core.package_identification:_identify(log) by extensions ['ignore', 'ignore_ament_install']
[0.947s] Level 1:colcon.colcon_core.package_identification:_identify(log) by extension 'ignore'
[0.947s] Level 1:colcon.colcon_core.package_identification:_identify(log) ignored
[0.947s] Level 1:colcon.colcon_core.package_identification:_identify(src) by extensions ['ignore', 'ignore_ament_install']
[0.947s] Level 1:colcon.colcon_core.package_identification:_identify(src) by extension 'ignore'
[0.947s] Level 1:colcon.colcon_core.package_identification:_identify(src) by extension 'ignore_ament_install'
[0.947s] Level 1:colcon.colcon_core.package_identification:_identify(src) by extensions ['colcon_pkg']
[0.947s] Level 1:colcon.colcon_core.package_identification:_identify(src) by extension 'colcon_pkg'
[0.947s] Level 1:colcon.colcon_core.package_identification:_identify(src) by extensions ['colcon_meta']
[0.947s] Level 1:colcon.colcon_core.package_identification:_identify(src) by extension 'colcon_meta'
[0.947s] Level 1:colcon.colcon_core.package_identification:_identify(src) by extensions ['ros']
[0.947s] Level 1:colcon.colcon_core.package_identification:_identify(src) by extension 'ros'
[0.947s] Level 1:colcon.colcon_core.package_identification:_identify(src) by extensions ['cmake', 'python']
[0.947s] Level 1:colcon.colcon_core.package_identification:_identify(src) by extension 'cmake'
[0.947s] Level 1:colcon.colcon_core.package_identification:_identify(src) by extension 'python'
[0.947s] Level 1:colcon.colcon_core.package_identification:_identify(src) by extensions ['python_setup_py']
[0.947s] Level 1:colcon.colcon_core.package_identification:_identify(src) by extension 'python_setup_py'
[0.947s] Level 1:colcon.colcon_core.package_identification:_identify(src/aubo_control) by extensions ['ignore', 'ignore_ament_install']
[0.947s] Level 1:colcon.colcon_core.package_identification:_identify(src/aubo_control) by extension 'ignore'
[0.947s] Level 1:colcon.colcon_core.package_identification:_identify(src/aubo_control) by extension 'ignore_ament_install'
[0.947s] Level 1:colcon.colcon_core.package_identification:_identify(src/aubo_control) by extensions ['colcon_pkg']
[0.947s] Level 1:colcon.colcon_core.package_identification:_identify(src/aubo_control) by extension 'colcon_pkg'
[0.948s] Level 1:colcon.colcon_core.package_identification:_identify(src/aubo_control) by extensions ['colcon_meta']
[0.948s] Level 1:colcon.colcon_core.package_identification:_identify(src/aubo_control) by extension 'colcon_meta'
[0.948s] Level 1:colcon.colcon_core.package_identification:_identify(src/aubo_control) by extensions ['ros']
[0.948s] Level 1:colcon.colcon_core.package_identification:_identify(src/aubo_control) by extension 'ros'
[0.948s] Level 1:colcon.colcon_core.package_identification:_identify(src/aubo_control) by extensions ['cmake', 'python']
[0.948s] Level 1:colcon.colcon_core.package_identification:_identify(src/aubo_control) by extension 'cmake'
[0.948s] Level 1:colcon.colcon_core.package_identification:_identify(src/aubo_control) by extension 'python'
[0.948s] Level 1:colcon.colcon_core.package_identification:_identify(src/aubo_control) by extensions ['python_setup_py']
[0.948s] Level 1:colcon.colcon_core.package_identification:_identify(src/aubo_control) by extension 'python_setup_py'
[0.948s] Level 1:colcon.colcon_core.package_identification:_identify(src/aubo_control/argo) by extensions ['ignore', 'ignore_ament_install']
[0.948s] Level 1:colcon.colcon_core.package_identification:_identify(src/aubo_control/argo) by extension 'ignore'
[0.948s] Level 1:colcon.colcon_core.package_identification:_identify(src/aubo_control/argo) by extension 'ignore_ament_install'
[0.948s] Level 1:colcon.colcon_core.package_identification:_identify(src/aubo_control/argo) by extensions ['colcon_pkg']
[0.948s] Level 1:colcon.colcon_core.package_identification:_identify(src/aubo_control/argo) by extension 'colcon_pkg'
[0.948s] Level 1:colcon.colcon_core.package_identification:_identify(src/aubo_control/argo) by extensions ['colcon_meta']
[0.948s] Level 1:colcon.colcon_core.package_identification:_identify(src/aubo_control/argo) by extension 'colcon_meta'
[0.948s] Level 1:colcon.colcon_core.package_identification:_identify(src/aubo_control/argo) by extensions ['ros']
[0.948s] Level 1:colcon.colcon_core.package_identification:_identify(src/aubo_control/argo) by extension 'ros'
[0.950s] DEBUG:colcon.colcon_core.package_identification:Package 'src/aubo_control/argo' with type 'ros.ament_cmake' and name 'argo'
[0.950s] Level 1:colcon.colcon_core.package_identification:_identify(src/aubo_control/aubo) by extensions ['ignore', 'ignore_ament_install']
[0.950s] Level 1:colcon.colcon_core.package_identification:_identify(src/aubo_control/aubo) by extension 'ignore'
[0.950s] Level 1:colcon.colcon_core.package_identification:_identify(src/aubo_control/aubo) by extension 'ignore_ament_install'
[0.950s] Level 1:colcon.colcon_core.package_identification:_identify(src/aubo_control/aubo) by extensions ['colcon_pkg']
[0.950s] Level 1:colcon.colcon_core.package_identification:_identify(src/aubo_control/aubo) by extension 'colcon_pkg'
[0.950s] Level 1:colcon.colcon_core.package_identification:_identify(src/aubo_control/aubo) by extensions ['colcon_meta']
[0.950s] Level 1:colcon.colcon_core.package_identification:_identify(src/aubo_control/aubo) by extension 'colcon_meta'
[0.950s] Level 1:colcon.colcon_core.package_identification:_identify(src/aubo_control/aubo) by extensions ['ros']
[0.950s] Level 1:colcon.colcon_core.package_identification:_identify(src/aubo_control/aubo) by extension 'ros'
[0.951s] DEBUG:colcon.colcon_core.package_identification:Package 'src/aubo_control/aubo' with type 'ros.ament_cmake' and name 'aubo'
[0.951s] Level 1:colcon.colcon_core.package_identification:_identify(src/aubo_control/control) by extensions ['ignore', 'ignore_ament_install']
[0.951s] Level 1:colcon.colcon_core.package_identification:_identify(src/aubo_control/control) by extension 'ignore'
[0.951s] Level 1:colcon.colcon_core.package_identification:_identify(src/aubo_control/control) by extension 'ignore_ament_install'
[0.951s] Level 1:colcon.colcon_core.package_identification:_identify(src/aubo_control/control) by extensions ['colcon_pkg']
[0.951s] Level 1:colcon.colcon_core.package_identification:_identify(src/aubo_control/control) by extension 'colcon_pkg'
[0.951s] Level 1:colcon.colcon_core.package_identification:_identify(src/aubo_control/control) by extensions ['colcon_meta']
[0.951s] Level 1:colcon.colcon_core.package_identification:_identify(src/aubo_control/control) by extension 'colcon_meta'
[0.951s] Level 1:colcon.colcon_core.package_identification:_identify(src/aubo_control/control) by extensions ['ros']
[0.951s] Level 1:colcon.colcon_core.package_identification:_identify(src/aubo_control/control) by extension 'ros'
[0.952s] DEBUG:colcon.colcon_core.package_identification:Package 'src/aubo_control/control' with type 'ros.ament_cmake' and name 'control'
[0.952s] Level 1:colcon.colcon_core.package_identification:_identify(src/aubo_description) by extensions ['ignore', 'ignore_ament_install']
[0.952s] Level 1:colcon.colcon_core.package_identification:_identify(src/aubo_description) by extension 'ignore'
[0.952s] Level 1:colcon.colcon_core.package_identification:_identify(src/aubo_description) by extension 'ignore_ament_install'
[0.952s] Level 1:colcon.colcon_core.package_identification:_identify(src/aubo_description) by extensions ['colcon_pkg']
[0.952s] Level 1:colcon.colcon_core.package_identification:_identify(src/aubo_description) by extension 'colcon_pkg'
[0.952s] Level 1:colcon.colcon_core.package_identification:_identify(src/aubo_description) by extensions ['colcon_meta']
[0.952s] Level 1:colcon.colcon_core.package_identification:_identify(src/aubo_description) by extension 'colcon_meta'
[0.952s] Level 1:colcon.colcon_core.package_identification:_identify(src/aubo_description) by extensions ['ros']
[0.952s] Level 1:colcon.colcon_core.package_identification:_identify(src/aubo_description) by extension 'ros'
[0.952s] DEBUG:colcon.colcon_core.package_identification:Package 'src/aubo_description' with type 'ros.ament_cmake' and name 'aubo_description'
[0.952s] Level 1:colcon.colcon_core.package_discovery:discover_packages(recursive) using defaults
[0.953s] Level 1:colcon.colcon_core.package_discovery:discover_packages(ignore) discover
[0.953s] Level 1:colcon.colcon_core.package_discovery:discover_packages(ignore) using defaults
[0.953s] Level 1:colcon.colcon_core.package_discovery:discover_packages(path) discover
[0.953s] Level 1:colcon.colcon_core.package_discovery:discover_packages(path) using defaults
[1.034s] Level 1:colcon.colcon_core.package_discovery:discover_packages(prefix_path) check parameters
[1.034s] Level 1:colcon.colcon_core.package_discovery:discover_packages(prefix_path) discover
[1.064s] DEBUG:colcon.colcon_installed_package_information.package_discovery:Found 54 installed packages in /home/sara/ros2_ws/install
[1.078s] DEBUG:colcon.colcon_installed_package_information.package_discovery:Found 11 installed packages in /home/sara/aubo_ws/install
[1.092s] DEBUG:colcon.colcon_installed_package_information.package_discovery:Found 333 installed packages in /opt/ros/humble
[1.094s] Level 1:colcon.colcon_core.package_discovery:discover_packages(prefix_path) using defaults
[1.193s] Level 5:colcon.colcon_core.verb:set package 'argo' build argument 'cmake_args' from command line to 'None'
[1.193s] Level 5:colcon.colcon_core.verb:set package 'argo' build argument 'cmake_target' from command line to 'None'
[1.193s] Level 5:colcon.colcon_core.verb:set package 'argo' build argument 'cmake_target_skip_unavailable' from command line to 'False'
[1.193s] Level 5:colcon.colcon_core.verb:set package 'argo' build argument 'cmake_clean_cache' from command line to 'False'
[1.193s] Level 5:colcon.colcon_core.verb:set package 'argo' build argument 'cmake_clean_first' from command line to 'False'
[1.194s] Level 5:colcon.colcon_core.verb:set package 'argo' build argument 'cmake_force_configure' from command line to 'False'
[1.194s] Level 5:colcon.colcon_core.verb:set package 'argo' build argument 'ament_cmake_args' from command line to 'None'
[1.194s] Level 5:colcon.colcon_core.verb:set package 'argo' build argument 'catkin_cmake_args' from command line to 'None'
[1.194s] Level 5:colcon.colcon_core.verb:set package 'argo' build argument 'catkin_skip_building_tests' from command line to 'False'
[1.194s] DEBUG:colcon.colcon_core.verb:Building package 'argo' with the following arguments: {'ament_cmake_args': None, 'build_base': '/home/sara/aubo_ws/build/argo', 'catkin_cmake_args': None, 'catkin_skip_building_tests': False, 'cmake_args': None, 'cmake_clean_cache': False, 'cmake_clean_first': False, 'cmake_force_configure': False, 'cmake_target': None, 'cmake_target_skip_unavailable': False, 'install_base': '/home/sara/aubo_ws/install/argo', 'merge_install': False, 'path': '/home/sara/aubo_ws/src/aubo_control/argo', 'symlink_install': False, 'test_result_base': None}
[1.207s] Level 5:colcon.colcon_core.verb:set package 'aubo' build argument 'cmake_args' from command line to 'None'
[1.207s] Level 5:colcon.colcon_core.verb:set package 'aubo' build argument 'cmake_target' from command line to 'None'
[1.207s] Level 5:colcon.colcon_core.verb:set package 'aubo' build argument 'cmake_target_skip_unavailable' from command line to 'False'
[1.207s] Level 5:colcon.colcon_core.verb:set package 'aubo' build argument 'cmake_clean_cache' from command line to 'False'
[1.207s] Level 5:colcon.colcon_core.verb:set package 'aubo' build argument 'cmake_clean_first' from command line to 'False'
[1.207s] Level 5:colcon.colcon_core.verb:set package 'aubo' build argument 'cmake_force_configure' from command line to 'False'
[1.207s] Level 5:colcon.colcon_core.verb:set package 'aubo' build argument 'ament_cmake_args' from command line to 'None'
[1.207s] Level 5:colcon.colcon_core.verb:set package 'aubo' build argument 'catkin_cmake_args' from command line to 'None'
[1.207s] Level 5:colcon.colcon_core.verb:set package 'aubo' build argument 'catkin_skip_building_tests' from command line to 'False'
[1.207s] DEBUG:colcon.colcon_core.verb:Building package 'aubo' with the following arguments: {'ament_cmake_args': None, 'build_base': '/home/sara/aubo_ws/build/aubo', 'catkin_cmake_args': None, 'catkin_skip_building_tests': False, 'cmake_args': None, 'cmake_clean_cache': False, 'cmake_clean_first': False, 'cmake_force_configure': False, 'cmake_target': None, 'cmake_target_skip_unavailable': False, 'install_base': '/home/sara/aubo_ws/install/aubo', 'merge_install': False, 'path': '/home/sara/aubo_ws/src/aubo_control/aubo', 'symlink_install': False, 'test_result_base': None}
[1.220s] Level 5:colcon.colcon_core.verb:set package 'aubo_description' build argument 'cmake_args' from command line to 'None'
[1.220s] Level 5:colcon.colcon_core.verb:set package 'aubo_description' build argument 'cmake_target' from command line to 'None'
[1.220s] Level 5:colcon.colcon_core.verb:set package 'aubo_description' build argument 'cmake_target_skip_unavailable' from command line to 'False'
[1.220s] Level 5:colcon.colcon_core.verb:set package 'aubo_description' build argument 'cmake_clean_cache' from command line to 'False'
[1.220s] Level 5:colcon.colcon_core.verb:set package 'aubo_description' build argument 'cmake_clean_first' from command line to 'False'
[1.220s] Level 5:colcon.colcon_core.verb:set package 'aubo_description' build argument 'cmake_force_configure' from command line to 'False'
[1.220s] Level 5:colcon.colcon_core.verb:set package 'aubo_description' build argument 'ament_cmake_args' from command line to 'None'
[1.220s] Level 5:colcon.colcon_core.verb:set package 'aubo_description' build argument 'catkin_cmake_args' from command line to 'None'
[1.220s] Level 5:colcon.colcon_core.verb:set package 'aubo_description' build argument 'catkin_skip_building_tests' from command line to 'False'
[1.220s] DEBUG:colcon.colcon_core.verb:Building package 'aubo_description' with the following arguments: {'ament_cmake_args': None, 'build_base': '/home/sara/aubo_ws/build/aubo_description', 'catkin_cmake_args': None, 'catkin_skip_building_tests': False, 'cmake_args': None, 'cmake_clean_cache': False, 'cmake_clean_first': False, 'cmake_force_configure': False, 'cmake_target': None, 'cmake_target_skip_unavailable': False, 'install_base': '/home/sara/aubo_ws/install/aubo_description', 'merge_install': False, 'path': '/home/sara/aubo_ws/src/aubo_description', 'symlink_install': False, 'test_result_base': None}
[1.234s] Level 5:colcon.colcon_core.verb:set package 'control' build argument 'cmake_args' from command line to 'None'
[1.234s] Level 5:colcon.colcon_core.verb:set package 'control' build argument 'cmake_target' from command line to 'None'
[1.234s] Level 5:colcon.colcon_core.verb:set package 'control' build argument 'cmake_target_skip_unavailable' from command line to 'False'
[1.234s] Level 5:colcon.colcon_core.verb:set package 'control' build argument 'cmake_clean_cache' from command line to 'False'
[1.234s] Level 5:colcon.colcon_core.verb:set package 'control' build argument 'cmake_clean_first' from command line to 'False'
[1.234s] Level 5:colcon.colcon_core.verb:set package 'control' build argument 'cmake_force_configure' from command line to 'False'
[1.234s] Level 5:colcon.colcon_core.verb:set package 'control' build argument 'ament_cmake_args' from command line to 'None'
[1.234s] Level 5:colcon.colcon_core.verb:set package 'control' build argument 'catkin_cmake_args' from command line to 'None'
[1.234s] Level 5:colcon.colcon_core.verb:set package 'control' build argument 'catkin_skip_building_tests' from command line to 'False'
[1.234s] DEBUG:colcon.colcon_core.verb:Building package 'control' with the following arguments: {'ament_cmake_args': None, 'build_base': '/home/sara/aubo_ws/build/control', 'catkin_cmake_args': None, 'catkin_skip_building_tests': False, 'cmake_args': None, 'cmake_clean_cache': False, 'cmake_clean_first': False, 'cmake_force_configure': False, 'cmake_target': None, 'cmake_target_skip_unavailable': False, 'install_base': '/home/sara/aubo_ws/install/control', 'merge_install': False, 'path': '/home/sara/aubo_ws/src/aubo_control/control', 'symlink_install': False, 'test_result_base': None}
[1.247s] INFO:colcon.colcon_core.executor:Executing jobs using 'parallel' executor
[1.261s] DEBUG:colcon.colcon_parallel_executor.executor.parallel:run_until_complete
[1.261s] INFO:colcon.colcon_ros.task.ament_cmake.build:Building ROS package in '/home/sara/aubo_ws/src/aubo_control/argo' with build type 'ament_cmake'
[1.261s] INFO:colcon.colcon_cmake.task.cmake.build:Building CMake package in '/home/sara/aubo_ws/src/aubo_control/argo'
[1.277s] INFO:colcon.colcon_core.plugin_system:Skipping extension 'colcon_core.shell.bat': Not used on non-Windows systems
[1.277s] INFO:colcon.colcon_core.shell:Skip shell extension 'powershell' for command environment: Not usable outside of PowerShell
[1.277s] DEBUG:colcon.colcon_core.shell:Skip shell extension 'dsv' for command environment
[1.337s] INFO:colcon.colcon_ros.task.ament_cmake.build:Building ROS package in '/home/sara/aubo_ws/src/aubo_control/aubo' with build type 'ament_cmake'
[1.337s] INFO:colcon.colcon_cmake.task.cmake.build:Building CMake package in '/home/sara/aubo_ws/src/aubo_control/aubo'
[1.351s] INFO:colcon.colcon_core.shell:Skip shell extension 'powershell' for command environment: Not usable outside of PowerShell
[1.352s] DEBUG:colcon.colcon_core.shell:Skip shell extension 'dsv' for command environment
[1.412s] INFO:colcon.colcon_ros.task.ament_cmake.build:Building ROS package in '/home/sara/aubo_ws/src/aubo_description' with build type 'ament_cmake'
[1.412s] INFO:colcon.colcon_cmake.task.cmake.build:Building CMake package in '/home/sara/aubo_ws/src/aubo_description'
[1.426s] INFO:colcon.colcon_core.shell:Skip shell extension 'powershell' for command environment: Not usable outside of PowerShell
[1.427s] DEBUG:colcon.colcon_core.shell:Skip shell extension 'dsv' for command environment
[1.488s] INFO:colcon.colcon_ros.task.ament_cmake.build:Building ROS package in '/home/sara/aubo_ws/src/aubo_control/control' with build type 'ament_cmake'
[1.488s] INFO:colcon.colcon_cmake.task.cmake.build:Building CMake package in '/home/sara/aubo_ws/src/aubo_control/control'
[1.502s] INFO:colcon.colcon_core.shell:Skip shell extension 'powershell' for command environment: Not usable outside of PowerShell
[1.502s] DEBUG:colcon.colcon_core.shell:Skip shell extension 'dsv' for command environment
[1.567s] DEBUG:colcon.colcon_core.event_handler.log_command:Invoking command in '/home/sara/aubo_ws/build/argo': CMAKE_PREFIX_PATH=${CMAKE_PREFIX_PATH}:/home/sara/ros2_ws/install/rqt_joint_trajectory_controller:/home/sara/ros2_ws/install/rqt_controller_manager:/home/sara/ros2_ws/install/ros2controlcli:/home/sara/ros2_ws/install/ros2_controllers_test_nodes:/home/sara/aubo_ws/install/ros2_controllers_test_nodes:/opt/ros/humble /usr/bin/cmake --build /home/sara/aubo_ws/build/argo -- -j8 -l8
[1.570s] DEBUG:colcon.colcon_core.event_handler.log_command:Invoking command in '/home/sara/aubo_ws/build/aubo': CMAKE_PREFIX_PATH=${CMAKE_PREFIX_PATH}:/home/sara/ros2_ws/install/rqt_joint_trajectory_controller:/home/sara/ros2_ws/install/rqt_controller_manager:/home/sara/ros2_ws/install/ros2controlcli:/home/sara/ros2_ws/install/ros2_controllers_test_nodes:/home/sara/aubo_ws/install/ros2_controllers_test_nodes:/opt/ros/humble /usr/bin/cmake --build /home/sara/aubo_ws/build/aubo -- -j8 -l8
[1.573s] DEBUG:colcon.colcon_core.event_handler.log_command:Invoking command in '/home/sara/aubo_ws/build/aubo_description': CMAKE_PREFIX_PATH=${CMAKE_PREFIX_PATH}:/home/sara/ros2_ws/install/rqt_joint_trajectory_controller:/home/sara/ros2_ws/install/rqt_controller_manager:/home/sara/ros2_ws/install/ros2controlcli:/home/sara/ros2_ws/install/ros2_controllers_test_nodes:/home/sara/aubo_ws/install/ros2_controllers_test_nodes:/opt/ros/humble /usr/bin/cmake --build /home/sara/aubo_ws/build/aubo_description -- -j8 -l8
[1.578s] DEBUG:colcon.colcon_core.event_handler.log_command:Invoking command in '/home/sara/aubo_ws/build/control': CMAKE_PREFIX_PATH=${CMAKE_PREFIX_PATH}:/home/sara/ros2_ws/install/rqt_joint_trajectory_controller:/home/sara/ros2_ws/install/rqt_controller_manager:/home/sara/ros2_ws/install/ros2controlcli:/home/sara/ros2_ws/install/ros2_controllers_test_nodes:/home/sara/aubo_ws/install/ros2_controllers_test_nodes:/opt/ros/humble /usr/bin/cmake --build /home/sara/aubo_ws/build/control -- -j8 -l8
[1.626s] DEBUG:colcon.colcon_core.event_handler.log_command:Invoked command in '/home/sara/aubo_ws/build/argo' returned '0': CMAKE_PREFIX_PATH=${CMAKE_PREFIX_PATH}:/home/sara/ros2_ws/install/rqt_joint_trajectory_controller:/home/sara/ros2_ws/install/rqt_controller_manager:/home/sara/ros2_ws/install/ros2controlcli:/home/sara/ros2_ws/install/ros2_controllers_test_nodes:/home/sara/aubo_ws/install/ros2_controllers_test_nodes:/opt/ros/humble /usr/bin/cmake --build /home/sara/aubo_ws/build/argo -- -j8 -l8
[1.630s] DEBUG:colcon.colcon_core.event_handler.log_command:Invoked command in '/home/sara/aubo_ws/build/aubo' returned '0': CMAKE_PREFIX_PATH=${CMAKE_PREFIX_PATH}:/home/sara/ros2_ws/install/rqt_joint_trajectory_controller:/home/sara/ros2_ws/install/rqt_controller_manager:/home/sara/ros2_ws/install/ros2controlcli:/home/sara/ros2_ws/install/ros2_controllers_test_nodes:/home/sara/aubo_ws/install/ros2_controllers_test_nodes:/opt/ros/humble /usr/bin/cmake --build /home/sara/aubo_ws/build/aubo -- -j8 -l8
[1.647s] DEBUG:colcon.colcon_core.event_handler.log_command:Invoked command in '/home/sara/aubo_ws/build/aubo_description' returned '0': CMAKE_PREFIX_PATH=${CMAKE_PREFIX_PATH}:/home/sara/ros2_ws/install/rqt_joint_trajectory_controller:/home/sara/ros2_ws/install/rqt_controller_manager:/home/sara/ros2_ws/install/ros2controlcli:/home/sara/ros2_ws/install/ros2_controllers_test_nodes:/home/sara/aubo_ws/install/ros2_controllers_test_nodes:/opt/ros/humble /usr/bin/cmake --build /home/sara/aubo_ws/build/aubo_description -- -j8 -l8
[1.729s] DEBUG:colcon.colcon_core.event_handler.log_command:Invoking command in '/home/sara/aubo_ws/build/aubo_description': CMAKE_PREFIX_PATH=${CMAKE_PREFIX_PATH}:/home/sara/ros2_ws/install/rqt_joint_trajectory_controller:/home/sara/ros2_ws/install/rqt_controller_manager:/home/sara/ros2_ws/install/ros2controlcli:/home/sara/ros2_ws/install/ros2_controllers_test_nodes:/home/sara/aubo_ws/install/ros2_controllers_test_nodes:/opt/ros/humble /usr/bin/cmake --install /home/sara/aubo_ws/build/aubo_description
[1.732s] DEBUG:colcon.colcon_core.event_handler.log_command:Invoking command in '/home/sara/aubo_ws/build/aubo': CMAKE_PREFIX_PATH=${CMAKE_PREFIX_PATH}:/home/sara/ros2_ws/install/rqt_joint_trajectory_controller:/home/sara/ros2_ws/install/rqt_controller_manager:/home/sara/ros2_ws/install/ros2controlcli:/home/sara/ros2_ws/install/ros2_controllers_test_nodes:/home/sara/aubo_ws/install/ros2_controllers_test_nodes:/opt/ros/humble /usr/bin/cmake --install /home/sara/aubo_ws/build/aubo
[1.734s] DEBUG:colcon.colcon_core.event_handler.log_command:Invoking command in '/home/sara/aubo_ws/build/argo': CMAKE_PREFIX_PATH=${CMAKE_PREFIX_PATH}:/home/sara/ros2_ws/install/rqt_joint_trajectory_controller:/home/sara/ros2_ws/install/rqt_controller_manager:/home/sara/ros2_ws/install/ros2controlcli:/home/sara/ros2_ws/install/ros2_controllers_test_nodes:/home/sara/aubo_ws/install/ros2_controllers_test_nodes:/opt/ros/humble /usr/bin/cmake --install /home/sara/aubo_ws/build/argo
[1.759s] DEBUG:colcon.colcon_core.event_handler.log_command:Invoked command in '/home/sara/aubo_ws/build/control' returned '0': CMAKE_PREFIX_PATH=${CMAKE_PREFIX_PATH}:/home/sara/ros2_ws/install/rqt_joint_trajectory_controller:/home/sara/ros2_ws/install/rqt_controller_manager:/home/sara/ros2_ws/install/ros2controlcli:/home/sara/ros2_ws/install/ros2_controllers_test_nodes:/home/sara/aubo_ws/install/ros2_controllers_test_nodes:/opt/ros/humble /usr/bin/cmake --build /home/sara/aubo_ws/build/control -- -j8 -l8
[1.767s] Level 1:colcon.colcon_core.environment:create_environment_scripts_only(aubo_description)
[1.769s] DEBUG:colcon.colcon_core.event_handler.log_command:Invoked command in '/home/sara/aubo_ws/build/aubo_description' returned '0': CMAKE_PREFIX_PATH=${CMAKE_PREFIX_PATH}:/home/sara/ros2_ws/install/rqt_joint_trajectory_controller:/home/sara/ros2_ws/install/rqt_controller_manager:/home/sara/ros2_ws/install/ros2controlcli:/home/sara/ros2_ws/install/ros2_controllers_test_nodes:/home/sara/aubo_ws/install/ros2_controllers_test_nodes:/opt/ros/humble /usr/bin/cmake --install /home/sara/aubo_ws/build/aubo_description
[1.786s] Level 1:colcon.colcon_core.environment:checking '/home/sara/aubo_ws/install/aubo_description' for CMake module files
[1.787s] Level 1:colcon.colcon_core.environment:checking '/home/sara/aubo_ws/install/aubo_description' for CMake config files
[1.787s] Level 1:colcon.colcon_core.shell:create_environment_hook('aubo_description', 'cmake_prefix_path')
[1.802s] INFO:colcon.colcon_core.shell:Creating environment hook '/home/sara/aubo_ws/install/aubo_description/share/aubo_description/hook/cmake_prefix_path.ps1'
[1.802s] INFO:colcon.colcon_core.shell:Creating environment descriptor '/home/sara/aubo_ws/install/aubo_description/share/aubo_description/hook/cmake_prefix_path.dsv'
[1.803s] INFO:colcon.colcon_core.shell:Creating environment hook '/home/sara/aubo_ws/install/aubo_description/share/aubo_description/hook/cmake_prefix_path.sh'
[1.803s] Level 1:colcon.colcon_core.environment:checking '/home/sara/aubo_ws/install/aubo_description/bin'
[1.803s] Level 1:colcon.colcon_core.environment:checking '/home/sara/aubo_ws/install/aubo_description/lib/pkgconfig/aubo_description.pc'
[1.804s] Level 1:colcon.colcon_core.environment:checking '/home/sara/aubo_ws/install/aubo_description/lib/python3.10/site-packages'
[1.804s] Level 1:colcon.colcon_core.environment:checking '/home/sara/aubo_ws/install/aubo_description/bin'
[1.817s] INFO:colcon.colcon_core.shell:Creating package script '/home/sara/aubo_ws/install/aubo_description/share/aubo_description/package.ps1'
[1.818s] INFO:colcon.colcon_core.shell:Creating package descriptor '/home/sara/aubo_ws/install/aubo_description/share/aubo_description/package.dsv'
[1.819s] INFO:colcon.colcon_core.shell:Creating package script '/home/sara/aubo_ws/install/aubo_description/share/aubo_description/package.sh'
[1.819s] INFO:colcon.colcon_core.shell:Creating package script '/home/sara/aubo_ws/install/aubo_description/share/aubo_description/package.bash'
[1.820s] INFO:colcon.colcon_core.shell:Creating package script '/home/sara/aubo_ws/install/aubo_description/share/aubo_description/package.zsh'
[1.820s] Level 1:colcon.colcon_core.environment:create_file_with_runtime_dependencies(/home/sara/aubo_ws/install/aubo_description/share/colcon-core/packages/aubo_description)
[1.822s] Level 1:colcon.colcon_core.environment:create_environment_scripts_only(aubo)
[1.823s] DEBUG:colcon.colcon_core.event_handler.log_command:Invoked command in '/home/sara/aubo_ws/build/aubo' returned '0': CMAKE_PREFIX_PATH=${CMAKE_PREFIX_PATH}:/home/sara/ros2_ws/install/rqt_joint_trajectory_controller:/home/sara/ros2_ws/install/rqt_controller_manager:/home/sara/ros2_ws/install/ros2controlcli:/home/sara/ros2_ws/install/ros2_controllers_test_nodes:/home/sara/aubo_ws/install/ros2_controllers_test_nodes:/opt/ros/humble /usr/bin/cmake --install /home/sara/aubo_ws/build/aubo
[1.839s] Level 1:colcon.colcon_core.environment:checking '/home/sara/aubo_ws/install/aubo' for CMake module files
[1.839s] Level 1:colcon.colcon_core.environment:checking '/home/sara/aubo_ws/install/aubo' for CMake config files
[1.840s] Level 1:colcon.colcon_core.shell:create_environment_hook('aubo', 'cmake_prefix_path')
[1.854s] INFO:colcon.colcon_core.shell:Creating environment hook '/home/sara/aubo_ws/install/aubo/share/aubo/hook/cmake_prefix_path.ps1'
[1.855s] INFO:colcon.colcon_core.shell:Creating environment descriptor '/home/sara/aubo_ws/install/aubo/share/aubo/hook/cmake_prefix_path.dsv'
[1.855s] INFO:colcon.colcon_core.shell:Creating environment hook '/home/sara/aubo_ws/install/aubo/share/aubo/hook/cmake_prefix_path.sh'
[1.855s] Level 1:colcon.colcon_core.environment:checking '/home/sara/aubo_ws/install/aubo/bin'
[1.856s] Level 1:colcon.colcon_core.environment:checking '/home/sara/aubo_ws/install/aubo/lib/pkgconfig/aubo.pc'
[1.856s] Level 1:colcon.colcon_core.environment:checking '/home/sara/aubo_ws/install/aubo/lib/python3.10/site-packages'
[1.856s] Level 1:colcon.colcon_core.environment:checking '/home/sara/aubo_ws/install/aubo/bin'
[1.871s] INFO:colcon.colcon_core.shell:Creating package script '/home/sara/aubo_ws/install/aubo/share/aubo/package.ps1'
[1.871s] INFO:colcon.colcon_core.shell:Creating package descriptor '/home/sara/aubo_ws/install/aubo/share/aubo/package.dsv'
[1.871s] INFO:colcon.colcon_core.shell:Creating package script '/home/sara/aubo_ws/install/aubo/share/aubo/package.sh'
[1.872s] INFO:colcon.colcon_core.shell:Creating package script '/home/sara/aubo_ws/install/aubo/share/aubo/package.bash'
[1.872s] INFO:colcon.colcon_core.shell:Creating package script '/home/sara/aubo_ws/install/aubo/share/aubo/package.zsh'
[1.872s] Level 1:colcon.colcon_core.environment:create_file_with_runtime_dependencies(/home/sara/aubo_ws/install/aubo/share/colcon-core/packages/aubo)
[1.873s] Level 1:colcon.colcon_core.environment:create_environment_scripts_only(argo)
[1.874s] DEBUG:colcon.colcon_core.event_handler.log_command:Invoked command in '/home/sara/aubo_ws/build/argo' returned '0': CMAKE_PREFIX_PATH=${CMAKE_PREFIX_PATH}:/home/sara/ros2_ws/install/rqt_joint_trajectory_controller:/home/sara/ros2_ws/install/rqt_controller_manager:/home/sara/ros2_ws/install/ros2controlcli:/home/sara/ros2_ws/install/ros2_controllers_test_nodes:/home/sara/aubo_ws/install/ros2_controllers_test_nodes:/opt/ros/humble /usr/bin/cmake --install /home/sara/aubo_ws/build/argo
[1.888s] Level 1:colcon.colcon_core.environment:checking '/home/sara/aubo_ws/install/argo' for CMake module files
[1.888s] Level 1:colcon.colcon_core.environment:checking '/home/sara/aubo_ws/install/argo' for CMake config files
[1.888s] Level 1:colcon.colcon_core.shell:create_environment_hook('argo', 'cmake_prefix_path')
[1.903s] INFO:colcon.colcon_core.shell:Creating environment hook '/home/sara/aubo_ws/install/argo/share/argo/hook/cmake_prefix_path.ps1'
[1.903s] INFO:colcon.colcon_core.shell:Creating environment descriptor '/home/sara/aubo_ws/install/argo/share/argo/hook/cmake_prefix_path.dsv'
[1.904s] INFO:colcon.colcon_core.shell:Creating environment hook '/home/sara/aubo_ws/install/argo/share/argo/hook/cmake_prefix_path.sh'
[1.904s] Level 1:colcon.colcon_core.environment:checking '/home/sara/aubo_ws/install/argo/bin'
[1.904s] Level 1:colcon.colcon_core.environment:checking '/home/sara/aubo_ws/install/argo/lib/pkgconfig/argo.pc'
[1.904s] Level 1:colcon.colcon_core.environment:checking '/home/sara/aubo_ws/install/argo/lib/python3.10/site-packages'
[1.905s] Level 1:colcon.colcon_core.environment:checking '/home/sara/aubo_ws/install/argo/bin'
[1.919s] INFO:colcon.colcon_core.shell:Creating package script '/home/sara/aubo_ws/install/argo/share/argo/package.ps1'
[1.919s] INFO:colcon.colcon_core.shell:Creating package descriptor '/home/sara/aubo_ws/install/argo/share/argo/package.dsv'
[1.920s] INFO:colcon.colcon_core.shell:Creating package script '/home/sara/aubo_ws/install/argo/share/argo/package.sh'
[1.920s] INFO:colcon.colcon_core.shell:Creating package script '/home/sara/aubo_ws/install/argo/share/argo/package.bash'
[1.920s] INFO:colcon.colcon_core.shell:Creating package script '/home/sara/aubo_ws/install/argo/share/argo/package.zsh'
[1.920s] Level 1:colcon.colcon_core.environment:create_file_with_runtime_dependencies(/home/sara/aubo_ws/install/argo/share/colcon-core/packages/argo)
[1.923s] DEBUG:colcon.colcon_core.event_handler.log_command:Invoking command in '/home/sara/aubo_ws/build/control': CMAKE_PREFIX_PATH=${CMAKE_PREFIX_PATH}:/home/sara/ros2_ws/install/rqt_joint_trajectory_controller:/home/sara/ros2_ws/install/rqt_controller_manager:/home/sara/ros2_ws/install/ros2controlcli:/home/sara/ros2_ws/install/ros2_controllers_test_nodes:/home/sara/aubo_ws/install/ros2_controllers_test_nodes:/opt/ros/humble /usr/bin/cmake --install /home/sara/aubo_ws/build/control
[1.939s] Level 1:colcon.colcon_core.environment:create_environment_scripts_only(aubo_description)
[1.954s] Level 1:colcon.colcon_core.environment:checking '/home/sara/aubo_ws/install/aubo_description' for CMake module files
[1.954s] Level 1:colcon.colcon_core.environment:checking '/home/sara/aubo_ws/install/aubo_description' for CMake config files
[1.954s] Level 1:colcon.colcon_core.shell:create_environment_hook('aubo_description', 'cmake_prefix_path')
[1.970s] INFO:colcon.colcon_core.shell:Creating environment hook '/home/sara/aubo_ws/install/aubo_description/share/aubo_description/hook/cmake_prefix_path.ps1'
[1.971s] INFO:colcon.colcon_core.shell:Creating environment descriptor '/home/sara/aubo_ws/install/aubo_description/share/aubo_description/hook/cmake_prefix_path.dsv'
[1.971s] INFO:colcon.colcon_core.shell:Creating environment hook '/home/sara/aubo_ws/install/aubo_description/share/aubo_description/hook/cmake_prefix_path.sh'
[1.971s] Level 1:colcon.colcon_core.environment:checking '/home/sara/aubo_ws/install/aubo_description/bin'
[1.971s] Level 1:colcon.colcon_core.environment:checking '/home/sara/aubo_ws/install/aubo_description/lib/pkgconfig/aubo_description.pc'
[1.971s] Level 1:colcon.colcon_core.environment:checking '/home/sara/aubo_ws/install/aubo_description/lib/python3.10/site-packages'
[1.972s] Level 1:colcon.colcon_core.environment:checking '/home/sara/aubo_ws/install/aubo_description/bin'
[1.985s] INFO:colcon.colcon_core.shell:Creating package script '/home/sara/aubo_ws/install/aubo_description/share/aubo_description/package.ps1'
[1.986s] INFO:colcon.colcon_core.shell:Creating package descriptor '/home/sara/aubo_ws/install/aubo_description/share/aubo_description/package.dsv'
[1.986s] INFO:colcon.colcon_core.shell:Creating package script '/home/sara/aubo_ws/install/aubo_description/share/aubo_description/package.sh'
[1.986s] INFO:colcon.colcon_core.shell:Creating package script '/home/sara/aubo_ws/install/aubo_description/share/aubo_description/package.bash'
[1.987s] INFO:colcon.colcon_core.shell:Creating package script '/home/sara/aubo_ws/install/aubo_description/share/aubo_description/package.zsh'
[1.987s] Level 1:colcon.colcon_core.environment:create_file_with_runtime_dependencies(/home/sara/aubo_ws/install/aubo_description/share/colcon-core/packages/aubo_description)
[2.006s] Level 1:colcon.colcon_core.environment:create_environment_scripts_only(aubo)
[2.019s] Level 1:colcon.colcon_core.environment:checking '/home/sara/aubo_ws/install/aubo' for CMake module files
[2.020s] Level 1:colcon.colcon_core.environment:checking '/home/sara/aubo_ws/install/aubo' for CMake config files
[2.020s] Level 1:colcon.colcon_core.shell:create_environment_hook('aubo', 'cmake_prefix_path')
[2.036s] INFO:colcon.colcon_core.shell:Creating environment hook '/home/sara/aubo_ws/install/aubo/share/aubo/hook/cmake_prefix_path.ps1'
[2.036s] INFO:colcon.colcon_core.shell:Creating environment descriptor '/home/sara/aubo_ws/install/aubo/share/aubo/hook/cmake_prefix_path.dsv'
[2.037s] INFO:colcon.colcon_core.shell:Creating environment hook '/home/sara/aubo_ws/install/aubo/share/aubo/hook/cmake_prefix_path.sh'
[2.037s] Level 1:colcon.colcon_core.environment:checking '/home/sara/aubo_ws/install/aubo/bin'
[2.037s] Level 1:colcon.colcon_core.environment:checking '/home/sara/aubo_ws/install/aubo/lib/pkgconfig/aubo.pc'
[2.037s] Level 1:colcon.colcon_core.environment:checking '/home/sara/aubo_ws/install/aubo/lib/python3.10/site-packages'
[2.037s] Level 1:colcon.colcon_core.environment:checking '/home/sara/aubo_ws/install/aubo/bin'
[2.051s] INFO:colcon.colcon_core.shell:Creating package script '/home/sara/aubo_ws/install/aubo/share/aubo/package.ps1'
[2.051s] INFO:colcon.colcon_core.shell:Creating package descriptor '/home/sara/aubo_ws/install/aubo/share/aubo/package.dsv'
[2.052s] INFO:colcon.colcon_core.shell:Creating package script '/home/sara/aubo_ws/install/aubo/share/aubo/package.sh'
[2.052s] INFO:colcon.colcon_core.shell:Creating package script '/home/sara/aubo_ws/install/aubo/share/aubo/package.bash'
[2.052s] INFO:colcon.colcon_core.shell:Creating package script '/home/sara/aubo_ws/install/aubo/share/aubo/package.zsh'
[2.053s] Level 1:colcon.colcon_core.environment:create_file_with_runtime_dependencies(/home/sara/aubo_ws/install/aubo/share/colcon-core/packages/aubo)
[2.053s] Level 1:colcon.colcon_core.environment:create_environment_scripts_only(control)
[2.054s] DEBUG:colcon.colcon_core.event_handler.log_command:Invoked command in '/home/sara/aubo_ws/build/control' returned '0': CMAKE_PREFIX_PATH=${CMAKE_PREFIX_PATH}:/home/sara/ros2_ws/install/rqt_joint_trajectory_controller:/home/sara/ros2_ws/install/rqt_controller_manager:/home/sara/ros2_ws/install/ros2controlcli:/home/sara/ros2_ws/install/ros2_controllers_test_nodes:/home/sara/aubo_ws/install/ros2_controllers_test_nodes:/opt/ros/humble /usr/bin/cmake --install /home/sara/aubo_ws/build/control
[2.067s] Level 1:colcon.colcon_core.environment:checking '/home/sara/aubo_ws/install/control' for CMake module files
[2.068s] Level 1:colcon.colcon_core.environment:checking '/home/sara/aubo_ws/install/control' for CMake config files
[2.068s] Level 1:colcon.colcon_core.shell:create_environment_hook('control', 'cmake_prefix_path')
[2.082s] INFO:colcon.colcon_core.shell:Creating environment hook '/home/sara/aubo_ws/install/control/share/control/hook/cmake_prefix_path.ps1'
[2.082s] INFO:colcon.colcon_core.shell:Creating environment descriptor '/home/sara/aubo_ws/install/control/share/control/hook/cmake_prefix_path.dsv'
[2.083s] INFO:colcon.colcon_core.shell:Creating environment hook '/home/sara/aubo_ws/install/control/share/control/hook/cmake_prefix_path.sh'
[2.083s] Level 1:colcon.colcon_core.environment:checking '/home/sara/aubo_ws/install/control/lib'
[2.083s] Level 1:colcon.colcon_core.environment:checking '/home/sara/aubo_ws/install/control/bin'
[2.083s] Level 1:colcon.colcon_core.environment:checking '/home/sara/aubo_ws/install/control/lib/pkgconfig/control.pc'
[2.084s] Level 1:colcon.colcon_core.environment:checking '/home/sara/aubo_ws/install/control/lib/python3.10/site-packages'
[2.084s] Level 1:colcon.colcon_core.environment:checking '/home/sara/aubo_ws/install/control/bin'
[2.098s] INFO:colcon.colcon_core.shell:Creating package script '/home/sara/aubo_ws/install/control/share/control/package.ps1'
[2.098s] INFO:colcon.colcon_core.shell:Creating package descriptor '/home/sara/aubo_ws/install/control/share/control/package.dsv'
[2.099s] INFO:colcon.colcon_core.shell:Creating package script '/home/sara/aubo_ws/install/control/share/control/package.sh'
[2.099s] INFO:colcon.colcon_core.shell:Creating package script '/home/sara/aubo_ws/install/control/share/control/package.bash'
[2.099s] INFO:colcon.colcon_core.shell:Creating package script '/home/sara/aubo_ws/install/control/share/control/package.zsh'
[2.099s] Level 1:colcon.colcon_core.environment:create_file_with_runtime_dependencies(/home/sara/aubo_ws/install/control/share/colcon-core/packages/control)
[2.114s] Level 1:colcon.colcon_core.environment:create_environment_scripts_only(argo)
[2.128s] Level 1:colcon.colcon_core.environment:checking '/home/sara/aubo_ws/install/argo' for CMake module files
[2.129s] Level 1:colcon.colcon_core.environment:checking '/home/sara/aubo_ws/install/argo' for CMake config files
[2.129s] Level 1:colcon.colcon_core.shell:create_environment_hook('argo', 'cmake_prefix_path')
[2.143s] INFO:colcon.colcon_core.shell:Creating environment hook '/home/sara/aubo_ws/install/argo/share/argo/hook/cmake_prefix_path.ps1'
[2.143s] INFO:colcon.colcon_core.shell:Creating environment descriptor '/home/sara/aubo_ws/install/argo/share/argo/hook/cmake_prefix_path.dsv'
[2.143s] INFO:colcon.colcon_core.shell:Creating environment hook '/home/sara/aubo_ws/install/argo/share/argo/hook/cmake_prefix_path.sh'
[2.144s] Level 1:colcon.colcon_core.environment:checking '/home/sara/aubo_ws/install/argo/bin'
[2.144s] Level 1:colcon.colcon_core.environment:checking '/home/sara/aubo_ws/install/argo/lib/pkgconfig/argo.pc'
[2.144s] Level 1:colcon.colcon_core.environment:checking '/home/sara/aubo_ws/install/argo/lib/python3.10/site-packages'
[2.144s] Level 1:colcon.colcon_core.environment:checking '/home/sara/aubo_ws/install/argo/bin'
[2.158s] INFO:colcon.colcon_core.shell:Creating package script '/home/sara/aubo_ws/install/argo/share/argo/package.ps1'
[2.159s] INFO:colcon.colcon_core.shell:Creating package descriptor '/home/sara/aubo_ws/install/argo/share/argo/package.dsv'
[2.159s] INFO:colcon.colcon_core.shell:Creating package script '/home/sara/aubo_ws/install/argo/share/argo/package.sh'
[2.159s] INFO:colcon.colcon_core.shell:Creating package script '/home/sara/aubo_ws/install/argo/share/argo/package.bash'
[2.160s] INFO:colcon.colcon_core.shell:Creating package script '/home/sara/aubo_ws/install/argo/share/argo/package.zsh'
[2.160s] Level 1:colcon.colcon_core.environment:create_file_with_runtime_dependencies(/home/sara/aubo_ws/install/argo/share/colcon-core/packages/argo)
[2.207s] Level 1:colcon.colcon_core.environment:create_environment_scripts_only(control)
[2.221s] Level 1:colcon.colcon_core.environment:checking '/home/sara/aubo_ws/install/control' for CMake module files
[2.221s] Level 1:colcon.colcon_core.environment:checking '/home/sara/aubo_ws/install/control' for CMake config files
[2.221s] Level 1:colcon.colcon_core.shell:create_environment_hook('control', 'cmake_prefix_path')
[2.243s] INFO:colcon.colcon_core.shell:Creating environment hook '/home/sara/aubo_ws/install/control/share/control/hook/cmake_prefix_path.ps1'
[2.243s] INFO:colcon.colcon_core.shell:Creating environment descriptor '/home/sara/aubo_ws/install/control/share/control/hook/cmake_prefix_path.dsv'
[2.243s] INFO:colcon.colcon_core.shell:Creating environment hook '/home/sara/aubo_ws/install/control/share/control/hook/cmake_prefix_path.sh'
[2.244s] Level 1:colcon.colcon_core.environment:checking '/home/sara/aubo_ws/install/control/lib'
[2.244s] Level 1:colcon.colcon_core.environment:checking '/home/sara/aubo_ws/install/control/bin'
[2.244s] Level 1:colcon.colcon_core.environment:checking '/home/sara/aubo_ws/install/control/lib/pkgconfig/control.pc'
[2.244s] Level 1:colcon.colcon_core.environment:checking '/home/sara/aubo_ws/install/control/lib/python3.10/site-packages'
[2.244s] Level 1:colcon.colcon_core.environment:checking '/home/sara/aubo_ws/install/control/bin'
[2.257s] INFO:colcon.colcon_core.shell:Creating package script '/home/sara/aubo_ws/install/control/share/control/package.ps1'
[2.258s] INFO:colcon.colcon_core.shell:Creating package descriptor '/home/sara/aubo_ws/install/control/share/control/package.dsv'
[2.258s] INFO:colcon.colcon_core.shell:Creating package script '/home/sara/aubo_ws/install/control/share/control/package.sh'
[2.258s] INFO:colcon.colcon_core.shell:Creating package script '/home/sara/aubo_ws/install/control/share/control/package.bash'
[2.259s] INFO:colcon.colcon_core.shell:Creating package script '/home/sara/aubo_ws/install/control/share/control/package.zsh'
[2.259s] Level 1:colcon.colcon_core.environment:create_file_with_runtime_dependencies(/home/sara/aubo_ws/install/control/share/colcon-core/packages/control)
[2.259s] DEBUG:colcon.colcon_parallel_executor.executor.parallel:closing loop
[2.260s] DEBUG:colcon.colcon_parallel_executor.executor.parallel:loop closed
[2.260s] DEBUG:colcon.colcon_parallel_executor.executor.parallel:run_until_complete finished with '0'
[2.260s] DEBUG:colcon.colcon_core.event_reactor:joining thread
[2.279s] INFO:colcon.colcon_core.plugin_system:Skipping extension 'colcon_notification.desktop_notification.terminal_notifier': Not used on non-Darwin systems
[2.279s] INFO:colcon.colcon_core.plugin_system:Skipping extension 'colcon_notification.desktop_notification.win32': Not used on non-Windows systems
[2.279s] INFO:colcon.colcon_notification.desktop_notification:Sending desktop notification using 'notify2'
[2.291s] DEBUG:colcon.colcon_core.event_reactor:joined thread
[2.305s] INFO:colcon.colcon_core.shell:Creating prefix script '/home/sara/aubo_ws/install/local_setup.ps1'
[2.305s] INFO:colcon.colcon_core.shell:Creating prefix util module '/home/sara/aubo_ws/install/_local_setup_util_ps1.py'
[2.306s] INFO:colcon.colcon_core.shell:Creating prefix chain script '/home/sara/aubo_ws/install/setup.ps1'
[2.323s] INFO:colcon.colcon_core.shell:Creating prefix script '/home/sara/aubo_ws/install/local_setup.sh'
[2.324s] INFO:colcon.colcon_core.shell:Creating prefix util module '/home/sara/aubo_ws/install/_local_setup_util_sh.py'
[2.324s] INFO:colcon.colcon_core.shell:Creating prefix chain script '/home/sara/aubo_ws/install/setup.sh'
[2.340s] INFO:colcon.colcon_core.shell:Creating prefix script '/home/sara/aubo_ws/install/local_setup.bash'
[2.341s] INFO:colcon.colcon_core.shell:Creating prefix chain script '/home/sara/aubo_ws/install/setup.bash'
[2.357s] INFO:colcon.colcon_core.shell:Creating prefix script '/home/sara/aubo_ws/install/local_setup.zsh'
[2.358s] INFO:colcon.colcon_core.shell:Creating prefix chain script '/home/sara/aubo_ws/install/setup.zsh'
