[2.114s] DEBUG:colcon:Command line arguments: ['/usr/bin/colcon', 'build']
[2.114s] DEBUG:colcon:Parsed command line arguments: Namespace(log_base=None, log_level=None, verb_name='build', build_base='build', install_base='install', merge_install=False, symlink_install=False, test_result_base=None, continue_on_error=False, executor='parallel', parallel_workers=8, event_handlers=None, ignore_user_meta=False, metas=['./colcon.meta'], base_paths=['.'], packages_ignore=None, packages_ignore_regex=None, paths=None, packages_up_to=None, packages_up_to_regex=None, packages_above=None, packages_above_and_dependencies=None, packages_above_depth=None, packages_select_by_dep=None, packages_skip_by_dep=None, packages_skip_up_to=None, packages_select_build_failed=False, packages_skip_build_finished=False, packages_select_test_failures=False, packages_skip_test_passed=False, packages_select=None, packages_skip=None, packages_select_regex=None, packages_skip_regex=None, packages_start=None, packages_end=None, allow_overriding=[], cmake_args=None, cmake_target=None, cmake_target_skip_unavailable=False, cmake_clean_cache=False, cmake_clean_first=False, cmake_force_configure=False, ament_cmake_args=None, catkin_cmake_args=None, catkin_skip_building_tests=False, verb_parser=<colcon_defaults.argument_parser.defaults.DefaultArgumentsDecorator object at 0x7f63a04c4fa0>, verb_extension=<colcon_core.verb.build.BuildVerb object at 0x7f63a031cd90>, main=<bound method BuildVerb.main of <colcon_core.verb.build.BuildVerb object at 0x7f63a031cd90>>)
[2.442s] Level 1:colcon.colcon_core.package_discovery:discover_packages(colcon_meta) check parameters
[2.442s] Level 1:colcon.colcon_core.package_discovery:discover_packages(recursive) check parameters
[2.442s] Level 1:colcon.colcon_core.package_discovery:discover_packages(ignore) check parameters
[2.442s] Level 1:colcon.colcon_core.package_discovery:discover_packages(path) check parameters
[2.442s] Level 1:colcon.colcon_core.package_discovery:discover_packages(colcon_meta) discover
[2.442s] Level 1:colcon.colcon_core.package_discovery:discover_packages(recursive) discover
[2.442s] INFO:colcon.colcon_core.package_discovery:Crawling recursively for packages in '/home/sara/aubo_ws'
[2.442s] Level 1:colcon.colcon_core.package_identification:_identify(.) by extensions ['ignore', 'ignore_ament_install']
[2.443s] Level 1:colcon.colcon_core.package_identification:_identify(.) by extension 'ignore'
[2.443s] Level 1:colcon.colcon_core.package_identification:_identify(.) by extension 'ignore_ament_install'
[2.443s] Level 1:colcon.colcon_core.package_identification:_identify(.) by extensions ['colcon_pkg']
[2.443s] Level 1:colcon.colcon_core.package_identification:_identify(.) by extension 'colcon_pkg'
[2.443s] Level 1:colcon.colcon_core.package_identification:_identify(.) by extensions ['colcon_meta']
[2.443s] Level 1:colcon.colcon_core.package_identification:_identify(.) by extension 'colcon_meta'
[2.443s] Level 1:colcon.colcon_core.package_identification:_identify(.) by extensions ['ros']
[2.443s] Level 1:colcon.colcon_core.package_identification:_identify(.) by extension 'ros'
[2.468s] Level 1:colcon.colcon_core.package_identification:_identify(.) by extensions ['cmake', 'python']
[2.468s] Level 1:colcon.colcon_core.package_identification:_identify(.) by extension 'cmake'
[2.468s] Level 1:colcon.colcon_core.package_identification:_identify(.) by extension 'python'
[2.468s] Level 1:colcon.colcon_core.package_identification:_identify(.) by extensions ['python_setup_py']
[2.468s] Level 1:colcon.colcon_core.package_identification:_identify(.) by extension 'python_setup_py'
[2.468s] Level 1:colcon.colcon_core.package_identification:_identify(build) by extensions ['ignore', 'ignore_ament_install']
[2.468s] Level 1:colcon.colcon_core.package_identification:_identify(build) by extension 'ignore'
[2.468s] Level 1:colcon.colcon_core.package_identification:_identify(build) ignored
[2.468s] Level 1:colcon.colcon_core.package_identification:_identify(install) by extensions ['ignore', 'ignore_ament_install']
[2.469s] Level 1:colcon.colcon_core.package_identification:_identify(install) by extension 'ignore'
[2.469s] Level 1:colcon.colcon_core.package_identification:_identify(install) ignored
[2.470s] Level 1:colcon.colcon_core.package_identification:_identify(log) by extensions ['ignore', 'ignore_ament_install']
[2.470s] Level 1:colcon.colcon_core.package_identification:_identify(log) by extension 'ignore'
[2.470s] Level 1:colcon.colcon_core.package_identification:_identify(log) ignored
[2.472s] Level 1:colcon.colcon_core.package_identification:_identify(src) by extensions ['ignore', 'ignore_ament_install']
[2.473s] Level 1:colcon.colcon_core.package_identification:_identify(src) by extension 'ignore'
[2.473s] Level 1:colcon.colcon_core.package_identification:_identify(src) by extension 'ignore_ament_install'
[2.473s] Level 1:colcon.colcon_core.package_identification:_identify(src) by extensions ['colcon_pkg']
[2.473s] Level 1:colcon.colcon_core.package_identification:_identify(src) by extension 'colcon_pkg'
[2.473s] Level 1:colcon.colcon_core.package_identification:_identify(src) by extensions ['colcon_meta']
[2.473s] Level 1:colcon.colcon_core.package_identification:_identify(src) by extension 'colcon_meta'
[2.473s] Level 1:colcon.colcon_core.package_identification:_identify(src) by extensions ['ros']
[2.473s] Level 1:colcon.colcon_core.package_identification:_identify(src) by extension 'ros'
[2.473s] Level 1:colcon.colcon_core.package_identification:_identify(src) by extensions ['cmake', 'python']
[2.473s] Level 1:colcon.colcon_core.package_identification:_identify(src) by extension 'cmake'
[2.473s] Level 1:colcon.colcon_core.package_identification:_identify(src) by extension 'python'
[2.473s] Level 1:colcon.colcon_core.package_identification:_identify(src) by extensions ['python_setup_py']
[2.473s] Level 1:colcon.colcon_core.package_identification:_identify(src) by extension 'python_setup_py'
[2.475s] Level 1:colcon.colcon_core.package_identification:_identify(src/aubo_control) by extensions ['ignore', 'ignore_ament_install']
[2.476s] Level 1:colcon.colcon_core.package_identification:_identify(src/aubo_control) by extension 'ignore'
[2.476s] Level 1:colcon.colcon_core.package_identification:_identify(src/aubo_control) by extension 'ignore_ament_install'
[2.476s] Level 1:colcon.colcon_core.package_identification:_identify(src/aubo_control) by extensions ['colcon_pkg']
[2.476s] Level 1:colcon.colcon_core.package_identification:_identify(src/aubo_control) by extension 'colcon_pkg'
[2.477s] Level 1:colcon.colcon_core.package_identification:_identify(src/aubo_control) by extensions ['colcon_meta']
[2.477s] Level 1:colcon.colcon_core.package_identification:_identify(src/aubo_control) by extension 'colcon_meta'
[2.477s] Level 1:colcon.colcon_core.package_identification:_identify(src/aubo_control) by extensions ['ros']
[2.477s] Level 1:colcon.colcon_core.package_identification:_identify(src/aubo_control) by extension 'ros'
[2.477s] Level 1:colcon.colcon_core.package_identification:_identify(src/aubo_control) by extensions ['cmake', 'python']
[2.478s] Level 1:colcon.colcon_core.package_identification:_identify(src/aubo_control) by extension 'cmake'
[2.478s] Level 1:colcon.colcon_core.package_identification:_identify(src/aubo_control) by extension 'python'
[2.478s] Level 1:colcon.colcon_core.package_identification:_identify(src/aubo_control) by extensions ['python_setup_py']
[2.478s] Level 1:colcon.colcon_core.package_identification:_identify(src/aubo_control) by extension 'python_setup_py'
[2.481s] Level 1:colcon.colcon_core.package_identification:_identify(src/aubo_control/argo) by extensions ['ignore', 'ignore_ament_install']
[2.482s] Level 1:colcon.colcon_core.package_identification:_identify(src/aubo_control/argo) by extension 'ignore'
[2.482s] Level 1:colcon.colcon_core.package_identification:_identify(src/aubo_control/argo) by extension 'ignore_ament_install'
[2.482s] Level 1:colcon.colcon_core.package_identification:_identify(src/aubo_control/argo) by extensions ['colcon_pkg']
[2.482s] Level 1:colcon.colcon_core.package_identification:_identify(src/aubo_control/argo) by extension 'colcon_pkg'
[2.483s] Level 1:colcon.colcon_core.package_identification:_identify(src/aubo_control/argo) by extensions ['colcon_meta']
[2.483s] Level 1:colcon.colcon_core.package_identification:_identify(src/aubo_control/argo) by extension 'colcon_meta'
[2.483s] Level 1:colcon.colcon_core.package_identification:_identify(src/aubo_control/argo) by extensions ['ros']
[2.483s] Level 1:colcon.colcon_core.package_identification:_identify(src/aubo_control/argo) by extension 'ros'
[2.501s] DEBUG:colcon.colcon_core.package_identification:Package 'src/aubo_control/argo' with type 'ros.ament_cmake' and name 'argo'
[2.504s] Level 1:colcon.colcon_core.package_identification:_identify(src/aubo_control/aubo) by extensions ['ignore', 'ignore_ament_install']
[2.504s] Level 1:colcon.colcon_core.package_identification:_identify(src/aubo_control/aubo) by extension 'ignore'
[2.505s] Level 1:colcon.colcon_core.package_identification:_identify(src/aubo_control/aubo) by extension 'ignore_ament_install'
[2.505s] Level 1:colcon.colcon_core.package_identification:_identify(src/aubo_control/aubo) by extensions ['colcon_pkg']
[2.505s] Level 1:colcon.colcon_core.package_identification:_identify(src/aubo_control/aubo) by extension 'colcon_pkg'
[2.505s] Level 1:colcon.colcon_core.package_identification:_identify(src/aubo_control/aubo) by extensions ['colcon_meta']
[2.505s] Level 1:colcon.colcon_core.package_identification:_identify(src/aubo_control/aubo) by extension 'colcon_meta'
[2.506s] Level 1:colcon.colcon_core.package_identification:_identify(src/aubo_control/aubo) by extensions ['ros']
[2.506s] Level 1:colcon.colcon_core.package_identification:_identify(src/aubo_control/aubo) by extension 'ros'
[2.509s] DEBUG:colcon.colcon_core.package_identification:Package 'src/aubo_control/aubo' with type 'ros.ament_cmake' and name 'aubo'
[2.512s] Level 1:colcon.colcon_core.package_identification:_identify(src/aubo_control/control) by extensions ['ignore', 'ignore_ament_install']
[2.512s] Level 1:colcon.colcon_core.package_identification:_identify(src/aubo_control/control) by extension 'ignore'
[2.513s] Level 1:colcon.colcon_core.package_identification:_identify(src/aubo_control/control) by extension 'ignore_ament_install'
[2.513s] Level 1:colcon.colcon_core.package_identification:_identify(src/aubo_control/control) by extensions ['colcon_pkg']
[2.513s] Level 1:colcon.colcon_core.package_identification:_identify(src/aubo_control/control) by extension 'colcon_pkg'
[2.513s] Level 1:colcon.colcon_core.package_identification:_identify(src/aubo_control/control) by extensions ['colcon_meta']
[2.514s] Level 1:colcon.colcon_core.package_identification:_identify(src/aubo_control/control) by extension 'colcon_meta'
[2.514s] Level 1:colcon.colcon_core.package_identification:_identify(src/aubo_control/control) by extensions ['ros']
[2.514s] Level 1:colcon.colcon_core.package_identification:_identify(src/aubo_control/control) by extension 'ros'
[2.517s] DEBUG:colcon.colcon_core.package_identification:Package 'src/aubo_control/control' with type 'ros.ament_cmake' and name 'control'
[2.518s] Level 1:colcon.colcon_core.package_identification:_identify(src/aubo_description) by extensions ['ignore', 'ignore_ament_install']
[2.518s] Level 1:colcon.colcon_core.package_identification:_identify(src/aubo_description) by extension 'ignore'
[2.518s] Level 1:colcon.colcon_core.package_identification:_identify(src/aubo_description) by extension 'ignore_ament_install'
[2.519s] Level 1:colcon.colcon_core.package_identification:_identify(src/aubo_description) by extensions ['colcon_pkg']
[2.519s] Level 1:colcon.colcon_core.package_identification:_identify(src/aubo_description) by extension 'colcon_pkg'
[2.519s] Level 1:colcon.colcon_core.package_identification:_identify(src/aubo_description) by extensions ['colcon_meta']
[2.519s] Level 1:colcon.colcon_core.package_identification:_identify(src/aubo_description) by extension 'colcon_meta'
[2.519s] Level 1:colcon.colcon_core.package_identification:_identify(src/aubo_description) by extensions ['ros']
[2.519s] Level 1:colcon.colcon_core.package_identification:_identify(src/aubo_description) by extension 'ros'
[2.523s] DEBUG:colcon.colcon_core.package_identification:Package 'src/aubo_description' with type 'ros.ament_cmake' and name 'aubo_description'
[2.526s] Level 1:colcon.colcon_core.package_identification:_identify(src/gazebo_ros2_control) by extensions ['ignore', 'ignore_ament_install']
[2.526s] Level 1:colcon.colcon_core.package_identification:_identify(src/gazebo_ros2_control) by extension 'ignore'
[2.526s] Level 1:colcon.colcon_core.package_identification:_identify(src/gazebo_ros2_control) by extension 'ignore_ament_install'
[2.526s] Level 1:colcon.colcon_core.package_identification:_identify(src/gazebo_ros2_control) by extensions ['colcon_pkg']
[2.526s] Level 1:colcon.colcon_core.package_identification:_identify(src/gazebo_ros2_control) by extension 'colcon_pkg'
[2.527s] Level 1:colcon.colcon_core.package_identification:_identify(src/gazebo_ros2_control) by extensions ['colcon_meta']
[2.527s] Level 1:colcon.colcon_core.package_identification:_identify(src/gazebo_ros2_control) by extension 'colcon_meta'
[2.527s] Level 1:colcon.colcon_core.package_identification:_identify(src/gazebo_ros2_control) by extensions ['ros']
[2.527s] Level 1:colcon.colcon_core.package_identification:_identify(src/gazebo_ros2_control) by extension 'ros'
[2.531s] DEBUG:colcon.colcon_core.package_identification:Package 'src/gazebo_ros2_control' with type 'ros.ament_cmake' and name 'gazebo_ros2_control'
[2.533s] Level 1:colcon.colcon_core.package_identification:_identify(src/gazebo_ros2_control_demos) by extensions ['ignore', 'ignore_ament_install']
[2.533s] Level 1:colcon.colcon_core.package_identification:_identify(src/gazebo_ros2_control_demos) by extension 'ignore'
[2.534s] Level 1:colcon.colcon_core.package_identification:_identify(src/gazebo_ros2_control_demos) by extension 'ignore_ament_install'
[2.534s] Level 1:colcon.colcon_core.package_identification:_identify(src/gazebo_ros2_control_demos) by extensions ['colcon_pkg']
[2.534s] Level 1:colcon.colcon_core.package_identification:_identify(src/gazebo_ros2_control_demos) by extension 'colcon_pkg'
[2.534s] Level 1:colcon.colcon_core.package_identification:_identify(src/gazebo_ros2_control_demos) by extensions ['colcon_meta']
[2.534s] Level 1:colcon.colcon_core.package_identification:_identify(src/gazebo_ros2_control_demos) by extension 'colcon_meta'
[2.534s] Level 1:colcon.colcon_core.package_identification:_identify(src/gazebo_ros2_control_demos) by extensions ['ros']
[2.534s] Level 1:colcon.colcon_core.package_identification:_identify(src/gazebo_ros2_control_demos) by extension 'ros'
[2.537s] DEBUG:colcon.colcon_core.package_identification:Package 'src/gazebo_ros2_control_demos' with type 'ros.ament_cmake' and name 'gazebo_ros2_control_demos'
[2.537s] Level 1:colcon.colcon_core.package_discovery:discover_packages(recursive) using defaults
[2.537s] Level 1:colcon.colcon_core.package_discovery:discover_packages(ignore) discover
[2.537s] Level 1:colcon.colcon_core.package_discovery:discover_packages(ignore) using defaults
[2.537s] Level 1:colcon.colcon_core.package_discovery:discover_packages(path) discover
[2.537s] Level 1:colcon.colcon_core.package_discovery:discover_packages(path) using defaults
[2.757s] Level 1:colcon.colcon_core.package_discovery:discover_packages(prefix_path) check parameters
[2.757s] Level 1:colcon.colcon_core.package_discovery:discover_packages(prefix_path) discover
[2.800s] DEBUG:colcon.colcon_installed_package_information.package_discovery:Found 7 installed packages in /home/sara/aubo_ws/install
[2.814s] DEBUG:colcon.colcon_installed_package_information.package_discovery:Found 330 installed packages in /opt/ros/humble
[2.815s] Level 1:colcon.colcon_core.package_discovery:discover_packages(prefix_path) using defaults
[2.988s] Level 5:colcon.colcon_core.verb:set package 'argo' build argument 'cmake_args' from command line to 'None'
[2.988s] Level 5:colcon.colcon_core.verb:set package 'argo' build argument 'cmake_target' from command line to 'None'
[2.988s] Level 5:colcon.colcon_core.verb:set package 'argo' build argument 'cmake_target_skip_unavailable' from command line to 'False'
[2.988s] Level 5:colcon.colcon_core.verb:set package 'argo' build argument 'cmake_clean_cache' from command line to 'False'
[2.988s] Level 5:colcon.colcon_core.verb:set package 'argo' build argument 'cmake_clean_first' from command line to 'False'
[2.988s] Level 5:colcon.colcon_core.verb:set package 'argo' build argument 'cmake_force_configure' from command line to 'False'
[2.988s] Level 5:colcon.colcon_core.verb:set package 'argo' build argument 'ament_cmake_args' from command line to 'None'
[2.988s] Level 5:colcon.colcon_core.verb:set package 'argo' build argument 'catkin_cmake_args' from command line to 'None'
[2.988s] Level 5:colcon.colcon_core.verb:set package 'argo' build argument 'catkin_skip_building_tests' from command line to 'False'
[2.988s] DEBUG:colcon.colcon_core.verb:Building package 'argo' with the following arguments: {'ament_cmake_args': None, 'build_base': '/home/sara/aubo_ws/build/argo', 'catkin_cmake_args': None, 'catkin_skip_building_tests': False, 'cmake_args': None, 'cmake_clean_cache': False, 'cmake_clean_first': False, 'cmake_force_configure': False, 'cmake_target': None, 'cmake_target_skip_unavailable': False, 'install_base': '/home/sara/aubo_ws/install/argo', 'merge_install': False, 'path': '/home/sara/aubo_ws/src/aubo_control/argo', 'symlink_install': False, 'test_result_base': None}
[3.001s] Level 5:colcon.colcon_core.verb:set package 'aubo' build argument 'cmake_args' from command line to 'None'
[3.001s] Level 5:colcon.colcon_core.verb:set package 'aubo' build argument 'cmake_target' from command line to 'None'
[3.001s] Level 5:colcon.colcon_core.verb:set package 'aubo' build argument 'cmake_target_skip_unavailable' from command line to 'False'
[3.001s] Level 5:colcon.colcon_core.verb:set package 'aubo' build argument 'cmake_clean_cache' from command line to 'False'
[3.001s] Level 5:colcon.colcon_core.verb:set package 'aubo' build argument 'cmake_clean_first' from command line to 'False'
[3.001s] Level 5:colcon.colcon_core.verb:set package 'aubo' build argument 'cmake_force_configure' from command line to 'False'
[3.001s] Level 5:colcon.colcon_core.verb:set package 'aubo' build argument 'ament_cmake_args' from command line to 'None'
[3.001s] Level 5:colcon.colcon_core.verb:set package 'aubo' build argument 'catkin_cmake_args' from command line to 'None'
[3.001s] Level 5:colcon.colcon_core.verb:set package 'aubo' build argument 'catkin_skip_building_tests' from command line to 'False'
[3.001s] DEBUG:colcon.colcon_core.verb:Building package 'aubo' with the following arguments: {'ament_cmake_args': None, 'build_base': '/home/sara/aubo_ws/build/aubo', 'catkin_cmake_args': None, 'catkin_skip_building_tests': False, 'cmake_args': None, 'cmake_clean_cache': False, 'cmake_clean_first': False, 'cmake_force_configure': False, 'cmake_target': None, 'cmake_target_skip_unavailable': False, 'install_base': '/home/sara/aubo_ws/install/aubo', 'merge_install': False, 'path': '/home/sara/aubo_ws/src/aubo_control/aubo', 'symlink_install': False, 'test_result_base': None}
[3.014s] Level 5:colcon.colcon_core.verb:set package 'aubo_description' build argument 'cmake_args' from command line to 'None'
[3.014s] Level 5:colcon.colcon_core.verb:set package 'aubo_description' build argument 'cmake_target' from command line to 'None'
[3.014s] Level 5:colcon.colcon_core.verb:set package 'aubo_description' build argument 'cmake_target_skip_unavailable' from command line to 'False'
[3.014s] Level 5:colcon.colcon_core.verb:set package 'aubo_description' build argument 'cmake_clean_cache' from command line to 'False'
[3.014s] Level 5:colcon.colcon_core.verb:set package 'aubo_description' build argument 'cmake_clean_first' from command line to 'False'
[3.014s] Level 5:colcon.colcon_core.verb:set package 'aubo_description' build argument 'cmake_force_configure' from command line to 'False'
[3.014s] Level 5:colcon.colcon_core.verb:set package 'aubo_description' build argument 'ament_cmake_args' from command line to 'None'
[3.014s] Level 5:colcon.colcon_core.verb:set package 'aubo_description' build argument 'catkin_cmake_args' from command line to 'None'
[3.014s] Level 5:colcon.colcon_core.verb:set package 'aubo_description' build argument 'catkin_skip_building_tests' from command line to 'False'
[3.014s] DEBUG:colcon.colcon_core.verb:Building package 'aubo_description' with the following arguments: {'ament_cmake_args': None, 'build_base': '/home/sara/aubo_ws/build/aubo_description', 'catkin_cmake_args': None, 'catkin_skip_building_tests': False, 'cmake_args': None, 'cmake_clean_cache': False, 'cmake_clean_first': False, 'cmake_force_configure': False, 'cmake_target': None, 'cmake_target_skip_unavailable': False, 'install_base': '/home/sara/aubo_ws/install/aubo_description', 'merge_install': False, 'path': '/home/sara/aubo_ws/src/aubo_description', 'symlink_install': False, 'test_result_base': None}
[3.026s] Level 5:colcon.colcon_core.verb:set package 'control' build argument 'cmake_args' from command line to 'None'
[3.027s] Level 5:colcon.colcon_core.verb:set package 'control' build argument 'cmake_target' from command line to 'None'
[3.027s] Level 5:colcon.colcon_core.verb:set package 'control' build argument 'cmake_target_skip_unavailable' from command line to 'False'
[3.027s] Level 5:colcon.colcon_core.verb:set package 'control' build argument 'cmake_clean_cache' from command line to 'False'
[3.027s] Level 5:colcon.colcon_core.verb:set package 'control' build argument 'cmake_clean_first' from command line to 'False'
[3.027s] Level 5:colcon.colcon_core.verb:set package 'control' build argument 'cmake_force_configure' from command line to 'False'
[3.027s] Level 5:colcon.colcon_core.verb:set package 'control' build argument 'ament_cmake_args' from command line to 'None'
[3.027s] Level 5:colcon.colcon_core.verb:set package 'control' build argument 'catkin_cmake_args' from command line to 'None'
[3.027s] Level 5:colcon.colcon_core.verb:set package 'control' build argument 'catkin_skip_building_tests' from command line to 'False'
[3.027s] DEBUG:colcon.colcon_core.verb:Building package 'control' with the following arguments: {'ament_cmake_args': None, 'build_base': '/home/sara/aubo_ws/build/control', 'catkin_cmake_args': None, 'catkin_skip_building_tests': False, 'cmake_args': None, 'cmake_clean_cache': False, 'cmake_clean_first': False, 'cmake_force_configure': False, 'cmake_target': None, 'cmake_target_skip_unavailable': False, 'install_base': '/home/sara/aubo_ws/install/control', 'merge_install': False, 'path': '/home/sara/aubo_ws/src/aubo_control/control', 'symlink_install': False, 'test_result_base': None}
[3.039s] Level 5:colcon.colcon_core.verb:set package 'gazebo_ros2_control' build argument 'cmake_args' from command line to 'None'
[3.039s] Level 5:colcon.colcon_core.verb:set package 'gazebo_ros2_control' build argument 'cmake_target' from command line to 'None'
[3.039s] Level 5:colcon.colcon_core.verb:set package 'gazebo_ros2_control' build argument 'cmake_target_skip_unavailable' from command line to 'False'
[3.040s] Level 5:colcon.colcon_core.verb:set package 'gazebo_ros2_control' build argument 'cmake_clean_cache' from command line to 'False'
[3.040s] Level 5:colcon.colcon_core.verb:set package 'gazebo_ros2_control' build argument 'cmake_clean_first' from command line to 'False'
[3.040s] Level 5:colcon.colcon_core.verb:set package 'gazebo_ros2_control' build argument 'cmake_force_configure' from command line to 'False'
[3.040s] Level 5:colcon.colcon_core.verb:set package 'gazebo_ros2_control' build argument 'ament_cmake_args' from command line to 'None'
[3.040s] Level 5:colcon.colcon_core.verb:set package 'gazebo_ros2_control' build argument 'catkin_cmake_args' from command line to 'None'
[3.040s] Level 5:colcon.colcon_core.verb:set package 'gazebo_ros2_control' build argument 'catkin_skip_building_tests' from command line to 'False'
[3.040s] DEBUG:colcon.colcon_core.verb:Building package 'gazebo_ros2_control' with the following arguments: {'ament_cmake_args': None, 'build_base': '/home/sara/aubo_ws/build/gazebo_ros2_control', 'catkin_cmake_args': None, 'catkin_skip_building_tests': False, 'cmake_args': None, 'cmake_clean_cache': False, 'cmake_clean_first': False, 'cmake_force_configure': False, 'cmake_target': None, 'cmake_target_skip_unavailable': False, 'install_base': '/home/sara/aubo_ws/install/gazebo_ros2_control', 'merge_install': False, 'path': '/home/sara/aubo_ws/src/gazebo_ros2_control', 'symlink_install': False, 'test_result_base': None}
[3.052s] Level 5:colcon.colcon_core.verb:set package 'gazebo_ros2_control_demos' build argument 'cmake_args' from command line to 'None'
[3.052s] Level 5:colcon.colcon_core.verb:set package 'gazebo_ros2_control_demos' build argument 'cmake_target' from command line to 'None'
[3.052s] Level 5:colcon.colcon_core.verb:set package 'gazebo_ros2_control_demos' build argument 'cmake_target_skip_unavailable' from command line to 'False'
[3.052s] Level 5:colcon.colcon_core.verb:set package 'gazebo_ros2_control_demos' build argument 'cmake_clean_cache' from command line to 'False'
[3.052s] Level 5:colcon.colcon_core.verb:set package 'gazebo_ros2_control_demos' build argument 'cmake_clean_first' from command line to 'False'
[3.052s] Level 5:colcon.colcon_core.verb:set package 'gazebo_ros2_control_demos' build argument 'cmake_force_configure' from command line to 'False'
[3.052s] Level 5:colcon.colcon_core.verb:set package 'gazebo_ros2_control_demos' build argument 'ament_cmake_args' from command line to 'None'
[3.052s] Level 5:colcon.colcon_core.verb:set package 'gazebo_ros2_control_demos' build argument 'catkin_cmake_args' from command line to 'None'
[3.052s] Level 5:colcon.colcon_core.verb:set package 'gazebo_ros2_control_demos' build argument 'catkin_skip_building_tests' from command line to 'False'
[3.052s] DEBUG:colcon.colcon_core.verb:Building package 'gazebo_ros2_control_demos' with the following arguments: {'ament_cmake_args': None, 'build_base': '/home/sara/aubo_ws/build/gazebo_ros2_control_demos', 'catkin_cmake_args': None, 'catkin_skip_building_tests': False, 'cmake_args': None, 'cmake_clean_cache': False, 'cmake_clean_first': False, 'cmake_force_configure': False, 'cmake_target': None, 'cmake_target_skip_unavailable': False, 'install_base': '/home/sara/aubo_ws/install/gazebo_ros2_control_demos', 'merge_install': False, 'path': '/home/sara/aubo_ws/src/gazebo_ros2_control_demos', 'symlink_install': False, 'test_result_base': None}
[3.065s] INFO:colcon.colcon_core.executor:Executing jobs using 'parallel' executor
[3.078s] DEBUG:colcon.colcon_parallel_executor.executor.parallel:run_until_complete
[3.078s] INFO:colcon.colcon_ros.task.ament_cmake.build:Building ROS package in '/home/sara/aubo_ws/src/gazebo_ros2_control' with build type 'ament_cmake'
[3.078s] INFO:colcon.colcon_cmake.task.cmake.build:Building CMake package in '/home/sara/aubo_ws/src/gazebo_ros2_control'
[3.127s] INFO:colcon.colcon_core.plugin_system:Skipping extension 'colcon_core.shell.bat': Not used on non-Windows systems
[3.127s] INFO:colcon.colcon_core.shell:Skip shell extension 'powershell' for command environment: Not usable outside of PowerShell
[3.127s] DEBUG:colcon.colcon_core.shell:Skip shell extension 'dsv' for command environment
[3.170s] INFO:colcon.colcon_ros.task.ament_cmake.build:Building ROS package in '/home/sara/aubo_ws/src/aubo_control/argo' with build type 'ament_cmake'
[3.171s] INFO:colcon.colcon_cmake.task.cmake.build:Building CMake package in '/home/sara/aubo_ws/src/aubo_control/argo'
[3.184s] INFO:colcon.colcon_core.shell:Skip shell extension 'powershell' for command environment: Not usable outside of PowerShell
[3.184s] DEBUG:colcon.colcon_core.shell:Skip shell extension 'dsv' for command environment
[3.227s] INFO:colcon.colcon_ros.task.ament_cmake.build:Building ROS package in '/home/sara/aubo_ws/src/aubo_control/aubo' with build type 'ament_cmake'
[3.228s] INFO:colcon.colcon_cmake.task.cmake.build:Building CMake package in '/home/sara/aubo_ws/src/aubo_control/aubo'
[3.241s] INFO:colcon.colcon_core.shell:Skip shell extension 'powershell' for command environment: Not usable outside of PowerShell
[3.241s] DEBUG:colcon.colcon_core.shell:Skip shell extension 'dsv' for command environment
[3.284s] INFO:colcon.colcon_ros.task.ament_cmake.build:Building ROS package in '/home/sara/aubo_ws/src/aubo_description' with build type 'ament_cmake'
[3.284s] INFO:colcon.colcon_cmake.task.cmake.build:Building CMake package in '/home/sara/aubo_ws/src/aubo_description'
[3.298s] INFO:colcon.colcon_core.shell:Skip shell extension 'powershell' for command environment: Not usable outside of PowerShell
[3.298s] DEBUG:colcon.colcon_core.shell:Skip shell extension 'dsv' for command environment
[3.342s] INFO:colcon.colcon_ros.task.ament_cmake.build:Building ROS package in '/home/sara/aubo_ws/src/aubo_control/control' with build type 'ament_cmake'
[3.342s] INFO:colcon.colcon_cmake.task.cmake.build:Building CMake package in '/home/sara/aubo_ws/src/aubo_control/control'
[3.355s] INFO:colcon.colcon_core.shell:Skip shell extension 'powershell' for command environment: Not usable outside of PowerShell
[3.355s] DEBUG:colcon.colcon_core.shell:Skip shell extension 'dsv' for command environment
[3.406s] DEBUG:colcon.colcon_core.event_handler.log_command:Invoking command in '/home/sara/aubo_ws/build/gazebo_ros2_control': CMAKE_PREFIX_PATH=${CMAKE_PREFIX_PATH}:/opt/ros/humble /usr/bin/cmake --build /home/sara/aubo_ws/build/gazebo_ros2_control -- -j8 -l8
[3.423s] DEBUG:colcon.colcon_core.event_handler.log_command:Invoking command in '/home/sara/aubo_ws/build/argo': CMAKE_PREFIX_PATH=${CMAKE_PREFIX_PATH}:/opt/ros/humble /usr/bin/cmake --build /home/sara/aubo_ws/build/argo -- -j8 -l8
[3.428s] DEBUG:colcon.colcon_core.event_handler.log_command:Invoking command in '/home/sara/aubo_ws/build/aubo': CMAKE_PREFIX_PATH=${CMAKE_PREFIX_PATH}:/opt/ros/humble /usr/bin/cmake --build /home/sara/aubo_ws/build/aubo -- -j8 -l8
[3.435s] DEBUG:colcon.colcon_core.event_handler.log_command:Invoking command in '/home/sara/aubo_ws/build/aubo_description': CMAKE_PREFIX_PATH=${CMAKE_PREFIX_PATH}:/opt/ros/humble /usr/bin/cmake --build /home/sara/aubo_ws/build/aubo_description -- -j8 -l8
[3.443s] DEBUG:colcon.colcon_core.event_handler.log_command:Invoking command in '/home/sara/aubo_ws/build/control': CMAKE_PREFIX_PATH=${CMAKE_PREFIX_PATH}:/opt/ros/humble /usr/bin/cmake --build /home/sara/aubo_ws/build/control -- -j8 -l8
[3.792s] DEBUG:colcon.colcon_core.event_handler.log_command:Invoked command in '/home/sara/aubo_ws/build/gazebo_ros2_control' returned '0': CMAKE_PREFIX_PATH=${CMAKE_PREFIX_PATH}:/opt/ros/humble /usr/bin/cmake --build /home/sara/aubo_ws/build/gazebo_ros2_control -- -j8 -l8
[3.794s] DEBUG:colcon.colcon_core.event_handler.log_command:Invoked command in '/home/sara/aubo_ws/build/aubo' returned '0': CMAKE_PREFIX_PATH=${CMAKE_PREFIX_PATH}:/opt/ros/humble /usr/bin/cmake --build /home/sara/aubo_ws/build/aubo -- -j8 -l8
[3.794s] DEBUG:colcon.colcon_core.event_handler.log_command:Invoked command in '/home/sara/aubo_ws/build/argo' returned '0': CMAKE_PREFIX_PATH=${CMAKE_PREFIX_PATH}:/opt/ros/humble /usr/bin/cmake --build /home/sara/aubo_ws/build/argo -- -j8 -l8
[3.796s] DEBUG:colcon.colcon_core.event_handler.log_command:Invoked command in '/home/sara/aubo_ws/build/aubo_description' returned '0': CMAKE_PREFIX_PATH=${CMAKE_PREFIX_PATH}:/opt/ros/humble /usr/bin/cmake --build /home/sara/aubo_ws/build/aubo_description -- -j8 -l8
[3.822s] DEBUG:colcon.colcon_core.event_handler.log_command:Invoking command in '/home/sara/aubo_ws/build/gazebo_ros2_control': CMAKE_PREFIX_PATH=${CMAKE_PREFIX_PATH}:/opt/ros/humble /usr/bin/cmake --install /home/sara/aubo_ws/build/gazebo_ros2_control
[3.825s] DEBUG:colcon.colcon_core.event_handler.log_command:Invoking command in '/home/sara/aubo_ws/build/aubo': CMAKE_PREFIX_PATH=${CMAKE_PREFIX_PATH}:/opt/ros/humble /usr/bin/cmake --install /home/sara/aubo_ws/build/aubo
[3.827s] DEBUG:colcon.colcon_core.event_handler.log_command:Invoking command in '/home/sara/aubo_ws/build/aubo_description': CMAKE_PREFIX_PATH=${CMAKE_PREFIX_PATH}:/opt/ros/humble /usr/bin/cmake --install /home/sara/aubo_ws/build/aubo_description
[3.829s] DEBUG:colcon.colcon_core.event_handler.log_command:Invoking command in '/home/sara/aubo_ws/build/argo': CMAKE_PREFIX_PATH=${CMAKE_PREFIX_PATH}:/opt/ros/humble /usr/bin/cmake --install /home/sara/aubo_ws/build/argo
[3.845s] Level 1:colcon.colcon_core.environment:create_environment_scripts_only(gazebo_ros2_control)
[3.845s] DEBUG:colcon.colcon_core.event_handler.log_command:Invoked command in '/home/sara/aubo_ws/build/gazebo_ros2_control' returned '0': CMAKE_PREFIX_PATH=${CMAKE_PREFIX_PATH}:/opt/ros/humble /usr/bin/cmake --install /home/sara/aubo_ws/build/gazebo_ros2_control
[3.919s] Level 1:colcon.colcon_core.environment:checking '/home/sara/aubo_ws/install/gazebo_ros2_control' for CMake module files
[3.919s] Level 1:colcon.colcon_core.environment:checking '/home/sara/aubo_ws/install/gazebo_ros2_control' for CMake config files
[3.919s] Level 1:colcon.colcon_core.shell:create_environment_hook('gazebo_ros2_control', 'cmake_prefix_path')
[3.938s] INFO:colcon.colcon_core.shell:Creating environment hook '/home/sara/aubo_ws/install/gazebo_ros2_control/share/gazebo_ros2_control/hook/cmake_prefix_path.ps1'
[3.943s] INFO:colcon.colcon_core.shell:Creating environment descriptor '/home/sara/aubo_ws/install/gazebo_ros2_control/share/gazebo_ros2_control/hook/cmake_prefix_path.dsv'
[3.946s] INFO:colcon.colcon_core.shell:Creating environment hook '/home/sara/aubo_ws/install/gazebo_ros2_control/share/gazebo_ros2_control/hook/cmake_prefix_path.sh'
[3.949s] Level 1:colcon.colcon_core.environment:checking '/home/sara/aubo_ws/install/gazebo_ros2_control/bin'
[3.949s] Level 1:colcon.colcon_core.environment:checking '/home/sara/aubo_ws/install/gazebo_ros2_control/lib/pkgconfig/gazebo_ros2_control.pc'
[3.950s] Level 1:colcon.colcon_core.environment:checking '/home/sara/aubo_ws/install/gazebo_ros2_control/lib/python3.10/site-packages'
[3.950s] Level 1:colcon.colcon_core.environment:checking '/home/sara/aubo_ws/install/gazebo_ros2_control/bin'
[3.966s] INFO:colcon.colcon_core.shell:Creating package script '/home/sara/aubo_ws/install/gazebo_ros2_control/share/gazebo_ros2_control/package.ps1'
[3.970s] INFO:colcon.colcon_core.shell:Creating package descriptor '/home/sara/aubo_ws/install/gazebo_ros2_control/share/gazebo_ros2_control/package.dsv'
[3.974s] INFO:colcon.colcon_core.shell:Creating package script '/home/sara/aubo_ws/install/gazebo_ros2_control/share/gazebo_ros2_control/package.sh'
[3.977s] INFO:colcon.colcon_core.shell:Creating package script '/home/sara/aubo_ws/install/gazebo_ros2_control/share/gazebo_ros2_control/package.bash'
[3.982s] INFO:colcon.colcon_core.shell:Creating package script '/home/sara/aubo_ws/install/gazebo_ros2_control/share/gazebo_ros2_control/package.zsh'
[3.984s] Level 1:colcon.colcon_core.environment:create_file_with_runtime_dependencies(/home/sara/aubo_ws/install/gazebo_ros2_control/share/colcon-core/packages/gazebo_ros2_control)
[3.987s] Level 1:colcon.colcon_core.environment:create_environment_scripts_only(aubo_description)
[3.987s] DEBUG:colcon.colcon_core.event_handler.log_command:Invoked command in '/home/sara/aubo_ws/build/aubo_description' returned '0': CMAKE_PREFIX_PATH=${CMAKE_PREFIX_PATH}:/opt/ros/humble /usr/bin/cmake --install /home/sara/aubo_ws/build/aubo_description
[4.015s] Level 1:colcon.colcon_core.environment:checking '/home/sara/aubo_ws/install/aubo_description' for CMake module files
[4.016s] Level 1:colcon.colcon_core.environment:checking '/home/sara/aubo_ws/install/aubo_description' for CMake config files
[4.016s] Level 1:colcon.colcon_core.shell:create_environment_hook('aubo_description', 'cmake_prefix_path')
[4.035s] INFO:colcon.colcon_core.shell:Creating environment hook '/home/sara/aubo_ws/install/aubo_description/share/aubo_description/hook/cmake_prefix_path.ps1'
[4.036s] INFO:colcon.colcon_core.shell:Creating environment descriptor '/home/sara/aubo_ws/install/aubo_description/share/aubo_description/hook/cmake_prefix_path.dsv'
[4.036s] INFO:colcon.colcon_core.shell:Creating environment hook '/home/sara/aubo_ws/install/aubo_description/share/aubo_description/hook/cmake_prefix_path.sh'
[4.036s] Level 1:colcon.colcon_core.environment:checking '/home/sara/aubo_ws/install/aubo_description/bin'
[4.036s] Level 1:colcon.colcon_core.environment:checking '/home/sara/aubo_ws/install/aubo_description/lib/pkgconfig/aubo_description.pc'
[4.037s] Level 1:colcon.colcon_core.environment:checking '/home/sara/aubo_ws/install/aubo_description/lib/python3.10/site-packages'
[4.037s] Level 1:colcon.colcon_core.environment:checking '/home/sara/aubo_ws/install/aubo_description/bin'
[4.051s] INFO:colcon.colcon_core.shell:Creating package script '/home/sara/aubo_ws/install/aubo_description/share/aubo_description/package.ps1'
[4.051s] INFO:colcon.colcon_core.shell:Creating package descriptor '/home/sara/aubo_ws/install/aubo_description/share/aubo_description/package.dsv'
[4.052s] INFO:colcon.colcon_core.shell:Creating package script '/home/sara/aubo_ws/install/aubo_description/share/aubo_description/package.sh'
[4.052s] INFO:colcon.colcon_core.shell:Creating package script '/home/sara/aubo_ws/install/aubo_description/share/aubo_description/package.bash'
[4.052s] INFO:colcon.colcon_core.shell:Creating package script '/home/sara/aubo_ws/install/aubo_description/share/aubo_description/package.zsh'
[4.052s] Level 1:colcon.colcon_core.environment:create_file_with_runtime_dependencies(/home/sara/aubo_ws/install/aubo_description/share/colcon-core/packages/aubo_description)
[4.053s] Level 1:colcon.colcon_core.environment:create_environment_scripts_only(argo)
[4.054s] DEBUG:colcon.colcon_core.event_handler.log_command:Invoked command in '/home/sara/aubo_ws/build/argo' returned '0': CMAKE_PREFIX_PATH=${CMAKE_PREFIX_PATH}:/opt/ros/humble /usr/bin/cmake --install /home/sara/aubo_ws/build/argo
[4.069s] Level 1:colcon.colcon_core.environment:checking '/home/sara/aubo_ws/install/argo' for CMake module files
[4.070s] Level 1:colcon.colcon_core.environment:checking '/home/sara/aubo_ws/install/argo' for CMake config files
[4.070s] Level 1:colcon.colcon_core.shell:create_environment_hook('argo', 'cmake_prefix_path')
[4.084s] INFO:colcon.colcon_core.shell:Creating environment hook '/home/sara/aubo_ws/install/argo/share/argo/hook/cmake_prefix_path.ps1'
[4.085s] INFO:colcon.colcon_core.shell:Creating environment descriptor '/home/sara/aubo_ws/install/argo/share/argo/hook/cmake_prefix_path.dsv'
[4.085s] INFO:colcon.colcon_core.shell:Creating environment hook '/home/sara/aubo_ws/install/argo/share/argo/hook/cmake_prefix_path.sh'
[4.085s] Level 1:colcon.colcon_core.environment:checking '/home/sara/aubo_ws/install/argo/bin'
[4.085s] Level 1:colcon.colcon_core.environment:checking '/home/sara/aubo_ws/install/argo/lib/pkgconfig/argo.pc'
[4.086s] Level 1:colcon.colcon_core.environment:checking '/home/sara/aubo_ws/install/argo/lib/python3.10/site-packages'
[4.086s] Level 1:colcon.colcon_core.environment:checking '/home/sara/aubo_ws/install/argo/bin'
[4.100s] INFO:colcon.colcon_core.shell:Creating package script '/home/sara/aubo_ws/install/argo/share/argo/package.ps1'
[4.101s] INFO:colcon.colcon_core.shell:Creating package descriptor '/home/sara/aubo_ws/install/argo/share/argo/package.dsv'
[4.101s] INFO:colcon.colcon_core.shell:Creating package script '/home/sara/aubo_ws/install/argo/share/argo/package.sh'
[4.102s] INFO:colcon.colcon_core.shell:Creating package script '/home/sara/aubo_ws/install/argo/share/argo/package.bash'
[4.102s] INFO:colcon.colcon_core.shell:Creating package script '/home/sara/aubo_ws/install/argo/share/argo/package.zsh'
[4.102s] Level 1:colcon.colcon_core.environment:create_file_with_runtime_dependencies(/home/sara/aubo_ws/install/argo/share/colcon-core/packages/argo)
[4.103s] Level 1:colcon.colcon_core.environment:create_environment_scripts_only(aubo)
[4.104s] DEBUG:colcon.colcon_core.event_handler.log_command:Invoked command in '/home/sara/aubo_ws/build/aubo' returned '0': CMAKE_PREFIX_PATH=${CMAKE_PREFIX_PATH}:/opt/ros/humble /usr/bin/cmake --install /home/sara/aubo_ws/build/aubo
[4.118s] Level 1:colcon.colcon_core.environment:checking '/home/sara/aubo_ws/install/aubo' for CMake module files
[4.119s] Level 1:colcon.colcon_core.environment:checking '/home/sara/aubo_ws/install/aubo' for CMake config files
[4.119s] Level 1:colcon.colcon_core.shell:create_environment_hook('aubo', 'cmake_prefix_path')
[4.133s] INFO:colcon.colcon_core.shell:Creating environment hook '/home/sara/aubo_ws/install/aubo/share/aubo/hook/cmake_prefix_path.ps1'
[4.134s] INFO:colcon.colcon_core.shell:Creating environment descriptor '/home/sara/aubo_ws/install/aubo/share/aubo/hook/cmake_prefix_path.dsv'
[4.134s] INFO:colcon.colcon_core.shell:Creating environment hook '/home/sara/aubo_ws/install/aubo/share/aubo/hook/cmake_prefix_path.sh'
[4.134s] Level 1:colcon.colcon_core.environment:checking '/home/sara/aubo_ws/install/aubo/bin'
[4.135s] Level 1:colcon.colcon_core.environment:checking '/home/sara/aubo_ws/install/aubo/lib/pkgconfig/aubo.pc'
[4.135s] Level 1:colcon.colcon_core.environment:checking '/home/sara/aubo_ws/install/aubo/lib/python3.10/site-packages'
[4.135s] Level 1:colcon.colcon_core.environment:checking '/home/sara/aubo_ws/install/aubo/bin'
[4.156s] INFO:colcon.colcon_core.shell:Creating package script '/home/sara/aubo_ws/install/aubo/share/aubo/package.ps1'
[4.157s] INFO:colcon.colcon_core.shell:Creating package descriptor '/home/sara/aubo_ws/install/aubo/share/aubo/package.dsv'
[4.157s] INFO:colcon.colcon_core.shell:Creating package script '/home/sara/aubo_ws/install/aubo/share/aubo/package.sh'
[4.157s] INFO:colcon.colcon_core.shell:Creating package script '/home/sara/aubo_ws/install/aubo/share/aubo/package.bash'
[4.158s] INFO:colcon.colcon_core.shell:Creating package script '/home/sara/aubo_ws/install/aubo/share/aubo/package.zsh'
[4.158s] Level 1:colcon.colcon_core.environment:create_file_with_runtime_dependencies(/home/sara/aubo_ws/install/aubo/share/colcon-core/packages/aubo)
[4.173s] Level 1:colcon.colcon_core.environment:create_environment_scripts_only(gazebo_ros2_control)
[4.186s] Level 1:colcon.colcon_core.environment:checking '/home/sara/aubo_ws/install/gazebo_ros2_control' for CMake module files
[4.186s] Level 1:colcon.colcon_core.environment:checking '/home/sara/aubo_ws/install/gazebo_ros2_control' for CMake config files
[4.186s] Level 1:colcon.colcon_core.shell:create_environment_hook('gazebo_ros2_control', 'cmake_prefix_path')
[4.199s] INFO:colcon.colcon_core.shell:Creating environment hook '/home/sara/aubo_ws/install/gazebo_ros2_control/share/gazebo_ros2_control/hook/cmake_prefix_path.ps1'
[4.199s] INFO:colcon.colcon_core.shell:Creating environment descriptor '/home/sara/aubo_ws/install/gazebo_ros2_control/share/gazebo_ros2_control/hook/cmake_prefix_path.dsv'
[4.200s] INFO:colcon.colcon_core.shell:Creating environment hook '/home/sara/aubo_ws/install/gazebo_ros2_control/share/gazebo_ros2_control/hook/cmake_prefix_path.sh'
[4.200s] Level 1:colcon.colcon_core.environment:checking '/home/sara/aubo_ws/install/gazebo_ros2_control/bin'
[4.200s] Level 1:colcon.colcon_core.environment:checking '/home/sara/aubo_ws/install/gazebo_ros2_control/lib/pkgconfig/gazebo_ros2_control.pc'
[4.200s] Level 1:colcon.colcon_core.environment:checking '/home/sara/aubo_ws/install/gazebo_ros2_control/lib/python3.10/site-packages'
[4.200s] Level 1:colcon.colcon_core.environment:checking '/home/sara/aubo_ws/install/gazebo_ros2_control/bin'
[4.213s] INFO:colcon.colcon_core.shell:Creating package script '/home/sara/aubo_ws/install/gazebo_ros2_control/share/gazebo_ros2_control/package.ps1'
[4.214s] INFO:colcon.colcon_core.shell:Creating package descriptor '/home/sara/aubo_ws/install/gazebo_ros2_control/share/gazebo_ros2_control/package.dsv'
[4.214s] INFO:colcon.colcon_core.shell:Creating package script '/home/sara/aubo_ws/install/gazebo_ros2_control/share/gazebo_ros2_control/package.sh'
[4.214s] INFO:colcon.colcon_core.shell:Creating package script '/home/sara/aubo_ws/install/gazebo_ros2_control/share/gazebo_ros2_control/package.bash'
[4.215s] INFO:colcon.colcon_core.shell:Creating package script '/home/sara/aubo_ws/install/gazebo_ros2_control/share/gazebo_ros2_control/package.zsh'
[4.215s] Level 1:colcon.colcon_core.environment:create_file_with_runtime_dependencies(/home/sara/aubo_ws/install/gazebo_ros2_control/share/colcon-core/packages/gazebo_ros2_control)
[4.229s] Level 1:colcon.colcon_core.environment:create_environment_scripts_only(aubo_description)
[4.243s] Level 1:colcon.colcon_core.environment:checking '/home/sara/aubo_ws/install/aubo_description' for CMake module files
[4.244s] Level 1:colcon.colcon_core.environment:checking '/home/sara/aubo_ws/install/aubo_description' for CMake config files
[4.244s] Level 1:colcon.colcon_core.shell:create_environment_hook('aubo_description', 'cmake_prefix_path')
[4.258s] INFO:colcon.colcon_core.shell:Creating environment hook '/home/sara/aubo_ws/install/aubo_description/share/aubo_description/hook/cmake_prefix_path.ps1'
[4.258s] INFO:colcon.colcon_core.shell:Creating environment descriptor '/home/sara/aubo_ws/install/aubo_description/share/aubo_description/hook/cmake_prefix_path.dsv'
[4.258s] INFO:colcon.colcon_core.shell:Creating environment hook '/home/sara/aubo_ws/install/aubo_description/share/aubo_description/hook/cmake_prefix_path.sh'
[4.259s] Level 1:colcon.colcon_core.environment:checking '/home/sara/aubo_ws/install/aubo_description/bin'
[4.259s] Level 1:colcon.colcon_core.environment:checking '/home/sara/aubo_ws/install/aubo_description/lib/pkgconfig/aubo_description.pc'
[4.259s] Level 1:colcon.colcon_core.environment:checking '/home/sara/aubo_ws/install/aubo_description/lib/python3.10/site-packages'
[4.259s] Level 1:colcon.colcon_core.environment:checking '/home/sara/aubo_ws/install/aubo_description/bin'
[4.272s] INFO:colcon.colcon_core.shell:Creating package script '/home/sara/aubo_ws/install/aubo_description/share/aubo_description/package.ps1'
[4.272s] INFO:colcon.colcon_core.shell:Creating package descriptor '/home/sara/aubo_ws/install/aubo_description/share/aubo_description/package.dsv'
[4.273s] INFO:colcon.colcon_core.shell:Creating package script '/home/sara/aubo_ws/install/aubo_description/share/aubo_description/package.sh'
[4.273s] INFO:colcon.colcon_core.shell:Creating package script '/home/sara/aubo_ws/install/aubo_description/share/aubo_description/package.bash'
[4.273s] INFO:colcon.colcon_core.shell:Creating package script '/home/sara/aubo_ws/install/aubo_description/share/aubo_description/package.zsh'
[4.274s] Level 1:colcon.colcon_core.environment:create_file_with_runtime_dependencies(/home/sara/aubo_ws/install/aubo_description/share/colcon-core/packages/aubo_description)
[4.274s] INFO:colcon.colcon_ros.task.ament_cmake.build:Building ROS package in '/home/sara/aubo_ws/src/gazebo_ros2_control_demos' with build type 'ament_cmake'
[4.274s] INFO:colcon.colcon_cmake.task.cmake.build:Building CMake package in '/home/sara/aubo_ws/src/gazebo_ros2_control_demos'
[4.287s] INFO:colcon.colcon_core.shell:Skip shell extension 'powershell' for command environment: Not usable outside of PowerShell
[4.288s] DEBUG:colcon.colcon_core.shell:Skip shell extension 'dsv' for command environment
[4.343s] Level 1:colcon.colcon_core.environment:create_environment_scripts_only(argo)
[4.356s] Level 1:colcon.colcon_core.environment:checking '/home/sara/aubo_ws/install/argo' for CMake module files
[4.356s] Level 1:colcon.colcon_core.environment:checking '/home/sara/aubo_ws/install/argo' for CMake config files
[4.356s] Level 1:colcon.colcon_core.shell:create_environment_hook('argo', 'cmake_prefix_path')
[4.376s] INFO:colcon.colcon_core.shell:Creating environment hook '/home/sara/aubo_ws/install/argo/share/argo/hook/cmake_prefix_path.ps1'
[4.377s] INFO:colcon.colcon_core.shell:Creating environment descriptor '/home/sara/aubo_ws/install/argo/share/argo/hook/cmake_prefix_path.dsv'
[4.377s] INFO:colcon.colcon_core.shell:Creating environment hook '/home/sara/aubo_ws/install/argo/share/argo/hook/cmake_prefix_path.sh'
[4.377s] Level 1:colcon.colcon_core.environment:checking '/home/sara/aubo_ws/install/argo/bin'
[4.377s] Level 1:colcon.colcon_core.environment:checking '/home/sara/aubo_ws/install/argo/lib/pkgconfig/argo.pc'
[4.378s] Level 1:colcon.colcon_core.environment:checking '/home/sara/aubo_ws/install/argo/lib/python3.10/site-packages'
[4.378s] Level 1:colcon.colcon_core.environment:checking '/home/sara/aubo_ws/install/argo/bin'
[4.391s] INFO:colcon.colcon_core.shell:Creating package script '/home/sara/aubo_ws/install/argo/share/argo/package.ps1'
[4.391s] INFO:colcon.colcon_core.shell:Creating package descriptor '/home/sara/aubo_ws/install/argo/share/argo/package.dsv'
[4.391s] INFO:colcon.colcon_core.shell:Creating package script '/home/sara/aubo_ws/install/argo/share/argo/package.sh'
[4.392s] INFO:colcon.colcon_core.shell:Creating package script '/home/sara/aubo_ws/install/argo/share/argo/package.bash'
[4.392s] INFO:colcon.colcon_core.shell:Creating package script '/home/sara/aubo_ws/install/argo/share/argo/package.zsh'
[4.392s] Level 1:colcon.colcon_core.environment:create_file_with_runtime_dependencies(/home/sara/aubo_ws/install/argo/share/colcon-core/packages/argo)
[4.409s] Level 1:colcon.colcon_core.environment:create_environment_scripts_only(aubo)
[4.422s] Level 1:colcon.colcon_core.environment:checking '/home/sara/aubo_ws/install/aubo' for CMake module files
[4.423s] Level 1:colcon.colcon_core.environment:checking '/home/sara/aubo_ws/install/aubo' for CMake config files
[4.423s] Level 1:colcon.colcon_core.shell:create_environment_hook('aubo', 'cmake_prefix_path')
[4.436s] INFO:colcon.colcon_core.shell:Creating environment hook '/home/sara/aubo_ws/install/aubo/share/aubo/hook/cmake_prefix_path.ps1'
[4.436s] INFO:colcon.colcon_core.shell:Creating environment descriptor '/home/sara/aubo_ws/install/aubo/share/aubo/hook/cmake_prefix_path.dsv'
[4.436s] INFO:colcon.colcon_core.shell:Creating environment hook '/home/sara/aubo_ws/install/aubo/share/aubo/hook/cmake_prefix_path.sh'
[4.436s] Level 1:colcon.colcon_core.environment:checking '/home/sara/aubo_ws/install/aubo/bin'
[4.436s] Level 1:colcon.colcon_core.environment:checking '/home/sara/aubo_ws/install/aubo/lib/pkgconfig/aubo.pc'
[4.437s] Level 1:colcon.colcon_core.environment:checking '/home/sara/aubo_ws/install/aubo/lib/python3.10/site-packages'
[4.437s] Level 1:colcon.colcon_core.environment:checking '/home/sara/aubo_ws/install/aubo/bin'
[4.450s] INFO:colcon.colcon_core.shell:Creating package script '/home/sara/aubo_ws/install/aubo/share/aubo/package.ps1'
[4.450s] INFO:colcon.colcon_core.shell:Creating package descriptor '/home/sara/aubo_ws/install/aubo/share/aubo/package.dsv'
[4.450s] INFO:colcon.colcon_core.shell:Creating package script '/home/sara/aubo_ws/install/aubo/share/aubo/package.sh'
[4.451s] INFO:colcon.colcon_core.shell:Creating package script '/home/sara/aubo_ws/install/aubo/share/aubo/package.bash'
[4.451s] INFO:colcon.colcon_core.shell:Creating package script '/home/sara/aubo_ws/install/aubo/share/aubo/package.zsh'
[4.451s] Level 1:colcon.colcon_core.environment:create_file_with_runtime_dependencies(/home/sara/aubo_ws/install/aubo/share/colcon-core/packages/aubo)
[4.453s] DEBUG:colcon.colcon_core.event_handler.log_command:Invoked command in '/home/sara/aubo_ws/build/control' returned '0': CMAKE_PREFIX_PATH=${CMAKE_PREFIX_PATH}:/opt/ros/humble /usr/bin/cmake --build /home/sara/aubo_ws/build/control -- -j8 -l8
[4.460s] DEBUG:colcon.colcon_core.event_handler.log_command:Invoking command in '/home/sara/aubo_ws/build/gazebo_ros2_control_demos': CMAKE_PREFIX_PATH=/home/sara/aubo_ws/install/gazebo_ros2_control:/home/sara/aubo_ws/install/gazebo_ros2_control_demos:/home/sara/aubo_ws/install/control:/home/sara/aubo_ws/install/aubo_description:/home/sara/aubo_ws/install/aubo:/home/sara/aubo_ws/install/argo:/opt/ros/humble /usr/bin/cmake --build /home/sara/aubo_ws/build/gazebo_ros2_control_demos -- -j8 -l8
[4.492s] DEBUG:colcon.colcon_core.event_handler.log_command:Invoking command in '/home/sara/aubo_ws/build/control': CMAKE_PREFIX_PATH=${CMAKE_PREFIX_PATH}:/opt/ros/humble /usr/bin/cmake --install /home/sara/aubo_ws/build/control
[4.563s] Level 1:colcon.colcon_core.environment:create_environment_scripts_only(control)
[4.564s] DEBUG:colcon.colcon_core.event_handler.log_command:Invoked command in '/home/sara/aubo_ws/build/control' returned '0': CMAKE_PREFIX_PATH=${CMAKE_PREFIX_PATH}:/opt/ros/humble /usr/bin/cmake --install /home/sara/aubo_ws/build/control
[4.592s] Level 1:colcon.colcon_core.environment:checking '/home/sara/aubo_ws/install/control' for CMake module files
[4.593s] Level 1:colcon.colcon_core.environment:checking '/home/sara/aubo_ws/install/control' for CMake config files
[4.596s] Level 1:colcon.colcon_core.shell:create_environment_hook('control', 'cmake_prefix_path')
[4.617s] INFO:colcon.colcon_core.shell:Creating environment hook '/home/sara/aubo_ws/install/control/share/control/hook/cmake_prefix_path.ps1'
[4.618s] INFO:colcon.colcon_core.shell:Creating environment descriptor '/home/sara/aubo_ws/install/control/share/control/hook/cmake_prefix_path.dsv'
[4.618s] INFO:colcon.colcon_core.shell:Creating environment hook '/home/sara/aubo_ws/install/control/share/control/hook/cmake_prefix_path.sh'
[4.619s] Level 1:colcon.colcon_core.environment:checking '/home/sara/aubo_ws/install/control/lib'
[4.619s] Level 1:colcon.colcon_core.environment:checking '/home/sara/aubo_ws/install/control/bin'
[4.619s] Level 1:colcon.colcon_core.environment:checking '/home/sara/aubo_ws/install/control/lib/pkgconfig/control.pc'
[4.619s] Level 1:colcon.colcon_core.environment:checking '/home/sara/aubo_ws/install/control/lib/python3.10/site-packages'
[4.620s] Level 1:colcon.colcon_core.environment:checking '/home/sara/aubo_ws/install/control/bin'
[4.633s] INFO:colcon.colcon_core.shell:Creating package script '/home/sara/aubo_ws/install/control/share/control/package.ps1'
[4.634s] INFO:colcon.colcon_core.shell:Creating package descriptor '/home/sara/aubo_ws/install/control/share/control/package.dsv'
[4.634s] INFO:colcon.colcon_core.shell:Creating package script '/home/sara/aubo_ws/install/control/share/control/package.sh'
[4.634s] INFO:colcon.colcon_core.shell:Creating package script '/home/sara/aubo_ws/install/control/share/control/package.bash'
[4.635s] INFO:colcon.colcon_core.shell:Creating package script '/home/sara/aubo_ws/install/control/share/control/package.zsh'
[4.635s] Level 1:colcon.colcon_core.environment:create_file_with_runtime_dependencies(/home/sara/aubo_ws/install/control/share/colcon-core/packages/control)
[4.650s] DEBUG:colcon.colcon_core.event_handler.log_command:Invoked command in '/home/sara/aubo_ws/build/gazebo_ros2_control_demos' returned '0': CMAKE_PREFIX_PATH=/home/sara/aubo_ws/install/gazebo_ros2_control:/home/sara/aubo_ws/install/gazebo_ros2_control_demos:/home/sara/aubo_ws/install/control:/home/sara/aubo_ws/install/aubo_description:/home/sara/aubo_ws/install/aubo:/home/sara/aubo_ws/install/argo:/opt/ros/humble /usr/bin/cmake --build /home/sara/aubo_ws/build/gazebo_ros2_control_demos -- -j8 -l8
[4.690s] Level 1:colcon.colcon_core.environment:create_environment_scripts_only(control)
[4.703s] Level 1:colcon.colcon_core.environment:checking '/home/sara/aubo_ws/install/control' for CMake module files
[4.704s] Level 1:colcon.colcon_core.environment:checking '/home/sara/aubo_ws/install/control' for CMake config files
[4.704s] Level 1:colcon.colcon_core.shell:create_environment_hook('control', 'cmake_prefix_path')
[4.717s] INFO:colcon.colcon_core.shell:Creating environment hook '/home/sara/aubo_ws/install/control/share/control/hook/cmake_prefix_path.ps1'
[4.717s] INFO:colcon.colcon_core.shell:Creating environment descriptor '/home/sara/aubo_ws/install/control/share/control/hook/cmake_prefix_path.dsv'
[4.717s] INFO:colcon.colcon_core.shell:Creating environment hook '/home/sara/aubo_ws/install/control/share/control/hook/cmake_prefix_path.sh'
[4.718s] Level 1:colcon.colcon_core.environment:checking '/home/sara/aubo_ws/install/control/lib'
[4.718s] Level 1:colcon.colcon_core.environment:checking '/home/sara/aubo_ws/install/control/bin'
[4.718s] Level 1:colcon.colcon_core.environment:checking '/home/sara/aubo_ws/install/control/lib/pkgconfig/control.pc'
[4.718s] Level 1:colcon.colcon_core.environment:checking '/home/sara/aubo_ws/install/control/lib/python3.10/site-packages'
[4.718s] Level 1:colcon.colcon_core.environment:checking '/home/sara/aubo_ws/install/control/bin'
[4.732s] INFO:colcon.colcon_core.shell:Creating package script '/home/sara/aubo_ws/install/control/share/control/package.ps1'
[4.732s] INFO:colcon.colcon_core.shell:Creating package descriptor '/home/sara/aubo_ws/install/control/share/control/package.dsv'
[4.732s] INFO:colcon.colcon_core.shell:Creating package script '/home/sara/aubo_ws/install/control/share/control/package.sh'
[4.733s] INFO:colcon.colcon_core.shell:Creating package script '/home/sara/aubo_ws/install/control/share/control/package.bash'
[4.733s] INFO:colcon.colcon_core.shell:Creating package script '/home/sara/aubo_ws/install/control/share/control/package.zsh'
[4.733s] Level 1:colcon.colcon_core.environment:create_file_with_runtime_dependencies(/home/sara/aubo_ws/install/control/share/colcon-core/packages/control)
[4.735s] DEBUG:colcon.colcon_core.event_handler.log_command:Invoking command in '/home/sara/aubo_ws/build/gazebo_ros2_control_demos': CMAKE_PREFIX_PATH=/home/sara/aubo_ws/install/gazebo_ros2_control:/home/sara/aubo_ws/install/gazebo_ros2_control_demos:/home/sara/aubo_ws/install/control:/home/sara/aubo_ws/install/aubo_description:/home/sara/aubo_ws/install/aubo:/home/sara/aubo_ws/install/argo:/opt/ros/humble /usr/bin/cmake --install /home/sara/aubo_ws/build/gazebo_ros2_control_demos
[4.810s] Level 1:colcon.colcon_core.environment:create_environment_scripts_only(gazebo_ros2_control_demos)
[4.813s] DEBUG:colcon.colcon_core.event_handler.log_command:Invoked command in '/home/sara/aubo_ws/build/gazebo_ros2_control_demos' returned '0': CMAKE_PREFIX_PATH=/home/sara/aubo_ws/install/gazebo_ros2_control:/home/sara/aubo_ws/install/gazebo_ros2_control_demos:/home/sara/aubo_ws/install/control:/home/sara/aubo_ws/install/aubo_description:/home/sara/aubo_ws/install/aubo:/home/sara/aubo_ws/install/argo:/opt/ros/humble /usr/bin/cmake --install /home/sara/aubo_ws/build/gazebo_ros2_control_demos
[4.851s] Level 1:colcon.colcon_core.environment:checking '/home/sara/aubo_ws/install/gazebo_ros2_control_demos' for CMake module files
[4.851s] Level 1:colcon.colcon_core.environment:checking '/home/sara/aubo_ws/install/gazebo_ros2_control_demos' for CMake config files
[4.853s] Level 1:colcon.colcon_core.shell:create_environment_hook('gazebo_ros2_control_demos', 'cmake_prefix_path')
[4.868s] INFO:colcon.colcon_core.shell:Creating environment hook '/home/sara/aubo_ws/install/gazebo_ros2_control_demos/share/gazebo_ros2_control_demos/hook/cmake_prefix_path.ps1'
[4.868s] INFO:colcon.colcon_core.shell:Creating environment descriptor '/home/sara/aubo_ws/install/gazebo_ros2_control_demos/share/gazebo_ros2_control_demos/hook/cmake_prefix_path.dsv'
[4.868s] INFO:colcon.colcon_core.shell:Creating environment hook '/home/sara/aubo_ws/install/gazebo_ros2_control_demos/share/gazebo_ros2_control_demos/hook/cmake_prefix_path.sh'
[4.869s] Level 1:colcon.colcon_core.environment:checking '/home/sara/aubo_ws/install/gazebo_ros2_control_demos/lib'
[4.869s] Level 1:colcon.colcon_core.environment:checking '/home/sara/aubo_ws/install/gazebo_ros2_control_demos/bin'
[4.869s] Level 1:colcon.colcon_core.environment:checking '/home/sara/aubo_ws/install/gazebo_ros2_control_demos/lib/pkgconfig/gazebo_ros2_control_demos.pc'
[4.869s] Level 1:colcon.colcon_core.environment:checking '/home/sara/aubo_ws/install/gazebo_ros2_control_demos/lib/python3.10/site-packages'
[4.869s] Level 1:colcon.colcon_core.environment:checking '/home/sara/aubo_ws/install/gazebo_ros2_control_demos/bin'
[4.882s] INFO:colcon.colcon_core.shell:Creating package script '/home/sara/aubo_ws/install/gazebo_ros2_control_demos/share/gazebo_ros2_control_demos/package.ps1'
[4.882s] INFO:colcon.colcon_core.shell:Creating package descriptor '/home/sara/aubo_ws/install/gazebo_ros2_control_demos/share/gazebo_ros2_control_demos/package.dsv'
[4.882s] INFO:colcon.colcon_core.shell:Creating package script '/home/sara/aubo_ws/install/gazebo_ros2_control_demos/share/gazebo_ros2_control_demos/package.sh'
[4.883s] INFO:colcon.colcon_core.shell:Creating package script '/home/sara/aubo_ws/install/gazebo_ros2_control_demos/share/gazebo_ros2_control_demos/package.bash'
[4.883s] INFO:colcon.colcon_core.shell:Creating package script '/home/sara/aubo_ws/install/gazebo_ros2_control_demos/share/gazebo_ros2_control_demos/package.zsh'
[4.883s] Level 1:colcon.colcon_core.environment:create_file_with_runtime_dependencies(/home/sara/aubo_ws/install/gazebo_ros2_control_demos/share/colcon-core/packages/gazebo_ros2_control_demos)
[4.932s] Level 1:colcon.colcon_core.environment:create_environment_scripts_only(gazebo_ros2_control_demos)
[4.945s] Level 1:colcon.colcon_core.environment:checking '/home/sara/aubo_ws/install/gazebo_ros2_control_demos' for CMake module files
[4.945s] Level 1:colcon.colcon_core.environment:checking '/home/sara/aubo_ws/install/gazebo_ros2_control_demos' for CMake config files
[4.946s] Level 1:colcon.colcon_core.shell:create_environment_hook('gazebo_ros2_control_demos', 'cmake_prefix_path')
[4.958s] INFO:colcon.colcon_core.shell:Creating environment hook '/home/sara/aubo_ws/install/gazebo_ros2_control_demos/share/gazebo_ros2_control_demos/hook/cmake_prefix_path.ps1'
[4.959s] INFO:colcon.colcon_core.shell:Creating environment descriptor '/home/sara/aubo_ws/install/gazebo_ros2_control_demos/share/gazebo_ros2_control_demos/hook/cmake_prefix_path.dsv'
[4.959s] INFO:colcon.colcon_core.shell:Creating environment hook '/home/sara/aubo_ws/install/gazebo_ros2_control_demos/share/gazebo_ros2_control_demos/hook/cmake_prefix_path.sh'
[4.959s] Level 1:colcon.colcon_core.environment:checking '/home/sara/aubo_ws/install/gazebo_ros2_control_demos/lib'
[4.959s] Level 1:colcon.colcon_core.environment:checking '/home/sara/aubo_ws/install/gazebo_ros2_control_demos/bin'
[4.960s] Level 1:colcon.colcon_core.environment:checking '/home/sara/aubo_ws/install/gazebo_ros2_control_demos/lib/pkgconfig/gazebo_ros2_control_demos.pc'
[4.960s] Level 1:colcon.colcon_core.environment:checking '/home/sara/aubo_ws/install/gazebo_ros2_control_demos/lib/python3.10/site-packages'
[4.960s] Level 1:colcon.colcon_core.environment:checking '/home/sara/aubo_ws/install/gazebo_ros2_control_demos/bin'
[4.973s] INFO:colcon.colcon_core.shell:Creating package script '/home/sara/aubo_ws/install/gazebo_ros2_control_demos/share/gazebo_ros2_control_demos/package.ps1'
[4.973s] INFO:colcon.colcon_core.shell:Creating package descriptor '/home/sara/aubo_ws/install/gazebo_ros2_control_demos/share/gazebo_ros2_control_demos/package.dsv'
[4.973s] INFO:colcon.colcon_core.shell:Creating package script '/home/sara/aubo_ws/install/gazebo_ros2_control_demos/share/gazebo_ros2_control_demos/package.sh'
[4.974s] INFO:colcon.colcon_core.shell:Creating package script '/home/sara/aubo_ws/install/gazebo_ros2_control_demos/share/gazebo_ros2_control_demos/package.bash'
[4.974s] INFO:colcon.colcon_core.shell:Creating package script '/home/sara/aubo_ws/install/gazebo_ros2_control_demos/share/gazebo_ros2_control_demos/package.zsh'
[4.974s] Level 1:colcon.colcon_core.environment:create_file_with_runtime_dependencies(/home/sara/aubo_ws/install/gazebo_ros2_control_demos/share/colcon-core/packages/gazebo_ros2_control_demos)
[4.974s] DEBUG:colcon.colcon_parallel_executor.executor.parallel:closing loop
[4.974s] DEBUG:colcon.colcon_parallel_executor.executor.parallel:loop closed
[4.975s] DEBUG:colcon.colcon_parallel_executor.executor.parallel:run_until_complete finished with '0'
[4.975s] DEBUG:colcon.colcon_core.event_reactor:joining thread
[5.003s] INFO:colcon.colcon_core.plugin_system:Skipping extension 'colcon_notification.desktop_notification.terminal_notifier': Not used on non-Darwin systems
[5.003s] INFO:colcon.colcon_core.plugin_system:Skipping extension 'colcon_notification.desktop_notification.win32': Not used on non-Windows systems
[5.003s] INFO:colcon.colcon_notification.desktop_notification:Sending desktop notification using 'notify2'
[5.012s] DEBUG:colcon.colcon_core.event_reactor:joined thread
[5.028s] INFO:colcon.colcon_core.shell:Creating prefix script '/home/sara/aubo_ws/install/local_setup.ps1'
[5.031s] INFO:colcon.colcon_core.shell:Creating prefix util module '/home/sara/aubo_ws/install/_local_setup_util_ps1.py'
[5.034s] INFO:colcon.colcon_core.shell:Creating prefix chain script '/home/sara/aubo_ws/install/setup.ps1'
[5.051s] INFO:colcon.colcon_core.shell:Creating prefix script '/home/sara/aubo_ws/install/local_setup.sh'
[5.052s] INFO:colcon.colcon_core.shell:Creating prefix util module '/home/sara/aubo_ws/install/_local_setup_util_sh.py'
[5.053s] INFO:colcon.colcon_core.shell:Creating prefix chain script '/home/sara/aubo_ws/install/setup.sh'
[5.070s] INFO:colcon.colcon_core.shell:Creating prefix script '/home/sara/aubo_ws/install/local_setup.bash'
[5.071s] INFO:colcon.colcon_core.shell:Creating prefix chain script '/home/sara/aubo_ws/install/setup.bash'
[5.087s] INFO:colcon.colcon_core.shell:Creating prefix script '/home/sara/aubo_ws/install/local_setup.zsh'
[5.090s] INFO:colcon.colcon_core.shell:Creating prefix chain script '/home/sara/aubo_ws/install/setup.zsh'
