[0.134s] Invoking command in '/home/sara/aubo_ws/build/control': CMAKE_PREFIX_PATH=${CMAKE_PREFIX_PATH}:/opt/ros/humble /usr/bin/cmake --build /home/sara/aubo_ws/build/control -- -j8 -l8
[0.223s] [ 14%] Built target inv_kin
[0.224s] [ 28%] Built target dir_kin
[0.226s] [ 42%] Built target sim_sub
[0.231s] [ 57%] Built target controller
[0.234s] [ 71%] Built target test_pub
[0.236s] [ 85%] Built target sim_test
[0.238s] [100%] Built target sim_pub
[0.404s] Invoked command in '/home/sara/aubo_ws/build/control' returned '0': CMAKE_PREFIX_PATH=${CMAKE_PREFIX_PATH}:/opt/ros/humble /usr/bin/cmake --build /home/sara/aubo_ws/build/control -- -j8 -l8
[0.631s] Invoking command in '/home/sara/aubo_ws/build/control': CMAKE_PREFIX_PATH=${CMAKE_PREFIX_PATH}:/opt/ros/humble /usr/bin/cmake --install /home/sara/aubo_ws/build/control
[0.639s] -- Install configuration: ""
[0.639s] -- Up-to-date: /home/sara/aubo_ws/install/control/lib/control/controller
[0.640s] -- Up-to-date: /home/sara/aubo_ws/install/control/lib/control/dir_kin
[0.640s] -- Up-to-date: /home/sara/aubo_ws/install/control/lib/control/inv_kin
[0.641s] -- Up-to-date: /home/sara/aubo_ws/install/control/lib/control/test_pub
[0.641s] -- Up-to-date: /home/sara/aubo_ws/install/control/lib/control/sim_pub
[0.642s] -- Up-to-date: /home/sara/aubo_ws/install/control/lib/control/sim_sub
[0.642s] -- Up-to-date: /home/sara/aubo_ws/install/control/lib/control/sim_test
[0.643s] -- Up-to-date: /home/sara/aubo_ws/install/control/share/control/launch
[0.643s] -- Up-to-date: /home/sara/aubo_ws/install/control/share/control/launch/listener.launch.py
[0.643s] -- Installing: /home/sara/aubo_ws/install/control/share/control/launch/aubo_i5_gz.launch.py
[0.644s] -- Up-to-date: /home/sara/aubo_ws/install/control/share/control/launch/view_robot.launch.py
[0.644s] -- Up-to-date: /home/sara/aubo_ws/install/control/share/control/launch/world.launch.py
[0.644s] -- Up-to-date: /home/sara/aubo_ws/install/control/share/control/launch/gz.launch.py
[0.644s] -- Up-to-date: /home/sara/aubo_ws/install/control/share/control/launch/spawn_robot_launch_v4.launch.py
[0.644s] -- Up-to-date: /home/sara/aubo_ws/install/control/share/ament_index/resource_index/package_run_dependencies/control
[0.645s] -- Up-to-date: /home/sara/aubo_ws/install/control/share/ament_index/resource_index/parent_prefix_path/control
[0.645s] -- Up-to-date: /home/sara/aubo_ws/install/control/share/control/environment/ament_prefix_path.sh
[0.645s] -- Up-to-date: /home/sara/aubo_ws/install/control/share/control/environment/ament_prefix_path.dsv
[0.645s] -- Up-to-date: /home/sara/aubo_ws/install/control/share/control/environment/path.sh
[0.645s] -- Up-to-date: /home/sara/aubo_ws/install/control/share/control/environment/path.dsv
[0.645s] -- Up-to-date: /home/sara/aubo_ws/install/control/share/control/local_setup.bash
[0.645s] -- Up-to-date: /home/sara/aubo_ws/install/control/share/control/local_setup.sh
[0.645s] -- Up-to-date: /home/sara/aubo_ws/install/control/share/control/local_setup.zsh
[0.645s] -- Up-to-date: /home/sara/aubo_ws/install/control/share/control/local_setup.dsv
[0.645s] -- Installing: /home/sara/aubo_ws/install/control/share/control/package.dsv
[0.645s] -- Up-to-date: /home/sara/aubo_ws/install/control/share/ament_index/resource_index/packages/control
[0.646s] -- Up-to-date: /home/sara/aubo_ws/install/control/share/control/cmake/controlConfig.cmake
[0.646s] -- Up-to-date: /home/sara/aubo_ws/install/control/share/control/cmake/controlConfig-version.cmake
[0.646s] -- Up-to-date: /home/sara/aubo_ws/install/control/share/control/package.xml
[0.693s] Invoked command in '/home/sara/aubo_ws/build/control' returned '0': CMAKE_PREFIX_PATH=${CMAKE_PREFIX_PATH}:/opt/ros/humble /usr/bin/cmake --install /home/sara/aubo_ws/build/control
