[0.062s] Invoking command in '/home/sara/aubo_ws/build/control': CMAKE_PREFIX_PATH=${CMAKE_PREFIX_PATH}:/opt/ros/humble /usr/bin/cmake --build /home/sara/aubo_ws/build/control -- -j8 -l8
[0.103s] [35m[1mConsolidate compiler generated dependencies of target controller[0m
[0.123s] [ 37%] Built target test_pub
[0.124s] [ 50%] Built target dir_kin
[0.127s] [ 75%] Built target inv_kin
[0.129s] [100%] Built target controller
[0.150s] Invoked command in '/home/sara/aubo_ws/build/control' returned '0': CMAKE_PREFIX_PATH=${CMAKE_PREFIX_PATH}:/opt/ros/humble /usr/bin/cmake --build /home/sara/aubo_ws/build/control -- -j8 -l8
[0.211s] Invoking command in '/home/sara/aubo_ws/build/control': CMAKE_PREFIX_PATH=${CMAKE_PREFIX_PATH}:/opt/ros/humble /usr/bin/cmake --install /home/sara/aubo_ws/build/control
[0.218s] -- Install configuration: ""
[0.218s] -- Up-to-date: /home/sara/aubo_ws/install/control/lib/control/controller
[0.219s] -- Up-to-date: /home/sara/aubo_ws/install/control/lib/control/dir_kin
[0.219s] -- Up-to-date: /home/sara/aubo_ws/install/control/lib/control/inv_kin
[0.220s] -- Up-to-date: /home/sara/aubo_ws/install/control/lib/control/test_pub
[0.220s] -- Up-to-date: /home/sara/aubo_ws/install/control/share/control/launch
[0.220s] -- Up-to-date: /home/sara/aubo_ws/install/control/share/control/launch/view_robot.launch.py
[0.220s] -- Up-to-date: /home/sara/aubo_ws/install/control/share/control/launch/world.launch.py
[0.221s] -- Up-to-date: /home/sara/aubo_ws/install/control/share/control/launch/gz.launch.py
[0.221s] -- Up-to-date: /home/sara/aubo_ws/install/control/share/control/launch/spawn_robot_launch_v4.launch.py
[0.221s] -- Up-to-date: /home/sara/aubo_ws/install/control/share/ament_index/resource_index/package_run_dependencies/control
[0.222s] -- Up-to-date: /home/sara/aubo_ws/install/control/share/ament_index/resource_index/parent_prefix_path/control
[0.222s] -- Up-to-date: /home/sara/aubo_ws/install/control/share/control/environment/ament_prefix_path.sh
[0.222s] -- Up-to-date: /home/sara/aubo_ws/install/control/share/control/environment/ament_prefix_path.dsv
[0.222s] -- Up-to-date: /home/sara/aubo_ws/install/control/share/control/environment/path.sh
[0.222s] -- Up-to-date: /home/sara/aubo_ws/install/control/share/control/environment/path.dsv
[0.222s] -- Up-to-date: /home/sara/aubo_ws/install/control/share/control/local_setup.bash
[0.223s] -- Up-to-date: /home/sara/aubo_ws/install/control/share/control/local_setup.sh
[0.223s] -- Up-to-date: /home/sara/aubo_ws/install/control/share/control/local_setup.zsh
[0.223s] -- Up-to-date: /home/sara/aubo_ws/install/control/share/control/local_setup.dsv
[0.223s] -- Installing: /home/sara/aubo_ws/install/control/share/control/package.dsv
[0.223s] -- Up-to-date: /home/sara/aubo_ws/install/control/share/ament_index/resource_index/packages/control
[0.223s] -- Up-to-date: /home/sara/aubo_ws/install/control/share/control/cmake/controlConfig.cmake
[0.223s] -- Up-to-date: /home/sara/aubo_ws/install/control/share/control/cmake/controlConfig-version.cmake
[0.223s] -- Up-to-date: /home/sara/aubo_ws/install/control/share/control/package.xml
[0.316s] Invoked command in '/home/sara/aubo_ws/build/control' returned '0': CMAKE_PREFIX_PATH=${CMAKE_PREFIX_PATH}:/opt/ros/humble /usr/bin/cmake --install /home/sara/aubo_ws/build/control
