[1.345s] Invoking command in '/home/sara/aubo_ws/src/ros-controls/ros2_control/rqt_controller_manager': CMAKE_PREFIX_PATH=/home/sara/aubo_ws/install/controller_manager_msgs:/home/sara/aubo_ws/install/transmission_interface:/home/sara/aubo_ws/install/gazebo_ros2_control_demos:/home/sara/aubo_ws/install/gazebo_ros2_control:/home/sara/aubo_ws/install/controller_manager:/home/sara/aubo_ws/install/ros2_control_test_assets:/home/sara/aubo_ws/install/ros2_control_demo_description:/home/sara/aubo_ws/install/control_toolbox:/home/sara/aubo_ws/install/realtime_tools:/home/sara/aubo_ws/install/kinematics_interface_kdl:/home/sara/aubo_ws/install/kinematics_interface:/home/sara/aubo_ws/install/joint_limits:/home/sara/aubo_ws/install/controller_interface:/home/sara/aubo_ws/install/hardware_interface:/home/sara/aubo_ws/install/control_msgs:/home/sara/aubo_ws/install/control:/home/sara/aubo_ws/install/aubo_description:/home/sara/aubo_ws/install/aubo:/home/sara/aubo_ws/install/argo LD_LIBRARY_PATH=/home/sara/aubo_ws/install/controller_manager_msgs/lib:/home/sara/aubo_ws/install/transmission_interface/lib:/home/sara/aubo_ws/install/controller_manager/lib:/home/sara/aubo_ws/install/control_toolbox/lib:/home/sara/aubo_ws/install/realtime_tools/lib:/home/sara/aubo_ws/install/kinematics_interface_kdl/lib:/home/sara/aubo_ws/install/kinematics_interface/lib:/home/sara/aubo_ws/install/controller_interface/lib:/home/sara/aubo_ws/install/hardware_interface/lib:/home/sara/aubo_ws/install/control_msgs/lib:/usr/lib/x86_64-linux-gnu/gazebo-11/plugins:/opt/ros/humble/lib/x86_64-linux-gnu:/opt/ros/humble/lib:/usr/share/gazebo-11/../../lib/x86_64-linux-gnu/gazebo-11/plugins PYTHONPATH=/home/sara/aubo_ws/build/rqt_controller_manager/prefix_override:/home/sara/aubo_ws/install/rqt_controller_manager/lib/python3.10/site-packages:${PYTHONPATH} /usr/bin/python3 setup.py egg_info --egg-base ../../../../build/rqt_controller_manager build --build-base /home/sara/aubo_ws/build/rqt_controller_manager/build install --record /home/sara/aubo_ws/build/rqt_controller_manager/install.log --single-version-externally-managed
[1.565s] running egg_info
[1.566s] writing ../../../../build/rqt_controller_manager/rqt_controller_manager.egg-info/PKG-INFO
[1.566s] writing dependency_links to ../../../../build/rqt_controller_manager/rqt_controller_manager.egg-info/dependency_links.txt
[1.566s] writing entry points to ../../../../build/rqt_controller_manager/rqt_controller_manager.egg-info/entry_points.txt
[1.566s] writing requirements to ../../../../build/rqt_controller_manager/rqt_controller_manager.egg-info/requires.txt
[1.566s] writing top-level names to ../../../../build/rqt_controller_manager/rqt_controller_manager.egg-info/top_level.txt
[1.569s] reading manifest file '../../../../build/rqt_controller_manager/rqt_controller_manager.egg-info/SOURCES.txt'
[1.569s] writing manifest file '../../../../build/rqt_controller_manager/rqt_controller_manager.egg-info/SOURCES.txt'
[1.570s] running build
[1.570s] running build_py
[1.571s] /usr/lib/python3/dist-packages/setuptools/command/install.py:34: SetuptoolsDeprecationWarning: setup.py install is deprecated. Use build and pip and other standards-based tools.
[1.571s]   warnings.warn(
[1.571s] running install
[1.571s] running install_lib
[1.572s] running install_data
[1.572s] running install_egg_info
[1.577s] removing '/home/sara/aubo_ws/install/rqt_controller_manager/lib/python3.10/site-packages/rqt_controller_manager-2.33.0-py3.10.egg-info' (and everything under it)
[1.578s] Copying ../../../../build/rqt_controller_manager/rqt_controller_manager.egg-info to /home/sara/aubo_ws/install/rqt_controller_manager/lib/python3.10/site-packages/rqt_controller_manager-2.33.0-py3.10.egg-info
[1.578s] running install_scripts
[1.601s] Installing rqt_controller_manager script to /home/sara/aubo_ws/install/rqt_controller_manager/lib/rqt_controller_manager
[1.601s] writing list of installed files to '/home/sara/aubo_ws/build/rqt_controller_manager/install.log'
[1.640s] Invoked command in '/home/sara/aubo_ws/src/ros-controls/ros2_control/rqt_controller_manager' returned '0': CMAKE_PREFIX_PATH=/home/sara/aubo_ws/install/controller_manager_msgs:/home/sara/aubo_ws/install/transmission_interface:/home/sara/aubo_ws/install/gazebo_ros2_control_demos:/home/sara/aubo_ws/install/gazebo_ros2_control:/home/sara/aubo_ws/install/controller_manager:/home/sara/aubo_ws/install/ros2_control_test_assets:/home/sara/aubo_ws/install/ros2_control_demo_description:/home/sara/aubo_ws/install/control_toolbox:/home/sara/aubo_ws/install/realtime_tools:/home/sara/aubo_ws/install/kinematics_interface_kdl:/home/sara/aubo_ws/install/kinematics_interface:/home/sara/aubo_ws/install/joint_limits:/home/sara/aubo_ws/install/controller_interface:/home/sara/aubo_ws/install/hardware_interface:/home/sara/aubo_ws/install/control_msgs:/home/sara/aubo_ws/install/control:/home/sara/aubo_ws/install/aubo_description:/home/sara/aubo_ws/install/aubo:/home/sara/aubo_ws/install/argo LD_LIBRARY_PATH=/home/sara/aubo_ws/install/controller_manager_msgs/lib:/home/sara/aubo_ws/install/transmission_interface/lib:/home/sara/aubo_ws/install/controller_manager/lib:/home/sara/aubo_ws/install/control_toolbox/lib:/home/sara/aubo_ws/install/realtime_tools/lib:/home/sara/aubo_ws/install/kinematics_interface_kdl/lib:/home/sara/aubo_ws/install/kinematics_interface/lib:/home/sara/aubo_ws/install/controller_interface/lib:/home/sara/aubo_ws/install/hardware_interface/lib:/home/sara/aubo_ws/install/control_msgs/lib:/usr/lib/x86_64-linux-gnu/gazebo-11/plugins:/opt/ros/humble/lib/x86_64-linux-gnu:/opt/ros/humble/lib:/usr/share/gazebo-11/../../lib/x86_64-linux-gnu/gazebo-11/plugins PYTHONPATH=/home/sara/aubo_ws/build/rqt_controller_manager/prefix_override:/home/sara/aubo_ws/install/rqt_controller_manager/lib/python3.10/site-packages:${PYTHONPATH} /usr/bin/python3 setup.py egg_info --egg-base ../../../../build/rqt_controller_manager build --build-base /home/sara/aubo_ws/build/rqt_controller_manager/build install --record /home/sara/aubo_ws/build/rqt_controller_manager/install.log --single-version-externally-managed
