[0.092s] Invoking command in '/home/sara/aubo_ws/build/control': CMAKE_PREFIX_PATH=${CMAKE_PREFIX_PATH}:/home/sara/ros2_ws/install/rqt_joint_trajectory_controller:/home/sara/ros2_ws/install/rqt_controller_manager:/home/sara/ros2_ws/install/ros2controlcli:/home/sara/ros2_ws/install/ros2_controllers_test_nodes:/home/sara/aubo_ws/install/ros2_controllers_test_nodes:/opt/ros/humble /usr/bin/cmake --build /home/sara/aubo_ws/build/control -- -j8 -l8
[0.205s] [ 12%] Built target controller
[0.206s] [ 25%] Built target test_pub
[0.207s] [ 37%] Built target inv_kin
[0.223s] [ 50%] Built target sim_pub
[0.224s] [ 56%] [32mBuilding CXX object CMakeFiles/sim_control.dir/src/sim_control.cpp.o[0m
[0.229s] [ 68%] Built target sim_sub
[0.231s] [ 81%] Built target sim_test
[0.239s] [ 93%] Built target dir_kin
[2.421s] [01m[K/home/sara/aubo_ws/src/aubo_control/control/src/sim_control.cpp:[m[K In member function ‘[01m[Kvoid Sim_control::feedback_callback(rclcpp_action::ClientGoalHandle<control_msgs::action::FollowJointTrajectory>::SharedPtr)[m[K’:
[2.421s] [01m[K/home/sara/aubo_ws/src/aubo_control/control/src/sim_control.cpp:56:134:[m[K [01;35m[Kwarning: [m[Kunused parameter ‘[01m[Kgoal_handle[m[K’ [[01;35m[K]8;;https://gcc.gnu.org/onlinedocs/gcc/Warning-Options.html#index-Wunused-parameter-Wunused-parameter]8;;[m[K]
[2.421s]    56 |   void  Sim_control::feedback_callback([01;35m[Kconst rclcpp_action::ClientGoalHandle<control_msgs::action::FollowJointTrajectory>::SharedPtr goal_handle[m[K) {
[2.421s]       |                                        [01;35m[K~~~~~~~~~~~~~~~~~~~~~~~~~~~~~~~~~~~~~~~~~~~~~~~~~~~~~~~~~~~~~~~~~~~~~~~~~~~~~~~~~~~~~~~~~~~~~~^~~~~~~~~~~[m[K
[4.060s] [100%] [32m[1mLinking CXX executable sim_control[0m
[4.257s] [100%] Built target sim_control
[4.271s] Invoked command in '/home/sara/aubo_ws/build/control' returned '0': CMAKE_PREFIX_PATH=${CMAKE_PREFIX_PATH}:/home/sara/ros2_ws/install/rqt_joint_trajectory_controller:/home/sara/ros2_ws/install/rqt_controller_manager:/home/sara/ros2_ws/install/ros2controlcli:/home/sara/ros2_ws/install/ros2_controllers_test_nodes:/home/sara/aubo_ws/install/ros2_controllers_test_nodes:/opt/ros/humble /usr/bin/cmake --build /home/sara/aubo_ws/build/control -- -j8 -l8
[4.366s] Invoking command in '/home/sara/aubo_ws/build/control': CMAKE_PREFIX_PATH=${CMAKE_PREFIX_PATH}:/home/sara/ros2_ws/install/rqt_joint_trajectory_controller:/home/sara/ros2_ws/install/rqt_controller_manager:/home/sara/ros2_ws/install/ros2controlcli:/home/sara/ros2_ws/install/ros2_controllers_test_nodes:/home/sara/aubo_ws/install/ros2_controllers_test_nodes:/opt/ros/humble /usr/bin/cmake --install /home/sara/aubo_ws/build/control
[4.377s] -- Install configuration: ""
[4.377s] -- Up-to-date: /home/sara/aubo_ws/install/control/lib/control/controller
[4.377s] -- Up-to-date: /home/sara/aubo_ws/install/control/lib/control/dir_kin
[4.377s] -- Up-to-date: /home/sara/aubo_ws/install/control/lib/control/inv_kin
[4.378s] -- Up-to-date: /home/sara/aubo_ws/install/control/lib/control/test_pub
[4.378s] -- Up-to-date: /home/sara/aubo_ws/install/control/lib/control/sim_pub
[4.378s] -- Up-to-date: /home/sara/aubo_ws/install/control/lib/control/sim_sub
[4.378s] -- Up-to-date: /home/sara/aubo_ws/install/control/lib/control/sim_test
[4.379s] -- Installing: /home/sara/aubo_ws/install/control/lib/control/sim_control
[4.380s] -- Set runtime path of "/home/sara/aubo_ws/install/control/lib/control/sim_control" to ""
[4.380s] -- Up-to-date: /home/sara/aubo_ws/install/control/share/control/launch
[4.380s] -- Up-to-date: /home/sara/aubo_ws/install/control/share/control/launch/listener.launch.py
[4.380s] -- Up-to-date: /home/sara/aubo_ws/install/control/share/control/launch/aubo_i5_gz.launch.py
[4.381s] -- Up-to-date: /home/sara/aubo_ws/install/control/share/control/launch/view_robot.launch.py
[4.381s] -- Up-to-date: /home/sara/aubo_ws/install/control/share/control/launch/world.launch.py
[4.381s] -- Up-to-date: /home/sara/aubo_ws/install/control/share/control/launch/gz.launch.py
[4.381s] -- Up-to-date: /home/sara/aubo_ws/install/control/share/control/launch/spawn_robot_launch_v4.launch.py
[4.381s] -- Up-to-date: /home/sara/aubo_ws/install/control/share/ament_index/resource_index/package_run_dependencies/control
[4.381s] -- Up-to-date: /home/sara/aubo_ws/install/control/share/ament_index/resource_index/parent_prefix_path/control
[4.381s] -- Up-to-date: /home/sara/aubo_ws/install/control/share/control/environment/ament_prefix_path.sh
[4.381s] -- Up-to-date: /home/sara/aubo_ws/install/control/share/control/environment/ament_prefix_path.dsv
[4.381s] -- Up-to-date: /home/sara/aubo_ws/install/control/share/control/environment/path.sh
[4.381s] -- Up-to-date: /home/sara/aubo_ws/install/control/share/control/environment/path.dsv
[4.381s] -- Up-to-date: /home/sara/aubo_ws/install/control/share/control/local_setup.bash
[4.381s] -- Up-to-date: /home/sara/aubo_ws/install/control/share/control/local_setup.sh
[4.381s] -- Up-to-date: /home/sara/aubo_ws/install/control/share/control/local_setup.zsh
[4.381s] -- Up-to-date: /home/sara/aubo_ws/install/control/share/control/local_setup.dsv
[4.381s] -- Installing: /home/sara/aubo_ws/install/control/share/control/package.dsv
[4.381s] -- Up-to-date: /home/sara/aubo_ws/install/control/share/ament_index/resource_index/packages/control
[4.381s] -- Up-to-date: /home/sara/aubo_ws/install/control/share/control/cmake/controlConfig.cmake
[4.381s] -- Up-to-date: /home/sara/aubo_ws/install/control/share/control/cmake/controlConfig-version.cmake
[4.382s] -- Up-to-date: /home/sara/aubo_ws/install/control/share/control/package.xml
[4.383s] Invoked command in '/home/sara/aubo_ws/build/control' returned '0': CMAKE_PREFIX_PATH=${CMAKE_PREFIX_PATH}:/home/sara/ros2_ws/install/rqt_joint_trajectory_controller:/home/sara/ros2_ws/install/rqt_controller_manager:/home/sara/ros2_ws/install/ros2controlcli:/home/sara/ros2_ws/install/ros2_controllers_test_nodes:/home/sara/aubo_ws/install/ros2_controllers_test_nodes:/opt/ros/humble /usr/bin/cmake --install /home/sara/aubo_ws/build/control
