[0.163s] Invoking command in '/home/sara/aubo_ws/build/control': CMAKE_PREFIX_PATH=${CMAKE_PREFIX_PATH}:/opt/ros/humble /usr/bin/cmake --build /home/sara/aubo_ws/build/control -- -j8 -l8
[0.295s] [ 14%] Built target inv_kin
[0.302s] [ 28%] Built target test_pub
[0.306s] [ 42%] Built target sim_pub
[0.307s] [ 57%] Built target controller
[0.319s] [ 71%] Built target dir_kin
[0.322s] [ 85%] Built target sim_sub
[0.322s] [ 92%] [32mBuilding CXX object CMakeFiles/sim_test.dir/src/sim_test.cpp.o[0m
[4.355s] [01m[K/home/sara/aubo_ws/src/aubo_control/control/src/sim_test.cpp:[m[K In function ‘[01m[Kint main(int, char**)[m[K’:
[4.355s] [01m[K/home/sara/aubo_ws/src/aubo_control/control/src/sim_test.cpp:78:20:[m[K [01;35m[Kwarning: [m[Kthe address of ‘[01m[Kbool rclcpp::ok(rclcpp::Context::SharedPtr)[m[K’ will never be NULL [[01;35m[K]8;;https://gcc.gnu.org/onlinedocs/gcc/Warning-Options.html#index-Waddress-Waddress]8;;[m[K]
[4.355s]    78 |     while ([01;35m[Krclcpp::ok[m[K)
[4.355s]       |            [01;35m[K~~~~~~~~^~[m[K
[7.568s] [100%] [32m[1mLinking CXX executable sim_test[0m
[7.882s] [100%] Built target sim_test
[7.899s] Invoked command in '/home/sara/aubo_ws/build/control' returned '0': CMAKE_PREFIX_PATH=${CMAKE_PREFIX_PATH}:/opt/ros/humble /usr/bin/cmake --build /home/sara/aubo_ws/build/control -- -j8 -l8
[7.966s] Invoking command in '/home/sara/aubo_ws/build/control': CMAKE_PREFIX_PATH=${CMAKE_PREFIX_PATH}:/opt/ros/humble /usr/bin/cmake --install /home/sara/aubo_ws/build/control
[7.976s] -- Install configuration: ""
[7.977s] -- Up-to-date: /home/sara/aubo_ws/install/control/lib/control/controller
[7.977s] -- Up-to-date: /home/sara/aubo_ws/install/control/lib/control/dir_kin
[7.978s] -- Up-to-date: /home/sara/aubo_ws/install/control/lib/control/inv_kin
[7.978s] -- Up-to-date: /home/sara/aubo_ws/install/control/lib/control/test_pub
[7.979s] -- Up-to-date: /home/sara/aubo_ws/install/control/lib/control/sim_pub
[7.979s] -- Up-to-date: /home/sara/aubo_ws/install/control/lib/control/sim_sub
[7.980s] -- Installing: /home/sara/aubo_ws/install/control/lib/control/sim_test
[7.982s] -- Set runtime path of "/home/sara/aubo_ws/install/control/lib/control/sim_test" to ""
[7.982s] -- Up-to-date: /home/sara/aubo_ws/install/control/share/control/launch
[7.982s] -- Up-to-date: /home/sara/aubo_ws/install/control/share/control/launch/listener.launch.py
[7.982s] -- Up-to-date: /home/sara/aubo_ws/install/control/share/control/launch/view_robot.launch.py
[7.983s] -- Up-to-date: /home/sara/aubo_ws/install/control/share/control/launch/world.launch.py
[7.983s] -- Up-to-date: /home/sara/aubo_ws/install/control/share/control/launch/gz.launch.py
[7.983s] -- Up-to-date: /home/sara/aubo_ws/install/control/share/control/launch/spawn_robot_launch_v4.launch.py
[7.983s] -- Up-to-date: /home/sara/aubo_ws/install/control/share/ament_index/resource_index/package_run_dependencies/control
[7.983s] -- Up-to-date: /home/sara/aubo_ws/install/control/share/ament_index/resource_index/parent_prefix_path/control
[7.984s] -- Up-to-date: /home/sara/aubo_ws/install/control/share/control/environment/ament_prefix_path.sh
[7.984s] -- Up-to-date: /home/sara/aubo_ws/install/control/share/control/environment/ament_prefix_path.dsv
[7.984s] -- Up-to-date: /home/sara/aubo_ws/install/control/share/control/environment/path.sh
[7.984s] -- Up-to-date: /home/sara/aubo_ws/install/control/share/control/environment/path.dsv
[7.984s] -- Up-to-date: /home/sara/aubo_ws/install/control/share/control/local_setup.bash
[7.984s] -- Up-to-date: /home/sara/aubo_ws/install/control/share/control/local_setup.sh
[7.984s] -- Up-to-date: /home/sara/aubo_ws/install/control/share/control/local_setup.zsh
[7.985s] -- Up-to-date: /home/sara/aubo_ws/install/control/share/control/local_setup.dsv
[7.985s] -- Installing: /home/sara/aubo_ws/install/control/share/control/package.dsv
[7.985s] -- Up-to-date: /home/sara/aubo_ws/install/control/share/ament_index/resource_index/packages/control
[7.985s] -- Up-to-date: /home/sara/aubo_ws/install/control/share/control/cmake/controlConfig.cmake
[7.985s] -- Up-to-date: /home/sara/aubo_ws/install/control/share/control/cmake/controlConfig-version.cmake
[7.986s] -- Up-to-date: /home/sara/aubo_ws/install/control/share/control/package.xml
[7.987s] Invoked command in '/home/sara/aubo_ws/build/control' returned '0': CMAKE_PREFIX_PATH=${CMAKE_PREFIX_PATH}:/opt/ros/humble /usr/bin/cmake --install /home/sara/aubo_ws/build/control
