[0.761s] Invoking command in '/home/sara/aubo_ws/build/forward_command_controller': AMENT_PREFIX_PATH=/home/sara/aubo_ws/install/controller_manager:/home/sara/aubo_ws/install/controller_interface:/home/sara/aubo_ws/install/hardware_interface:/home/sara/aubo_ws/install/realtime_tools:/home/sara/aubo_ws/install/controller_manager_msgs:/home/sara/aubo_ws/install/control_msgs:${AMENT_PREFIX_PATH} CMAKE_PREFIX_PATH=/home/sara/aubo_ws/install/controller_manager:/home/sara/aubo_ws/install/controller_interface:/home/sara/aubo_ws/install/hardware_interface:/home/sara/aubo_ws/install/ros2_control_test_assets:/home/sara/aubo_ws/install/realtime_tools:/home/sara/aubo_ws/install/controller_manager_msgs:/home/sara/aubo_ws/install/control_msgs:/home/sara/ros2_ws/install/gazebo_ros2_control_demos:/home/sara/ros2_ws/install/ros2_controllers:/home/sara/ros2_ws/install/ign_ros2_control_demos:/home/sara/ros2_ws/install/velocity_controllers:/home/sara/ros2_ws/install/tricycle_steering_controller:/home/sara/ros2_ws/install/tricycle_controller:/home/sara/ros2_ws/install/ros2_control_demos:/home/sara/ros2_ws/install/ros2_control_demo_example_8:/home/sara/ros2_ws/install/ros2_control:/home/sara/ros2_ws/install/transmission_interface:/home/sara/ros2_ws/install/bicycle_steering_controller:/home/sara/ros2_ws/install/ackermann_steering_controller:/home/sara/ros2_ws/install/ros2_control_demo_example_9:/home/sara/ros2_ws/install/ros2_control_demo_example_7:/home/sara/ros2_ws/install/ros2_control_demo_example_6:/home/sara/ros2_ws/install/ros2_control_demo_example_5:/home/sara/ros2_ws/install/ros2_control_demo_example_4:/home/sara/ros2_ws/install/ros2_control_demo_example_3:/home/sara/ros2_ws/install/ros2_control_demo_example_2:/home/sara/ros2_ws/install/ros2_control_demo_example_14:/home/sara/ros2_ws/install/ros2_control_demo_example_12:/home/sara/ros2_ws/install/ros2_control_demo_example_10:/home/sara/ros2_ws/install/ros2_control_demo_example_1:/home/sara/ros2_ws/install/gz_ros2_control_tests:/home/sara/ros2_ws/install/ign_ros2_control:/home/sara/ros2_ws/install/gazebo_ros2_control:/home/sara/ros2_ws/install/controller_manager:/home/sara/ros2_ws/install/ros2_control_test_assets:/home/sara/ros2_ws/install/ros2_control_demo_description:/home/sara/ros2_ws/install/range_sensor_broadcaster:/home/sara/ros2_ws/install/position_controllers:/home/sara/ros2_ws/install/admittance_controller:/home/sara/ros2_ws/install/joint_trajectory_controller:/home/sara/ros2_ws/install/joint_state_broadcaster:/home/sara/ros2_ws/install/imu_sensor_broadcaster:/home/sara/ros2_ws/install/gripper_controllers:/home/sara/ros2_ws/install/effort_controllers:/home/sara/ros2_ws/install/forward_command_controller:/home/sara/ros2_ws/install/force_torque_sensor_broadcaster:/home/sara/ros2_ws/install/diff_drive_controller:/home/sara/ros2_ws/install/control_toolbox:/home/sara/ros2_ws/install/realtime_tools:/home/sara/ros2_ws/install/kinematics_interface_kdl:/home/sara/ros2_ws/install/kinematics_interface:/home/sara/ros2_ws/install/joint_limits:/home/sara/ros2_ws/install/controller_interface:/home/sara/ros2_ws/install/hardware_interface:/home/sara/ros2_ws/install/controller_manager_msgs:/home/sara/ros2_ws/install/control_msgs:/home/sara/aubo_ws/install/ros2_control_demo_description:/home/sara/aubo_ws/install/gazebo_ros2_control_demos:/home/sara/aubo_ws/install/gazebo_ros2_control:/home/sara/aubo_ws/install/control:/home/sara/aubo_ws/install/aubo_description:/home/sara/aubo_ws/install/aubo:/home/sara/aubo_ws/install/argo:/home/sara/ros2_ws/install/steering_controllers_library:/home/sara/ros2_ws/install/rqt_joint_trajectory_controller:/home/sara/ros2_ws/install/rqt_controller_manager:/home/sara/ros2_ws/install/ros2controlcli:/home/sara/ros2_ws/install/ros2_controllers_test_nodes:/home/sara/aubo_ws/install/ros2_controllers_test_nodes:/opt/ros/humble LD_LIBRARY_PATH=/home/sara/aubo_ws/install/controller_manager/lib:/home/sara/aubo_ws/install/controller_interface/lib:/home/sara/aubo_ws/install/hardware_interface/lib:/home/sara/aubo_ws/install/realtime_tools/lib:/home/sara/aubo_ws/install/controller_manager_msgs/lib:/home/sara/aubo_ws/install/control_msgs/lib:/home/sara/ros2_ws/install/velocity_controllers/lib:/home/sara/ros2_ws/install/tricycle_steering_controller/lib:/home/sara/ros2_ws/install/tricycle_controller/lib:/home/sara/ros2_ws/install/ros2_control_demo_example_8/lib:/home/sara/ros2_ws/install/transmission_interface/lib:/home/sara/ros2_ws/install/bicycle_steering_controller/lib:/home/sara/ros2_ws/install/ackermann_steering_controller/lib:/home/sara/ros2_ws/install/steering_controllers_library/lib:/home/sara/ros2_ws/install/ros2_control_demo_example_9/lib:/home/sara/ros2_ws/install/ros2_control_demo_example_7/lib:/home/sara/ros2_ws/install/ros2_control_demo_example_6/lib:/home/sara/ros2_ws/install/ros2_control_demo_example_5/lib:/home/sara/ros2_ws/install/ros2_control_demo_example_4/lib:/home/sara/ros2_ws/install/ros2_control_demo_example_3/lib:/home/sara/ros2_ws/install/ros2_control_demo_example_2/lib:/home/sara/ros2_ws/install/ros2_control_demo_example_14/lib:/home/sara/ros2_ws/install/ros2_control_demo_example_12/lib:/home/sara/ros2_ws/install/ros2_control_demo_example_10/lib:/home/sara/ros2_ws/install/ros2_control_demo_example_1/lib:/home/sara/ros2_ws/install/ign_ros2_control/lib:/home/sara/ros2_ws/install/gazebo_ros2_control/lib:/home/sara/ros2_ws/install/controller_manager/lib:/home/sara/ros2_ws/install/range_sensor_broadcaster/lib:/home/sara/ros2_ws/install/position_controllers/lib:/home/sara/ros2_ws/install/admittance_controller/lib:/home/sara/ros2_ws/install/joint_trajectory_controller/lib:/home/sara/ros2_ws/install/joint_state_broadcaster/lib:/home/sara/ros2_ws/install/imu_sensor_broadcaster/lib:/home/sara/ros2_ws/install/gripper_controllers/lib:/home/sara/ros2_ws/install/effort_controllers/lib:/home/sara/ros2_ws/install/forward_command_controller/lib:/home/sara/ros2_ws/install/force_torque_sensor_broadcaster/lib:/home/sara/ros2_ws/install/diff_drive_controller/lib:/home/sara/ros2_ws/install/control_toolbox/lib:/home/sara/ros2_ws/install/realtime_tools/lib:/home/sara/ros2_ws/install/kinematics_interface_kdl/lib:/home/sara/ros2_ws/install/kinematics_interface/lib:/home/sara/ros2_ws/install/controller_interface/lib:/home/sara/ros2_ws/install/hardware_interface/lib:/home/sara/ros2_ws/install/controller_manager_msgs/lib:/home/sara/ros2_ws/install/control_msgs/lib:/usr/lib/x86_64-linux-gnu/gazebo-11/plugins:/opt/ros/humble/opt/rviz_ogre_vendor/lib:/opt/ros/humble/lib/x86_64-linux-gnu:/opt/ros/humble/lib:/usr/share/gazebo-11/../../lib/x86_64-linux-gnu/gazebo-11/plugins PYTHONPATH=/home/sara/aubo_ws/install/controller_manager/local/lib/python3.10/dist-packages:/home/sara/aubo_ws/install/controller_manager_msgs/local/lib/python3.10/dist-packages:/home/sara/aubo_ws/install/control_msgs/local/lib/python3.10/dist-packages:${PYTHONPATH} /usr/bin/cmake --build /home/sara/aubo_ws/build/forward_command_controller -- -j8 -l8
[1.254s] -- Found ament_cmake: 1.3.5 (/opt/ros/humble/share/ament_cmake/cmake)
[1.254s] -- Override CMake install command with custom implementation using symlinks instead of copying resources
[1.254s] -- Found backward_ros: 1.0.2 (/opt/ros/humble/share/backward_ros/cmake)
[1.254s] -- Could NOT find libbfd (missing: LIBBFD_LIBRARY LIBBFD_INCLUDE_DIR) 
[1.254s] -- BACKWARD_HAS_UNWIND=1
[1.255s] -- BACKWARD_HAS_BACKTRACE=0
[1.255s] -- BACKWARD_HAS_BACKTRACE_SYMBOL=0
[1.255s] -- BACKWARD_HAS_DW=1
[1.255s] -- BACKWARD_HAS_BFD=0
[1.255s] -- Found Backward: /opt/ros/humble/share/backward_ros/cmake  
[1.255s] -- Found controller_interface: 2.33.0 (/home/sara/aubo_ws/install/controller_interface/share/controller_interface/cmake)
[1.255s] -- Found rosidl_generator_c: 3.1.5 (/opt/ros/humble/share/rosidl_generator_c/cmake)
[1.255s] -- Found rosidl_adapter: 3.1.5 (/opt/ros/humble/share/rosidl_adapter/cmake)
[1.256s] -- Found rosidl_generator_cpp: 3.1.5 (/opt/ros/humble/share/rosidl_generator_cpp/cmake)
[1.256s] -- Using all available rosidl_typesupport_c: rosidl_typesupport_fastrtps_c;rosidl_typesupport_introspection_c
[1.256s] -- Using all available rosidl_typesupport_cpp: rosidl_typesupport_fastrtps_cpp;rosidl_typesupport_introspection_cpp
[2.418s] -- Found rmw_implementation_cmake: 6.1.1 (/opt/ros/humble/share/rmw_implementation_cmake/cmake)
[2.425s] -- Found rmw_fastrtps_cpp: 6.2.4 (/opt/ros/humble/share/rmw_fastrtps_cpp/cmake)
[2.716s] -- Using RMW implementation 'rmw_fastrtps_cpp' as default
[3.697s] -- Found generate_parameter_library: 0.3.6 (/opt/ros/humble/share/generate_parameter_library/cmake)
[3.699s] -- Found parameter_traits: 0.3.6 (/opt/ros/humble/share/parameter_traits/cmake)
[3.745s] -- Found realtime_tools: 2.5.0 (/home/sara/aubo_ws/install/realtime_tools/share/realtime_tools/cmake)
[4.764s] -- Found ament_cmake_gmock: 1.3.5 (/opt/ros/humble/share/ament_cmake_gmock/cmake)
[4.765s] -- Found controller_manager: 2.33.0 (/home/sara/aubo_ws/install/controller_manager/share/controller_manager/cmake)
[5.712s] -- Found ros2_control_test_assets: 2.33.0 (/home/sara/aubo_ws/install/ros2_control_test_assets/share/ros2_control_test_assets/cmake)
[5.715s] -- Found gmock sources under '/opt/ros/humble/src/gmock_vendor': C++ tests using 'Google Mock' will be built
[5.724s] -- Found ament_cmake_gtest: 1.3.5 (/opt/ros/humble/share/ament_cmake_gtest/cmake)
[5.725s] -- Found gtest sources under '/opt/ros/humble/src/gtest_vendor': C++ tests using 'Google Test' will be built
[11.224s] -- Configuring done
[12.691s] -- Generating done
[12.765s] -- Build files have been written to: /home/sara/aubo_ws/build/forward_command_controller
[13.349s] [  5%] [34m[1mRunning `/opt/ros/humble/bin/generate_parameter_library_cpp /home/sara/aubo_ws/build/forward_command_controller/multi_interface_forward_command_controller_parameters/include//multi_interface_forward_command_controller_parameters.hpp /home/sara/aubo_ws/src/ros-controls/ros2_controllers/forward_command_controller/src/multi_interface_forward_command_controller_parameters.yaml `[0m
[13.419s] [ 10%] [34m[1mRunning `/opt/ros/humble/bin/generate_parameter_library_cpp /home/sara/aubo_ws/build/forward_command_controller/forward_command_controller_parameters/include//forward_command_controller_parameters.hpp /home/sara/aubo_ws/src/ros-controls/ros2_controllers/forward_command_controller/src/forward_command_controller_parameters.yaml `[0m
[13.424s] [ 15%] [32mBuilding CXX object gmock/CMakeFiles/gmock_main.dir/src/gmock_main.cc.o[0m
[13.515s] [ 21%] [32mBuilding CXX object gmock/CMakeFiles/gmock.dir/src/gmock-all.cc.o[0m
[13.522s] [ 26%] [32mBuilding CXX object gmock/CMakeFiles/gmock.dir/opt/ros/humble/src/gtest_vendor/src/gtest-all.cc.o[0m
[15.581s] [ 26%] Built target forward_command_controller_parameters
[15.801s] [ 26%] Built target multi_interface_forward_command_controller_parameters
[20.653s] [ 31%] [32m[1mLinking CXX static library libgmock_main.a[0m
[21.069s] [ 31%] Built target gmock_main
[32.554s] [ 36%] [32m[1mLinking CXX static library libgmock.a[0m
[32.757s] [ 36%] Built target gmock
[32.829s] [ 42%] [32mBuilding CXX object CMakeFiles/forward_command_controller.dir/src/forward_controllers_base.cpp.o[0m
[54.661s] [ 47%] [32mBuilding CXX object CMakeFiles/forward_command_controller.dir/src/multi_interface_forward_command_controller.cpp.o[0m
[62.772s] [ 52%] [32mBuilding CXX object CMakeFiles/forward_command_controller.dir/src/forward_command_controller.cpp.o[0m
[71.141s] [ 57%] [32m[1mLinking CXX shared library libforward_command_controller.so[0m
[72.643s] [ 57%] Built target forward_command_controller
[72.697s] [ 63%] [32mBuilding CXX object CMakeFiles/test_load_forward_command_controller.dir/test/test_load_forward_command_controller.cpp.o[0m
[86.068s] [ 68%] [32m[1mLinking CXX executable test_load_forward_command_controller[0m
[88.019s] [ 68%] Built target test_load_forward_command_controller
[88.085s] [ 73%] [32mBuilding CXX object CMakeFiles/test_multi_interface_forward_command_controller.dir/test/test_multi_interface_forward_command_controller.cpp.o[0m
[99.317s] [ 78%] [32m[1mLinking CXX executable test_multi_interface_forward_command_controller[0m
[100.481s] [ 78%] Built target test_multi_interface_forward_command_controller
[100.511s] [ 89%] [32mBuilding CXX object CMakeFiles/test_forward_command_controller.dir/test/test_forward_command_controller.cpp.o[0m
[100.511s] [ 89%] [32mBuilding CXX object CMakeFiles/test_load_multi_interface_forward_command_controller.dir/test/test_load_multi_interface_forward_command_controller.cpp.o[0m
[108.997s] [ 94%] [32m[1mLinking CXX executable test_load_multi_interface_forward_command_controller[0m
[110.678s] [ 94%] Built target test_load_multi_interface_forward_command_controller
[112.447s] [100%] [32m[1mLinking CXX executable test_forward_command_controller[0m
[113.791s] [100%] Built target test_forward_command_controller
