[0.078s] Invoking command in '/home/sara/aubo_ws/build/control': CMAKE_PREFIX_PATH=${CMAKE_PREFIX_PATH}:/opt/ros/humble /usr/bin/cmake --build /home/sara/aubo_ws/build/control -- -j8 -l8
[0.132s] [35m[1mConsolidate compiler generated dependencies of target test_pub[0m
[0.147s] [ 16%] Built target dir_kin
[0.148s] [ 33%] Built target sim_pub
[0.149s] [ 58%] Built target inv_kin
[0.149s] [ 66%] Built target controller
[0.149s] [ 83%] Built target sim_sub
[0.158s] [100%] Built target test_pub
[0.265s] Invoked command in '/home/sara/aubo_ws/build/control' returned '0': CMAKE_PREFIX_PATH=${CMAKE_PREFIX_PATH}:/opt/ros/humble /usr/bin/cmake --build /home/sara/aubo_ws/build/control -- -j8 -l8
[0.425s] Invoking command in '/home/sara/aubo_ws/build/control': CMAKE_PREFIX_PATH=${CMAKE_PREFIX_PATH}:/opt/ros/humble /usr/bin/cmake --install /home/sara/aubo_ws/build/control
[0.486s] -- Install configuration: ""
[0.486s] -- Up-to-date: /home/sara/aubo_ws/install/control/lib/control/controller
[0.486s] -- Up-to-date: /home/sara/aubo_ws/install/control/lib/control/dir_kin
[0.486s] -- Up-to-date: /home/sara/aubo_ws/install/control/lib/control/inv_kin
[0.487s] -- Up-to-date: /home/sara/aubo_ws/install/control/lib/control/test_pub
[0.487s] -- Up-to-date: /home/sara/aubo_ws/install/control/lib/control/sim_pub
[0.487s] -- Up-to-date: /home/sara/aubo_ws/install/control/lib/control/sim_sub
[0.487s] -- Up-to-date: /home/sara/aubo_ws/install/control/share/control/launch
[0.487s] -- Up-to-date: /home/sara/aubo_ws/install/control/share/control/launch/listener.launch.py
[0.487s] -- Up-to-date: /home/sara/aubo_ws/install/control/share/control/launch/view_robot.launch.py
[0.487s] -- Up-to-date: /home/sara/aubo_ws/install/control/share/control/launch/world.launch.py
[0.488s] -- Up-to-date: /home/sara/aubo_ws/install/control/share/control/launch/gz.launch.py
[0.488s] -- Up-to-date: /home/sara/aubo_ws/install/control/share/control/launch/spawn_robot_launch_v4.launch.py
[0.488s] -- Up-to-date: /home/sara/aubo_ws/install/control/share/ament_index/resource_index/package_run_dependencies/control
[0.488s] -- Up-to-date: /home/sara/aubo_ws/install/control/share/ament_index/resource_index/parent_prefix_path/control
[0.488s] -- Up-to-date: /home/sara/aubo_ws/install/control/share/control/environment/ament_prefix_path.sh
[0.488s] -- Up-to-date: /home/sara/aubo_ws/install/control/share/control/environment/ament_prefix_path.dsv
[0.488s] -- Up-to-date: /home/sara/aubo_ws/install/control/share/control/environment/path.sh
[0.489s] -- Up-to-date: /home/sara/aubo_ws/install/control/share/control/environment/path.dsv
[0.489s] -- Up-to-date: /home/sara/aubo_ws/install/control/share/control/local_setup.bash
[0.489s] -- Up-to-date: /home/sara/aubo_ws/install/control/share/control/local_setup.sh
[0.489s] -- Up-to-date: /home/sara/aubo_ws/install/control/share/control/local_setup.zsh
[0.489s] -- Up-to-date: /home/sara/aubo_ws/install/control/share/control/local_setup.dsv
[0.489s] -- Installing: /home/sara/aubo_ws/install/control/share/control/package.dsv
[0.489s] -- Up-to-date: /home/sara/aubo_ws/install/control/share/ament_index/resource_index/packages/control
[0.490s] -- Up-to-date: /home/sara/aubo_ws/install/control/share/control/cmake/controlConfig.cmake
[0.490s] -- Up-to-date: /home/sara/aubo_ws/install/control/share/control/cmake/controlConfig-version.cmake
[0.490s] -- Up-to-date: /home/sara/aubo_ws/install/control/share/control/package.xml
[0.490s] Invoked command in '/home/sara/aubo_ws/build/control' returned '0': CMAKE_PREFIX_PATH=${CMAKE_PREFIX_PATH}:/opt/ros/humble /usr/bin/cmake --install /home/sara/aubo_ws/build/control
