[0.135s] Invoking command in '/home/sara/aubo_ws/build/controller_interface': CMAKE_PREFIX_PATH=/home/sara/aubo_ws/install/hardware_interface:/home/sara/aubo_ws/install/control_msgs:/home/sara/aubo_ws/install/transmission_interface:/home/sara/aubo_ws/install/gazebo_ros2_control_demos:/home/sara/aubo_ws/install/gazebo_ros2_control:/home/sara/aubo_ws/install/controller_manager:/home/sara/aubo_ws/install/ros2_control_test_assets:/home/sara/aubo_ws/install/ros2_control_demo_description:/home/sara/aubo_ws/install/control_toolbox:/home/sara/aubo_ws/install/realtime_tools:/home/sara/aubo_ws/install/kinematics_interface_kdl:/home/sara/aubo_ws/install/kinematics_interface:/home/sara/aubo_ws/install/joint_limits:/home/sara/aubo_ws/install/controller_interface:/home/sara/aubo_ws/install/controller_manager_msgs:/home/sara/aubo_ws/install/control:/home/sara/aubo_ws/install/aubo_description:/home/sara/aubo_ws/install/aubo:/home/sara/aubo_ws/install/argo:/home/sara/aubo_ws/install/rqt_joint_trajectory_controller:/home/sara/aubo_ws/install/rqt_controller_manager:/home/sara/aubo_ws/install/ros2_controllers_test_nodes:/opt/ros/humble LD_LIBRARY_PATH=/home/sara/aubo_ws/install/hardware_interface/lib:/home/sara/aubo_ws/install/control_msgs/lib:/home/sara/aubo_ws/install/transmission_interface/lib:/home/sara/aubo_ws/install/controller_manager/lib:/home/sara/aubo_ws/install/control_toolbox/lib:/home/sara/aubo_ws/install/realtime_tools/lib:/home/sara/aubo_ws/install/kinematics_interface_kdl/lib:/home/sara/aubo_ws/install/kinematics_interface/lib:/home/sara/aubo_ws/install/controller_interface/lib:/home/sara/aubo_ws/install/controller_manager_msgs/lib:/usr/lib/x86_64-linux-gnu/gazebo-11/plugins:/opt/ros/humble/lib/x86_64-linux-gnu:/opt/ros/humble/lib:/usr/share/gazebo-11/../../lib/x86_64-linux-gnu/gazebo-11/plugins /usr/bin/cmake /home/sara/aubo_ws/src/ros-controls/ros2_control/controller_interface -DCMAKE_INSTALL_PREFIX=/home/sara/aubo_ws/install/controller_interface
[0.198s] -- The C compiler identification is GNU 11.4.0
[0.263s] -- The CXX compiler identification is GNU 11.4.0
[0.272s] -- Detecting C compiler ABI info
[0.359s] -- Detecting C compiler ABI info - done
[0.377s] -- Check for working C compiler: /usr/bin/cc - skipped
[0.378s] -- Detecting C compile features
[0.378s] -- Detecting C compile features - done
[0.384s] -- Detecting CXX compiler ABI info
[0.490s] -- Detecting CXX compiler ABI info - done
[0.499s] -- Check for working CXX compiler: /usr/bin/c++ - skipped
[0.500s] -- Detecting CXX compile features
[0.500s] -- Detecting CXX compile features - done
[0.504s] -- Found ament_cmake: 1.3.5 (/opt/ros/humble/share/ament_cmake/cmake)
[0.709s] -- Found Python3: /usr/bin/python3.10 (found version "3.10.12") found components: Interpreter 
[0.860s] -- Found hardware_interface: 2.33.0 (/home/sara/aubo_ws/install/hardware_interface/share/hardware_interface/cmake)
[0.926s] -- Found rosidl_generator_c: 3.1.5 (/opt/ros/humble/share/rosidl_generator_c/cmake)
[0.935s] -- Found rosidl_adapter: 3.1.5 (/opt/ros/humble/share/rosidl_adapter/cmake)
[0.951s] -- Found rosidl_generator_cpp: 3.1.5 (/opt/ros/humble/share/rosidl_generator_cpp/cmake)
[0.973s] -- Using all available rosidl_typesupport_c: rosidl_typesupport_fastrtps_c;rosidl_typesupport_introspection_c
[1.004s] -- Using all available rosidl_typesupport_cpp: rosidl_typesupport_fastrtps_cpp;rosidl_typesupport_introspection_cpp
[2.018s] -- Found rmw_implementation_cmake: 6.1.1 (/opt/ros/humble/share/rmw_implementation_cmake/cmake)
[2.024s] -- Found rmw_fastrtps_cpp: 6.2.4 (/opt/ros/humble/share/rmw_fastrtps_cpp/cmake)
[2.183s] -- Found OpenSSL: /usr/lib/x86_64-linux-gnu/libcrypto.so (found version "3.0.2")  
[2.232s] -- Found FastRTPS: /opt/ros/humble/include  
[2.301s] -- Using RMW implementation 'rmw_fastrtps_cpp' as default
[2.317s] -- Looking for pthread.h
[2.408s] -- Looking for pthread.h - found
[2.408s] -- Performing Test CMAKE_HAVE_LIBC_PTHREAD
[2.503s] -- Performing Test CMAKE_HAVE_LIBC_PTHREAD - Success
[2.506s] -- Found Threads: TRUE  
[2.851s] -- Found ament_cmake_gmock: 1.3.5 (/opt/ros/humble/share/ament_cmake_gmock/cmake)
[2.855s] -- Found gmock sources under '/opt/ros/humble/src/gmock_vendor': C++ tests using 'Google Mock' will be built
[2.863s] -- Found ament_cmake_gtest: 1.3.5 (/opt/ros/humble/share/ament_cmake_gtest/cmake)
[2.864s] -- Found gtest sources under '/opt/ros/humble/src/gtest_vendor': C++ tests using 'Google Test' will be built
[3.338s] -- Configuring done
[3.541s] -- Generating done
[3.544s] -- Build files have been written to: /home/sara/aubo_ws/build/controller_interface
[3.560s] Invoked command in '/home/sara/aubo_ws/build/controller_interface' returned '0': CMAKE_PREFIX_PATH=/home/sara/aubo_ws/install/hardware_interface:/home/sara/aubo_ws/install/control_msgs:/home/sara/aubo_ws/install/transmission_interface:/home/sara/aubo_ws/install/gazebo_ros2_control_demos:/home/sara/aubo_ws/install/gazebo_ros2_control:/home/sara/aubo_ws/install/controller_manager:/home/sara/aubo_ws/install/ros2_control_test_assets:/home/sara/aubo_ws/install/ros2_control_demo_description:/home/sara/aubo_ws/install/control_toolbox:/home/sara/aubo_ws/install/realtime_tools:/home/sara/aubo_ws/install/kinematics_interface_kdl:/home/sara/aubo_ws/install/kinematics_interface:/home/sara/aubo_ws/install/joint_limits:/home/sara/aubo_ws/install/controller_interface:/home/sara/aubo_ws/install/controller_manager_msgs:/home/sara/aubo_ws/install/control:/home/sara/aubo_ws/install/aubo_description:/home/sara/aubo_ws/install/aubo:/home/sara/aubo_ws/install/argo:/home/sara/aubo_ws/install/rqt_joint_trajectory_controller:/home/sara/aubo_ws/install/rqt_controller_manager:/home/sara/aubo_ws/install/ros2_controllers_test_nodes:/opt/ros/humble LD_LIBRARY_PATH=/home/sara/aubo_ws/install/hardware_interface/lib:/home/sara/aubo_ws/install/control_msgs/lib:/home/sara/aubo_ws/install/transmission_interface/lib:/home/sara/aubo_ws/install/controller_manager/lib:/home/sara/aubo_ws/install/control_toolbox/lib:/home/sara/aubo_ws/install/realtime_tools/lib:/home/sara/aubo_ws/install/kinematics_interface_kdl/lib:/home/sara/aubo_ws/install/kinematics_interface/lib:/home/sara/aubo_ws/install/controller_interface/lib:/home/sara/aubo_ws/install/controller_manager_msgs/lib:/usr/lib/x86_64-linux-gnu/gazebo-11/plugins:/opt/ros/humble/lib/x86_64-linux-gnu:/opt/ros/humble/lib:/usr/share/gazebo-11/../../lib/x86_64-linux-gnu/gazebo-11/plugins /usr/bin/cmake /home/sara/aubo_ws/src/ros-controls/ros2_control/controller_interface -DCMAKE_INSTALL_PREFIX=/home/sara/aubo_ws/install/controller_interface
[3.562s] Invoking command in '/home/sara/aubo_ws/build/controller_interface': CMAKE_PREFIX_PATH=/home/sara/aubo_ws/install/hardware_interface:/home/sara/aubo_ws/install/control_msgs:/home/sara/aubo_ws/install/transmission_interface:/home/sara/aubo_ws/install/gazebo_ros2_control_demos:/home/sara/aubo_ws/install/gazebo_ros2_control:/home/sara/aubo_ws/install/controller_manager:/home/sara/aubo_ws/install/ros2_control_test_assets:/home/sara/aubo_ws/install/ros2_control_demo_description:/home/sara/aubo_ws/install/control_toolbox:/home/sara/aubo_ws/install/realtime_tools:/home/sara/aubo_ws/install/kinematics_interface_kdl:/home/sara/aubo_ws/install/kinematics_interface:/home/sara/aubo_ws/install/joint_limits:/home/sara/aubo_ws/install/controller_interface:/home/sara/aubo_ws/install/controller_manager_msgs:/home/sara/aubo_ws/install/control:/home/sara/aubo_ws/install/aubo_description:/home/sara/aubo_ws/install/aubo:/home/sara/aubo_ws/install/argo:/home/sara/aubo_ws/install/rqt_joint_trajectory_controller:/home/sara/aubo_ws/install/rqt_controller_manager:/home/sara/aubo_ws/install/ros2_controllers_test_nodes:/opt/ros/humble LD_LIBRARY_PATH=/home/sara/aubo_ws/install/hardware_interface/lib:/home/sara/aubo_ws/install/control_msgs/lib:/home/sara/aubo_ws/install/transmission_interface/lib:/home/sara/aubo_ws/install/controller_manager/lib:/home/sara/aubo_ws/install/control_toolbox/lib:/home/sara/aubo_ws/install/realtime_tools/lib:/home/sara/aubo_ws/install/kinematics_interface_kdl/lib:/home/sara/aubo_ws/install/kinematics_interface/lib:/home/sara/aubo_ws/install/controller_interface/lib:/home/sara/aubo_ws/install/controller_manager_msgs/lib:/usr/lib/x86_64-linux-gnu/gazebo-11/plugins:/opt/ros/humble/lib/x86_64-linux-gnu:/opt/ros/humble/lib:/usr/share/gazebo-11/../../lib/x86_64-linux-gnu/gazebo-11/plugins /usr/bin/cmake --build /home/sara/aubo_ws/build/controller_interface -- -j8 -l8
[3.660s] [  4%] [32mBuilding CXX object gmock/CMakeFiles/gmock_main.dir/src/gmock_main.cc.o[0m
[3.661s] [  9%] [32mBuilding CXX object CMakeFiles/controller_interface.dir/src/controller_interface_base.cpp.o[0m
[3.661s] [ 14%] [32mBuilding CXX object CMakeFiles/controller_interface.dir/src/chainable_controller_interface.cpp.o[0m
[3.669s] [ 19%] [32mBuilding CXX object gmock/CMakeFiles/gmock.dir/src/gmock-all.cc.o[0m
[3.677s] [ 23%] [32mBuilding CXX object gmock/CMakeFiles/gmock.dir/opt/ros/humble/src/gtest_vendor/src/gtest-all.cc.o[0m
[3.693s] [ 28%] [32mBuilding CXX object CMakeFiles/controller_interface.dir/src/controller_interface.cpp.o[0m
[9.368s] [ 33%] [32m[1mLinking CXX static library libgmock_main.a[0m
[9.500s] [ 33%] Built target gmock_main
[13.900s] [ 38%] [32m[1mLinking CXX shared library libcontroller_interface.so[0m
[14.067s] [ 42%] [32m[1mLinking CXX static library libgmock.a[0m
[14.154s] [ 42%] Built target controller_interface
[14.182s] [ 42%] Built target gmock
[14.214s] [ 47%] [32mBuilding CXX object CMakeFiles/test_controller_interface.dir/test/test_controller_interface.cpp.o[0m
[18.681s] [ 52%] [32m[1mLinking CXX executable test_controller_interface[0m
[19.013s] [ 52%] Built target test_controller_interface
[19.038s] [ 61%] [32mBuilding CXX object CMakeFiles/test_force_torque_sensor.dir/test/test_force_torque_sensor.cpp.o[0m
[19.038s] [ 57%] [32mBuilding CXX object CMakeFiles/test_semantic_component_interface.dir/test/test_semantic_component_interface.cpp.o[0m
[19.038s] [ 66%] [32mBuilding CXX object CMakeFiles/test_imu_sensor.dir/test/test_imu_sensor.cpp.o[0m
[21.704s] [ 71%] [32m[1mLinking CXX executable test_imu_sensor[0m
[22.300s] [ 76%] [32m[1mLinking CXX executable test_semantic_component_interface[0m
[22.580s] [ 76%] Built target test_imu_sensor
[22.627s] [ 80%] [32mBuilding CXX object CMakeFiles/test_controller_with_options.dir/test/test_controller_with_options.cpp.o[0m
[22.632s] [ 85%] [32mBuilding CXX object CMakeFiles/test_chainable_controller_interface.dir/test/test_chainable_controller_interface.cpp.o[0m
[22.640s] [ 90%] [32m[1mLinking CXX executable test_force_torque_sensor[0m
[23.112s] [ 90%] Built target test_semantic_component_interface
[23.521s] [ 90%] Built target test_force_torque_sensor
[29.980s] [ 95%] [32m[1mLinking CXX executable test_controller_with_options[0m
[30.388s] [ 95%] Built target test_controller_with_options
[30.913s] [100%] [32m[1mLinking CXX executable test_chainable_controller_interface[0m
[31.271s] [100%] Built target test_chainable_controller_interface
[31.288s] Invoked command in '/home/sara/aubo_ws/build/controller_interface' returned '0': CMAKE_PREFIX_PATH=/home/sara/aubo_ws/install/hardware_interface:/home/sara/aubo_ws/install/control_msgs:/home/sara/aubo_ws/install/transmission_interface:/home/sara/aubo_ws/install/gazebo_ros2_control_demos:/home/sara/aubo_ws/install/gazebo_ros2_control:/home/sara/aubo_ws/install/controller_manager:/home/sara/aubo_ws/install/ros2_control_test_assets:/home/sara/aubo_ws/install/ros2_control_demo_description:/home/sara/aubo_ws/install/control_toolbox:/home/sara/aubo_ws/install/realtime_tools:/home/sara/aubo_ws/install/kinematics_interface_kdl:/home/sara/aubo_ws/install/kinematics_interface:/home/sara/aubo_ws/install/joint_limits:/home/sara/aubo_ws/install/controller_interface:/home/sara/aubo_ws/install/controller_manager_msgs:/home/sara/aubo_ws/install/control:/home/sara/aubo_ws/install/aubo_description:/home/sara/aubo_ws/install/aubo:/home/sara/aubo_ws/install/argo:/home/sara/aubo_ws/install/rqt_joint_trajectory_controller:/home/sara/aubo_ws/install/rqt_controller_manager:/home/sara/aubo_ws/install/ros2_controllers_test_nodes:/opt/ros/humble LD_LIBRARY_PATH=/home/sara/aubo_ws/install/hardware_interface/lib:/home/sara/aubo_ws/install/control_msgs/lib:/home/sara/aubo_ws/install/transmission_interface/lib:/home/sara/aubo_ws/install/controller_manager/lib:/home/sara/aubo_ws/install/control_toolbox/lib:/home/sara/aubo_ws/install/realtime_tools/lib:/home/sara/aubo_ws/install/kinematics_interface_kdl/lib:/home/sara/aubo_ws/install/kinematics_interface/lib:/home/sara/aubo_ws/install/controller_interface/lib:/home/sara/aubo_ws/install/controller_manager_msgs/lib:/usr/lib/x86_64-linux-gnu/gazebo-11/plugins:/opt/ros/humble/lib/x86_64-linux-gnu:/opt/ros/humble/lib:/usr/share/gazebo-11/../../lib/x86_64-linux-gnu/gazebo-11/plugins /usr/bin/cmake --build /home/sara/aubo_ws/build/controller_interface -- -j8 -l8
[31.372s] Invoking command in '/home/sara/aubo_ws/build/controller_interface': CMAKE_PREFIX_PATH=/home/sara/aubo_ws/install/hardware_interface:/home/sara/aubo_ws/install/control_msgs:/home/sara/aubo_ws/install/transmission_interface:/home/sara/aubo_ws/install/gazebo_ros2_control_demos:/home/sara/aubo_ws/install/gazebo_ros2_control:/home/sara/aubo_ws/install/controller_manager:/home/sara/aubo_ws/install/ros2_control_test_assets:/home/sara/aubo_ws/install/ros2_control_demo_description:/home/sara/aubo_ws/install/control_toolbox:/home/sara/aubo_ws/install/realtime_tools:/home/sara/aubo_ws/install/kinematics_interface_kdl:/home/sara/aubo_ws/install/kinematics_interface:/home/sara/aubo_ws/install/joint_limits:/home/sara/aubo_ws/install/controller_interface:/home/sara/aubo_ws/install/controller_manager_msgs:/home/sara/aubo_ws/install/control:/home/sara/aubo_ws/install/aubo_description:/home/sara/aubo_ws/install/aubo:/home/sara/aubo_ws/install/argo:/home/sara/aubo_ws/install/rqt_joint_trajectory_controller:/home/sara/aubo_ws/install/rqt_controller_manager:/home/sara/aubo_ws/install/ros2_controllers_test_nodes:/opt/ros/humble LD_LIBRARY_PATH=/home/sara/aubo_ws/install/hardware_interface/lib:/home/sara/aubo_ws/install/control_msgs/lib:/home/sara/aubo_ws/install/transmission_interface/lib:/home/sara/aubo_ws/install/controller_manager/lib:/home/sara/aubo_ws/install/control_toolbox/lib:/home/sara/aubo_ws/install/realtime_tools/lib:/home/sara/aubo_ws/install/kinematics_interface_kdl/lib:/home/sara/aubo_ws/install/kinematics_interface/lib:/home/sara/aubo_ws/install/controller_interface/lib:/home/sara/aubo_ws/install/controller_manager_msgs/lib:/usr/lib/x86_64-linux-gnu/gazebo-11/plugins:/opt/ros/humble/lib/x86_64-linux-gnu:/opt/ros/humble/lib:/usr/share/gazebo-11/../../lib/x86_64-linux-gnu/gazebo-11/plugins /usr/bin/cmake --install /home/sara/aubo_ws/build/controller_interface
[31.381s] -- Install configuration: ""
[31.382s] -- Installing: /home/sara/aubo_ws/install/controller_interface/include
[31.382s] -- Installing: /home/sara/aubo_ws/install/controller_interface/include/semantic_components
[31.382s] -- Installing: /home/sara/aubo_ws/install/controller_interface/include/semantic_components/force_torque_sensor.hpp
[31.382s] -- Installing: /home/sara/aubo_ws/install/controller_interface/include/semantic_components/semantic_component_interface.hpp
[31.383s] -- Installing: /home/sara/aubo_ws/install/controller_interface/include/semantic_components/range_sensor.hpp
[31.383s] -- Installing: /home/sara/aubo_ws/install/controller_interface/include/semantic_components/imu_sensor.hpp
[31.383s] -- Installing: /home/sara/aubo_ws/install/controller_interface/include/controller_interface
[31.383s] -- Installing: /home/sara/aubo_ws/install/controller_interface/include/controller_interface/chainable_controller_interface.hpp
[31.383s] -- Installing: /home/sara/aubo_ws/install/controller_interface/include/controller_interface/controller_interface.hpp
[31.384s] -- Installing: /home/sara/aubo_ws/install/controller_interface/include/controller_interface/visibility_control.h
[31.384s] -- Installing: /home/sara/aubo_ws/install/controller_interface/include/controller_interface/helpers.hpp
[31.384s] -- Installing: /home/sara/aubo_ws/install/controller_interface/include/controller_interface/controller_interface_base.hpp
[31.384s] -- Installing: /home/sara/aubo_ws/install/controller_interface/lib/libcontroller_interface.so
[31.385s] -- Set runtime path of "/home/sara/aubo_ws/install/controller_interface/lib/libcontroller_interface.so" to ""
[31.385s] -- Installing: /home/sara/aubo_ws/install/controller_interface/share/controller_interface/environment/library_path.sh
[31.385s] -- Installing: /home/sara/aubo_ws/install/controller_interface/share/controller_interface/environment/library_path.dsv
[31.386s] -- Installing: /home/sara/aubo_ws/install/controller_interface/share/ament_index/resource_index/package_run_dependencies/controller_interface
[31.386s] -- Installing: /home/sara/aubo_ws/install/controller_interface/share/ament_index/resource_index/parent_prefix_path/controller_interface
[31.386s] -- Installing: /home/sara/aubo_ws/install/controller_interface/share/controller_interface/environment/ament_prefix_path.sh
[31.386s] -- Installing: /home/sara/aubo_ws/install/controller_interface/share/controller_interface/environment/ament_prefix_path.dsv
[31.386s] -- Installing: /home/sara/aubo_ws/install/controller_interface/share/controller_interface/environment/path.sh
[31.387s] -- Installing: /home/sara/aubo_ws/install/controller_interface/share/controller_interface/environment/path.dsv
[31.387s] -- Installing: /home/sara/aubo_ws/install/controller_interface/share/controller_interface/local_setup.bash
[31.387s] -- Installing: /home/sara/aubo_ws/install/controller_interface/share/controller_interface/local_setup.sh
[31.388s] -- Installing: /home/sara/aubo_ws/install/controller_interface/share/controller_interface/local_setup.zsh
[31.388s] -- Installing: /home/sara/aubo_ws/install/controller_interface/share/controller_interface/local_setup.dsv
[31.388s] -- Installing: /home/sara/aubo_ws/install/controller_interface/share/controller_interface/package.dsv
[31.388s] -- Installing: /home/sara/aubo_ws/install/controller_interface/share/ament_index/resource_index/packages/controller_interface
[31.388s] -- Installing: /home/sara/aubo_ws/install/controller_interface/share/controller_interface/cmake/ament_cmake_export_dependencies-extras.cmake
[31.389s] -- Installing: /home/sara/aubo_ws/install/controller_interface/share/controller_interface/cmake/ament_cmake_export_include_directories-extras.cmake
[31.389s] -- Installing: /home/sara/aubo_ws/install/controller_interface/share/controller_interface/cmake/ament_cmake_export_libraries-extras.cmake
[31.389s] -- Installing: /home/sara/aubo_ws/install/controller_interface/share/controller_interface/cmake/controller_interfaceConfig.cmake
[31.389s] -- Installing: /home/sara/aubo_ws/install/controller_interface/share/controller_interface/cmake/controller_interfaceConfig-version.cmake
[31.389s] -- Installing: /home/sara/aubo_ws/install/controller_interface/share/controller_interface/package.xml
[31.392s] Invoked command in '/home/sara/aubo_ws/build/controller_interface' returned '0': CMAKE_PREFIX_PATH=/home/sara/aubo_ws/install/hardware_interface:/home/sara/aubo_ws/install/control_msgs:/home/sara/aubo_ws/install/transmission_interface:/home/sara/aubo_ws/install/gazebo_ros2_control_demos:/home/sara/aubo_ws/install/gazebo_ros2_control:/home/sara/aubo_ws/install/controller_manager:/home/sara/aubo_ws/install/ros2_control_test_assets:/home/sara/aubo_ws/install/ros2_control_demo_description:/home/sara/aubo_ws/install/control_toolbox:/home/sara/aubo_ws/install/realtime_tools:/home/sara/aubo_ws/install/kinematics_interface_kdl:/home/sara/aubo_ws/install/kinematics_interface:/home/sara/aubo_ws/install/joint_limits:/home/sara/aubo_ws/install/controller_interface:/home/sara/aubo_ws/install/controller_manager_msgs:/home/sara/aubo_ws/install/control:/home/sara/aubo_ws/install/aubo_description:/home/sara/aubo_ws/install/aubo:/home/sara/aubo_ws/install/argo:/home/sara/aubo_ws/install/rqt_joint_trajectory_controller:/home/sara/aubo_ws/install/rqt_controller_manager:/home/sara/aubo_ws/install/ros2_controllers_test_nodes:/opt/ros/humble LD_LIBRARY_PATH=/home/sara/aubo_ws/install/hardware_interface/lib:/home/sara/aubo_ws/install/control_msgs/lib:/home/sara/aubo_ws/install/transmission_interface/lib:/home/sara/aubo_ws/install/controller_manager/lib:/home/sara/aubo_ws/install/control_toolbox/lib:/home/sara/aubo_ws/install/realtime_tools/lib:/home/sara/aubo_ws/install/kinematics_interface_kdl/lib:/home/sara/aubo_ws/install/kinematics_interface/lib:/home/sara/aubo_ws/install/controller_interface/lib:/home/sara/aubo_ws/install/controller_manager_msgs/lib:/usr/lib/x86_64-linux-gnu/gazebo-11/plugins:/opt/ros/humble/lib/x86_64-linux-gnu:/opt/ros/humble/lib:/usr/share/gazebo-11/../../lib/x86_64-linux-gnu/gazebo-11/plugins /usr/bin/cmake --install /home/sara/aubo_ws/build/controller_interface
