[0.298s] Invoking command in '/home/sara/aubo_ws/build/aubo_description': CMAKE_PREFIX_PATH=${CMAKE_PREFIX_PATH}:/home/sara/aubo_ws/install/rqt_joint_trajectory_controller:/home/sara/aubo_ws/install/rqt_controller_manager:/home/sara/aubo_ws/install/ros2_controllers_test_nodes:/opt/ros/humble /usr/bin/cmake /home/sara/aubo_ws/src/aubo_description -DCMAKE_INSTALL_PREFIX=/home/sara/aubo_ws/install/aubo_description
[0.575s] -- The C compiler identification is GNU 11.4.0
[0.930s] -- The CXX compiler identification is GNU 11.4.0
[0.957s] -- Detecting C compiler ABI info
[1.334s] -- Detecting C compiler ABI info - done
[1.343s] -- Check for working C compiler: /usr/bin/cc - skipped
[1.343s] -- Detecting C compile features
[1.344s] -- Detecting C compile features - done
[1.374s] -- Detecting CXX compiler ABI info
[1.783s] -- Detecting CXX compiler ABI info - done
[1.813s] -- Check for working CXX compiler: /usr/bin/c++ - skipped
[1.814s] -- Detecting CXX compile features
[1.814s] -- Detecting CXX compile features - done
[1.829s] -- Found ament_cmake: 1.3.5 (/opt/ros/humble/share/ament_cmake/cmake)
[2.317s] -- Found Python3: /usr/bin/python3.10 (found version "3.10.12") found components: Interpreter 
[2.682s] -- Found ament_lint_auto: 0.12.8 (/opt/ros/humble/share/ament_lint_auto/cmake)
[3.077s] -- Added test 'lint_cmake' to check CMake code style
[3.095s] -- Added test 'xmllint' to check XML markup files
[3.107s] -- Configuring done
[3.121s] -- Generating done
[3.133s] -- Build files have been written to: /home/sara/aubo_ws/build/aubo_description
[3.150s] Invoked command in '/home/sara/aubo_ws/build/aubo_description' returned '0': CMAKE_PREFIX_PATH=${CMAKE_PREFIX_PATH}:/home/sara/aubo_ws/install/rqt_joint_trajectory_controller:/home/sara/aubo_ws/install/rqt_controller_manager:/home/sara/aubo_ws/install/ros2_controllers_test_nodes:/opt/ros/humble /usr/bin/cmake /home/sara/aubo_ws/src/aubo_description -DCMAKE_INSTALL_PREFIX=/home/sara/aubo_ws/install/aubo_description
[3.151s] Invoking command in '/home/sara/aubo_ws/build/aubo_description': CMAKE_PREFIX_PATH=${CMAKE_PREFIX_PATH}:/home/sara/aubo_ws/install/rqt_joint_trajectory_controller:/home/sara/aubo_ws/install/rqt_controller_manager:/home/sara/aubo_ws/install/ros2_controllers_test_nodes:/opt/ros/humble /usr/bin/cmake --build /home/sara/aubo_ws/build/aubo_description -- -j8 -l8
[8.609s] Invoked command in '/home/sara/aubo_ws/build/aubo_description' returned '0': CMAKE_PREFIX_PATH=${CMAKE_PREFIX_PATH}:/home/sara/aubo_ws/install/rqt_joint_trajectory_controller:/home/sara/aubo_ws/install/rqt_controller_manager:/home/sara/aubo_ws/install/ros2_controllers_test_nodes:/opt/ros/humble /usr/bin/cmake --build /home/sara/aubo_ws/build/aubo_description -- -j8 -l8
[8.944s] Invoking command in '/home/sara/aubo_ws/build/aubo_description': CMAKE_PREFIX_PATH=${CMAKE_PREFIX_PATH}:/home/sara/aubo_ws/install/rqt_joint_trajectory_controller:/home/sara/aubo_ws/install/rqt_controller_manager:/home/sara/aubo_ws/install/ros2_controllers_test_nodes:/opt/ros/humble /usr/bin/cmake --install /home/sara/aubo_ws/build/aubo_description
[24.855s] -- Install configuration: ""
[24.855s] -- Installing: /home/sara/aubo_ws/install/aubo_description/share/aubo_description/launch
[24.855s] -- Installing: /home/sara/aubo_ws/install/aubo_description/share/aubo_description/launch/aubo_i5_rviz.launch
[24.856s] -- Installing: /home/sara/aubo_ws/install/aubo_description/share/aubo_description/launch/aubo_i5_gazebo.launch
[24.856s] -- Installing: /home/sara/aubo_ws/install/aubo_description/share/aubo_description/launch/aubo_i5_upload.launch
[24.856s] -- Installing: /home/sara/aubo_ws/install/aubo_description/share/aubo_description/urdf
[24.856s] -- Installing: /home/sara/aubo_ws/install/aubo_description/share/aubo_description/urdf/aubo_i5_robot.urdf.xacro
[24.856s] -- Installing: /home/sara/aubo_ws/install/aubo_description/share/aubo_description/urdf/materials.xacro
[24.856s] -- Installing: /home/sara/aubo_ws/install/aubo_description/share/aubo_description/urdf/aubo_i5_robot_gazebo.urdf.xacro
[24.857s] -- Installing: /home/sara/aubo_ws/install/aubo_description/share/aubo_description/urdf/aubo.gazebo.xacro
[24.857s] -- Installing: /home/sara/aubo_ws/install/aubo_description/share/aubo_description/urdf/aubo.transmission.xacro
[24.857s] -- Installing: /home/sara/aubo_ws/install/aubo_description/share/aubo_description/urdf/aubo_i5.urdf.xacro
[24.857s] -- Installing: /home/sara/aubo_ws/install/aubo_description/share/aubo_description/urdf/common.gazebo.xacro
[24.857s] -- Installing: /home/sara/aubo_ws/install/aubo_description/share/aubo_description/meshes
[24.858s] -- Installing: /home/sara/aubo_ws/install/aubo_description/share/aubo_description/meshes/base_Link.STL
[24.858s] -- Installing: /home/sara/aubo_ws/install/aubo_description/share/aubo_description/meshes/pedestal.STL
[24.858s] -- Installing: /home/sara/aubo_ws/install/aubo_description/share/aubo_description/meshes/w1_Link.STL
[24.858s] -- Installing: /home/sara/aubo_ws/install/aubo_description/share/aubo_description/meshes/wrist3_Link.STL
[24.858s] -- Installing: /home/sara/aubo_ws/install/aubo_description/share/aubo_description/meshes/u_Link.STL
[24.859s] -- Installing: /home/sara/aubo_ws/install/aubo_description/share/aubo_description/meshes/shoulder_Link.STL
[24.859s] -- Installing: /home/sara/aubo_ws/install/aubo_description/share/aubo_description/meshes/upperArm_Link.STL
[24.859s] -- Installing: /home/sara/aubo_ws/install/aubo_description/share/aubo_description/meshes/s_Link.STL
[24.859s] -- Installing: /home/sara/aubo_ws/install/aubo_description/share/aubo_description/meshes/wrist2_Link.STL
[24.859s] -- Installing: /home/sara/aubo_ws/install/aubo_description/share/aubo_description/meshes/f1_Link.STL
[24.859s] -- Installing: /home/sara/aubo_ws/install/aubo_description/share/aubo_description/meshes/w2_Link.STL
[24.860s] -- Installing: /home/sara/aubo_ws/install/aubo_description/share/aubo_description/meshes/base.STL
[24.860s] -- Installing: /home/sara/aubo_ws/install/aubo_description/share/aubo_description/meshes/wrist1_Link.STL
[24.860s] -- Installing: /home/sara/aubo_ws/install/aubo_description/share/aubo_description/meshes/foreArm_Link.STL
[24.860s] -- Installing: /home/sara/aubo_ws/install/aubo_description/share/ament_index/resource_index/package_run_dependencies/aubo_description
[24.860s] -- Installing: /home/sara/aubo_ws/install/aubo_description/share/ament_index/resource_index/parent_prefix_path/aubo_description
[24.861s] -- Installing: /home/sara/aubo_ws/install/aubo_description/share/aubo_description/environment/ament_prefix_path.sh
[24.875s] -- Installing: /home/sara/aubo_ws/install/aubo_description/share/aubo_description/environment/ament_prefix_path.dsv
[24.875s] -- Installing: /home/sara/aubo_ws/install/aubo_description/share/aubo_description/environment/path.sh
[24.875s] -- Installing: /home/sara/aubo_ws/install/aubo_description/share/aubo_description/environment/path.dsv
[24.875s] -- Installing: /home/sara/aubo_ws/install/aubo_description/share/aubo_description/local_setup.bash
[24.876s] -- Installing: /home/sara/aubo_ws/install/aubo_description/share/aubo_description/local_setup.sh
[24.876s] -- Installing: /home/sara/aubo_ws/install/aubo_description/share/aubo_description/local_setup.zsh
[24.876s] -- Installing: /home/sara/aubo_ws/install/aubo_description/share/aubo_description/local_setup.dsv
[24.876s] -- Installing: /home/sara/aubo_ws/install/aubo_description/share/aubo_description/package.dsv
[24.876s] -- Installing: /home/sara/aubo_ws/install/aubo_description/share/ament_index/resource_index/packages/aubo_description
[24.877s] -- Installing: /home/sara/aubo_ws/install/aubo_description/share/aubo_description/cmake/aubo_descriptionConfig.cmake
[24.877s] -- Installing: /home/sara/aubo_ws/install/aubo_description/share/aubo_description/cmake/aubo_descriptionConfig-version.cmake
[24.877s] -- Installing: /home/sara/aubo_ws/install/aubo_description/share/aubo_description/package.xml
[24.914s] Invoked command in '/home/sara/aubo_ws/build/aubo_description' returned '0': CMAKE_PREFIX_PATH=${CMAKE_PREFIX_PATH}:/home/sara/aubo_ws/install/rqt_joint_trajectory_controller:/home/sara/aubo_ws/install/rqt_controller_manager:/home/sara/aubo_ws/install/ros2_controllers_test_nodes:/opt/ros/humble /usr/bin/cmake --install /home/sara/aubo_ws/build/aubo_description
