[0.471s] Invoking command in '/home/sara/aubo_ws/build/controller_manager_msgs': CMAKE_PREFIX_PATH=${CMAKE_PREFIX_PATH}:/home/sara/ros2_ws/install/steering_controllers_library:/home/sara/ros2_ws/install/rqt_joint_trajectory_controller:/home/sara/ros2_ws/install/rqt_controller_manager:/home/sara/ros2_ws/install/ros2controlcli:/home/sara/ros2_ws/install/ros2_controllers_test_nodes:/home/sara/aubo_ws/install/ros2_controllers_test_nodes:/opt/ros/humble /usr/bin/cmake --build /home/sara/aubo_ws/build/controller_manager_msgs -- -j8 -l8
[1.014s] -- Found ament_cmake: 1.3.5 (/opt/ros/humble/share/ament_cmake/cmake)
[1.014s] -- Override CMake install command with custom implementation using symlinks instead of copying resources
[1.014s] -- Found builtin_interfaces: 1.2.1 (/opt/ros/humble/share/builtin_interfaces/cmake)
[1.015s] -- Found rosidl_generator_c: 3.1.5 (/opt/ros/humble/share/rosidl_generator_c/cmake)
[1.015s] -- Found rosidl_adapter: 3.1.5 (/opt/ros/humble/share/rosidl_adapter/cmake)
[1.015s] -- Found rosidl_generator_cpp: 3.1.5 (/opt/ros/humble/share/rosidl_generator_cpp/cmake)
[1.016s] -- Using all available rosidl_typesupport_c: rosidl_typesupport_fastrtps_c;rosidl_typesupport_introspection_c
[1.016s] -- Using all available rosidl_typesupport_cpp: rosidl_typesupport_fastrtps_cpp;rosidl_typesupport_introspection_cpp
[1.016s] -- Found lifecycle_msgs: 1.2.1 (/opt/ros/humble/share/lifecycle_msgs/cmake)
[1.017s] -- Found rosidl_default_generators: 1.2.0 (/opt/ros/humble/share/rosidl_default_generators/cmake)
[1.551s] -- Found ament_cmake_cppcheck: 0.12.8 (/opt/ros/humble/share/ament_cmake_cppcheck/cmake)
[1.552s] -- Found ament_cmake_cpplint: 0.12.8 (/opt/ros/humble/share/ament_cmake_cpplint/cmake)
[1.554s] -- Found ament_cmake_uncrustify: 0.12.8 (/opt/ros/humble/share/ament_cmake_uncrustify/cmake)
[1.555s] -- Found ament_cmake_ros: 0.10.0 (/opt/ros/humble/share/ament_cmake_ros/cmake)
[2.227s] -- Using all available rosidl_typesupport_c: rosidl_typesupport_fastrtps_c;rosidl_typesupport_introspection_c
[2.583s] -- Using all available rosidl_typesupport_cpp: rosidl_typesupport_fastrtps_cpp;rosidl_typesupport_introspection_cpp
[2.647s] -- Found python_cmake_module: 0.10.0 (/opt/ros/humble/share/python_cmake_module/cmake)
[2.687s] -- Using PYTHON_EXECUTABLE: /usr/bin/python3
[2.687s] -- Using PYTHON_INCLUDE_DIRS: /usr/include/python3.10
[2.687s] -- Using PYTHON_LIBRARIES: /usr/lib/x86_64-linux-gnu/libpython3.10.so
[2.852s] -- Found ament_cmake_flake8: 0.12.8 (/opt/ros/humble/share/ament_cmake_flake8/cmake)
[2.852s] -- Found ament_cmake_pep257: 0.12.8 (/opt/ros/humble/share/ament_cmake_pep257/cmake)
[2.878s] -- Configuring done
[3.018s] -- Generating done
[3.025s] -- Build files have been written to: /home/sara/aubo_ws/build/controller_manager_msgs
[3.110s] [35m[1mConsolidate compiler generated dependencies of target controller_manager_msgs__rosidl_generator_c[0m
[3.127s] [  0%] Built target controller_manager_msgs__cpp
[3.172s] [ 12%] Built target controller_manager_msgs__rosidl_generator_c
[3.173s] [35m[1mConsolidate compiler generated dependencies of target controller_manager_msgs__rosidl_typesupport_cpp[0m
[3.200s] [35m[1mConsolidate compiler generated dependencies of target controller_manager_msgs__rosidl_typesupport_introspection_c[0m
[3.202s] [35m[1mConsolidate compiler generated dependencies of target controller_manager_msgs__rosidl_typesupport_fastrtps_c[0m
[3.211s] [35m[1mConsolidate compiler generated dependencies of target controller_manager_msgs__rosidl_typesupport_introspection_cpp[0m
[3.234s] [35m[1mConsolidate compiler generated dependencies of target controller_manager_msgs__rosidl_typesupport_fastrtps_cpp[0m
[3.251s] [35m[1mConsolidate compiler generated dependencies of target controller_manager_msgs__rosidl_typesupport_c[0m
[3.251s] [ 12%] Built target ament_cmake_python_symlink_controller_manager_msgs
[3.259s] [ 24%] Built target controller_manager_msgs__rosidl_typesupport_cpp
[3.276s] [ 36%] Built target controller_manager_msgs__rosidl_typesupport_introspection_c
[3.282s] [ 48%] Built target controller_manager_msgs__rosidl_typesupport_introspection_cpp
[3.301s] [ 72%] Built target controller_manager_msgs__rosidl_typesupport_c
[3.301s] [ 68%] Built target controller_manager_msgs__rosidl_typesupport_fastrtps_c
[3.316s] [ 84%] Built target controller_manager_msgs__rosidl_typesupport_fastrtps_cpp
[3.362s] [ 84%] Built target controller_manager_msgs
[3.413s] [ 85%] Built target controller_manager_msgs__py
[3.443s] [35m[1mConsolidate compiler generated dependencies of target controller_manager_msgs__rosidl_generator_py[0m
[3.490s] [ 96%] Built target controller_manager_msgs__rosidl_generator_py
[3.522s] [35m[1mConsolidate compiler generated dependencies of target controller_manager_msgs__rosidl_typesupport_fastrtps_c__pyext[0m
[3.522s] [35m[1mConsolidate compiler generated dependencies of target controller_manager_msgs__rosidl_typesupport_c__pyext[0m
[3.533s] [35m[1mConsolidate compiler generated dependencies of target controller_manager_msgs__rosidl_typesupport_introspection_c__pyext[0m
[3.552s] [ 97%] Built target controller_manager_msgs__rosidl_typesupport_c__pyext
[3.557s] [ 98%] Built target controller_manager_msgs__rosidl_typesupport_fastrtps_c__pyext
[3.570s] [100%] Built target controller_manager_msgs__rosidl_typesupport_introspection_c__pyext
[3.762s] running egg_info
[3.765s] writing controller_manager_msgs.egg-info/PKG-INFO
[3.766s] writing dependency_links to controller_manager_msgs.egg-info/dependency_links.txt
[3.766s] writing top-level names to controller_manager_msgs.egg-info/top_level.txt
[3.770s] reading manifest file 'controller_manager_msgs.egg-info/SOURCES.txt'
[3.771s] writing manifest file 'controller_manager_msgs.egg-info/SOURCES.txt'
[3.830s] [100%] Built target ament_cmake_python_build_controller_manager_msgs_egg
[4.000s] Invoked command in '/home/sara/aubo_ws/build/controller_manager_msgs' returned '0': CMAKE_PREFIX_PATH=${CMAKE_PREFIX_PATH}:/home/sara/ros2_ws/install/steering_controllers_library:/home/sara/ros2_ws/install/rqt_joint_trajectory_controller:/home/sara/ros2_ws/install/rqt_controller_manager:/home/sara/ros2_ws/install/ros2controlcli:/home/sara/ros2_ws/install/ros2_controllers_test_nodes:/home/sara/aubo_ws/install/ros2_controllers_test_nodes:/opt/ros/humble /usr/bin/cmake --build /home/sara/aubo_ws/build/controller_manager_msgs -- -j8 -l8
[11.468s] Invoking command in '/home/sara/aubo_ws/build/controller_manager_msgs': CMAKE_PREFIX_PATH=${CMAKE_PREFIX_PATH}:/home/sara/ros2_ws/install/steering_controllers_library:/home/sara/ros2_ws/install/rqt_joint_trajectory_controller:/home/sara/ros2_ws/install/rqt_controller_manager:/home/sara/ros2_ws/install/ros2controlcli:/home/sara/ros2_ws/install/ros2_controllers_test_nodes:/home/sara/aubo_ws/install/ros2_controllers_test_nodes:/opt/ros/humble /usr/bin/cmake --install /home/sara/aubo_ws/build/controller_manager_msgs
[11.531s] -- Install configuration: ""
[11.537s] -- Execute custom install script
[11.538s] -- Up-to-date symlink: /home/sara/aubo_ws/install/controller_manager_msgs/share/ament_index/resource_index/rosidl_interfaces/controller_manager_msgs
[11.542s] -- Up-to-date symlink: /home/sara/aubo_ws/install/controller_manager_msgs/include/controller_manager_msgs/controller_manager_msgs/msg/chain_connection.h
[11.544s] -- Up-to-date symlink: /home/sara/aubo_ws/install/controller_manager_msgs/include/controller_manager_msgs/controller_manager_msgs/msg/controller_state.h
[11.544s] -- Up-to-date symlink: /home/sara/aubo_ws/install/controller_manager_msgs/include/controller_manager_msgs/controller_manager_msgs/msg/detail/chain_connection__functions.h
[11.545s] -- Up-to-date symlink: /home/sara/aubo_ws/install/controller_manager_msgs/include/controller_manager_msgs/controller_manager_msgs/msg/detail/chain_connection__struct.h
[11.545s] -- Up-to-date symlink: /home/sara/aubo_ws/install/controller_manager_msgs/include/controller_manager_msgs/controller_manager_msgs/msg/detail/chain_connection__type_support.h
[11.545s] -- Up-to-date symlink: /home/sara/aubo_ws/install/controller_manager_msgs/include/controller_manager_msgs/controller_manager_msgs/msg/detail/controller_state__functions.h
[11.545s] -- Up-to-date symlink: /home/sara/aubo_ws/install/controller_manager_msgs/include/controller_manager_msgs/controller_manager_msgs/msg/detail/controller_state__struct.h
[11.546s] -- Up-to-date symlink: /home/sara/aubo_ws/install/controller_manager_msgs/include/controller_manager_msgs/controller_manager_msgs/msg/detail/controller_state__type_support.h
[11.546s] -- Up-to-date symlink: /home/sara/aubo_ws/install/controller_manager_msgs/include/controller_manager_msgs/controller_manager_msgs/msg/detail/hardware_component_state__functions.h
[11.547s] -- Up-to-date symlink: /home/sara/aubo_ws/install/controller_manager_msgs/include/controller_manager_msgs/controller_manager_msgs/msg/detail/hardware_component_state__struct.h
[11.547s] -- Up-to-date symlink: /home/sara/aubo_ws/install/controller_manager_msgs/include/controller_manager_msgs/controller_manager_msgs/msg/detail/hardware_component_state__type_support.h
[11.547s] -- Up-to-date symlink: /home/sara/aubo_ws/install/controller_manager_msgs/include/controller_manager_msgs/controller_manager_msgs/msg/detail/hardware_interface__functions.h
[11.547s] -- Up-to-date symlink: /home/sara/aubo_ws/install/controller_manager_msgs/include/controller_manager_msgs/controller_manager_msgs/msg/detail/hardware_interface__struct.h
[11.548s] -- Up-to-date symlink: /home/sara/aubo_ws/install/controller_manager_msgs/include/controller_manager_msgs/controller_manager_msgs/msg/detail/hardware_interface__type_support.h
[11.548s] -- Up-to-date symlink: /home/sara/aubo_ws/install/controller_manager_msgs/include/controller_manager_msgs/controller_manager_msgs/msg/hardware_component_state.h
[11.548s] -- Up-to-date symlink: /home/sara/aubo_ws/install/controller_manager_msgs/include/controller_manager_msgs/controller_manager_msgs/msg/hardware_interface.h
[11.552s] -- Up-to-date symlink: /home/sara/aubo_ws/install/controller_manager_msgs/include/controller_manager_msgs/controller_manager_msgs/msg/rosidl_generator_c__visibility_control.h
[11.553s] -- Up-to-date symlink: /home/sara/aubo_ws/install/controller_manager_msgs/include/controller_manager_msgs/controller_manager_msgs/srv/configure_controller.h
[11.553s] -- Up-to-date symlink: /home/sara/aubo_ws/install/controller_manager_msgs/include/controller_manager_msgs/controller_manager_msgs/srv/detail/configure_controller__functions.h
[11.554s] -- Up-to-date symlink: /home/sara/aubo_ws/install/controller_manager_msgs/include/controller_manager_msgs/controller_manager_msgs/srv/detail/configure_controller__struct.h
[11.554s] -- Up-to-date symlink: /home/sara/aubo_ws/install/controller_manager_msgs/include/controller_manager_msgs/controller_manager_msgs/srv/detail/configure_controller__type_support.h
[11.555s] -- Up-to-date symlink: /home/sara/aubo_ws/install/controller_manager_msgs/include/controller_manager_msgs/controller_manager_msgs/srv/detail/list_controller_types__functions.h
[11.555s] -- Up-to-date symlink: /home/sara/aubo_ws/install/controller_manager_msgs/include/controller_manager_msgs/controller_manager_msgs/srv/detail/list_controller_types__struct.h
[11.556s] -- Up-to-date symlink: /home/sara/aubo_ws/install/controller_manager_msgs/include/controller_manager_msgs/controller_manager_msgs/srv/detail/list_controller_types__type_support.h
[11.556s] -- Up-to-date symlink: /home/sara/aubo_ws/install/controller_manager_msgs/include/controller_manager_msgs/controller_manager_msgs/srv/detail/list_controllers__functions.h
[11.557s] -- Up-to-date symlink: /home/sara/aubo_ws/install/controller_manager_msgs/include/controller_manager_msgs/controller_manager_msgs/srv/detail/list_controllers__struct.h
[11.557s] -- Up-to-date symlink: /home/sara/aubo_ws/install/controller_manager_msgs/include/controller_manager_msgs/controller_manager_msgs/srv/detail/list_controllers__type_support.h
[11.558s] -- Up-to-date symlink: /home/sara/aubo_ws/install/controller_manager_msgs/include/controller_manager_msgs/controller_manager_msgs/srv/detail/list_hardware_components__functions.h
[11.558s] -- Up-to-date symlink: /home/sara/aubo_ws/install/controller_manager_msgs/include/controller_manager_msgs/controller_manager_msgs/srv/detail/list_hardware_components__struct.h
[11.559s] -- Up-to-date symlink: /home/sara/aubo_ws/install/controller_manager_msgs/include/controller_manager_msgs/controller_manager_msgs/srv/detail/list_hardware_components__type_support.h
[11.559s] -- Up-to-date symlink: /home/sara/aubo_ws/install/controller_manager_msgs/include/controller_manager_msgs/controller_manager_msgs/srv/detail/list_hardware_interfaces__functions.h
[11.560s] -- Up-to-date symlink: /home/sara/aubo_ws/install/controller_manager_msgs/include/controller_manager_msgs/controller_manager_msgs/srv/detail/list_hardware_interfaces__struct.h
[11.560s] -- Up-to-date symlink: /home/sara/aubo_ws/install/controller_manager_msgs/include/controller_manager_msgs/controller_manager_msgs/srv/detail/list_hardware_interfaces__type_support.h
[11.560s] -- Up-to-date symlink: /home/sara/aubo_ws/install/controller_manager_msgs/include/controller_manager_msgs/controller_manager_msgs/srv/detail/load_controller__functions.h
[11.561s] -- Up-to-date symlink: /home/sara/aubo_ws/install/controller_manager_msgs/include/controller_manager_msgs/controller_manager_msgs/srv/detail/load_controller__struct.h
[11.561s] -- Up-to-date symlink: /home/sara/aubo_ws/install/controller_manager_msgs/include/controller_manager_msgs/controller_manager_msgs/srv/detail/load_controller__type_support.h
[11.562s] -- Up-to-date symlink: /home/sara/aubo_ws/install/controller_manager_msgs/include/controller_manager_msgs/controller_manager_msgs/srv/detail/reload_controller_libraries__functions.h
[11.562s] -- Up-to-date symlink: /home/sara/aubo_ws/install/controller_manager_msgs/include/controller_manager_msgs/controller_manager_msgs/srv/detail/reload_controller_libraries__struct.h
[11.563s] -- Up-to-date symlink: /home/sara/aubo_ws/install/controller_manager_msgs/include/controller_manager_msgs/controller_manager_msgs/srv/detail/reload_controller_libraries__type_support.h
[11.563s] -- Up-to-date symlink: /home/sara/aubo_ws/install/controller_manager_msgs/include/controller_manager_msgs/controller_manager_msgs/srv/detail/set_hardware_component_state__functions.h
[11.564s] -- Up-to-date symlink: /home/sara/aubo_ws/install/controller_manager_msgs/include/controller_manager_msgs/controller_manager_msgs/srv/detail/set_hardware_component_state__struct.h
[11.564s] -- Up-to-date symlink: /home/sara/aubo_ws/install/controller_manager_msgs/include/controller_manager_msgs/controller_manager_msgs/srv/detail/set_hardware_component_state__type_support.h
[11.564s] -- Up-to-date symlink: /home/sara/aubo_ws/install/controller_manager_msgs/include/controller_manager_msgs/controller_manager_msgs/srv/detail/switch_controller__functions.h
[11.569s] -- Up-to-date symlink: /home/sara/aubo_ws/install/controller_manager_msgs/include/controller_manager_msgs/controller_manager_msgs/srv/detail/switch_controller__struct.h
[11.569s] -- Up-to-date symlink: /home/sara/aubo_ws/install/controller_manager_msgs/include/controller_manager_msgs/controller_manager_msgs/srv/detail/switch_controller__type_support.h
[11.569s] -- Up-to-date symlink: /home/sara/aubo_ws/install/controller_manager_msgs/include/controller_manager_msgs/controller_manager_msgs/srv/detail/unload_controller__functions.h
[11.570s] -- Up-to-date symlink: /home/sara/aubo_ws/install/controller_manager_msgs/include/controller_manager_msgs/controller_manager_msgs/srv/detail/unload_controller__struct.h
[11.570s] -- Up-to-date symlink: /home/sara/aubo_ws/install/controller_manager_msgs/include/controller_manager_msgs/controller_manager_msgs/srv/detail/unload_controller__type_support.h
[11.571s] -- Up-to-date symlink: /home/sara/aubo_ws/install/controller_manager_msgs/include/controller_manager_msgs/controller_manager_msgs/srv/list_controller_types.h
[11.571s] -- Up-to-date symlink: /home/sara/aubo_ws/install/controller_manager_msgs/include/controller_manager_msgs/controller_manager_msgs/srv/list_controllers.h
[11.571s] -- Up-to-date symlink: /home/sara/aubo_ws/install/controller_manager_msgs/include/controller_manager_msgs/controller_manager_msgs/srv/list_hardware_components.h
[11.572s] -- Up-to-date symlink: /home/sara/aubo_ws/install/controller_manager_msgs/include/controller_manager_msgs/controller_manager_msgs/srv/list_hardware_interfaces.h
[11.573s] -- Up-to-date symlink: /home/sara/aubo_ws/install/controller_manager_msgs/include/controller_manager_msgs/controller_manager_msgs/srv/load_controller.h
[11.574s] -- Up-to-date symlink: /home/sara/aubo_ws/install/controller_manager_msgs/include/controller_manager_msgs/controller_manager_msgs/srv/reload_controller_libraries.h
[11.574s] -- Up-to-date symlink: /home/sara/aubo_ws/install/controller_manager_msgs/include/controller_manager_msgs/controller_manager_msgs/srv/set_hardware_component_state.h
[11.575s] -- Up-to-date symlink: /home/sara/aubo_ws/install/controller_manager_msgs/include/controller_manager_msgs/controller_manager_msgs/srv/switch_controller.h
[11.576s] -- Up-to-date symlink: /home/sara/aubo_ws/install/controller_manager_msgs/include/controller_manager_msgs/controller_manager_msgs/srv/unload_controller.h
[11.577s] -- Up-to-date symlink: /home/sara/aubo_ws/install/controller_manager_msgs/share/controller_manager_msgs/environment/library_path.sh
[11.577s] -- Up-to-date symlink: /home/sara/aubo_ws/install/controller_manager_msgs/share/controller_manager_msgs/environment/library_path.dsv
[11.578s] -- Up-to-date symlink: /home/sara/aubo_ws/install/controller_manager_msgs/include/controller_manager_msgs/controller_manager_msgs/msg/detail/chain_connection__rosidl_typesupport_fastrtps_c.h
[11.579s] -- Up-to-date symlink: /home/sara/aubo_ws/install/controller_manager_msgs/include/controller_manager_msgs/controller_manager_msgs/msg/detail/controller_state__rosidl_typesupport_fastrtps_c.h
[11.579s] -- Up-to-date symlink: /home/sara/aubo_ws/install/controller_manager_msgs/include/controller_manager_msgs/controller_manager_msgs/msg/detail/hardware_component_state__rosidl_typesupport_fastrtps_c.h
[11.581s] -- Up-to-date symlink: /home/sara/aubo_ws/install/controller_manager_msgs/include/controller_manager_msgs/controller_manager_msgs/msg/detail/hardware_interface__rosidl_typesupport_fastrtps_c.h
[11.581s] -- Up-to-date symlink: /home/sara/aubo_ws/install/controller_manager_msgs/include/controller_manager_msgs/controller_manager_msgs/msg/rosidl_typesupport_fastrtps_c__visibility_control.h
[11.581s] -- Up-to-date symlink: /home/sara/aubo_ws/install/controller_manager_msgs/include/controller_manager_msgs/controller_manager_msgs/srv/detail/configure_controller__rosidl_typesupport_fastrtps_c.h
[11.585s] -- Up-to-date symlink: /home/sara/aubo_ws/install/controller_manager_msgs/include/controller_manager_msgs/controller_manager_msgs/srv/detail/list_controller_types__rosidl_typesupport_fastrtps_c.h
[11.585s] -- Up-to-date symlink: /home/sara/aubo_ws/install/controller_manager_msgs/include/controller_manager_msgs/controller_manager_msgs/srv/detail/list_controllers__rosidl_typesupport_fastrtps_c.h
[11.586s] -- Up-to-date symlink: /home/sara/aubo_ws/install/controller_manager_msgs/include/controller_manager_msgs/controller_manager_msgs/srv/detail/list_hardware_components__rosidl_typesupport_fastrtps_c.h
[11.586s] -- Up-to-date symlink: /home/sara/aubo_ws/install/controller_manager_msgs/include/controller_manager_msgs/controller_manager_msgs/srv/detail/list_hardware_interfaces__rosidl_typesupport_fastrtps_c.h
[11.586s] -- Up-to-date symlink: /home/sara/aubo_ws/install/controller_manager_msgs/include/controller_manager_msgs/controller_manager_msgs/srv/detail/load_controller__rosidl_typesupport_fastrtps_c.h
[11.587s] -- Up-to-date symlink: /home/sara/aubo_ws/install/controller_manager_msgs/include/controller_manager_msgs/controller_manager_msgs/srv/detail/reload_controller_libraries__rosidl_typesupport_fastrtps_c.h
[11.588s] -- Up-to-date symlink: /home/sara/aubo_ws/install/controller_manager_msgs/include/controller_manager_msgs/controller_manager_msgs/srv/detail/set_hardware_component_state__rosidl_typesupport_fastrtps_c.h
[11.588s] -- Up-to-date symlink: /home/sara/aubo_ws/install/controller_manager_msgs/include/controller_manager_msgs/controller_manager_msgs/srv/detail/switch_controller__rosidl_typesupport_fastrtps_c.h
[11.589s] -- Up-to-date symlink: /home/sara/aubo_ws/install/controller_manager_msgs/include/controller_manager_msgs/controller_manager_msgs/srv/detail/unload_controller__rosidl_typesupport_fastrtps_c.h
[11.591s] -- Up-to-date symlink: /home/sara/aubo_ws/install/controller_manager_msgs/include/controller_manager_msgs/controller_manager_msgs/msg/chain_connection.hpp
[11.591s] -- Up-to-date symlink: /home/sara/aubo_ws/install/controller_manager_msgs/include/controller_manager_msgs/controller_manager_msgs/msg/controller_state.hpp
[11.592s] -- Up-to-date symlink: /home/sara/aubo_ws/install/controller_manager_msgs/include/controller_manager_msgs/controller_manager_msgs/msg/detail/chain_connection__builder.hpp
[11.594s] -- Up-to-date symlink: /home/sara/aubo_ws/install/controller_manager_msgs/include/controller_manager_msgs/controller_manager_msgs/msg/detail/chain_connection__struct.hpp
[11.594s] -- Up-to-date symlink: /home/sara/aubo_ws/install/controller_manager_msgs/include/controller_manager_msgs/controller_manager_msgs/msg/detail/chain_connection__traits.hpp
[11.594s] -- Up-to-date symlink: /home/sara/aubo_ws/install/controller_manager_msgs/include/controller_manager_msgs/controller_manager_msgs/msg/detail/controller_state__builder.hpp
[11.595s] -- Up-to-date symlink: /home/sara/aubo_ws/install/controller_manager_msgs/include/controller_manager_msgs/controller_manager_msgs/msg/detail/controller_state__struct.hpp
[11.596s] -- Up-to-date symlink: /home/sara/aubo_ws/install/controller_manager_msgs/include/controller_manager_msgs/controller_manager_msgs/msg/detail/controller_state__traits.hpp
[11.596s] -- Up-to-date symlink: /home/sara/aubo_ws/install/controller_manager_msgs/include/controller_manager_msgs/controller_manager_msgs/msg/detail/hardware_component_state__builder.hpp
[11.596s] -- Up-to-date symlink: /home/sara/aubo_ws/install/controller_manager_msgs/include/controller_manager_msgs/controller_manager_msgs/msg/detail/hardware_component_state__struct.hpp
[11.598s] -- Up-to-date symlink: /home/sara/aubo_ws/install/controller_manager_msgs/include/controller_manager_msgs/controller_manager_msgs/msg/detail/hardware_component_state__traits.hpp
[11.598s] -- Up-to-date symlink: /home/sara/aubo_ws/install/controller_manager_msgs/include/controller_manager_msgs/controller_manager_msgs/msg/detail/hardware_interface__builder.hpp
[11.611s] -- Up-to-date symlink: /home/sara/aubo_ws/install/controller_manager_msgs/include/controller_manager_msgs/controller_manager_msgs/msg/detail/hardware_interface__struct.hpp
[11.612s] -- Up-to-date symlink: /home/sara/aubo_ws/install/controller_manager_msgs/include/controller_manager_msgs/controller_manager_msgs/msg/detail/hardware_interface__traits.hpp
[11.612s] -- Up-to-date symlink: /home/sara/aubo_ws/install/controller_manager_msgs/include/controller_manager_msgs/controller_manager_msgs/msg/hardware_component_state.hpp
[11.612s] -- Up-to-date symlink: /home/sara/aubo_ws/install/controller_manager_msgs/include/controller_manager_msgs/controller_manager_msgs/msg/hardware_interface.hpp
[11.613s] -- Up-to-date symlink: /home/sara/aubo_ws/install/controller_manager_msgs/include/controller_manager_msgs/controller_manager_msgs/srv/configure_controller.hpp
[11.613s] -- Up-to-date symlink: /home/sara/aubo_ws/install/controller_manager_msgs/include/controller_manager_msgs/controller_manager_msgs/srv/detail/configure_controller__builder.hpp
[11.613s] -- Up-to-date symlink: /home/sara/aubo_ws/install/controller_manager_msgs/include/controller_manager_msgs/controller_manager_msgs/srv/detail/configure_controller__struct.hpp
[11.614s] -- Up-to-date symlink: /home/sara/aubo_ws/install/controller_manager_msgs/include/controller_manager_msgs/controller_manager_msgs/srv/detail/configure_controller__traits.hpp
[11.614s] -- Up-to-date symlink: /home/sara/aubo_ws/install/controller_manager_msgs/include/controller_manager_msgs/controller_manager_msgs/srv/detail/list_controller_types__builder.hpp
[11.615s] -- Up-to-date symlink: /home/sara/aubo_ws/install/controller_manager_msgs/include/controller_manager_msgs/controller_manager_msgs/srv/detail/list_controller_types__struct.hpp
[11.615s] -- Up-to-date symlink: /home/sara/aubo_ws/install/controller_manager_msgs/include/controller_manager_msgs/controller_manager_msgs/srv/detail/list_controller_types__traits.hpp
[11.615s] -- Up-to-date symlink: /home/sara/aubo_ws/install/controller_manager_msgs/include/controller_manager_msgs/controller_manager_msgs/srv/detail/list_controllers__builder.hpp
[11.616s] -- Up-to-date symlink: /home/sara/aubo_ws/install/controller_manager_msgs/include/controller_manager_msgs/controller_manager_msgs/srv/detail/list_controllers__struct.hpp
[11.616s] -- Up-to-date symlink: /home/sara/aubo_ws/install/controller_manager_msgs/include/controller_manager_msgs/controller_manager_msgs/srv/detail/list_controllers__traits.hpp
[11.617s] -- Up-to-date symlink: /home/sara/aubo_ws/install/controller_manager_msgs/include/controller_manager_msgs/controller_manager_msgs/srv/detail/list_hardware_components__builder.hpp
[11.617s] -- Up-to-date symlink: /home/sara/aubo_ws/install/controller_manager_msgs/include/controller_manager_msgs/controller_manager_msgs/srv/detail/list_hardware_components__struct.hpp
[11.618s] -- Up-to-date symlink: /home/sara/aubo_ws/install/controller_manager_msgs/include/controller_manager_msgs/controller_manager_msgs/srv/detail/list_hardware_components__traits.hpp
[11.618s] -- Up-to-date symlink: /home/sara/aubo_ws/install/controller_manager_msgs/include/controller_manager_msgs/controller_manager_msgs/srv/detail/list_hardware_interfaces__builder.hpp
[11.618s] -- Up-to-date symlink: /home/sara/aubo_ws/install/controller_manager_msgs/include/controller_manager_msgs/controller_manager_msgs/srv/detail/list_hardware_interfaces__struct.hpp
[11.619s] -- Up-to-date symlink: /home/sara/aubo_ws/install/controller_manager_msgs/include/controller_manager_msgs/controller_manager_msgs/srv/detail/list_hardware_interfaces__traits.hpp
[11.619s] -- Up-to-date symlink: /home/sara/aubo_ws/install/controller_manager_msgs/include/controller_manager_msgs/controller_manager_msgs/srv/detail/load_controller__builder.hpp
[11.620s] -- Up-to-date symlink: /home/sara/aubo_ws/install/controller_manager_msgs/include/controller_manager_msgs/controller_manager_msgs/srv/detail/load_controller__struct.hpp
[11.620s] -- Up-to-date symlink: /home/sara/aubo_ws/install/controller_manager_msgs/include/controller_manager_msgs/controller_manager_msgs/srv/detail/load_controller__traits.hpp
[11.621s] -- Up-to-date symlink: /home/sara/aubo_ws/install/controller_manager_msgs/include/controller_manager_msgs/controller_manager_msgs/srv/detail/reload_controller_libraries__builder.hpp
[11.621s] -- Up-to-date symlink: /home/sara/aubo_ws/install/controller_manager_msgs/include/controller_manager_msgs/controller_manager_msgs/srv/detail/reload_controller_libraries__struct.hpp
[11.622s] -- Up-to-date symlink: /home/sara/aubo_ws/install/controller_manager_msgs/include/controller_manager_msgs/controller_manager_msgs/srv/detail/reload_controller_libraries__traits.hpp
[11.622s] -- Up-to-date symlink: /home/sara/aubo_ws/install/controller_manager_msgs/include/controller_manager_msgs/controller_manager_msgs/srv/detail/set_hardware_component_state__builder.hpp
[11.623s] -- Up-to-date symlink: /home/sara/aubo_ws/install/controller_manager_msgs/include/controller_manager_msgs/controller_manager_msgs/srv/detail/set_hardware_component_state__struct.hpp
[11.632s] -- Up-to-date symlink: /home/sara/aubo_ws/install/controller_manager_msgs/include/controller_manager_msgs/controller_manager_msgs/srv/detail/set_hardware_component_state__traits.hpp
[11.633s] -- Up-to-date symlink: /home/sara/aubo_ws/install/controller_manager_msgs/include/controller_manager_msgs/controller_manager_msgs/srv/detail/switch_controller__builder.hpp
[11.633s] -- Up-to-date symlink: /home/sara/aubo_ws/install/controller_manager_msgs/include/controller_manager_msgs/controller_manager_msgs/srv/detail/switch_controller__struct.hpp
[11.634s] -- Up-to-date symlink: /home/sara/aubo_ws/install/controller_manager_msgs/include/controller_manager_msgs/controller_manager_msgs/srv/detail/switch_controller__traits.hpp
[11.634s] -- Up-to-date symlink: /home/sara/aubo_ws/install/controller_manager_msgs/include/controller_manager_msgs/controller_manager_msgs/srv/detail/unload_controller__builder.hpp
[11.634s] -- Up-to-date symlink: /home/sara/aubo_ws/install/controller_manager_msgs/include/controller_manager_msgs/controller_manager_msgs/srv/detail/unload_controller__struct.hpp
[11.635s] -- Up-to-date symlink: /home/sara/aubo_ws/install/controller_manager_msgs/include/controller_manager_msgs/controller_manager_msgs/srv/detail/unload_controller__traits.hpp
[11.635s] -- Up-to-date symlink: /home/sara/aubo_ws/install/controller_manager_msgs/include/controller_manager_msgs/controller_manager_msgs/srv/list_controller_types.hpp
[11.636s] -- Up-to-date symlink: /home/sara/aubo_ws/install/controller_manager_msgs/include/controller_manager_msgs/controller_manager_msgs/srv/list_controllers.hpp
[11.636s] -- Up-to-date symlink: /home/sara/aubo_ws/install/controller_manager_msgs/include/controller_manager_msgs/controller_manager_msgs/srv/list_hardware_components.hpp
[11.637s] -- Up-to-date symlink: /home/sara/aubo_ws/install/controller_manager_msgs/include/controller_manager_msgs/controller_manager_msgs/srv/list_hardware_interfaces.hpp
[11.637s] -- Up-to-date symlink: /home/sara/aubo_ws/install/controller_manager_msgs/include/controller_manager_msgs/controller_manager_msgs/srv/load_controller.hpp
[11.637s] -- Up-to-date symlink: /home/sara/aubo_ws/install/controller_manager_msgs/include/controller_manager_msgs/controller_manager_msgs/srv/reload_controller_libraries.hpp
[11.638s] -- Up-to-date symlink: /home/sara/aubo_ws/install/controller_manager_msgs/include/controller_manager_msgs/controller_manager_msgs/srv/set_hardware_component_state.hpp
[11.638s] -- Up-to-date symlink: /home/sara/aubo_ws/install/controller_manager_msgs/include/controller_manager_msgs/controller_manager_msgs/srv/switch_controller.hpp
[11.638s] -- Up-to-date symlink: /home/sara/aubo_ws/install/controller_manager_msgs/include/controller_manager_msgs/controller_manager_msgs/srv/unload_controller.hpp
[11.655s] -- Up-to-date symlink: /home/sara/aubo_ws/install/controller_manager_msgs/include/controller_manager_msgs/controller_manager_msgs/msg/detail/chain_connection__rosidl_typesupport_fastrtps_cpp.hpp
[11.655s] -- Up-to-date symlink: /home/sara/aubo_ws/install/controller_manager_msgs/include/controller_manager_msgs/controller_manager_msgs/msg/detail/controller_state__rosidl_typesupport_fastrtps_cpp.hpp
[11.656s] -- Up-to-date symlink: /home/sara/aubo_ws/install/controller_manager_msgs/include/controller_manager_msgs/controller_manager_msgs/msg/detail/hardware_component_state__rosidl_typesupport_fastrtps_cpp.hpp
[11.656s] -- Up-to-date symlink: /home/sara/aubo_ws/install/controller_manager_msgs/include/controller_manager_msgs/controller_manager_msgs/msg/detail/hardware_interface__rosidl_typesupport_fastrtps_cpp.hpp
[11.657s] -- Up-to-date symlink: /home/sara/aubo_ws/install/controller_manager_msgs/include/controller_manager_msgs/controller_manager_msgs/msg/rosidl_typesupport_fastrtps_cpp__visibility_control.h
[11.657s] -- Up-to-date symlink: /home/sara/aubo_ws/install/controller_manager_msgs/include/controller_manager_msgs/controller_manager_msgs/srv/detail/configure_controller__rosidl_typesupport_fastrtps_cpp.hpp
[11.658s] -- Up-to-date symlink: /home/sara/aubo_ws/install/controller_manager_msgs/include/controller_manager_msgs/controller_manager_msgs/srv/detail/list_controller_types__rosidl_typesupport_fastrtps_cpp.hpp
[11.658s] -- Up-to-date symlink: /home/sara/aubo_ws/install/controller_manager_msgs/include/controller_manager_msgs/controller_manager_msgs/srv/detail/list_controllers__rosidl_typesupport_fastrtps_cpp.hpp
[11.659s] -- Up-to-date symlink: /home/sara/aubo_ws/install/controller_manager_msgs/include/controller_manager_msgs/controller_manager_msgs/srv/detail/list_hardware_components__rosidl_typesupport_fastrtps_cpp.hpp
[11.660s] -- Up-to-date symlink: /home/sara/aubo_ws/install/controller_manager_msgs/include/controller_manager_msgs/controller_manager_msgs/srv/detail/list_hardware_interfaces__rosidl_typesupport_fastrtps_cpp.hpp
[11.660s] -- Up-to-date symlink: /home/sara/aubo_ws/install/controller_manager_msgs/include/controller_manager_msgs/controller_manager_msgs/srv/detail/load_controller__rosidl_typesupport_fastrtps_cpp.hpp
[11.661s] -- Up-to-date symlink: /home/sara/aubo_ws/install/controller_manager_msgs/include/controller_manager_msgs/controller_manager_msgs/srv/detail/reload_controller_libraries__rosidl_typesupport_fastrtps_cpp.hpp
[11.661s] -- Up-to-date symlink: /home/sara/aubo_ws/install/controller_manager_msgs/include/controller_manager_msgs/controller_manager_msgs/srv/detail/set_hardware_component_state__rosidl_typesupport_fastrtps_cpp.hpp
[11.662s] -- Up-to-date symlink: /home/sara/aubo_ws/install/controller_manager_msgs/include/controller_manager_msgs/controller_manager_msgs/srv/detail/switch_controller__rosidl_typesupport_fastrtps_cpp.hpp
[11.662s] -- Up-to-date symlink: /home/sara/aubo_ws/install/controller_manager_msgs/include/controller_manager_msgs/controller_manager_msgs/srv/detail/unload_controller__rosidl_typesupport_fastrtps_cpp.hpp
[11.664s] -- Up-to-date symlink: /home/sara/aubo_ws/install/controller_manager_msgs/include/controller_manager_msgs/controller_manager_msgs/msg/detail/chain_connection__rosidl_typesupport_introspection_c.h
[11.665s] -- Up-to-date symlink: /home/sara/aubo_ws/install/controller_manager_msgs/include/controller_manager_msgs/controller_manager_msgs/msg/detail/controller_state__rosidl_typesupport_introspection_c.h
[11.665s] -- Up-to-date symlink: /home/sara/aubo_ws/install/controller_manager_msgs/include/controller_manager_msgs/controller_manager_msgs/msg/detail/hardware_component_state__rosidl_typesupport_introspection_c.h
[11.666s] -- Up-to-date symlink: /home/sara/aubo_ws/install/controller_manager_msgs/include/controller_manager_msgs/controller_manager_msgs/msg/detail/hardware_interface__rosidl_typesupport_introspection_c.h
[11.667s] -- Up-to-date symlink: /home/sara/aubo_ws/install/controller_manager_msgs/include/controller_manager_msgs/controller_manager_msgs/msg/rosidl_typesupport_introspection_c__visibility_control.h
[11.667s] -- Up-to-date symlink: /home/sara/aubo_ws/install/controller_manager_msgs/include/controller_manager_msgs/controller_manager_msgs/srv/detail/configure_controller__rosidl_typesupport_introspection_c.h
[11.668s] -- Up-to-date symlink: /home/sara/aubo_ws/install/controller_manager_msgs/include/controller_manager_msgs/controller_manager_msgs/srv/detail/list_controller_types__rosidl_typesupport_introspection_c.h
[11.669s] -- Up-to-date symlink: /home/sara/aubo_ws/install/controller_manager_msgs/include/controller_manager_msgs/controller_manager_msgs/srv/detail/list_controllers__rosidl_typesupport_introspection_c.h
[11.671s] -- Up-to-date symlink: /home/sara/aubo_ws/install/controller_manager_msgs/include/controller_manager_msgs/controller_manager_msgs/srv/detail/list_hardware_components__rosidl_typesupport_introspection_c.h
[11.671s] -- Up-to-date symlink: /home/sara/aubo_ws/install/controller_manager_msgs/include/controller_manager_msgs/controller_manager_msgs/srv/detail/list_hardware_interfaces__rosidl_typesupport_introspection_c.h
[11.672s] -- Up-to-date symlink: /home/sara/aubo_ws/install/controller_manager_msgs/include/controller_manager_msgs/controller_manager_msgs/srv/detail/load_controller__rosidl_typesupport_introspection_c.h
[11.672s] -- Up-to-date symlink: /home/sara/aubo_ws/install/controller_manager_msgs/include/controller_manager_msgs/controller_manager_msgs/srv/detail/reload_controller_libraries__rosidl_typesupport_introspection_c.h
[11.680s] -- Up-to-date symlink: /home/sara/aubo_ws/install/controller_manager_msgs/include/controller_manager_msgs/controller_manager_msgs/srv/detail/set_hardware_component_state__rosidl_typesupport_introspection_c.h
[11.680s] -- Up-to-date symlink: /home/sara/aubo_ws/install/controller_manager_msgs/include/controller_manager_msgs/controller_manager_msgs/srv/detail/switch_controller__rosidl_typesupport_introspection_c.h
[11.680s] -- Up-to-date symlink: /home/sara/aubo_ws/install/controller_manager_msgs/include/controller_manager_msgs/controller_manager_msgs/srv/detail/unload_controller__rosidl_typesupport_introspection_c.h
[11.682s] -- Up-to-date symlink: /home/sara/aubo_ws/install/controller_manager_msgs/include/controller_manager_msgs/controller_manager_msgs/msg/detail/chain_connection__rosidl_typesupport_introspection_cpp.hpp
[11.682s] -- Up-to-date symlink: /home/sara/aubo_ws/install/controller_manager_msgs/include/controller_manager_msgs/controller_manager_msgs/msg/detail/controller_state__rosidl_typesupport_introspection_cpp.hpp
[11.683s] -- Up-to-date symlink: /home/sara/aubo_ws/install/controller_manager_msgs/include/controller_manager_msgs/controller_manager_msgs/msg/detail/hardware_component_state__rosidl_typesupport_introspection_cpp.hpp
[11.683s] -- Up-to-date symlink: /home/sara/aubo_ws/install/controller_manager_msgs/include/controller_manager_msgs/controller_manager_msgs/msg/detail/hardware_interface__rosidl_typesupport_introspection_cpp.hpp
[11.684s] -- Up-to-date symlink: /home/sara/aubo_ws/install/controller_manager_msgs/include/controller_manager_msgs/controller_manager_msgs/srv/detail/configure_controller__rosidl_typesupport_introspection_cpp.hpp
[11.685s] -- Up-to-date symlink: /home/sara/aubo_ws/install/controller_manager_msgs/include/controller_manager_msgs/controller_manager_msgs/srv/detail/list_controller_types__rosidl_typesupport_introspection_cpp.hpp
[11.685s] -- Up-to-date symlink: /home/sara/aubo_ws/install/controller_manager_msgs/include/controller_manager_msgs/controller_manager_msgs/srv/detail/list_controllers__rosidl_typesupport_introspection_cpp.hpp
[11.693s] -- Up-to-date symlink: /home/sara/aubo_ws/install/controller_manager_msgs/include/controller_manager_msgs/controller_manager_msgs/srv/detail/list_hardware_components__rosidl_typesupport_introspection_cpp.hpp
[11.694s] -- Up-to-date symlink: /home/sara/aubo_ws/install/controller_manager_msgs/include/controller_manager_msgs/controller_manager_msgs/srv/detail/list_hardware_interfaces__rosidl_typesupport_introspection_cpp.hpp
[11.694s] -- Up-to-date symlink: /home/sara/aubo_ws/install/controller_manager_msgs/include/controller_manager_msgs/controller_manager_msgs/srv/detail/load_controller__rosidl_typesupport_introspection_cpp.hpp
[11.699s] -- Up-to-date symlink: /home/sara/aubo_ws/install/controller_manager_msgs/include/controller_manager_msgs/controller_manager_msgs/srv/detail/reload_controller_libraries__rosidl_typesupport_introspection_cpp.hpp
[11.699s] -- Up-to-date symlink: /home/sara/aubo_ws/install/controller_manager_msgs/include/controller_manager_msgs/controller_manager_msgs/srv/detail/set_hardware_component_state__rosidl_typesupport_introspection_cpp.hpp
[11.700s] -- Up-to-date symlink: /home/sara/aubo_ws/install/controller_manager_msgs/include/controller_manager_msgs/controller_manager_msgs/srv/detail/switch_controller__rosidl_typesupport_introspection_cpp.hpp
[11.700s] -- Up-to-date symlink: /home/sara/aubo_ws/install/controller_manager_msgs/include/controller_manager_msgs/controller_manager_msgs/srv/detail/unload_controller__rosidl_typesupport_introspection_cpp.hpp
[11.704s] -- Up-to-date symlink: /home/sara/aubo_ws/install/controller_manager_msgs/share/controller_manager_msgs/environment/pythonpath.sh
[11.705s] -- Up-to-date symlink: /home/sara/aubo_ws/install/controller_manager_msgs/share/controller_manager_msgs/environment/pythonpath.dsv
[11.706s] -- Up-to-date symlink: /home/sara/aubo_ws/install/controller_manager_msgs/local/lib/python3.10/dist-packages/controller_manager_msgs-2.33.0-py3.10.egg-info/PKG-INFO
[11.706s] -- Up-to-date symlink: /home/sara/aubo_ws/install/controller_manager_msgs/local/lib/python3.10/dist-packages/controller_manager_msgs-2.33.0-py3.10.egg-info/SOURCES.txt
[11.707s] -- Up-to-date symlink: /home/sara/aubo_ws/install/controller_manager_msgs/local/lib/python3.10/dist-packages/controller_manager_msgs-2.33.0-py3.10.egg-info/dependency_links.txt
[11.707s] -- Up-to-date symlink: /home/sara/aubo_ws/install/controller_manager_msgs/local/lib/python3.10/dist-packages/controller_manager_msgs-2.33.0-py3.10.egg-info/top_level.txt
[11.710s] -- Up-to-date symlink: /home/sara/aubo_ws/install/controller_manager_msgs/local/lib/python3.10/dist-packages/controller_manager_msgs/__init__.py
[11.711s] -- Up-to-date symlink: /home/sara/aubo_ws/install/controller_manager_msgs/local/lib/python3.10/dist-packages/controller_manager_msgs/_controller_manager_msgs_s.ep.rosidl_typesupport_c.c
[11.711s] -- Up-to-date symlink: /home/sara/aubo_ws/install/controller_manager_msgs/local/lib/python3.10/dist-packages/controller_manager_msgs/_controller_manager_msgs_s.ep.rosidl_typesupport_fastrtps_c.c
[11.711s] -- Up-to-date symlink: /home/sara/aubo_ws/install/controller_manager_msgs/local/lib/python3.10/dist-packages/controller_manager_msgs/_controller_manager_msgs_s.ep.rosidl_typesupport_introspection_c.c
[11.712s] -- Up-to-date symlink: /home/sara/aubo_ws/install/controller_manager_msgs/local/lib/python3.10/dist-packages/controller_manager_msgs/controller_manager_msgs_s__rosidl_typesupport_c.cpython-310-x86_64-linux-gnu.so
[11.712s] -- Up-to-date symlink: /home/sara/aubo_ws/install/controller_manager_msgs/local/lib/python3.10/dist-packages/controller_manager_msgs/controller_manager_msgs_s__rosidl_typesupport_fastrtps_c.cpython-310-x86_64-linux-gnu.so
[11.716s] -- Up-to-date symlink: /home/sara/aubo_ws/install/controller_manager_msgs/local/lib/python3.10/dist-packages/controller_manager_msgs/controller_manager_msgs_s__rosidl_typesupport_introspection_c.cpython-310-x86_64-linux-gnu.so
[11.717s] -- Up-to-date symlink: /home/sara/aubo_ws/install/controller_manager_msgs/local/lib/python3.10/dist-packages/controller_manager_msgs/libcontroller_manager_msgs__rosidl_generator_py.so
[11.729s] -- Up-to-date symlink: /home/sara/aubo_ws/install/controller_manager_msgs/local/lib/python3.10/dist-packages/controller_manager_msgs/msg/__init__.py
[11.730s] -- Up-to-date symlink: /home/sara/aubo_ws/install/controller_manager_msgs/local/lib/python3.10/dist-packages/controller_manager_msgs/msg/_chain_connection.py
[11.730s] -- Up-to-date symlink: /home/sara/aubo_ws/install/controller_manager_msgs/local/lib/python3.10/dist-packages/controller_manager_msgs/msg/_chain_connection_s.c
[11.731s] -- Up-to-date symlink: /home/sara/aubo_ws/install/controller_manager_msgs/local/lib/python3.10/dist-packages/controller_manager_msgs/msg/_controller_state.py
[11.731s] -- Up-to-date symlink: /home/sara/aubo_ws/install/controller_manager_msgs/local/lib/python3.10/dist-packages/controller_manager_msgs/msg/_controller_state_s.c
[11.732s] -- Up-to-date symlink: /home/sara/aubo_ws/install/controller_manager_msgs/local/lib/python3.10/dist-packages/controller_manager_msgs/msg/_hardware_component_state.py
[11.732s] -- Up-to-date symlink: /home/sara/aubo_ws/install/controller_manager_msgs/local/lib/python3.10/dist-packages/controller_manager_msgs/msg/_hardware_component_state_s.c
[11.733s] -- Up-to-date symlink: /home/sara/aubo_ws/install/controller_manager_msgs/local/lib/python3.10/dist-packages/controller_manager_msgs/msg/_hardware_interface.py
[11.733s] -- Up-to-date symlink: /home/sara/aubo_ws/install/controller_manager_msgs/local/lib/python3.10/dist-packages/controller_manager_msgs/msg/_hardware_interface_s.c
[11.734s] -- Up-to-date symlink: /home/sara/aubo_ws/install/controller_manager_msgs/local/lib/python3.10/dist-packages/controller_manager_msgs/srv/__init__.py
[11.734s] -- Up-to-date symlink: /home/sara/aubo_ws/install/controller_manager_msgs/local/lib/python3.10/dist-packages/controller_manager_msgs/srv/_configure_controller.py
[11.734s] -- Up-to-date symlink: /home/sara/aubo_ws/install/controller_manager_msgs/local/lib/python3.10/dist-packages/controller_manager_msgs/srv/_configure_controller_s.c
[11.735s] -- Up-to-date symlink: /home/sara/aubo_ws/install/controller_manager_msgs/local/lib/python3.10/dist-packages/controller_manager_msgs/srv/_list_controller_types.py
[11.736s] -- Up-to-date symlink: /home/sara/aubo_ws/install/controller_manager_msgs/local/lib/python3.10/dist-packages/controller_manager_msgs/srv/_list_controller_types_s.c
[11.736s] -- Up-to-date symlink: /home/sara/aubo_ws/install/controller_manager_msgs/local/lib/python3.10/dist-packages/controller_manager_msgs/srv/_list_controllers.py
[11.736s] -- Up-to-date symlink: /home/sara/aubo_ws/install/controller_manager_msgs/local/lib/python3.10/dist-packages/controller_manager_msgs/srv/_list_controllers_s.c
[11.737s] -- Up-to-date symlink: /home/sara/aubo_ws/install/controller_manager_msgs/local/lib/python3.10/dist-packages/controller_manager_msgs/srv/_list_hardware_components.py
[11.737s] -- Up-to-date symlink: /home/sara/aubo_ws/install/controller_manager_msgs/local/lib/python3.10/dist-packages/controller_manager_msgs/srv/_list_hardware_components_s.c
[11.737s] -- Up-to-date symlink: /home/sara/aubo_ws/install/controller_manager_msgs/local/lib/python3.10/dist-packages/controller_manager_msgs/srv/_list_hardware_interfaces.py
[11.738s] -- Up-to-date symlink: /home/sara/aubo_ws/install/controller_manager_msgs/local/lib/python3.10/dist-packages/controller_manager_msgs/srv/_list_hardware_interfaces_s.c
[11.738s] -- Up-to-date symlink: /home/sara/aubo_ws/install/controller_manager_msgs/local/lib/python3.10/dist-packages/controller_manager_msgs/srv/_load_controller.py
[11.738s] -- Up-to-date symlink: /home/sara/aubo_ws/install/controller_manager_msgs/local/lib/python3.10/dist-packages/controller_manager_msgs/srv/_load_controller_s.c
[11.739s] -- Up-to-date symlink: /home/sara/aubo_ws/install/controller_manager_msgs/local/lib/python3.10/dist-packages/controller_manager_msgs/srv/_reload_controller_libraries.py
[11.739s] -- Up-to-date symlink: /home/sara/aubo_ws/install/controller_manager_msgs/local/lib/python3.10/dist-packages/controller_manager_msgs/srv/_reload_controller_libraries_s.c
[11.739s] -- Up-to-date symlink: /home/sara/aubo_ws/install/controller_manager_msgs/local/lib/python3.10/dist-packages/controller_manager_msgs/srv/_set_hardware_component_state.py
[11.740s] -- Up-to-date symlink: /home/sara/aubo_ws/install/controller_manager_msgs/local/lib/python3.10/dist-packages/controller_manager_msgs/srv/_set_hardware_component_state_s.c
[11.755s] -- Up-to-date symlink: /home/sara/aubo_ws/install/controller_manager_msgs/local/lib/python3.10/dist-packages/controller_manager_msgs/srv/_switch_controller.py
[11.755s] -- Up-to-date symlink: /home/sara/aubo_ws/install/controller_manager_msgs/local/lib/python3.10/dist-packages/controller_manager_msgs/srv/_switch_controller_s.c
[11.756s] -- Up-to-date symlink: /home/sara/aubo_ws/install/controller_manager_msgs/local/lib/python3.10/dist-packages/controller_manager_msgs/srv/_unload_controller.py
[11.756s] -- Up-to-date symlink: /home/sara/aubo_ws/install/controller_manager_msgs/local/lib/python3.10/dist-packages/controller_manager_msgs/srv/_unload_controller_s.c
[11.757s] -- Up-to-date symlink: /home/sara/aubo_ws/install/controller_manager_msgs/local/lib/python3.10/dist-packages/controller_manager_msgs/controller_manager_msgs_s__rosidl_typesupport_fastrtps_c.cpython-310-x86_64-linux-gnu.so
[11.758s] -- Up-to-date symlink: /home/sara/aubo_ws/install/controller_manager_msgs/local/lib/python3.10/dist-packages/controller_manager_msgs/controller_manager_msgs_s__rosidl_typesupport_introspection_c.cpython-310-x86_64-linux-gnu.so
[11.759s] -- Up-to-date symlink: /home/sara/aubo_ws/install/controller_manager_msgs/local/lib/python3.10/dist-packages/controller_manager_msgs/controller_manager_msgs_s__rosidl_typesupport_c.cpython-310-x86_64-linux-gnu.so
[11.759s] -- Up-to-date symlink: /home/sara/aubo_ws/install/controller_manager_msgs/share/controller_manager_msgs/msg/ControllerState.idl
[11.760s] -- Up-to-date symlink: /home/sara/aubo_ws/install/controller_manager_msgs/share/controller_manager_msgs/msg/ChainConnection.idl
[11.761s] -- Up-to-date symlink: /home/sara/aubo_ws/install/controller_manager_msgs/share/controller_manager_msgs/msg/HardwareComponentState.idl
[11.762s] -- Up-to-date symlink: /home/sara/aubo_ws/install/controller_manager_msgs/share/controller_manager_msgs/msg/HardwareInterface.idl
[11.762s] -- Up-to-date symlink: /home/sara/aubo_ws/install/controller_manager_msgs/share/controller_manager_msgs/srv/ConfigureController.idl
[11.763s] -- Up-to-date symlink: /home/sara/aubo_ws/install/controller_manager_msgs/share/controller_manager_msgs/srv/ListControllers.idl
[11.764s] -- Up-to-date symlink: /home/sara/aubo_ws/install/controller_manager_msgs/share/controller_manager_msgs/srv/ListControllerTypes.idl
[11.764s] -- Up-to-date symlink: /home/sara/aubo_ws/install/controller_manager_msgs/share/controller_manager_msgs/srv/ListHardwareComponents.idl
[11.765s] -- Up-to-date symlink: /home/sara/aubo_ws/install/controller_manager_msgs/share/controller_manager_msgs/srv/ListHardwareInterfaces.idl
[11.765s] -- Up-to-date symlink: /home/sara/aubo_ws/install/controller_manager_msgs/share/controller_manager_msgs/srv/LoadController.idl
[11.766s] -- Up-to-date symlink: /home/sara/aubo_ws/install/controller_manager_msgs/share/controller_manager_msgs/srv/ReloadControllerLibraries.idl
[11.767s] -- Up-to-date symlink: /home/sara/aubo_ws/install/controller_manager_msgs/share/controller_manager_msgs/srv/SetHardwareComponentState.idl
[11.767s] -- Up-to-date symlink: /home/sara/aubo_ws/install/controller_manager_msgs/share/controller_manager_msgs/srv/SwitchController.idl
[11.768s] -- Up-to-date symlink: /home/sara/aubo_ws/install/controller_manager_msgs/share/controller_manager_msgs/srv/UnloadController.idl
[11.769s] -- Up-to-date symlink: /home/sara/aubo_ws/install/controller_manager_msgs/share/controller_manager_msgs/msg/ControllerState.msg
[11.769s] -- Up-to-date symlink: /home/sara/aubo_ws/install/controller_manager_msgs/share/controller_manager_msgs/msg/ChainConnection.msg
[11.769s] -- Up-to-date symlink: /home/sara/aubo_ws/install/controller_manager_msgs/share/controller_manager_msgs/msg/HardwareComponentState.msg
[11.770s] -- Up-to-date symlink: /home/sara/aubo_ws/install/controller_manager_msgs/share/controller_manager_msgs/msg/HardwareInterface.msg
[11.770s] -- Up-to-date symlink: /home/sara/aubo_ws/install/controller_manager_msgs/share/controller_manager_msgs/srv/ConfigureController.srv
[11.771s] -- Up-to-date symlink: /home/sara/aubo_ws/install/controller_manager_msgs/share/controller_manager_msgs/srv/ConfigureController_Request.msg
[11.771s] -- Up-to-date symlink: /home/sara/aubo_ws/install/controller_manager_msgs/share/controller_manager_msgs/srv/ConfigureController_Response.msg
[11.772s] -- Up-to-date symlink: /home/sara/aubo_ws/install/controller_manager_msgs/share/controller_manager_msgs/srv/ListControllers.srv
[11.772s] -- Up-to-date symlink: /home/sara/aubo_ws/install/controller_manager_msgs/share/controller_manager_msgs/srv/ListControllers_Request.msg
[11.773s] -- Up-to-date symlink: /home/sara/aubo_ws/install/controller_manager_msgs/share/controller_manager_msgs/srv/ListControllers_Response.msg
[11.773s] -- Up-to-date symlink: /home/sara/aubo_ws/install/controller_manager_msgs/share/controller_manager_msgs/srv/ListControllerTypes.srv
[11.774s] -- Up-to-date symlink: /home/sara/aubo_ws/install/controller_manager_msgs/share/controller_manager_msgs/srv/ListControllerTypes_Request.msg
[11.774s] -- Up-to-date symlink: /home/sara/aubo_ws/install/controller_manager_msgs/share/controller_manager_msgs/srv/ListControllerTypes_Response.msg
[11.775s] -- Up-to-date symlink: /home/sara/aubo_ws/install/controller_manager_msgs/share/controller_manager_msgs/srv/ListHardwareComponents.srv
[11.775s] -- Up-to-date symlink: /home/sara/aubo_ws/install/controller_manager_msgs/share/controller_manager_msgs/srv/ListHardwareComponents_Request.msg
[11.776s] -- Up-to-date symlink: /home/sara/aubo_ws/install/controller_manager_msgs/share/controller_manager_msgs/srv/ListHardwareComponents_Response.msg
[11.777s] -- Up-to-date symlink: /home/sara/aubo_ws/install/controller_manager_msgs/share/controller_manager_msgs/srv/ListHardwareInterfaces.srv
[11.777s] -- Up-to-date symlink: /home/sara/aubo_ws/install/controller_manager_msgs/share/controller_manager_msgs/srv/ListHardwareInterfaces_Request.msg
[11.778s] -- Up-to-date symlink: /home/sara/aubo_ws/install/controller_manager_msgs/share/controller_manager_msgs/srv/ListHardwareInterfaces_Response.msg
[11.778s] -- Up-to-date symlink: /home/sara/aubo_ws/install/controller_manager_msgs/share/controller_manager_msgs/srv/LoadController.srv
[11.779s] -- Up-to-date symlink: /home/sara/aubo_ws/install/controller_manager_msgs/share/controller_manager_msgs/srv/LoadController_Request.msg
[11.780s] -- Up-to-date symlink: /home/sara/aubo_ws/install/controller_manager_msgs/share/controller_manager_msgs/srv/LoadController_Response.msg
[11.780s] -- Up-to-date symlink: /home/sara/aubo_ws/install/controller_manager_msgs/share/controller_manager_msgs/srv/ReloadControllerLibraries.srv
[11.781s] -- Up-to-date symlink: /home/sara/aubo_ws/install/controller_manager_msgs/share/controller_manager_msgs/srv/ReloadControllerLibraries_Request.msg
[11.781s] -- Up-to-date symlink: /home/sara/aubo_ws/install/controller_manager_msgs/share/controller_manager_msgs/srv/ReloadControllerLibraries_Response.msg
[11.782s] -- Up-to-date symlink: /home/sara/aubo_ws/install/controller_manager_msgs/share/controller_manager_msgs/srv/SetHardwareComponentState.srv
[11.782s] -- Up-to-date symlink: /home/sara/aubo_ws/install/controller_manager_msgs/share/controller_manager_msgs/srv/SetHardwareComponentState_Request.msg
[11.799s] -- Up-to-date symlink: /home/sara/aubo_ws/install/controller_manager_msgs/share/controller_manager_msgs/srv/SetHardwareComponentState_Response.msg
[11.800s] -- Up-to-date symlink: /home/sara/aubo_ws/install/controller_manager_msgs/share/controller_manager_msgs/srv/SwitchController.srv
[11.800s] -- Up-to-date symlink: /home/sara/aubo_ws/install/controller_manager_msgs/share/controller_manager_msgs/srv/SwitchController_Request.msg
[11.801s] -- Up-to-date symlink: /home/sara/aubo_ws/install/controller_manager_msgs/share/controller_manager_msgs/srv/SwitchController_Response.msg
[11.801s] -- Up-to-date symlink: /home/sara/aubo_ws/install/controller_manager_msgs/share/controller_manager_msgs/srv/UnloadController.srv
[11.802s] -- Up-to-date symlink: /home/sara/aubo_ws/install/controller_manager_msgs/share/controller_manager_msgs/srv/UnloadController_Request.msg
[11.802s] -- Up-to-date symlink: /home/sara/aubo_ws/install/controller_manager_msgs/share/controller_manager_msgs/srv/UnloadController_Response.msg
[11.803s] -- Up-to-date symlink: /home/sara/aubo_ws/install/controller_manager_msgs/share/ament_index/resource_index/package_run_dependencies/controller_manager_msgs
[11.804s] -- Up-to-date symlink: /home/sara/aubo_ws/install/controller_manager_msgs/share/ament_index/resource_index/parent_prefix_path/controller_manager_msgs
[11.804s] -- Up-to-date symlink: /home/sara/aubo_ws/install/controller_manager_msgs/share/controller_manager_msgs/environment/ament_prefix_path.sh
[11.804s] -- Up-to-date symlink: /home/sara/aubo_ws/install/controller_manager_msgs/share/controller_manager_msgs/environment/ament_prefix_path.dsv
[11.805s] -- Up-to-date symlink: /home/sara/aubo_ws/install/controller_manager_msgs/share/controller_manager_msgs/environment/path.sh
[11.805s] -- Up-to-date symlink: /home/sara/aubo_ws/install/controller_manager_msgs/share/controller_manager_msgs/environment/path.dsv
[11.806s] -- Up-to-date symlink: /home/sara/aubo_ws/install/controller_manager_msgs/share/controller_manager_msgs/local_setup.bash
[11.806s] -- Up-to-date symlink: /home/sara/aubo_ws/install/controller_manager_msgs/share/controller_manager_msgs/local_setup.sh
[11.807s] -- Up-to-date symlink: /home/sara/aubo_ws/install/controller_manager_msgs/share/controller_manager_msgs/local_setup.zsh
[11.808s] -- Up-to-date symlink: /home/sara/aubo_ws/install/controller_manager_msgs/share/controller_manager_msgs/local_setup.dsv
[11.808s] -- Symlinking: /home/sara/aubo_ws/install/controller_manager_msgs/share/controller_manager_msgs/package.dsv
[11.890s] -- Up-to-date symlink: /home/sara/aubo_ws/install/controller_manager_msgs/share/ament_index/resource_index/packages/controller_manager_msgs
[11.891s] -- Up-to-date symlink: /home/sara/aubo_ws/install/controller_manager_msgs/share/controller_manager_msgs/cmake/rosidl_cmake-extras.cmake
[11.892s] -- Up-to-date symlink: /home/sara/aubo_ws/install/controller_manager_msgs/share/controller_manager_msgs/cmake/ament_cmake_export_dependencies-extras.cmake
[11.892s] -- Up-to-date symlink: /home/sara/aubo_ws/install/controller_manager_msgs/share/controller_manager_msgs/cmake/ament_cmake_export_include_directories-extras.cmake
[11.893s] -- Up-to-date symlink: /home/sara/aubo_ws/install/controller_manager_msgs/share/controller_manager_msgs/cmake/ament_cmake_export_libraries-extras.cmake
[11.894s] -- Up-to-date symlink: /home/sara/aubo_ws/install/controller_manager_msgs/share/controller_manager_msgs/cmake/ament_cmake_export_targets-extras.cmake
[11.895s] -- Up-to-date symlink: /home/sara/aubo_ws/install/controller_manager_msgs/share/controller_manager_msgs/cmake/rosidl_cmake_export_typesupport_targets-extras.cmake
[11.895s] -- Up-to-date symlink: /home/sara/aubo_ws/install/controller_manager_msgs/share/controller_manager_msgs/cmake/rosidl_cmake_export_typesupport_libraries-extras.cmake
[11.896s] -- Up-to-date symlink: /home/sara/aubo_ws/install/controller_manager_msgs/share/controller_manager_msgs/cmake/controller_manager_msgsConfig.cmake
[11.897s] -- Up-to-date symlink: /home/sara/aubo_ws/install/controller_manager_msgs/share/controller_manager_msgs/cmake/controller_manager_msgsConfig-version.cmake
[11.897s] -- Up-to-date symlink: /home/sara/aubo_ws/install/controller_manager_msgs/share/controller_manager_msgs/package.xml
[11.898s] -- Up-to-date: /home/sara/aubo_ws/install/controller_manager_msgs/lib/libcontroller_manager_msgs__rosidl_generator_c.so
[11.900s] -- Up-to-date: /home/sara/aubo_ws/install/controller_manager_msgs/lib/libcontroller_manager_msgs__rosidl_typesupport_fastrtps_c.so
[11.901s] -- Up-to-date: /home/sara/aubo_ws/install/controller_manager_msgs/lib/libcontroller_manager_msgs__rosidl_typesupport_fastrtps_cpp.so
[11.902s] -- Up-to-date: /home/sara/aubo_ws/install/controller_manager_msgs/lib/libcontroller_manager_msgs__rosidl_typesupport_introspection_c.so
[11.903s] -- Up-to-date: /home/sara/aubo_ws/install/controller_manager_msgs/lib/libcontroller_manager_msgs__rosidl_typesupport_c.so
[11.919s] -- Up-to-date: /home/sara/aubo_ws/install/controller_manager_msgs/lib/libcontroller_manager_msgs__rosidl_typesupport_introspection_cpp.so
[11.920s] -- Up-to-date: /home/sara/aubo_ws/install/controller_manager_msgs/lib/libcontroller_manager_msgs__rosidl_typesupport_cpp.so
[12.098s] Listing '/home/sara/aubo_ws/install/controller_manager_msgs/local/lib/python3.10/dist-packages/controller_manager_msgs'...
[12.099s] Compiling '/home/sara/aubo_ws/install/controller_manager_msgs/local/lib/python3.10/dist-packages/controller_manager_msgs/__init__.py'...
[12.099s] Listing '/home/sara/aubo_ws/install/controller_manager_msgs/local/lib/python3.10/dist-packages/controller_manager_msgs/msg'...
[12.099s] Listing '/home/sara/aubo_ws/install/controller_manager_msgs/local/lib/python3.10/dist-packages/controller_manager_msgs/srv'...
[12.120s] -- Up-to-date: /home/sara/aubo_ws/install/controller_manager_msgs/lib/libcontroller_manager_msgs__rosidl_generator_py.so
[12.121s] -- Up-to-date: /home/sara/aubo_ws/install/controller_manager_msgs/share/controller_manager_msgs/cmake/export_controller_manager_msgs__rosidl_generator_cExport.cmake
[12.122s] -- Up-to-date: /home/sara/aubo_ws/install/controller_manager_msgs/share/controller_manager_msgs/cmake/export_controller_manager_msgs__rosidl_generator_cExport-noconfig.cmake
[12.123s] -- Up-to-date: /home/sara/aubo_ws/install/controller_manager_msgs/share/controller_manager_msgs/cmake/export_controller_manager_msgs__rosidl_typesupport_fastrtps_cExport.cmake
[12.123s] -- Up-to-date: /home/sara/aubo_ws/install/controller_manager_msgs/share/controller_manager_msgs/cmake/export_controller_manager_msgs__rosidl_typesupport_fastrtps_cExport-noconfig.cmake
[12.124s] -- Up-to-date: /home/sara/aubo_ws/install/controller_manager_msgs/share/controller_manager_msgs/cmake/export_controller_manager_msgs__rosidl_generator_cppExport.cmake
[12.125s] -- Up-to-date: /home/sara/aubo_ws/install/controller_manager_msgs/share/controller_manager_msgs/cmake/export_controller_manager_msgs__rosidl_typesupport_fastrtps_cppExport.cmake
[12.125s] -- Up-to-date: /home/sara/aubo_ws/install/controller_manager_msgs/share/controller_manager_msgs/cmake/export_controller_manager_msgs__rosidl_typesupport_fastrtps_cppExport-noconfig.cmake
[12.126s] -- Up-to-date: /home/sara/aubo_ws/install/controller_manager_msgs/share/controller_manager_msgs/cmake/controller_manager_msgs__rosidl_typesupport_introspection_cExport.cmake
[12.127s] -- Up-to-date: /home/sara/aubo_ws/install/controller_manager_msgs/share/controller_manager_msgs/cmake/controller_manager_msgs__rosidl_typesupport_introspection_cExport-noconfig.cmake
[12.127s] -- Up-to-date: /home/sara/aubo_ws/install/controller_manager_msgs/share/controller_manager_msgs/cmake/controller_manager_msgs__rosidl_typesupport_cExport.cmake
[12.128s] -- Up-to-date: /home/sara/aubo_ws/install/controller_manager_msgs/share/controller_manager_msgs/cmake/controller_manager_msgs__rosidl_typesupport_cExport-noconfig.cmake
[12.129s] -- Up-to-date: /home/sara/aubo_ws/install/controller_manager_msgs/share/controller_manager_msgs/cmake/controller_manager_msgs__rosidl_typesupport_introspection_cppExport.cmake
[12.130s] -- Up-to-date: /home/sara/aubo_ws/install/controller_manager_msgs/share/controller_manager_msgs/cmake/controller_manager_msgs__rosidl_typesupport_introspection_cppExport-noconfig.cmake
[12.131s] -- Up-to-date: /home/sara/aubo_ws/install/controller_manager_msgs/share/controller_manager_msgs/cmake/controller_manager_msgs__rosidl_typesupport_cppExport.cmake
[12.132s] -- Up-to-date: /home/sara/aubo_ws/install/controller_manager_msgs/share/controller_manager_msgs/cmake/controller_manager_msgs__rosidl_typesupport_cppExport-noconfig.cmake
[12.133s] -- Up-to-date: /home/sara/aubo_ws/install/controller_manager_msgs/share/controller_manager_msgs/cmake/export_controller_manager_msgs__rosidl_generator_pyExport.cmake
[12.135s] -- Up-to-date: /home/sara/aubo_ws/install/controller_manager_msgs/share/controller_manager_msgs/cmake/export_controller_manager_msgs__rosidl_generator_pyExport-noconfig.cmake
[12.151s] Invoked command in '/home/sara/aubo_ws/build/controller_manager_msgs' returned '0': CMAKE_PREFIX_PATH=${CMAKE_PREFIX_PATH}:/home/sara/ros2_ws/install/steering_controllers_library:/home/sara/ros2_ws/install/rqt_joint_trajectory_controller:/home/sara/ros2_ws/install/rqt_controller_manager:/home/sara/ros2_ws/install/ros2controlcli:/home/sara/ros2_ws/install/ros2_controllers_test_nodes:/home/sara/aubo_ws/install/ros2_controllers_test_nodes:/opt/ros/humble /usr/bin/cmake --install /home/sara/aubo_ws/build/controller_manager_msgs
