[0.402s] Invoking command in '/home/sara/aubo_ws/build/joint_limits': CMAKE_PREFIX_PATH=${CMAKE_PREFIX_PATH}:/opt/ros/humble /usr/bin/cmake /home/sara/aubo_ws/src/ros-controls/ros2_control/joint_limits -DAMENT_CMAKE_SYMLINK_INSTALL=1 -DCMAKE_INSTALL_PREFIX=/home/sara/aubo_ws/install/joint_limits
[1.470s] -- The C compiler identification is GNU 11.4.0
[1.470s] -- The CXX compiler identification is GNU 11.4.0
[1.472s] -- Detecting C compiler ABI info
[1.472s] -- Detecting C compiler ABI info - done
[1.472s] -- Check for working C compiler: /usr/bin/cc - skipped
[1.472s] -- Detecting C compile features
[1.473s] -- Detecting C compile features - done
[1.473s] -- Detecting CXX compiler ABI info
[1.473s] -- Detecting CXX compiler ABI info - done
[1.473s] -- Check for working CXX compiler: /usr/bin/c++ - skipped
[1.474s] -- Detecting CXX compile features
[1.474s] -- Detecting CXX compile features - done
[1.475s] -- Found ament_cmake: 1.3.5 (/opt/ros/humble/share/ament_cmake/cmake)
[1.475s] -- Found Python3: /usr/bin/python3.10 (found version "3.10.12") found components: Interpreter 
[1.475s] -- Override CMake install command with custom implementation using symlinks instead of copying resources
[1.475s] -- Found rclcpp: 16.0.6 (/opt/ros/humble/share/rclcpp/cmake)
[1.475s] -- Found rosidl_generator_c: 3.1.5 (/opt/ros/humble/share/rosidl_generator_c/cmake)
[1.475s] -- Found rosidl_adapter: 3.1.5 (/opt/ros/humble/share/rosidl_adapter/cmake)
[1.511s] -- Found rosidl_generator_cpp: 3.1.5 (/opt/ros/humble/share/rosidl_generator_cpp/cmake)
[1.579s] -- Using all available rosidl_typesupport_c: rosidl_typesupport_fastrtps_c;rosidl_typesupport_introspection_c
[1.651s] -- Using all available rosidl_typesupport_cpp: rosidl_typesupport_fastrtps_cpp;rosidl_typesupport_introspection_cpp
[1.803s] -- Found rmw_implementation_cmake: 6.1.1 (/opt/ros/humble/share/rmw_implementation_cmake/cmake)
[1.810s] -- Found rmw_fastrtps_cpp: 6.2.4 (/opt/ros/humble/share/rmw_fastrtps_cpp/cmake)
[1.981s] -- Found OpenSSL: /usr/lib/x86_64-linux-gnu/libcrypto.so (found version "3.0.2")  
[2.028s] -- Found FastRTPS: /opt/ros/humble/include  
[2.112s] -- Using RMW implementation 'rmw_fastrtps_cpp' as default
[2.131s] -- Looking for pthread.h
[2.239s] -- Looking for pthread.h - found
[2.239s] -- Performing Test CMAKE_HAVE_LIBC_PTHREAD
[2.353s] -- Performing Test CMAKE_HAVE_LIBC_PTHREAD - Success
[2.353s] -- Found Threads: TRUE  
[2.684s] -- Found rclcpp_lifecycle: 16.0.6 (/opt/ros/humble/share/rclcpp_lifecycle/cmake)
[2.735s] -- Found ament_cmake_gtest: 1.3.5 (/opt/ros/humble/share/ament_cmake_gtest/cmake)
[2.737s] -- Found launch_testing_ament_cmake: 1.0.4 (/opt/ros/humble/share/launch_testing_ament_cmake/cmake)
[2.740s] -- Found python_cmake_module: 0.10.0 (/opt/ros/humble/share/python_cmake_module/cmake)
[2.764s] -- Found PythonInterp: /usr/bin/python3 (found suitable version "3.10.12", minimum required is "3.6") 
[2.772s] -- Found PythonLibs: /usr/lib/x86_64-linux-gnu/libpython3.10.so (found suitable version "3.10.12", minimum required is "3.5") 
[2.772s] -- Using PYTHON_EXECUTABLE: /usr/bin/python3
[2.772s] -- Using PYTHON_INCLUDE_DIRS: /usr/include/python3.10
[2.773s] -- Using PYTHON_LIBRARIES: /usr/lib/x86_64-linux-gnu/libpython3.10.so
[2.801s] -- Found PythonExtra: .so  
[2.805s] -- Found gtest sources under '/opt/ros/humble/src/gtest_vendor': C++ tests using 'Google Test' will be built
[2.912s] -- Configuring done
[2.928s] -- Generating done
[2.930s] -- Build files have been written to: /home/sara/aubo_ws/build/joint_limits
[2.977s] Invoked command in '/home/sara/aubo_ws/build/joint_limits' returned '0': CMAKE_PREFIX_PATH=${CMAKE_PREFIX_PATH}:/opt/ros/humble /usr/bin/cmake /home/sara/aubo_ws/src/ros-controls/ros2_control/joint_limits -DAMENT_CMAKE_SYMLINK_INSTALL=1 -DCMAKE_INSTALL_PREFIX=/home/sara/aubo_ws/install/joint_limits
[2.979s] Invoking command in '/home/sara/aubo_ws/build/joint_limits': CMAKE_PREFIX_PATH=${CMAKE_PREFIX_PATH}:/opt/ros/humble /usr/bin/cmake --build /home/sara/aubo_ws/build/joint_limits -- -j8 -l8
[3.064s] [ 16%] [32mBuilding CXX object gtest/CMakeFiles/gtest_main.dir/src/gtest_main.cc.o[0m
[3.076s] [ 33%] [32mBuilding CXX object gtest/CMakeFiles/gtest.dir/src/gtest-all.cc.o[0m
[3.803s] [ 50%] [32m[1mLinking CXX static library libgtest_main.a[0m
[3.833s] [ 50%] Built target gtest_main
[6.175s] [ 66%] [32m[1mLinking CXX static library libgtest.a[0m
[6.225s] [ 66%] Built target gtest
[6.243s] [ 83%] [32mBuilding CXX object CMakeFiles/joint_limits_rosparam_test.dir/test/joint_limits_rosparam_test.cpp.o[0m
[9.701s] [100%] [32m[1mLinking CXX executable joint_limits_rosparam_test[0m
[9.982s] [100%] Built target joint_limits_rosparam_test
