[ 14%] Built target inv_kin
[ 35%] Built target test_pub
[ 50%] Built target sim_pub
[ 57%] Built target controller
[ 71%] Built target dir_kin
[ 85%] Built target sim_sub
[ 92%] [32mBuilding CXX object CMakeFiles/sim_test.dir/src/sim_test.cpp.o[0m
[01m[K/home/sara/aubo_ws/src/aubo_control/control/src/sim_test.cpp:[m[K In function ‘[01m[Kint main(int, char**)[m[K’:
[01m[K/home/sara/aubo_ws/src/aubo_control/control/src/sim_test.cpp:79:20:[m[K [01;35m[Kwarning: [m[Kthe address of ‘[01m[Kbool rclcpp::ok(rclcpp::Context::SharedPtr)[m[K’ will never be NULL [[01;35m[K]8;;https://gcc.gnu.org/onlinedocs/gcc/Warning-Options.html#index-Waddress-Waddress]8;;[m[K]
   79 |     while ([01;35m[Krclcpp::ok[m[K)
      |            [01;35m[K~~~~~~~~^~[m[K
[100%] [32m[1mLinking CXX executable sim_test[0m
[100%] Built target sim_test
-- Install configuration: ""
-- Up-to-date: /home/sara/aubo_ws/install/control/lib/control/controller
-- Up-to-date: /home/sara/aubo_ws/install/control/lib/control/dir_kin
-- Up-to-date: /home/sara/aubo_ws/install/control/lib/control/inv_kin
-- Up-to-date: /home/sara/aubo_ws/install/control/lib/control/test_pub
-- Up-to-date: /home/sara/aubo_ws/install/control/lib/control/sim_pub
-- Up-to-date: /home/sara/aubo_ws/install/control/lib/control/sim_sub
-- Installing: /home/sara/aubo_ws/install/control/lib/control/sim_test
-- Set runtime path of "/home/sara/aubo_ws/install/control/lib/control/sim_test" to ""
-- Up-to-date: /home/sara/aubo_ws/install/control/share/control/launch
-- Up-to-date: /home/sara/aubo_ws/install/control/share/control/launch/listener.launch.py
-- Up-to-date: /home/sara/aubo_ws/install/control/share/control/launch/aubo_i5_gz.launch.py
-- Up-to-date: /home/sara/aubo_ws/install/control/share/control/launch/view_robot.launch.py
-- Up-to-date: /home/sara/aubo_ws/install/control/share/control/launch/world.launch.py
-- Up-to-date: /home/sara/aubo_ws/install/control/share/control/launch/gz.launch.py
-- Up-to-date: /home/sara/aubo_ws/install/control/share/control/launch/spawn_robot_launch_v4.launch.py
-- Up-to-date: /home/sara/aubo_ws/install/control/share/ament_index/resource_index/package_run_dependencies/control
-- Up-to-date: /home/sara/aubo_ws/install/control/share/ament_index/resource_index/parent_prefix_path/control
-- Up-to-date: /home/sara/aubo_ws/install/control/share/control/environment/ament_prefix_path.sh
-- Up-to-date: /home/sara/aubo_ws/install/control/share/control/environment/ament_prefix_path.dsv
-- Up-to-date: /home/sara/aubo_ws/install/control/share/control/environment/path.sh
-- Up-to-date: /home/sara/aubo_ws/install/control/share/control/environment/path.dsv
-- Up-to-date: /home/sara/aubo_ws/install/control/share/control/local_setup.bash
-- Up-to-date: /home/sara/aubo_ws/install/control/share/control/local_setup.sh
-- Up-to-date: /home/sara/aubo_ws/install/control/share/control/local_setup.zsh
-- Up-to-date: /home/sara/aubo_ws/install/control/share/control/local_setup.dsv
-- Installing: /home/sara/aubo_ws/install/control/share/control/package.dsv
-- Up-to-date: /home/sara/aubo_ws/install/control/share/ament_index/resource_index/packages/control
-- Up-to-date: /home/sara/aubo_ws/install/control/share/control/cmake/controlConfig.cmake
-- Up-to-date: /home/sara/aubo_ws/install/control/share/control/cmake/controlConfig-version.cmake
-- Up-to-date: /home/sara/aubo_ws/install/control/share/control/package.xml
