[0.064s] Invoking command in '/home/sara/aubo_ws/build/control': CMAKE_PREFIX_PATH=${CMAKE_PREFIX_PATH}:/opt/ros/humble /usr/bin/cmake --build /home/sara/aubo_ws/build/control -- -j8 -l8
[0.088s] -- Found ament_cmake: 1.3.5 (/opt/ros/humble/share/ament_cmake/cmake)
[0.218s] -- Found rclcpp: 16.0.6 (/opt/ros/humble/share/rclcpp/cmake)
[0.247s] -- Found rosidl_generator_c: 3.1.5 (/opt/ros/humble/share/rosidl_generator_c/cmake)
[0.252s] -- Found rosidl_adapter: 3.1.5 (/opt/ros/humble/share/rosidl_adapter/cmake)
[0.259s] -- Found rosidl_generator_cpp: 3.1.5 (/opt/ros/humble/share/rosidl_generator_cpp/cmake)
[0.274s] -- Using all available rosidl_typesupport_c: rosidl_typesupport_fastrtps_c;rosidl_typesupport_introspection_c
[0.289s] -- Using all available rosidl_typesupport_cpp: rosidl_typesupport_fastrtps_cpp;rosidl_typesupport_introspection_cpp
[0.345s] -- Found rmw_implementation_cmake: 6.1.1 (/opt/ros/humble/share/rmw_implementation_cmake/cmake)
[0.348s] -- Found rmw_fastrtps_cpp: 6.2.4 (/opt/ros/humble/share/rmw_fastrtps_cpp/cmake)
[0.453s] -- Using RMW implementation 'rmw_fastrtps_cpp' as default
[0.601s] [33mCMake Warning (dev) at /usr/share/cmake-3.22/Modules/FindPackageHandleStandardArgs.cmake:438 (message):
[0.601s]   The package name passed to `find_package_handle_standard_args` (PkgConfig)
[0.602s]   does not match the name of the calling package (gazebo).  This can lead to
[0.602s]   problems in calling code that expects `find_package` result variables
[0.602s]   (e.g., `_FOUND`) to follow a certain pattern.
[0.602s] Call Stack (most recent call first):
[0.602s]   /usr/share/cmake-3.22/Modules/FindPkgConfig.cmake:99 (find_package_handle_standard_args)
[0.602s]   /usr/lib/x86_64-linux-gnu/cmake/gazebo/gazebo-config.cmake:72 (include)
[0.602s]   CMakeLists.txt:12 (find_package)
[0.602s] This warning is for project developers.  Use -Wno-dev to suppress it.
[0.602s] [0m
[0.621s] -- Found DART: /usr/include (Required is at least version "6.6") found components: dart 
[0.644s] -- Found Protobuf: /usr/lib/x86_64-linux-gnu/libprotobuf.so (found version "3.12.4") 
[0.645s] -- Looking for ignition-math6 -- found version 6.15.0
[0.649s] -- Searching for dependencies of ignition-math6
[0.651s] -- Looking for OGRE...
[0.655s] -- Found Ogre Ghadamon (1.9.0)
[0.655s] -- Found OGRE: optimized;/usr/lib/x86_64-linux-gnu/libOgreMain.so;debug;/usr/lib/x86_64-linux-gnu/libOgreMain.so
[0.664s] -- Looking for OGRE_Paging...
[0.664s] -- Found OGRE_Paging: optimized;/usr/lib/x86_64-linux-gnu/libOgrePaging.so;debug;/usr/lib/x86_64-linux-gnu/libOgrePaging.so
[0.664s] -- Looking for OGRE_Terrain...
[0.664s] -- Found OGRE_Terrain: optimized;/usr/lib/x86_64-linux-gnu/libOgreTerrain.so;debug;/usr/lib/x86_64-linux-gnu/libOgreTerrain.so
[0.664s] -- Looking for OGRE_Property...
[0.664s] -- Found OGRE_Property: optimized;/usr/lib/x86_64-linux-gnu/libOgreProperty.so;debug;/usr/lib/x86_64-linux-gnu/libOgreProperty.so
[0.664s] -- Looking for OGRE_RTShaderSystem...
[0.664s] -- Found OGRE_RTShaderSystem: optimized;/usr/lib/x86_64-linux-gnu/libOgreRTShaderSystem.so;debug;/usr/lib/x86_64-linux-gnu/libOgreRTShaderSystem.so
[0.665s] -- Looking for OGRE_Volume...
[0.665s] -- Found OGRE_Volume: optimized;/usr/lib/x86_64-linux-gnu/libOgreVolume.so;debug;/usr/lib/x86_64-linux-gnu/libOgreVolume.so
[0.665s] -- Looking for OGRE_Overlay...
[0.665s] -- Found OGRE_Overlay: optimized;/usr/lib/x86_64-linux-gnu/libOgreOverlay.so;debug;/usr/lib/x86_64-linux-gnu/libOgreOverlay.so
[0.751s] -- Looking for ignition-math6 -- found version 6.15.0
[0.751s] -- Looking for ignition-transport8 -- found version 8.2.1
[0.752s] -- Searching for dependencies of ignition-transport8
[0.766s] -- Found Protobuf: /usr/lib/x86_64-linux-gnu/libprotobuf.so (found suitable version "3.12.4", minimum required is "3") 
[0.775s] -- Config-file not installed for ZeroMQ -- checking for pkg-config
[0.779s] -- Checking for module 'libzmq >= 4'
[0.790s] --   Found libzmq , version 4.3.4
[0.823s] -- Checking for module 'uuid'
[0.834s] --   Found uuid, version 2.37.2
[0.860s] -- Looking for ignition-msgs5 -- found version 5.8.1
[0.861s] -- Searching for dependencies of ignition-msgs5
[0.876s] -- Looking for ignition-math6 -- found version 6.15.0
[0.881s] -- Checking for module 'tinyxml2'
[0.891s] --   Found tinyxml2, version 9.0.0
[0.918s] -- Looking for ignition-msgs5 -- found version 5.8.1
[0.919s] -- Looking for ignition-common3 -- found version 3.14.0
[0.919s] -- Searching for dependencies of ignition-common3
[0.919s] -- Looking for dlfcn.h - found
[0.919s] -- Looking for libdl - found
[0.929s] -- Searching for <ignition-common3> component [graphics]
[0.929s] -- Looking for ignition-common3-graphics -- found version 3.14.0
[0.929s] -- Searching for dependencies of ignition-common3-graphics
[0.930s] -- Looking for ignition-math6 -- found version 6.15.0
[0.931s] -- Looking for ignition-fuel_tools4 -- found version 4.4.0
[0.931s] -- Searching for dependencies of ignition-fuel_tools4
[0.962s] -- Checking for module 'jsoncpp'
[0.972s] --   Found jsoncpp, version 1.9.5
[1.003s] -- Checking for module 'libzip'
[1.014s] --   Found libzip, version 1.7.3
[1.041s] -- Looking for ignition-common3 -- found version 3.14.0
[1.042s] -- Looking for ignition-math6 -- found version 6.15.0
[1.042s] -- Looking for ignition-msgs5 -- found version 5.8.1
[1.044s] -- Found control_msgs: 4.4.0 (/opt/ros/humble/share/control_msgs/cmake)
[1.487s] -- Found gazebo_msgs: 3.7.0 (/opt/ros/humble/share/gazebo_msgs/cmake)
[1.604s] -- Found rosidl_default_generators: 1.2.0 (/opt/ros/humble/share/rosidl_default_generators/cmake)
[1.617s] [31mCMake Error at /opt/ros/humble/share/rosidl_cmake/cmake/rosidl_generate_interfaces.cmake:93 (message):
[1.617s]   rosidl_generate_interfaces() the passed file 'msg/JointTrajectory.msg'
[1.617s]   doesn't exist relative to the CMAKE_CURRENT_SOURCE_DIR
[1.617s]   '/home/sara/aubo_ws/src/aubo_control/control'
[1.617s] Call Stack (most recent call first):
[1.617s]   CMakeLists.txt:22 (rosidl_generate_interfaces)
[1.617s] 
[1.617s] [0m
[1.617s] -- Configuring incomplete, errors occurred!
[1.617s] See also "/home/sara/aubo_ws/build/control/CMakeFiles/CMakeOutput.log".
[1.625s] gmake: *** [Makefile:431: cmake_check_build_system] Error 1
[1.627s] Invoked command in '/home/sara/aubo_ws/build/control' returned '2': CMAKE_PREFIX_PATH=${CMAKE_PREFIX_PATH}:/opt/ros/humble /usr/bin/cmake --build /home/sara/aubo_ws/build/control -- -j8 -l8
